#
# A fatal error has been detected by the Java Runtime Environment:
#
#  EXCEPTION_ACCESS_VIOLATION (0xc0000005) at pc=0x00007ffe4ecc420d, pid=11148, tid=17848
#
# JRE version: OpenJDK Runtime Environment (11.0.10) (build 11.0.10+0-b96-7249189)
# Java VM: OpenJDK 64-Bit Server VM (11.0.10+0-b96-7249189, mixed mode, tiered, compressed oops, g1 gc, windows-amd64)
# Problematic frame:
# V  [jvm.dll+0x2d420d]
#
# No core dump will be written. Minidumps are not enabled by default on client versions of Windows
#
# If you would like to submit a bug report, please visit:
#   https://bugreport.java.com/bugreport/crash.jsp
#

---------------  S U M M A R Y ------------

Command Line: --add-opens=java.base/java.util=ALL-UNNAMED --add-opens=java.base/java.lang=ALL-UNNAMED --add-opens=java.base/java.lang.invoke=ALL-UNNAMED --add-opens=java.base/java.util=ALL-UNNAMED --add-opens=java.prefs/java.util.prefs=ALL-UNNAMED --add-opens=java.prefs/java.util.prefs=ALL-UNNAMED --add-opens=java.base/java.nio.charset=ALL-UNNAMED --add-opens=java.base/java.net=ALL-UNNAMED --add-opens=java.base/java.util.concurrent.atomic=ALL-UNNAMED -Xmx2048m -Dfile.encoding=UTF-8 -Duser.country=PH -Duser.language=en -Duser.variant org.gradle.launcher.daemon.bootstrap.GradleDaemon 7.0.2

Host: AMD Ryzen 5 3600 6-Core Processor              , 12 cores, 15G,  Windows 10 , 64 bit Build 19041 (10.0.19041.1348)
Time: Thu Nov 18 09:53:49 2021 China Standard Time elapsed time: 16.318536 seconds (0d 0h 0m 16s)

---------------  T H R E A D  ---------------

Current thread (0x000001c48f003800):  GCTaskThread "GC Thread#0" [stack: 0x000000aeea900000,0x000000aeeaa00000] [id=17848]

Stack: [0x000000aeea900000,0x000000aeeaa00000],  sp=0x000000aeea9fef70,  free space=1019k
Native frames: (J=compiled Java code, j=interpreted, Vv=VM code, C=native code)
V  [jvm.dll+0x2d420d]
V  [jvm.dll+0x2fe6ff]
V  [jvm.dll+0x2ff998]
V  [jvm.dll+0x2d1282]
V  [jvm.dll+0x2fdb7b]
V  [jvm.dll+0x2fd8ae]
V  [jvm.dll+0x30d9ac]
V  [jvm.dll+0x30c4ec]
V  [jvm.dll+0x2de6bf]
V  [jvm.dll+0x30d6a0]
V  [jvm.dll+0x2dd418]
V  [jvm.dll+0x748da0]
V  [jvm.dll+0x6e3d45]
V  [jvm.dll+0x5ebe96]
C  [ucrtbase.dll+0x21bb2]
C  [KERNEL32.DLL+0x17034]
C  [ntdll.dll+0x52651]


siginfo: EXCEPTION_ACCESS_VIOLATION (0xc0000005), reading address 0x00000000000000f8


Register to memory mapping:

RIP=0x00007ffe4ecc420d jvm.dll
RAX=0x000001c48f014280 points into unknown readable memory: 0x0000000000000000 | 00 00 00 00 00 00 00 00
RBX=0x000001c4b1690850 points into unknown readable memory: 0x00007ffe4f2130f8 | f8 30 21 4f fe 7f 00 00
RCX=0x0 is NULL
RDX=0x000001c48f096490 points into unknown readable memory: 0x00007ffe4f21aae0 | e0 aa 21 4f fe 7f 00 00
RSP=0x000000aeea9fef70 points into unknown readable memory: 0x0000000000000006 | 06 00 00 00 00 00 00 00
RBP=0x000001c4b16909c0 points into unknown readable memory: 0x00007ffe4f2130b0 | b0 30 21 4f fe 7f 00 00
RSI=0x000000010001b850 is pointing into metadata
RDI=0x0000000082f702c0 is pointing into object: java.util.concurrent.ConcurrentHashMap$Node 
{0x0000000082f702b0} - klass: 'java/util/concurrent/ConcurrentHashMap$Node'
R8 =0x0000000082f702c0 is pointing into object: java.util.concurrent.ConcurrentHashMap$Node 
{0x0000000082f702b0} - klass: 'java/util/concurrent/ConcurrentHashMap$Node'
R9 =0x00000000000002f6 is an unknown value
R10=0x0000000082f702c0 is pointing into object: java.util.concurrent.ConcurrentHashMap$Node 
{0x0000000082f702b0} - klass: 'java/util/concurrent/ConcurrentHashMap$Node'
R11=0x000001c4b16909c0 points into unknown readable memory: 0x00007ffe4f2130b0 | b0 30 21 4f fe 7f 00 00
R12=0x0000000000000004 is an unknown value
R13=0x0 is NULL
R14=0x000000010001b850 is pointing into metadata
R15=0x0000000082f702b0 is an oop: java.util.concurrent.ConcurrentHashMap$Node 
{0x0000000082f702b0} - klass: 'java/util/concurrent/ConcurrentHashMap$Node'


Registers:
RAX=0x000001c48f014280, RBX=0x000001c4b1690850, RCX=0x0000000000000000, RDX=0x000001c48f096490
RSP=0x000000aeea9fef70, RBP=0x000001c4b16909c0, RSI=0x000000010001b850, RDI=0x0000000082f702c0
R8 =0x0000000082f702c0, R9 =0x00000000000002f6, R10=0x0000000082f702c0, R11=0x000001c4b16909c0
R12=0x0000000000000004, R13=0x0000000000000000, R14=0x000000010001b850, R15=0x0000000082f702b0
RIP=0x00007ffe4ecc420d, EFLAGS=0x0000000000010217

Top of Stack: (sp=0x000000aeea9fef70)
0x000000aeea9fef70:   0000000000000006 0000000082f702c5
0x000000aeea9fef80:   000001c48f0061a0 00007ffe4ecb9a3d
0x000000aeea9fef90:   0000000082f702c0 00007ffe4ecee6ff
0x000000aeea9fefa0:   0000000082f702c4 00007ffe4ecefc22
0x000000aeea9fefb0:   0000000085edc798 0000000000000001
0x000000aeea9fefc0:   0000000085edcf78 0000000000000001
0x000000aeea9fefd0:   0000000082f702b0 00007ffe4ecef998
0x000000aeea9fefe0:   0000000000000002 0000000000000009
0x000000aeea9feff0:   000001c4b1690850 0000000082c915cd
0x000000aeea9ff000:   000001c48f0061a0 00007ffe4ed39758
0x000000aeea9ff010:   0000000982c915d4 0000000000000009
0x000000aeea9ff020:   00000000000002e8 000001c4b1690850
0x000000aeea9ff030:   0000000000000040 000001c48f006220
0x000000aeea9ff040:   0000000000000000 000001c4b1690850
0x000000aeea9ff050:   0000000082832a00 00007ffe4ecc1282
0x000000aeea9ff060:   000001c4b1690850 0000000000020001 

Instructions: (pc=0x00007ffe4ecc420d)
0x00007ffe4ecc410d:   74 24 38 48 83 c4 20 5f c3 cc cc cc cc cc cc cc
0x00007ffe4ecc411d:   cc cc cc 48 89 5c 24 08 57 48 83 ec 20 48 8b 41
0x00007ffe4ecc412d:   18 48 8b da 48 83 cb 01 48 8b d3 48 8b 78 10 48
0x00007ffe4ecc413d:   8b cf e8 6c 7b 00 00 84 c0 75 29 48 81 c7 90 00
0x00007ffe4ecc414d:   00 00 48 8b 47 08 48 39 47 20 75 08 48 8b cf e8
0x00007ffe4ecc415d:   7f 47 0b 00 48 8b 4f 20 48 8b 47 38 48 89 1c c8
0x00007ffe4ecc416d:   48 ff 47 20 48 8b 5c 24 30 48 83 c4 20 5f c3 cc
0x00007ffe4ecc417d:   cc cc cc 48 89 5c 24 08 57 48 83 ec 20 48 8b 79
0x00007ffe4ecc418d:   10 48 8b da 48 83 cb 01 48 8b cf 48 8b d3 e8 10
0x00007ffe4ecc419d:   7b 00 00 84 c0 75 29 48 81 c7 90 00 00 00 48 8b
0x00007ffe4ecc41ad:   47 08 48 39 47 20 75 08 48 8b cf e8 23 47 0b 00
0x00007ffe4ecc41bd:   48 8b 4f 20 48 8b 47 38 48 89 1c c8 48 ff 47 20
0x00007ffe4ecc41cd:   48 8b 5c 24 30 48 83 c4 20 5f c3 cc cc cc cc cc
0x00007ffe4ecc41dd:   cc cc cc 40 53 48 83 ec 20 8b 82 04 01 00 00 48
0x00007ffe4ecc41ed:   8b d9 d1 e8 a8 01 75 6b 48 8b 41 08 8b 88 c0 02
0x00007ffe4ecc41fd:   00 00 48 8b 80 b0 02 00 00 49 d3 e9 4a 8b 0c c8
0x00007ffe4ecc420d:   48 8b 81 f8 00 00 00 83 b8 18 01 00 00 00 74 43
0x00007ffe4ecc421d:   48 8b 4b 50 48 89 7c 24 30 49 c1 e8 09 48 8b 79
0x00007ffe4ecc422d:   48 48 2b 79 40 49 03 f8 48 8b d7 e8 93 c1 ff ff
0x00007ffe4ecc423d:   84 c0 74 1a 80 7b 28 00 48 8d 4b 18 74 10 48 8b
0x00007ffe4ecc424d:   43 50 48 8b 50 40 48 03 d7 e8 35 25 36 00 48 8b
0x00007ffe4ecc425d:   7c 24 30 48 83 c4 20 5b c3 cc cc cc cc cc cc cc
0x00007ffe4ecc426d:   cc cc cc 48 89 5c 24 08 48 89 74 24 10 57 48 83
0x00007ffe4ecc427d:   ec 20 48 63 fa 48 8d 05 5f 91 54 00 45 33 c0 48
0x00007ffe4ecc428d:   89 01 48 8b f1 89 79 08 48 8b df 48 8d 0c fd 00
0x00007ffe4ecc429d:   00 00 00 41 8d 50 05 e8 37 f6 dd ff 45 33 db 48
0x00007ffe4ecc42ad:   89 46 10 4c 8d 4e 10 4c 8b d0 45 8b c3 85 ff 7e
0x00007ffe4ecc42bd:   56 83 ff 02 72 51 8d 4f ff 48 63 d1 48 8d 04 d0
0x00007ffe4ecc42cd:   4d 3b d1 77 05 49 3b c1 73 3d 8b c7 25 01 00 00
0x00007ffe4ecc42dd:   80 7d 07 ff c8 83 c8 fe ff c0 2b f8 0f 1f 80 00
0x00007ffe4ecc42ed:   00 00 00 41 83 c0 02 44 3b c7 7c f7 8d 47 01 49
0x00007ffe4ecc42fd:   8b fa 99 2b c2 d1 f8 48 63 c8 48 c1 e1 04 48 c1 


Stack slot to memory mapping:
stack at sp + 0 slots: 0x0000000000000006 is an unknown value
stack at sp + 1 slots: 0x0000000082f702c5 is pointing into object: java.util.concurrent.ConcurrentHashMap$Node 
{0x0000000082f702b0} - klass: 'java/util/concurrent/ConcurrentHashMap$Node'
stack at sp + 2 slots: 0x000001c48f0061a0 points into unknown readable memory: 0x00000000000004df | df 04 00 00 00 00 00 00
stack at sp + 3 slots: 0x00007ffe4ecb9a3d jvm.dll
stack at sp + 4 slots: 0x0000000082f702c0 is pointing into object: java.util.concurrent.ConcurrentHashMap$Node 
{0x0000000082f702b0} - klass: 'java/util/concurrent/ConcurrentHashMap$Node'
stack at sp + 5 slots: 0x00007ffe4ecee6ff jvm.dll
stack at sp + 6 slots: 0x0000000082f702c4 is pointing into object: java.util.concurrent.ConcurrentHashMap$Node 
{0x0000000082f702b0} - klass: 'java/util/concurrent/ConcurrentHashMap$Node'
stack at sp + 7 slots: 0x00007ffe4ecefc22 jvm.dll


---------------  P R O C E S S  ---------------

Threads class SMR info:
_java_thread_list=0x000001c4b2319530, length=74, elements={
0x000001c48efec800, 0x000001c4aa11c000, 0x000001c4aa11d800, 0x000001c4aa177800,
0x000001c4aa178800, 0x000001c4aa179800, 0x000001c4aa17d000, 0x000001c4aa18c000,
0x000001c4aa191000, 0x000001c4aa303000, 0x000001c4ac5bc800, 0x000001c4abc8d800,
0x000001c4ac6dc800, 0x000001c4ad4d3000, 0x000001c4ad1d5800, 0x000001c4ad1f7000,
0x000001c4ad1fc000, 0x000001c4ad1f8800, 0x000001c4ad1f9800, 0x000001c4ad1fa800,
0x000001c4acda3000, 0x000001c4acda3800, 0x000001c4acda7000, 0x000001c4acda1800,
0x000001c4acda6000, 0x000001c4ad71a800, 0x000001c4ad71b000, 0x000001c4ad71e800,
0x000001c4ad71c000, 0x000001c4ad71d000, 0x000001c4ad71d800, 0x000001c4b15c9000,
0x000001c4b15ca800, 0x000001c4b15ca000, 0x000001c4b15c8000, 0x000001c4b15c6000,
0x000001c4b15c6800, 0x000001c4b15cc800, 0x000001c4b15cd000, 0x000001c4b15c7800,
0x000001c4b15ce800, 0x000001c4b15d0800, 0x000001c4b15d3800, 0x000001c4b15d1000,
0x000001c4b15d3000, 0x000001c4b15cf800, 0x000001c4aa606800, 0x000001c4b15ce000,
0x000001c4b15d4800, 0x000001c4b15d2000, 0x000001c4ad710000, 0x000001c4ad716800,
0x000001c4ad714000, 0x000001c4ad713000, 0x000001c4ad710800, 0x000001c4ad717000,
0x000001c4ad714800, 0x000001c4ad715800, 0x000001c4ad711800, 0x000001c4adec5800,
0x000001c4ad712800, 0x000001c4ad719000, 0x000001c4ad719800, 0x000001c4ad1f6000,
0x000001c4ad1fc800, 0x000001c4ad1f8000, 0x000001c4ad1fb000, 0x000001c4acda2000,
0x000001c4acda4800, 0x000001c4aca1d800, 0x000001c4aca19800, 0x000001c4aca17800,
0x000001c4aca1b000, 0x000001c4aca18800
}

Java Threads: ( => current thread )
  0x000001c48efec800 JavaThread "main" [_thread_blocked, id=3688, stack(0x000000aeea800000,0x000000aeea900000)]
  0x000001c4aa11c000 JavaThread "Reference Handler" daemon [_thread_blocked, id=10332, stack(0x000000aeeaf00000,0x000000aeeb000000)]
  0x000001c4aa11d800 JavaThread "Finalizer" daemon [_thread_blocked, id=10116, stack(0x000000aeeb000000,0x000000aeeb100000)]
  0x000001c4aa177800 JavaThread "Signal Dispatcher" daemon [_thread_blocked, id=10572, stack(0x000000aeeb100000,0x000000aeeb200000)]
  0x000001c4aa178800 JavaThread "Attach Listener" daemon [_thread_blocked, id=9492, stack(0x000000aeeb200000,0x000000aeeb300000)]
  0x000001c4aa179800 JavaThread "Service Thread" daemon [_thread_blocked, id=964, stack(0x000000aeeb300000,0x000000aeeb400000)]
  0x000001c4aa17d000 JavaThread "C2 CompilerThread0" daemon [_thread_in_native, id=6944, stack(0x000000aeeb400000,0x000000aeeb500000)]
  0x000001c4aa18c000 JavaThread "C1 CompilerThread0" daemon [_thread_blocked, id=13184, stack(0x000000aeeb500000,0x000000aeeb600000)]
  0x000001c4aa191000 JavaThread "Sweeper thread" daemon [_thread_blocked, id=12232, stack(0x000000aeeb600000,0x000000aeeb700000)]
  0x000001c4aa303000 JavaThread "Common-Cleaner" daemon [_thread_blocked, id=8580, stack(0x000000aeeb700000,0x000000aeeb800000)]
  0x000001c4ac5bc800 JavaThread "Daemon health stats" [_thread_blocked, id=11232, stack(0x000000aeec000000,0x000000aeec100000)]
  0x000001c4abc8d800 JavaThread "Incoming local TCP Connector on port 59896" [_thread_in_native, id=9188, stack(0x000000aeec100000,0x000000aeec200000)]
  0x000001c4ac6dc800 JavaThread "Daemon periodic checks" [_thread_blocked, id=6796, stack(0x000000aeec200000,0x000000aeec300000)]
  0x000001c4ad4d3000 JavaThread "Daemon" [_thread_blocked, id=5052, stack(0x000000aeec300000,0x000000aeec400000)]
  0x000001c4ad1d5800 JavaThread "Daemon worker" [_thread_blocked, id=10448, stack(0x000000aeec600000,0x000000aeec700000)]
  0x000001c4ad1f7000 JavaThread "Cache worker for file hash cache (C:\Users\cedricdev\.gradle\caches\7.0.2\fileHashes)" [_thread_blocked, id=13872, stack(0x000000aeeca00000,0x000000aeecb00000)]
  0x000001c4ad1fc000 JavaThread "File lock request listener" [_thread_in_native, id=15024, stack(0x000000aeecb00000,0x000000aeecc00000)]
  0x000001c4ad1f8800 JavaThread "Cache worker for journal cache (C:\Users\cedricdev\.gradle\caches\journal-1)" [_thread_blocked, id=4564, stack(0x000000aeed200000,0x000000aeed300000)]
  0x000001c4ad1f9800 JavaThread "File watcher server" daemon [_thread_blocked, id=8896, stack(0x000000aeed300000,0x000000aeed400000)]
  0x000001c4ad1fa800 JavaThread "File watcher consumer" daemon [_thread_blocked, id=6192, stack(0x000000aeed400000,0x000000aeed500000)]
  0x000001c4acda3000 JavaThread "Cache worker for execution history cache (C:\Users\cedricdev\.gradle\caches\7.0.2\executionHistory)" [_thread_blocked, id=17844, stack(0x000000aeed900000,0x000000aeeda00000)]
  0x000001c4acda3800 JavaThread "jar transforms" [_thread_blocked, id=1116, stack(0x000000aeeda00000,0x000000aeedb00000)]
  0x000001c4acda7000 JavaThread "jar transforms Thread 2" [_thread_blocked, id=14840, stack(0x000000aeedb00000,0x000000aeedc00000)]
  0x000001c4acda1800 JavaThread "Cache worker for file content cache (C:\Users\cedricdev\.gradle\caches\7.0.2\fileContent)" [_thread_blocked, id=5080, stack(0x000000aeedc00000,0x000000aeedd00000)]
  0x000001c4acda6000 JavaThread "jar transforms Thread 3" [_thread_blocked, id=9456, stack(0x000000aeede00000,0x000000aeedf00000)]
  0x000001c4ad71a800 JavaThread "jar transforms Thread 4" [_thread_blocked, id=13604, stack(0x000000aeeec00000,0x000000aeeed00000)]
  0x000001c4ad71b000 JavaThread "jar transforms Thread 5" [_thread_blocked, id=4176, stack(0x000000aeeed00000,0x000000aeeee00000)]
  0x000001c4ad71e800 JavaThread "jar transforms Thread 6" [_thread_blocked, id=1284, stack(0x000000aeeee00000,0x000000aeeef00000)]
  0x000001c4ad71c000 JavaThread "jar transforms Thread 7" [_thread_blocked, id=12412, stack(0x000000aeeef00000,0x000000aeef000000)]
  0x000001c4ad71d000 JavaThread "jar transforms Thread 8" [_thread_blocked, id=11004, stack(0x000000aeef000000,0x000000aeef100000)]
  0x000001c4ad71d800 JavaThread "jar transforms Thread 9" [_thread_blocked, id=13108, stack(0x000000aeef100000,0x000000aeef200000)]
  0x000001c4b15c9000 JavaThread "jar transforms Thread 10" [_thread_blocked, id=468, stack(0x000000aeef200000,0x000000aeef300000)]
  0x000001c4b15ca800 JavaThread "jar transforms Thread 11" [_thread_blocked, id=12768, stack(0x000000aeef300000,0x000000aeef400000)]
  0x000001c4b15ca000 JavaThread "jar transforms Thread 12" [_thread_blocked, id=7588, stack(0x000000aeef400000,0x000000aeef500000)]
  0x000001c4b15c8000 JavaThread "Memory manager" [_thread_blocked, id=17740, stack(0x000000aeef500000,0x000000aeef600000)]
  0x000001c4b15c6000 JavaThread "Handler for socket connection from /127.0.0.1:59896 to /127.0.0.1:59907" [_thread_in_native, id=8920, stack(0x000000aeeb900000,0x000000aeeba00000)]
  0x000001c4b15c6800 JavaThread "Cancel handler" [_thread_blocked, id=14788, stack(0x000000aeeba00000,0x000000aeebb00000)]
  0x000001c4b15cc800 JavaThread "Asynchronous log dispatcher for DefaultDaemonConnection: socket connection from /127.0.0.1:59896 to /127.0.0.1:59907" [_thread_blocked, id=5760, stack(0x000000aeec400000,0x000000aeec500000)]
  0x000001c4b15cd000 JavaThread "Stdin handler" [_thread_blocked, id=17764, stack(0x000000aeec500000,0x000000aeec600000)]
  0x000001c4b15c7800 JavaThread "Daemon client event forwarder" [_thread_blocked, id=2392, stack(0x000000aeec700000,0x000000aeec800000)]
  0x000001c4b15ce800 JavaThread "Cache worker for file hash cache (F:\AndroidStudioProjects\AftermathProj\.gradle\7.0.2\fileHashes)" [_thread_blocked, id=10364, stack(0x000000aeed500000,0x000000aeed600000)]
  0x000001c4b15d0800 JavaThread "Cache worker for checksums cache (F:\AndroidStudioProjects\AftermathProj\.gradle\checksums)" [_thread_blocked, id=17812, stack(0x000000aeed600000,0x000000aeed700000)]
  0x000001c4b15d3800 JavaThread "Cache worker for cache directory md-supplier (C:\Users\cedricdev\.gradle\caches\7.0.2\md-supplier)" [_thread_blocked, id=6340, stack(0x000000aeed700000,0x000000aeed800000)]
  0x000001c4b15d1000 JavaThread "Cache worker for cache directory md-rule (C:\Users\cedricdev\.gradle\caches\7.0.2\md-rule)" [_thread_blocked, id=17392, stack(0x000000aeed800000,0x000000aeed900000)]
  0x000001c4b15d3000 JavaThread "Cache worker for dependencies-accessors (F:\AndroidStudioProjects\AftermathProj\.gradle\7.0.2\dependencies-accessors)" [_thread_blocked, id=8612, stack(0x000000aeedd00000,0x000000aeede00000)]
  0x000001c4b15cf800 JavaThread "Cache worker for Build Output Cleanup Cache (F:\AndroidStudioProjects\AftermathProj\.gradle\buildOutputCleanup)" [_thread_blocked, id=17412, stack(0x000000aeedf00000,0x000000aeee000000)]
  0x000001c4aa606800 JavaThread "C2 CompilerThread1" daemon [_thread_blocked, id=5432, stack(0x000000aeee000000,0x000000aeee100000)]
  0x000001c4b15ce000 JavaThread "Build operations" [_thread_blocked, id=18096, stack(0x000000aeee100000,0x000000aeee200000)]
  0x000001c4b15d4800 JavaThread "Build operations Thread 2" [_thread_blocked, id=12424, stack(0x000000aeee200000,0x000000aeee300000)]
  0x000001c4b15d2000 JavaThread "Build operations Thread 3" [_thread_blocked, id=1432, stack(0x000000aeee300000,0x000000aeee400000)]
  0x000001c4ad710000 JavaThread "Build operations Thread 4" [_thread_blocked, id=9504, stack(0x000000aeee400000,0x000000aeee500000)]
  0x000001c4ad716800 JavaThread "Build operations Thread 5" [_thread_blocked, id=6988, stack(0x000000aeee500000,0x000000aeee600000)]
  0x000001c4ad714000 JavaThread "Build operations Thread 6" [_thread_blocked, id=15792, stack(0x000000aeee600000,0x000000aeee700000)]
  0x000001c4ad713000 JavaThread "Build operations Thread 7" [_thread_blocked, id=17936, stack(0x000000aeee700000,0x000000aeee800000)]
  0x000001c4ad710800 JavaThread "Build operations Thread 8" [_thread_blocked, id=14620, stack(0x000000aeee800000,0x000000aeee900000)]
  0x000001c4ad717000 JavaThread "Build operations Thread 9" [_thread_blocked, id=1596, stack(0x000000aeee900000,0x000000aeeea00000)]
  0x000001c4ad714800 JavaThread "Build operations Thread 10" [_thread_blocked, id=1196, stack(0x000000aeeea00000,0x000000aeeeb00000)]
  0x000001c4ad715800 JavaThread "Build operations Thread 11" [_thread_blocked, id=14320, stack(0x000000aeeeb00000,0x000000aeeec00000)]
  0x000001c4ad711800 JavaThread "Build operations Thread 12" [_thread_blocked, id=16984, stack(0x000000aeef600000,0x000000aeef700000)]
  0x000001c4adec5800 JavaThread "C2 CompilerThread2" daemon [_thread_in_native, id=6240, stack(0x000000aeef700000,0x000000aeef800000)]
  0x000001c4ad712800 JavaThread "build event listener" [_thread_blocked, id=892, stack(0x000000aeef800000,0x000000aeef900000)]
  0x000001c4ad719000 JavaThread "Execution worker for ':'" [_thread_blocked, id=6272, stack(0x000000aeef900000,0x000000aeefa00000)]
  0x000001c4ad719800 JavaThread "Execution worker for ':' Thread 2" [_thread_blocked, id=6572, stack(0x000000aeefa00000,0x000000aeefb00000)]
  0x000001c4ad1f6000 JavaThread "Execution worker for ':' Thread 3" [_thread_blocked, id=12092, stack(0x000000aeefb00000,0x000000aeefc00000)]
  0x000001c4ad1fc800 JavaThread "Execution worker for ':' Thread 4" [_thread_blocked, id=2996, stack(0x000000aeefc00000,0x000000aeefd00000)]
  0x000001c4ad1f8000 JavaThread "Execution worker for ':' Thread 5" [_thread_blocked, id=4456, stack(0x000000aeefd00000,0x000000aeefe00000)]
  0x000001c4ad1fb000 JavaThread "Execution worker for ':' Thread 6" [_thread_blocked, id=17052, stack(0x000000aeefe00000,0x000000aeeff00000)]
  0x000001c4acda2000 JavaThread "Execution worker for ':' Thread 7" [_thread_blocked, id=11424, stack(0x000000aeeff00000,0x000000aef0000000)]
  0x000001c4acda4800 JavaThread "Execution worker for ':' Thread 8" [_thread_blocked, id=8808, stack(0x000000aef0000000,0x000000aef0100000)]
  0x000001c4aca1d800 JavaThread "Execution worker for ':' Thread 9" [_thread_blocked, id=17864, stack(0x000000aef0100000,0x000000aef0200000)]
  0x000001c4aca19800 JavaThread "Execution worker for ':' Thread 10" [_thread_blocked, id=7188, stack(0x000000aef0200000,0x000000aef0300000)]
  0x000001c4aca17800 JavaThread "Execution worker for ':' Thread 11" [_thread_blocked, id=9292, stack(0x000000aef0300000,0x000000aef0400000)]
  0x000001c4aca1b000 JavaThread "Cache worker for execution history cache (F:\AndroidStudioProjects\AftermathProj\.gradle\7.0.2\executionHistory)" [_thread_blocked, id=6404, stack(0x000000aef0400000,0x000000aef0500000)]
  0x000001c4aca18800 JavaThread "WorkerExecutor Queue" [_thread_blocked, id=17500, stack(0x000000aef0500000,0x000000aef0600000)]

Other Threads:
  0x000001c4aa11a000 VMThread "VM Thread" [stack: 0x000000aeeae00000,0x000000aeeaf00000] [id=3316]
  0x000001c4aa315000 WatcherThread [stack: 0x000000aeeb800000,0x000000aeeb900000] [id=1880]
=>0x000001c48f003800 GCTaskThread "GC Thread#0" [stack: 0x000000aeea900000,0x000000aeeaa00000] [id=17848]
  0x000001c4aa878800 GCTaskThread "GC Thread#1" [stack: 0x000000aeebb00000,0x000000aeebc00000] [id=9020]
  0x000001c4ab4df800 GCTaskThread "GC Thread#2" [stack: 0x000000aeebc00000,0x000000aeebd00000] [id=10676]
  0x000001c4aa6f9800 GCTaskThread "GC Thread#3" [stack: 0x000000aeebd00000,0x000000aeebe00000] [id=10544]
  0x000001c4aaf4a000 GCTaskThread "GC Thread#4" [stack: 0x000000aeebe00000,0x000000aeebf00000] [id=12404]
  0x000001c4aae89800 GCTaskThread "GC Thread#5" [stack: 0x000000aeebf00000,0x000000aeec000000] [id=3560]
  0x000001c4ac03f800 GCTaskThread "GC Thread#6" [stack: 0x000000aeecc00000,0x000000aeecd00000] [id=4392]
  0x000001c4ab6cc800 GCTaskThread "GC Thread#7" [stack: 0x000000aeecd00000,0x000000aeece00000] [id=10476]
  0x000001c4ab86b800 GCTaskThread "GC Thread#8" [stack: 0x000000aeece00000,0x000000aeecf00000] [id=17456]
  0x000001c4ac9ed800 GCTaskThread "GC Thread#9" [stack: 0x000000aeecf00000,0x000000aeed000000] [id=7196]
  0x000001c48f034800 ConcurrentGCThread "G1 Main Marker" [stack: 0x000000aeeaa00000,0x000000aeeab00000] [id=10256]
  0x000001c48f036000 ConcurrentGCThread "G1 Conc#0" [stack: 0x000000aeeab00000,0x000000aeeac00000] [id=2240]
  0x000001c4ab12e000 ConcurrentGCThread "G1 Conc#1" [stack: 0x000000aeed000000,0x000000aeed100000] [id=13540]
  0x000001c4ab3f2800 ConcurrentGCThread "G1 Conc#2" [stack: 0x000000aeed100000,0x000000aeed200000] [id=10468]
  0x000001c48f0ce800 ConcurrentGCThread "G1 Refine#0" [stack: 0x000000aeeac00000,0x000000aeead00000] [id=4280]
  0x000001c4ad20b000 ConcurrentGCThread "G1 Refine#1" [stack: 0x000000aeec800000,0x000000aeec900000] [id=17556]
  0x000001c4b17c3800 ConcurrentGCThread "G1 Refine#2" [stack: 0x000000aeec900000,0x000000aeeca00000] [id=6844]
  0x000001c4a9762800 ConcurrentGCThread "G1 Young RemSet Sampling" [stack: 0x000000aeead00000,0x000000aeeae00000] [id=17804]

Threads with active compile tasks:
C2 CompilerThread0  16342 8612       4       org.gradle.internal.instantiation.generator.AbstractClassGenerator::inspectType (560 bytes)
C1 CompilerThread0  16342 8854       3       org.gradle.api.internal.artifacts.ivyservice.resolveengine.artifact.DefaultArtifactSet::toResolvedVariant (253 bytes)
C2 CompilerThread1  16343 8805       4       org.gradle.internal.hash.HashCode::toString (77 bytes)
C2 CompilerThread2  16343 8802 %     4       java.io.WinNTFileSystem::normalize @ 22 (143 bytes)

VM state:at safepoint (normal execution)

VM Mutex/Monitor currently owned by a thread:  ([mutex/lock_event])
[0x000001c48efe7b10] Threads_lock - owner thread: 0x000001c4aa11a000
[0x000001c48efe86e0] Heap_lock - owner thread: 0x000001c4ad1fb000

Heap address: 0x0000000080000000, size: 2048 MB, Compressed Oops mode: 32-bit
Narrow klass base: 0x0000000000000000, Narrow klass shift: 3
Compressed class space size: 1073741824 Address: 0x0000000100000000

Heap:
 garbage-first heap   total 262144K, used 194496K [0x0000000080000000, 0x0000000100000000)
  region size 1024K, 146 young (149504K), 9 survivors (9216K)
 Metaspace       used 80382K, capacity 82492K, committed 82688K, reserved 1120256K
  class space    used 10465K, capacity 11241K, committed 11340K, reserved 1048576K
Heap Regions: E=young(eden), S=young(survivor), O=old, HS=humongous(starts), HC=humongous(continues), CS=collection set, F=free, A=archive, TAMS=top-at-mark-start (previous, next)
|   0|0x0000000080000000, 0x0000000080100000, 0x0000000080100000|100%| O|  |TAMS 0x0000000080100000, 0x0000000080000000| Untracked 
|   1|0x0000000080100000, 0x0000000080200000, 0x0000000080200000|100%| O|  |TAMS 0x0000000080200000, 0x0000000080100000| Untracked 
|   2|0x0000000080200000, 0x0000000080300000, 0x0000000080300000|100%| O|  |TAMS 0x0000000080300000, 0x0000000080200000| Untracked 
|   3|0x0000000080300000, 0x0000000080400000, 0x0000000080400000|100%|HS|  |TAMS 0x0000000080400000, 0x0000000080300000| Complete 
|   4|0x0000000080400000, 0x0000000080500000, 0x0000000080500000|100%|HC|  |TAMS 0x0000000080500000, 0x0000000080400000| Complete 
|   5|0x0000000080500000, 0x0000000080600000, 0x0000000080600000|100%|HC|  |TAMS 0x0000000080600000, 0x0000000080500000| Complete 
|   6|0x0000000080600000, 0x0000000080700000, 0x0000000080700000|100%| O|  |TAMS 0x0000000080700000, 0x0000000080600000| Untracked 
|   7|0x0000000080700000, 0x0000000080800000, 0x0000000080800000|100%| O|  |TAMS 0x0000000080800000, 0x0000000080700000| Untracked 
|   8|0x0000000080800000, 0x0000000080900000, 0x0000000080900000|100%| O|  |TAMS 0x0000000080900000, 0x0000000080800000| Untracked 
|   9|0x0000000080900000, 0x0000000080a00000, 0x0000000080a00000|100%| O|  |TAMS 0x0000000080a00000, 0x0000000080900000| Untracked 
|  10|0x0000000080a00000, 0x0000000080b00000, 0x0000000080b00000|100%| O|  |TAMS 0x0000000080b00000, 0x0000000080a00000| Untracked 
|  11|0x0000000080b00000, 0x0000000080c00000, 0x0000000080c00000|100%| O|  |TAMS 0x0000000080c00000, 0x0000000080b00000| Untracked 
|  12|0x0000000080c00000, 0x0000000080d00000, 0x0000000080d00000|100%| O|  |TAMS 0x0000000080d00000, 0x0000000080c00000| Untracked 
|  13|0x0000000080d00000, 0x0000000080e00000, 0x0000000080e00000|100%| O|  |TAMS 0x0000000080e00000, 0x0000000080d00000| Untracked 
|  14|0x0000000080e00000, 0x0000000080f00000, 0x0000000080f00000|100%| O|  |TAMS 0x0000000080f00000, 0x0000000080e00000| Untracked 
|  15|0x0000000080f00000, 0x0000000081000000, 0x0000000081000000|100%| O|  |TAMS 0x0000000081000000, 0x0000000080f00000| Untracked 
|  16|0x0000000081000000, 0x0000000081100000, 0x0000000081100000|100%|HS|  |TAMS 0x0000000081100000, 0x0000000081000000| Complete 
|  17|0x0000000081100000, 0x0000000081200000, 0x0000000081200000|100%|HS|  |TAMS 0x0000000081200000, 0x0000000081100000| Complete 
|  18|0x0000000081200000, 0x0000000081300000, 0x0000000081300000|100%|HS|  |TAMS 0x0000000081300000, 0x0000000081200000| Complete 
|  19|0x0000000081300000, 0x0000000081400000, 0x0000000081400000|100%|HC|  |TAMS 0x0000000081400000, 0x0000000081300000| Complete 
|  20|0x0000000081400000, 0x0000000081500000, 0x0000000081500000|100%| O|  |TAMS 0x0000000081500000, 0x0000000081400000| Untracked 
|  21|0x0000000081500000, 0x0000000081600000, 0x0000000081600000|100%| O|  |TAMS 0x0000000081600000, 0x0000000081500000| Untracked 
|  22|0x0000000081600000, 0x0000000081700000, 0x0000000081700000|100%| O|  |TAMS 0x0000000081700000, 0x0000000081600000| Untracked 
|  23|0x0000000081700000, 0x0000000081800000, 0x0000000081800000|100%| O|  |TAMS 0x0000000081800000, 0x0000000081700000| Untracked 
|  24|0x0000000081800000, 0x0000000081900000, 0x0000000081900000|100%| O|  |TAMS 0x00000000818c8000, 0x0000000081800000| Untracked 
|  25|0x0000000081900000, 0x0000000081a00000, 0x0000000081a00000|100%| O|  |TAMS 0x0000000081900000, 0x0000000081900000| Untracked 
|  26|0x0000000081a00000, 0x0000000081b00000, 0x0000000081b00000|100%| O|  |TAMS 0x0000000081a00000, 0x0000000081a00000| Untracked 
|  27|0x0000000081b00000, 0x0000000081c00000, 0x0000000081c00000|100%| O|  |TAMS 0x0000000081b00000, 0x0000000081b00000| Untracked 
|  28|0x0000000081c00000, 0x0000000081d00000, 0x0000000081d00000|100%| O|  |TAMS 0x0000000081c00000, 0x0000000081c00000| Untracked 
|  29|0x0000000081d00000, 0x0000000081e00000, 0x0000000081e00000|100%| O|  |TAMS 0x0000000081d00000, 0x0000000081d00000| Untracked 
|  30|0x0000000081e00000, 0x0000000081f00000, 0x0000000081f00000|100%| O|  |TAMS 0x0000000081e00000, 0x0000000081e00000| Untracked 
|  31|0x0000000081f00000, 0x0000000082000000, 0x0000000082000000|100%| O|  |TAMS 0x0000000081f00000, 0x0000000081f00000| Untracked 
|  32|0x0000000082000000, 0x0000000082100000, 0x0000000082100000|100%| O|  |TAMS 0x0000000082000000, 0x0000000082000000| Untracked 
|  33|0x0000000082100000, 0x0000000082200000, 0x0000000082200000|100%| O|  |TAMS 0x0000000082100000, 0x0000000082100000| Untracked 
|  34|0x0000000082200000, 0x0000000082300000, 0x0000000082300000|100%| O|  |TAMS 0x0000000082200000, 0x0000000082200000| Untracked 
|  35|0x0000000082300000, 0x0000000082400000, 0x0000000082400000|100%| O|  |TAMS 0x0000000082300000, 0x0000000082300000| Untracked 
|  36|0x0000000082400000, 0x0000000082500000, 0x0000000082500000|100%| O|  |TAMS 0x0000000082400000, 0x0000000082400000| Untracked 
|  37|0x0000000082500000, 0x0000000082600000, 0x0000000082600000|100%| O|  |TAMS 0x0000000082500000, 0x0000000082500000| Untracked 
|  38|0x0000000082600000, 0x0000000082700000, 0x0000000082700000|100%| O|  |TAMS 0x0000000082600000, 0x0000000082600000| Untracked 
|  39|0x0000000082700000, 0x0000000082800000, 0x0000000082800000|100%| O|  |TAMS 0x0000000082700000, 0x0000000082700000| Untracked 
|  40|0x0000000082800000, 0x0000000082900000, 0x0000000082900000|100%| O|  |TAMS 0x0000000082800000, 0x0000000082800000| Untracked 
|  41|0x0000000082900000, 0x0000000082a00000, 0x0000000082a00000|100%| O|  |TAMS 0x0000000082900000, 0x0000000082900000| Untracked 
|  42|0x0000000082a00000, 0x0000000082b00000, 0x0000000082b00000|100%| O|  |TAMS 0x0000000082a00000, 0x0000000082a00000| Untracked 
|  43|0x0000000082b00000, 0x0000000082c00000, 0x0000000082c00000|100%| O|  |TAMS 0x0000000082b00000, 0x0000000082b00000| Untracked 
|  44|0x0000000082c00000, 0x0000000082d00000, 0x0000000082d00000|100%| O|  |TAMS 0x0000000082c00000, 0x0000000082c00000| Untracked 
|  45|0x0000000082d00000, 0x0000000082e00000, 0x0000000082e00000|100%| O|  |TAMS 0x0000000082d00000, 0x0000000082d00000| Untracked 
|  46|0x0000000082e00000, 0x0000000082f00000, 0x0000000082f00000|100%| O|  |TAMS 0x0000000082e00000, 0x0000000082e00000| Untracked 
|  47|0x0000000082f00000, 0x0000000083000000, 0x0000000083000000|100%| O|  |TAMS 0x0000000082f00000, 0x0000000082f00000| Untracked 
|  48|0x0000000083000000, 0x0000000083100000, 0x0000000083100000|100%| O|  |TAMS 0x0000000083000000, 0x0000000083000000| Untracked 
|  49|0x0000000083100000, 0x0000000083200000, 0x0000000083200000|100%| O|  |TAMS 0x0000000083100000, 0x0000000083100000| Untracked 
|  50|0x0000000083200000, 0x0000000083300000, 0x0000000083300000|100%| O|  |TAMS 0x0000000083200000, 0x0000000083200000| Untracked 
|  51|0x0000000083300000, 0x0000000083400000, 0x0000000083400000|100%| O|  |TAMS 0x0000000083300000, 0x0000000083300000| Untracked 
|  52|0x0000000083400000, 0x00000000834da3e0, 0x0000000083500000| 85%| O|  |TAMS 0x0000000083400000, 0x0000000083400000| Untracked 
|  53|0x0000000083500000, 0x0000000083500000, 0x0000000083600000|  0%| F|  |TAMS 0x0000000083500000, 0x0000000083500000| Untracked 
|  54|0x0000000083600000, 0x0000000083600000, 0x0000000083700000|  0%| F|  |TAMS 0x0000000083600000, 0x0000000083600000| Untracked 
|  55|0x0000000083700000, 0x0000000083700000, 0x0000000083800000|  0%| F|  |TAMS 0x0000000083700000, 0x0000000083700000| Untracked 
|  56|0x0000000083800000, 0x0000000083800000, 0x0000000083900000|  0%| F|  |TAMS 0x0000000083800000, 0x0000000083800000| Untracked 
|  57|0x0000000083900000, 0x0000000083900000, 0x0000000083a00000|  0%| F|  |TAMS 0x0000000083900000, 0x0000000083900000| Untracked 
|  58|0x0000000083a00000, 0x0000000083a00000, 0x0000000083b00000|  0%| F|  |TAMS 0x0000000083a00000, 0x0000000083a00000| Untracked 
|  59|0x0000000083b00000, 0x0000000083b00000, 0x0000000083c00000|  0%| F|  |TAMS 0x0000000083b00000, 0x0000000083b00000| Untracked 
|  60|0x0000000083c00000, 0x0000000083c00000, 0x0000000083d00000|  0%| F|  |TAMS 0x0000000083c00000, 0x0000000083c00000| Untracked 
|  61|0x0000000083d00000, 0x0000000083d00000, 0x0000000083e00000|  0%| F|  |TAMS 0x0000000083d00000, 0x0000000083d00000| Untracked 
|  62|0x0000000083e00000, 0x0000000083e00000, 0x0000000083f00000|  0%| F|  |TAMS 0x0000000083e00000, 0x0000000083e00000| Untracked 
|  63|0x0000000083f00000, 0x0000000083f00000, 0x0000000084000000|  0%| F|  |TAMS 0x0000000083f00000, 0x0000000083f00000| Untracked 
|  64|0x0000000084000000, 0x0000000084000000, 0x0000000084100000|  0%| F|  |TAMS 0x0000000084000000, 0x0000000084000000| Untracked 
|  65|0x0000000084100000, 0x0000000084100000, 0x0000000084200000|  0%| F|  |TAMS 0x0000000084100000, 0x0000000084100000| Untracked 
|  66|0x0000000084200000, 0x0000000084200000, 0x0000000084300000|  0%| F|  |TAMS 0x0000000084200000, 0x0000000084200000| Untracked 
|  67|0x0000000084300000, 0x0000000084300000, 0x0000000084400000|  0%| F|  |TAMS 0x0000000084300000, 0x0000000084300000| Untracked 
|  68|0x0000000084400000, 0x0000000084400000, 0x0000000084500000|  0%| F|  |TAMS 0x0000000084400000, 0x0000000084400000| Untracked 
|  69|0x0000000084500000, 0x0000000084500000, 0x0000000084600000|  0%| F|  |TAMS 0x0000000084500000, 0x0000000084500000| Untracked 
|  70|0x0000000084600000, 0x0000000084600000, 0x0000000084700000|  0%| F|  |TAMS 0x0000000084600000, 0x0000000084600000| Untracked 
|  71|0x0000000084700000, 0x0000000084700000, 0x0000000084800000|  0%| F|  |TAMS 0x0000000084700000, 0x0000000084700000| Untracked 
|  72|0x0000000084800000, 0x0000000084800000, 0x0000000084900000|  0%| F|  |TAMS 0x0000000084800000, 0x0000000084800000| Untracked 
|  73|0x0000000084900000, 0x0000000084900000, 0x0000000084a00000|  0%| F|  |TAMS 0x0000000084900000, 0x0000000084900000| Untracked 
|  74|0x0000000084a00000, 0x0000000084a00000, 0x0000000084b00000|  0%| F|  |TAMS 0x0000000084a00000, 0x0000000084a00000| Untracked 
|  75|0x0000000084b00000, 0x0000000084b00000, 0x0000000084c00000|  0%| F|  |TAMS 0x0000000084b00000, 0x0000000084b00000| Untracked 
|  76|0x0000000084c00000, 0x0000000084c00000, 0x0000000084d00000|  0%| F|  |TAMS 0x0000000084c00000, 0x0000000084c00000| Untracked 
|  77|0x0000000084d00000, 0x0000000084d00000, 0x0000000084e00000|  0%| F|  |TAMS 0x0000000084d00000, 0x0000000084d00000| Untracked 
|  78|0x0000000084e00000, 0x0000000084e00000, 0x0000000084f00000|  0%| F|  |TAMS 0x0000000084e00000, 0x0000000084e00000| Untracked 
|  79|0x0000000084f00000, 0x0000000084f00000, 0x0000000085000000|  0%| F|  |TAMS 0x0000000084f00000, 0x0000000084f00000| Untracked 
|  80|0x0000000085000000, 0x0000000085000000, 0x0000000085100000|  0%| F|  |TAMS 0x0000000085000000, 0x0000000085000000| Untracked 
|  81|0x0000000085100000, 0x0000000085100000, 0x0000000085200000|  0%| F|  |TAMS 0x0000000085100000, 0x0000000085100000| Untracked 
|  82|0x0000000085200000, 0x0000000085200000, 0x0000000085300000|  0%| F|  |TAMS 0x0000000085200000, 0x0000000085200000| Untracked 
|  83|0x0000000085300000, 0x0000000085300000, 0x0000000085400000|  0%| F|  |TAMS 0x0000000085300000, 0x0000000085300000| Untracked 
|  84|0x0000000085400000, 0x0000000085400000, 0x0000000085500000|  0%| F|  |TAMS 0x0000000085400000, 0x0000000085400000| Untracked 
|  85|0x0000000085500000, 0x0000000085500000, 0x0000000085600000|  0%| F|  |TAMS 0x0000000085500000, 0x0000000085500000| Untracked 
|  86|0x0000000085600000, 0x0000000085600000, 0x0000000085700000|  0%| F|  |TAMS 0x0000000085600000, 0x0000000085600000| Untracked 
|  87|0x0000000085700000, 0x0000000085700000, 0x0000000085800000|  0%| F|  |TAMS 0x0000000085700000, 0x0000000085700000| Untracked 
|  88|0x0000000085800000, 0x0000000085800000, 0x0000000085900000|  0%| F|  |TAMS 0x0000000085800000, 0x0000000085800000| Untracked 
|  89|0x0000000085900000, 0x0000000085900000, 0x0000000085a00000|  0%| F|  |TAMS 0x0000000085900000, 0x0000000085900000| Untracked 
|  90|0x0000000085a00000, 0x0000000085a00000, 0x0000000085b00000|  0%| F|  |TAMS 0x0000000085a00000, 0x0000000085a00000| Untracked 
|  91|0x0000000085b00000, 0x0000000085b00000, 0x0000000085c00000|  0%| F|  |TAMS 0x0000000085b00000, 0x0000000085b00000| Untracked 
|  92|0x0000000085c00000, 0x0000000085d00000, 0x0000000085d00000|100%| E|CS|TAMS 0x0000000085c00000, 0x0000000085c00000| Complete 
|  93|0x0000000085d00000, 0x0000000085e00000, 0x0000000085e00000|100%| E|CS|TAMS 0x0000000085d00000, 0x0000000085d00000| Complete 
|  94|0x0000000085e00000, 0x0000000085f00000, 0x0000000085f00000|100%| E|CS|TAMS 0x0000000085e00000, 0x0000000085e00000| Complete 
|  95|0x0000000085f00000, 0x0000000086000000, 0x0000000086000000|100%| E|CS|TAMS 0x0000000085f00000, 0x0000000085f00000| Complete 
|  96|0x0000000086000000, 0x0000000086100000, 0x0000000086100000|100%| E|CS|TAMS 0x0000000086000000, 0x0000000086000000| Complete 
|  97|0x0000000086100000, 0x0000000086200000, 0x0000000086200000|100%| E|CS|TAMS 0x0000000086100000, 0x0000000086100000| Complete 
|  98|0x0000000086200000, 0x0000000086300000, 0x0000000086300000|100%| E|CS|TAMS 0x0000000086200000, 0x0000000086200000| Complete 
|  99|0x0000000086300000, 0x0000000086400000, 0x0000000086400000|100%| E|CS|TAMS 0x0000000086300000, 0x0000000086300000| Complete 
| 100|0x0000000086400000, 0x0000000086500000, 0x0000000086500000|100%| E|CS|TAMS 0x0000000086400000, 0x0000000086400000| Complete 
| 101|0x0000000086500000, 0x0000000086600000, 0x0000000086600000|100%| E|CS|TAMS 0x0000000086500000, 0x0000000086500000| Complete 
| 102|0x0000000086600000, 0x0000000086700000, 0x0000000086700000|100%| E|CS|TAMS 0x0000000086600000, 0x0000000086600000| Complete 
| 103|0x0000000086700000, 0x0000000086700000, 0x0000000086800000|  0%| F|  |TAMS 0x0000000086700000, 0x0000000086700000| Untracked 
| 104|0x0000000086800000, 0x0000000086800000, 0x0000000086900000|  0%| F|  |TAMS 0x0000000086800000, 0x0000000086800000| Untracked 
| 105|0x0000000086900000, 0x0000000086900000, 0x0000000086a00000|  0%| F|  |TAMS 0x0000000086900000, 0x0000000086900000| Untracked 
| 106|0x0000000086a00000, 0x0000000086a00000, 0x0000000086b00000|  0%| F|  |TAMS 0x0000000086a00000, 0x0000000086a00000| Untracked 
| 107|0x0000000086b00000, 0x0000000086b00000, 0x0000000086c00000|  0%| F|  |TAMS 0x0000000086b00000, 0x0000000086b00000| Untracked 
| 108|0x0000000086c00000, 0x0000000086c00000, 0x0000000086d00000|  0%| F|  |TAMS 0x0000000086c00000, 0x0000000086c00000| Untracked 
| 109|0x0000000086d00000, 0x0000000086d00000, 0x0000000086e00000|  0%| F|  |TAMS 0x0000000086d00000, 0x0000000086d00000| Untracked 
| 110|0x0000000086e00000, 0x0000000086ed6f80, 0x0000000086f00000| 83%| S|  |TAMS 0x0000000086e00000, 0x0000000086e00000| Complete 
| 111|0x0000000086f00000, 0x0000000087000000, 0x0000000087000000|100%| S|  |TAMS 0x0000000086f00000, 0x0000000086f00000| Complete 
| 112|0x0000000087000000, 0x0000000087100000, 0x0000000087100000|100%| S|  |TAMS 0x0000000087000000, 0x0000000087000000| Complete 
| 113|0x0000000087100000, 0x0000000087200000, 0x0000000087200000|100%| S|  |TAMS 0x0000000087100000, 0x0000000087100000| Complete 
| 114|0x0000000087200000, 0x0000000087300000, 0x0000000087300000|100%| S|  |TAMS 0x0000000087200000, 0x0000000087200000| Complete 
| 115|0x0000000087300000, 0x0000000087400000, 0x0000000087400000|100%| S|  |TAMS 0x0000000087300000, 0x0000000087300000| Complete 
| 116|0x0000000087400000, 0x0000000087500000, 0x0000000087500000|100%| S|  |TAMS 0x0000000087400000, 0x0000000087400000| Complete 
| 117|0x0000000087500000, 0x0000000087600000, 0x0000000087600000|100%| S|  |TAMS 0x0000000087500000, 0x0000000087500000| Complete 
| 118|0x0000000087600000, 0x0000000087700000, 0x0000000087700000|100%| S|  |TAMS 0x0000000087600000, 0x0000000087600000| Complete 
| 119|0x0000000087700000, 0x0000000087800000, 0x0000000087800000|100%| E|CS|TAMS 0x0000000087700000, 0x0000000087700000| Complete 
| 120|0x0000000087800000, 0x0000000087900000, 0x0000000087900000|100%| E|CS|TAMS 0x0000000087800000, 0x0000000087800000| Complete 
| 121|0x0000000087900000, 0x0000000087a00000, 0x0000000087a00000|100%| E|CS|TAMS 0x0000000087900000, 0x0000000087900000| Complete 
| 122|0x0000000087a00000, 0x0000000087b00000, 0x0000000087b00000|100%| E|CS|TAMS 0x0000000087a00000, 0x0000000087a00000| Complete 
| 123|0x0000000087b00000, 0x0000000087c00000, 0x0000000087c00000|100%| E|CS|TAMS 0x0000000087b00000, 0x0000000087b00000| Complete 
| 124|0x0000000087c00000, 0x0000000087d00000, 0x0000000087d00000|100%| E|CS|TAMS 0x0000000087c00000, 0x0000000087c00000| Complete 
| 125|0x0000000087d00000, 0x0000000087e00000, 0x0000000087e00000|100%| E|CS|TAMS 0x0000000087d00000, 0x0000000087d00000| Complete 
| 126|0x0000000087e00000, 0x0000000087f00000, 0x0000000087f00000|100%| E|CS|TAMS 0x0000000087e00000, 0x0000000087e00000| Complete 
| 127|0x0000000087f00000, 0x0000000088000000, 0x0000000088000000|100%| E|CS|TAMS 0x0000000087f00000, 0x0000000087f00000| Complete 
| 128|0x0000000088000000, 0x0000000088100000, 0x0000000088100000|100%| E|CS|TAMS 0x0000000088000000, 0x0000000088000000| Complete 
| 129|0x0000000088100000, 0x0000000088200000, 0x0000000088200000|100%| E|CS|TAMS 0x0000000088100000, 0x0000000088100000| Complete 
| 130|0x0000000088200000, 0x0000000088300000, 0x0000000088300000|100%| E|CS|TAMS 0x0000000088200000, 0x0000000088200000| Complete 
| 131|0x0000000088300000, 0x0000000088400000, 0x0000000088400000|100%| E|CS|TAMS 0x0000000088300000, 0x0000000088300000| Complete 
| 132|0x0000000088400000, 0x0000000088500000, 0x0000000088500000|100%| E|CS|TAMS 0x0000000088400000, 0x0000000088400000| Complete 
| 133|0x0000000088500000, 0x0000000088600000, 0x0000000088600000|100%| E|CS|TAMS 0x0000000088500000, 0x0000000088500000| Complete 
| 134|0x0000000088600000, 0x0000000088700000, 0x0000000088700000|100%| E|CS|TAMS 0x0000000088600000, 0x0000000088600000| Complete 
| 135|0x0000000088700000, 0x0000000088800000, 0x0000000088800000|100%| E|CS|TAMS 0x0000000088700000, 0x0000000088700000| Complete 
| 136|0x0000000088800000, 0x0000000088900000, 0x0000000088900000|100%| E|CS|TAMS 0x0000000088800000, 0x0000000088800000| Complete 
| 137|0x0000000088900000, 0x0000000088a00000, 0x0000000088a00000|100%| E|CS|TAMS 0x0000000088900000, 0x0000000088900000| Complete 
| 138|0x0000000088a00000, 0x0000000088b00000, 0x0000000088b00000|100%| E|CS|TAMS 0x0000000088a00000, 0x0000000088a00000| Complete 
| 139|0x0000000088b00000, 0x0000000088c00000, 0x0000000088c00000|100%| E|CS|TAMS 0x0000000088b00000, 0x0000000088b00000| Complete 
| 140|0x0000000088c00000, 0x0000000088d00000, 0x0000000088d00000|100%| E|CS|TAMS 0x0000000088c00000, 0x0000000088c00000| Complete 
| 141|0x0000000088d00000, 0x0000000088e00000, 0x0000000088e00000|100%| E|CS|TAMS 0x0000000088d00000, 0x0000000088d00000| Complete 
| 142|0x0000000088e00000, 0x0000000088f00000, 0x0000000088f00000|100%| E|CS|TAMS 0x0000000088e00000, 0x0000000088e00000| Complete 
| 143|0x0000000088f00000, 0x0000000089000000, 0x0000000089000000|100%| E|CS|TAMS 0x0000000088f00000, 0x0000000088f00000| Complete 
| 144|0x0000000089000000, 0x0000000089100000, 0x0000000089100000|100%| E|CS|TAMS 0x0000000089000000, 0x0000000089000000| Complete 
| 145|0x0000000089100000, 0x0000000089200000, 0x0000000089200000|100%| E|CS|TAMS 0x0000000089100000, 0x0000000089100000| Complete 
| 146|0x0000000089200000, 0x0000000089300000, 0x0000000089300000|100%| E|CS|TAMS 0x0000000089200000, 0x0000000089200000| Complete 
| 147|0x0000000089300000, 0x0000000089400000, 0x0000000089400000|100%| E|CS|TAMS 0x0000000089300000, 0x0000000089300000| Complete 
| 148|0x0000000089400000, 0x0000000089500000, 0x0000000089500000|100%| E|CS|TAMS 0x0000000089400000, 0x0000000089400000| Complete 
| 149|0x0000000089500000, 0x0000000089600000, 0x0000000089600000|100%| E|CS|TAMS 0x0000000089500000, 0x0000000089500000| Complete 
| 150|0x0000000089600000, 0x0000000089700000, 0x0000000089700000|100%| E|CS|TAMS 0x0000000089600000, 0x0000000089600000| Complete 
| 151|0x0000000089700000, 0x0000000089800000, 0x0000000089800000|100%| E|CS|TAMS 0x0000000089700000, 0x0000000089700000| Complete 
| 152|0x0000000089800000, 0x0000000089900000, 0x0000000089900000|100%| E|CS|TAMS 0x0000000089800000, 0x0000000089800000| Complete 
| 153|0x0000000089900000, 0x0000000089a00000, 0x0000000089a00000|100%| E|CS|TAMS 0x0000000089900000, 0x0000000089900000| Complete 
| 154|0x0000000089a00000, 0x0000000089b00000, 0x0000000089b00000|100%| E|CS|TAMS 0x0000000089a00000, 0x0000000089a00000| Complete 
| 155|0x0000000089b00000, 0x0000000089c00000, 0x0000000089c00000|100%| E|CS|TAMS 0x0000000089b00000, 0x0000000089b00000| Complete 
| 156|0x0000000089c00000, 0x0000000089d00000, 0x0000000089d00000|100%| E|CS|TAMS 0x0000000089c00000, 0x0000000089c00000| Complete 
| 157|0x0000000089d00000, 0x0000000089e00000, 0x0000000089e00000|100%| E|CS|TAMS 0x0000000089d00000, 0x0000000089d00000| Complete 
| 158|0x0000000089e00000, 0x0000000089f00000, 0x0000000089f00000|100%| E|CS|TAMS 0x0000000089e00000, 0x0000000089e00000| Complete 
| 159|0x0000000089f00000, 0x000000008a000000, 0x000000008a000000|100%| E|CS|TAMS 0x0000000089f00000, 0x0000000089f00000| Complete 
| 160|0x000000008a000000, 0x000000008a100000, 0x000000008a100000|100%| E|CS|TAMS 0x000000008a000000, 0x000000008a000000| Complete 
| 161|0x000000008a100000, 0x000000008a200000, 0x000000008a200000|100%| E|CS|TAMS 0x000000008a100000, 0x000000008a100000| Complete 
| 162|0x000000008a200000, 0x000000008a300000, 0x000000008a300000|100%| E|CS|TAMS 0x000000008a200000, 0x000000008a200000| Complete 
| 163|0x000000008a300000, 0x000000008a400000, 0x000000008a400000|100%| E|CS|TAMS 0x000000008a300000, 0x000000008a300000| Complete 
| 164|0x000000008a400000, 0x000000008a500000, 0x000000008a500000|100%| E|CS|TAMS 0x000000008a400000, 0x000000008a400000| Complete 
| 165|0x000000008a500000, 0x000000008a600000, 0x000000008a600000|100%| E|CS|TAMS 0x000000008a500000, 0x000000008a500000| Complete 
| 166|0x000000008a600000, 0x000000008a700000, 0x000000008a700000|100%| E|CS|TAMS 0x000000008a600000, 0x000000008a600000| Complete 
| 167|0x000000008a700000, 0x000000008a800000, 0x000000008a800000|100%| E|CS|TAMS 0x000000008a700000, 0x000000008a700000| Complete 
| 168|0x000000008a800000, 0x000000008a900000, 0x000000008a900000|100%| E|CS|TAMS 0x000000008a800000, 0x000000008a800000| Complete 
| 169|0x000000008a900000, 0x000000008aa00000, 0x000000008aa00000|100%| E|CS|TAMS 0x000000008a900000, 0x000000008a900000| Complete 
| 170|0x000000008aa00000, 0x000000008ab00000, 0x000000008ab00000|100%| E|CS|TAMS 0x000000008aa00000, 0x000000008aa00000| Complete 
| 171|0x000000008ab00000, 0x000000008ac00000, 0x000000008ac00000|100%| E|CS|TAMS 0x000000008ab00000, 0x000000008ab00000| Complete 
| 172|0x000000008ac00000, 0x000000008ad00000, 0x000000008ad00000|100%| E|CS|TAMS 0x000000008ac00000, 0x000000008ac00000| Complete 
| 173|0x000000008ad00000, 0x000000008ae00000, 0x000000008ae00000|100%| E|CS|TAMS 0x000000008ad00000, 0x000000008ad00000| Complete 
| 174|0x000000008ae00000, 0x000000008af00000, 0x000000008af00000|100%| E|CS|TAMS 0x000000008ae00000, 0x000000008ae00000| Complete 
| 175|0x000000008af00000, 0x000000008b000000, 0x000000008b000000|100%| E|CS|TAMS 0x000000008af00000, 0x000000008af00000| Complete 
| 176|0x000000008b000000, 0x000000008b100000, 0x000000008b100000|100%| E|CS|TAMS 0x000000008b000000, 0x000000008b000000| Complete 
| 177|0x000000008b100000, 0x000000008b200000, 0x000000008b200000|100%| E|CS|TAMS 0x000000008b100000, 0x000000008b100000| Complete 
| 178|0x000000008b200000, 0x000000008b300000, 0x000000008b300000|100%| E|CS|TAMS 0x000000008b200000, 0x000000008b200000| Complete 
| 179|0x000000008b300000, 0x000000008b400000, 0x000000008b400000|100%| E|CS|TAMS 0x000000008b300000, 0x000000008b300000| Complete 
| 180|0x000000008b400000, 0x000000008b500000, 0x000000008b500000|100%| E|CS|TAMS 0x000000008b400000, 0x000000008b400000| Complete 
| 181|0x000000008b500000, 0x000000008b600000, 0x000000008b600000|100%| E|CS|TAMS 0x000000008b500000, 0x000000008b500000| Complete 
| 182|0x000000008b600000, 0x000000008b700000, 0x000000008b700000|100%| E|CS|TAMS 0x000000008b600000, 0x000000008b600000| Complete 
| 183|0x000000008b700000, 0x000000008b800000, 0x000000008b800000|100%| E|CS|TAMS 0x000000008b700000, 0x000000008b700000| Complete 
| 184|0x000000008b800000, 0x000000008b900000, 0x000000008b900000|100%| E|CS|TAMS 0x000000008b800000, 0x000000008b800000| Complete 
| 185|0x000000008b900000, 0x000000008ba00000, 0x000000008ba00000|100%| E|CS|TAMS 0x000000008b900000, 0x000000008b900000| Complete 
| 186|0x000000008ba00000, 0x000000008bb00000, 0x000000008bb00000|100%| E|CS|TAMS 0x000000008ba00000, 0x000000008ba00000| Complete 
| 187|0x000000008bb00000, 0x000000008bc00000, 0x000000008bc00000|100%| E|CS|TAMS 0x000000008bb00000, 0x000000008bb00000| Complete 
| 188|0x000000008bc00000, 0x000000008bd00000, 0x000000008bd00000|100%| E|CS|TAMS 0x000000008bc00000, 0x000000008bc00000| Complete 
| 189|0x000000008bd00000, 0x000000008be00000, 0x000000008be00000|100%| E|CS|TAMS 0x000000008bd00000, 0x000000008bd00000| Complete 
| 190|0x000000008be00000, 0x000000008bf00000, 0x000000008bf00000|100%| E|CS|TAMS 0x000000008be00000, 0x000000008be00000| Complete 
| 191|0x000000008bf00000, 0x000000008c000000, 0x000000008c000000|100%| E|CS|TAMS 0x000000008bf00000, 0x000000008bf00000| Complete 
| 192|0x000000008c000000, 0x000000008c100000, 0x000000008c100000|100%| E|CS|TAMS 0x000000008c000000, 0x000000008c000000| Complete 
| 193|0x000000008c100000, 0x000000008c200000, 0x000000008c200000|100%| E|CS|TAMS 0x000000008c100000, 0x000000008c100000| Complete 
| 194|0x000000008c200000, 0x000000008c300000, 0x000000008c300000|100%| E|CS|TAMS 0x000000008c200000, 0x000000008c200000| Complete 
| 195|0x000000008c300000, 0x000000008c400000, 0x000000008c400000|100%| E|CS|TAMS 0x000000008c300000, 0x000000008c300000| Complete 
| 196|0x000000008c400000, 0x000000008c500000, 0x000000008c500000|100%| E|CS|TAMS 0x000000008c400000, 0x000000008c400000| Complete 
| 197|0x000000008c500000, 0x000000008c600000, 0x000000008c600000|100%| E|CS|TAMS 0x000000008c500000, 0x000000008c500000| Complete 
| 198|0x000000008c600000, 0x000000008c700000, 0x000000008c700000|100%| E|CS|TAMS 0x000000008c600000, 0x000000008c600000| Complete 
| 199|0x000000008c700000, 0x000000008c800000, 0x000000008c800000|100%| E|CS|TAMS 0x000000008c700000, 0x000000008c700000| Complete 
| 200|0x000000008c800000, 0x000000008c900000, 0x000000008c900000|100%| E|CS|TAMS 0x000000008c800000, 0x000000008c800000| Complete 
| 201|0x000000008c900000, 0x000000008ca00000, 0x000000008ca00000|100%| E|CS|TAMS 0x000000008c900000, 0x000000008c900000| Complete 
| 202|0x000000008ca00000, 0x000000008cb00000, 0x000000008cb00000|100%| E|CS|TAMS 0x000000008ca00000, 0x000000008ca00000| Complete 
| 203|0x000000008cb00000, 0x000000008cc00000, 0x000000008cc00000|100%| E|CS|TAMS 0x000000008cb00000, 0x000000008cb00000| Complete 
| 204|0x000000008cc00000, 0x000000008cd00000, 0x000000008cd00000|100%| E|CS|TAMS 0x000000008cc00000, 0x000000008cc00000| Complete 
| 205|0x000000008cd00000, 0x000000008ce00000, 0x000000008ce00000|100%| E|CS|TAMS 0x000000008cd00000, 0x000000008cd00000| Complete 
| 206|0x000000008ce00000, 0x000000008cf00000, 0x000000008cf00000|100%| E|CS|TAMS 0x000000008ce00000, 0x000000008ce00000| Complete 
| 207|0x000000008cf00000, 0x000000008d000000, 0x000000008d000000|100%| E|CS|TAMS 0x000000008cf00000, 0x000000008cf00000| Complete 
| 208|0x000000008d000000, 0x000000008d100000, 0x000000008d100000|100%| E|CS|TAMS 0x000000008d000000, 0x000000008d000000| Complete 
| 209|0x000000008d100000, 0x000000008d200000, 0x000000008d200000|100%| E|CS|TAMS 0x000000008d100000, 0x000000008d100000| Complete 
| 210|0x000000008d200000, 0x000000008d300000, 0x000000008d300000|100%| E|CS|TAMS 0x000000008d200000, 0x000000008d200000| Complete 
| 211|0x000000008d300000, 0x000000008d400000, 0x000000008d400000|100%| E|CS|TAMS 0x000000008d300000, 0x000000008d300000| Complete 
| 212|0x000000008d400000, 0x000000008d500000, 0x000000008d500000|100%| E|CS|TAMS 0x000000008d400000, 0x000000008d400000| Complete 
| 213|0x000000008d500000, 0x000000008d600000, 0x000000008d600000|100%| E|CS|TAMS 0x000000008d500000, 0x000000008d500000| Complete 
| 214|0x000000008d600000, 0x000000008d700000, 0x000000008d700000|100%| E|CS|TAMS 0x000000008d600000, 0x000000008d600000| Complete 
| 215|0x000000008d700000, 0x000000008d800000, 0x000000008d800000|100%| E|CS|TAMS 0x000000008d700000, 0x000000008d700000| Complete 
| 216|0x000000008d800000, 0x000000008d900000, 0x000000008d900000|100%| E|CS|TAMS 0x000000008d800000, 0x000000008d800000| Complete 
| 217|0x000000008d900000, 0x000000008da00000, 0x000000008da00000|100%| E|CS|TAMS 0x000000008d900000, 0x000000008d900000| Complete 
| 218|0x000000008da00000, 0x000000008db00000, 0x000000008db00000|100%| E|CS|TAMS 0x000000008da00000, 0x000000008da00000| Complete 
| 219|0x000000008db00000, 0x000000008dc00000, 0x000000008dc00000|100%| E|CS|TAMS 0x000000008db00000, 0x000000008db00000| Complete 
| 220|0x000000008dc00000, 0x000000008dd00000, 0x000000008dd00000|100%| E|CS|TAMS 0x000000008dc00000, 0x000000008dc00000| Complete 
| 221|0x000000008dd00000, 0x000000008de00000, 0x000000008de00000|100%| E|CS|TAMS 0x000000008dd00000, 0x000000008dd00000| Complete 
| 222|0x000000008de00000, 0x000000008df00000, 0x000000008df00000|100%| E|CS|TAMS 0x000000008de00000, 0x000000008de00000| Complete 
| 223|0x000000008df00000, 0x000000008e000000, 0x000000008e000000|100%| E|CS|TAMS 0x000000008df00000, 0x000000008df00000| Complete 
| 224|0x000000008e000000, 0x000000008e100000, 0x000000008e100000|100%| E|CS|TAMS 0x000000008e000000, 0x000000008e000000| Complete 
| 225|0x000000008e100000, 0x000000008e200000, 0x000000008e200000|100%| E|CS|TAMS 0x000000008e100000, 0x000000008e100000| Complete 
| 226|0x000000008e200000, 0x000000008e300000, 0x000000008e300000|100%| E|CS|TAMS 0x000000008e200000, 0x000000008e200000| Complete 
| 227|0x000000008e300000, 0x000000008e400000, 0x000000008e400000|100%| E|CS|TAMS 0x000000008e300000, 0x000000008e300000| Complete 
| 228|0x000000008e400000, 0x000000008e500000, 0x000000008e500000|100%| E|CS|TAMS 0x000000008e400000, 0x000000008e400000| Complete 
| 229|0x000000008e500000, 0x000000008e600000, 0x000000008e600000|100%| E|CS|TAMS 0x000000008e500000, 0x000000008e500000| Complete 
| 230|0x000000008e600000, 0x000000008e700000, 0x000000008e700000|100%| E|CS|TAMS 0x000000008e600000, 0x000000008e600000| Complete 
| 231|0x000000008e700000, 0x000000008e800000, 0x000000008e800000|100%| E|CS|TAMS 0x000000008e700000, 0x000000008e700000| Complete 
| 232|0x000000008e800000, 0x000000008e900000, 0x000000008e900000|100%| E|CS|TAMS 0x000000008e800000, 0x000000008e800000| Complete 
| 233|0x000000008e900000, 0x000000008ea00000, 0x000000008ea00000|100%| E|CS|TAMS 0x000000008e900000, 0x000000008e900000| Complete 
| 234|0x000000008ea00000, 0x000000008eb00000, 0x000000008eb00000|100%| E|CS|TAMS 0x000000008ea00000, 0x000000008ea00000| Complete 
| 235|0x000000008eb00000, 0x000000008ec00000, 0x000000008ec00000|100%| E|CS|TAMS 0x000000008eb00000, 0x000000008eb00000| Complete 
| 236|0x000000008ec00000, 0x000000008ed00000, 0x000000008ed00000|100%| E|CS|TAMS 0x000000008ec00000, 0x000000008ec00000| Complete 
| 237|0x000000008ed00000, 0x000000008ee00000, 0x000000008ee00000|100%| E|CS|TAMS 0x000000008ed00000, 0x000000008ed00000| Complete 
| 238|0x000000008ee00000, 0x000000008ef00000, 0x000000008ef00000|100%| E|CS|TAMS 0x000000008ee00000, 0x000000008ee00000| Complete 
| 239|0x000000008ef00000, 0x000000008f000000, 0x000000008f000000|100%| E|CS|TAMS 0x000000008ef00000, 0x000000008ef00000| Complete 
| 240|0x000000008f000000, 0x000000008f100000, 0x000000008f100000|100%| E|CS|TAMS 0x000000008f000000, 0x000000008f000000| Complete 
| 241|0x000000008f100000, 0x000000008f200000, 0x000000008f200000|100%| E|CS|TAMS 0x000000008f100000, 0x000000008f100000| Complete 
| 242|0x000000008f200000, 0x000000008f300000, 0x000000008f300000|100%| E|CS|TAMS 0x000000008f200000, 0x000000008f200000| Complete 
| 243|0x000000008f300000, 0x000000008f400000, 0x000000008f400000|100%| E|CS|TAMS 0x000000008f300000, 0x000000008f300000| Complete 
| 244|0x000000008f400000, 0x000000008f500000, 0x000000008f500000|100%| E|CS|TAMS 0x000000008f400000, 0x000000008f400000| Complete 
| 245|0x000000008f500000, 0x000000008f600000, 0x000000008f600000|100%| E|CS|TAMS 0x000000008f500000, 0x000000008f500000| Complete 
| 246|0x000000008f600000, 0x000000008f700000, 0x000000008f700000|100%| E|CS|TAMS 0x000000008f600000, 0x000000008f600000| Complete 
| 247|0x000000008f700000, 0x000000008f800000, 0x000000008f800000|100%| E|CS|TAMS 0x000000008f700000, 0x000000008f700000| Complete 
| 248|0x000000008f800000, 0x000000008f900000, 0x000000008f900000|100%| E|CS|TAMS 0x000000008f800000, 0x000000008f800000| Complete 
| 249|0x000000008f900000, 0x000000008fa00000, 0x000000008fa00000|100%| E|CS|TAMS 0x000000008f900000, 0x000000008f900000| Complete 
| 250|0x000000008fa00000, 0x000000008fb00000, 0x000000008fb00000|100%| E|CS|TAMS 0x000000008fa00000, 0x000000008fa00000| Complete 
| 251|0x000000008fb00000, 0x000000008fc00000, 0x000000008fc00000|100%| E|CS|TAMS 0x000000008fb00000, 0x000000008fb00000| Complete 
| 252|0x000000008fc00000, 0x000000008fd00000, 0x000000008fd00000|100%| E|CS|TAMS 0x000000008fc00000, 0x000000008fc00000| Complete 
| 253|0x000000008fd00000, 0x000000008fe00000, 0x000000008fe00000|100%| E|CS|TAMS 0x000000008fd00000, 0x000000008fd00000| Complete 
| 254|0x000000008fe00000, 0x000000008ff00000, 0x000000008ff00000|100%| E|CS|TAMS 0x000000008fe00000, 0x000000008fe00000| Complete 
| 255|0x000000008ff00000, 0x0000000090000000, 0x0000000090000000|100%| E|CS|TAMS 0x000000008ff00000, 0x000000008ff00000| Complete 

Card table byte_map: [0x000001c4a2430000,0x000001c4a2830000] _byte_map_base: 0x000001c4a2030000

Marking Bits (Prev, Next): (CMBitMap*) 0x000001c48f02bc70, (CMBitMap*) 0x000001c48f02bc38
 Prev Bits: [0x000001c4a4c30000, 0x000001c4a6c30000)
 Next Bits: [0x000001c4a2c30000, 0x000001c4a4c30000)

Polling page: 0x000001c48cf70000

Metaspace:

Usage:
  Non-class:     69.58 MB capacity,    68.28 MB ( 98%) used,     1.08 MB (  2%) free+waste,   229.19 KB ( <1%) overhead. 
      Class:     10.98 MB capacity,    10.22 MB ( 93%) used,   669.89 KB (  6%) free+waste,   106.06 KB ( <1%) overhead. 
       Both:     80.56 MB capacity,    78.50 MB ( 97%) used,     1.73 MB (  2%) free+waste,   335.25 KB ( <1%) overhead. 

Virtual space:
  Non-class space:       70.00 MB reserved,      69.68 MB (>99%) committed 
      Class space:        1.00 GB reserved,      11.07 MB (  1%) committed 
             Both:        1.07 GB reserved,      80.75 MB (  7%) committed 

Chunk freelists:
   Non-Class:  33.00 KB
       Class:  0 bytes
        Both:  33.00 KB

MaxMetaspaceSize: 17179869184.00 GB
CompressedClassSpaceSize: 1.00 GB

CodeHeap 'non-profiled nmethods': size=120000Kb used=5390Kb max_used=5390Kb free=114610Kb
 bounds [0x000001c49a5b0000, 0x000001c49ab00000, 0x000001c4a1ae0000]
CodeHeap 'profiled nmethods': size=120000Kb used=19102Kb max_used=19102Kb free=100897Kb
 bounds [0x000001c493080000, 0x000001c494330000, 0x000001c49a5b0000]
CodeHeap 'non-nmethods': size=5760Kb used=2271Kb max_used=2314Kb free=3488Kb
 bounds [0x000001c492ae0000, 0x000001c492d50000, 0x000001c493080000]
 total_blobs=9704 nmethods=8834 adapters=781
 compilation: enabled
              stopped_count=0, restarted_count=0
 full_count=0

Compilation events (20 events):
Event: 16.302 Thread 0x000001c4aa18c000 8844       3       org.gradle.api.internal.artifacts.ivyservice.resolveengine.result.ResolvedVariantResultSerializer::writeCapabilities (82 bytes)
Event: 16.302 Thread 0x000001c4aa18c000 nmethod 8844 0x000001c49431bb10 code [0x000001c49431bd80, 0x000001c49431c868]
Event: 16.302 Thread 0x000001c4aa18c000 8841       3       org.gradle.api.internal.artifacts.ivyservice.resolveengine.graph.builder.NodeState::shouldIncludedInGraphResult (26 bytes)
Event: 16.302 Thread 0x000001c4aa18c000 nmethod 8841 0x000001c49431cb10 code [0x000001c49431cd00, 0x000001c49431d188]
Event: 16.302 Thread 0x000001c4aa18c000 8840       3       org.gradle.api.internal.attributes.AttributeDesugaring::desugar (31 bytes)
Event: 16.302 Thread 0x000001c4aa18c000 nmethod 8840 0x000001c49431d310 code [0x000001c49431d540, 0x000001c49431dcb8]
Event: 16.302 Thread 0x000001c4aa18c000 8842   !   3       org.gradle.api.internal.artifacts.ivyservice.resolveengine.graph.builder.NodeState::findExternalVariant (146 bytes)
Event: 16.303 Thread 0x000001c4aa18c000 nmethod 8842 0x000001c49431df10 code [0x000001c49431e2a0, 0x000001c49431f8d8]
Event: 16.309 Thread 0x000001c4aa18c000 8846       3       org.gradle.api.internal.artifacts.ivyservice.resolveengine.graph.builder.NodeState::getOutgoingEdges (5 bytes)
Event: 16.309 Thread 0x000001c4aa18c000 nmethod 8846 0x000001c494320190 code [0x000001c494320340, 0x000001c4943204d8]
Event: 16.309 Thread 0x000001c4aa18c000 8847       3       org.gradle.api.internal.artifacts.ivyservice.resolveengine.result.StreamingResolutionResultBuilder::lambda$visitEdges$4 (107 bytes)
Event: 16.309 Thread 0x000001c4aa18c000 nmethod 8847 0x000001c494320590 code [0x000001c494320820, 0x000001c4943213f8]
Event: 16.309 Thread 0x000001c4aa18c000 8850       3       com.esotericsoftware.kryo.io.Input::readString (127 bytes)
Event: 16.309 Thread 0x000001c4aa18c000 nmethod 8850 0x000001c494321710 code [0x000001c494321960, 0x000001c494322028]
Event: 16.309 Thread 0x000001c4aa18c000 8848       3       org.gradle.api.internal.artifacts.ivyservice.resolveengine.graph.builder.NodeState::getIncomingEdges (5 bytes)
Event: 16.309 Thread 0x000001c4aa18c000 nmethod 8848 0x000001c494322310 code [0x000001c4943224c0, 0x000001c494322658]
Event: 16.309 Thread 0x000001c4aa18c000 8853       3       org.gradle.api.internal.artifacts.type.DefaultArtifactTypeRegistry::mapAttributesFor (202 bytes)
Event: 16.310 Thread 0x000001c4aa18c000 nmethod 8853 0x000001c494322710 code [0x000001c494322a20, 0x000001c494323b18]
Event: 16.310 Thread 0x000001c4aa18c000 8854       3       org.gradle.api.internal.artifacts.ivyservice.resolveengine.artifact.DefaultArtifactSet::toResolvedVariant (253 bytes)
Event: 16.311 Thread 0x000001c4aa18c000 nmethod 8854 0x000001c494324010 code [0x000001c494324480, 0x000001c494326c48]

GC Heap History (15 events):
Event: 0.419 GC heap before
{Heap before GC invocations=0 (full 0):
 garbage-first heap   total 262144K, used 29696K [0x0000000080000000, 0x0000000100000000)
  region size 1024K, 24 young (24576K), 0 survivors (0K)
 Metaspace       used 10194K, capacity 10357K, committed 10624K, reserved 1058816K
  class space    used 1064K, capacity 1139K, committed 1152K, reserved 1048576K
}
Event: 0.423 GC heap after
{Heap after GC invocations=1 (full 0):
 garbage-first heap   total 262144K, used 9195K [0x0000000080000000, 0x0000000100000000)
  region size 1024K, 3 young (3072K), 3 survivors (3072K)
 Metaspace       used 10194K, capacity 10357K, committed 10624K, reserved 1058816K
  class space    used 1064K, capacity 1139K, committed 1152K, reserved 1048576K
}
Event: 1.294 GC heap before
{Heap before GC invocations=1 (full 0):
 garbage-first heap   total 262144K, used 106475K [0x0000000080000000, 0x0000000100000000)
  region size 1024K, 99 young (101376K), 3 survivors (3072K)
 Metaspace       used 20595K, capacity 21124K, committed 21248K, reserved 1067008K
  class space    used 2518K, capacity 2722K, committed 2816K, reserved 1048576K
}
Event: 1.299 GC heap after
{Heap after GC invocations=2 (full 0):
 garbage-first heap   total 262144K, used 16421K [0x0000000080000000, 0x0000000100000000)
  region size 1024K, 11 young (11264K), 11 survivors (11264K)
 Metaspace       used 20595K, capacity 21124K, committed 21248K, reserved 1067008K
  class space    used 2518K, capacity 2722K, committed 2816K, reserved 1048576K
}
Event: 1.576 GC heap before
{Heap before GC invocations=3 (full 0):
 garbage-first heap   total 262144K, used 61477K [0x0000000080000000, 0x0000000100000000)
  region size 1024K, 55 young (56320K), 11 survivors (11264K)
 Metaspace       used 25162K, capacity 25676K, committed 25728K, reserved 1071104K
  class space    used 3270K, capacity 3456K, committed 3456K, reserved 1048576K
}
Event: 1.579 GC heap after
{Heap after GC invocations=4 (full 0):
 garbage-first heap   total 262144K, used 18278K [0x0000000080000000, 0x0000000100000000)
  region size 1024K, 3 young (3072K), 3 survivors (3072K)
 Metaspace       used 25162K, capacity 25676K, committed 25728K, reserved 1071104K
  class space    used 3270K, capacity 3456K, committed 3456K, reserved 1048576K
}
Event: 2.083 GC heap before
{Heap before GC invocations=4 (full 0):
 garbage-first heap   total 262144K, used 84838K [0x0000000080000000, 0x0000000100000000)
  region size 1024K, 70 young (71680K), 3 survivors (3072K)
 Metaspace       used 35048K, capacity 35830K, committed 35840K, reserved 1081344K
  class space    used 4540K, capacity 4864K, committed 4864K, reserved 1048576K
}
Event: 2.088 GC heap after
{Heap after GC invocations=5 (full 0):
 garbage-first heap   total 262144K, used 21727K [0x0000000080000000, 0x0000000100000000)
  region size 1024K, 6 young (6144K), 6 survivors (6144K)
 Metaspace       used 35048K, capacity 35830K, committed 35840K, reserved 1081344K
  class space    used 4540K, capacity 4864K, committed 4864K, reserved 1048576K
}
Event: 2.854 GC heap before
{Heap before GC invocations=6 (full 0):
 garbage-first heap   total 262144K, used 156895K [0x0000000080000000, 0x0000000100000000)
  region size 1024K, 135 young (138240K), 6 survivors (6144K)
 Metaspace       used 45574K, capacity 46715K, committed 47052K, reserved 1089536K
  class space    used 5860K, capacity 6266K, committed 6348K, reserved 1048576K
}
Event: 2.860 GC heap after
{Heap after GC invocations=7 (full 0):
 garbage-first heap   total 262144K, used 28902K [0x0000000080000000, 0x0000000100000000)
  region size 1024K, 13 young (13312K), 13 survivors (13312K)
 Metaspace       used 45574K, capacity 46715K, committed 47052K, reserved 1089536K
  class space    used 5860K, capacity 6266K, committed 6348K, reserved 1048576K
}
Event: 3.810 GC heap before
{Heap before GC invocations=7 (full 0):
 garbage-first heap   total 262144K, used 155878K [0x0000000080000000, 0x0000000100000000)
  region size 1024K, 135 young (138240K), 13 survivors (13312K)
 Metaspace       used 58613K, capacity 60076K, committed 60288K, reserved 1101824K
  class space    used 7454K, capacity 8013K, committed 8140K, reserved 1048576K
}
Event: 3.829 GC heap after
{Heap after GC invocations=8 (full 0):
 garbage-first heap   total 262144K, used 43738K [0x0000000080000000, 0x0000000100000000)
  region size 1024K, 18 young (18432K), 18 survivors (18432K)
 Metaspace       used 58613K, capacity 60076K, committed 60288K, reserved 1101824K
  class space    used 7454K, capacity 8013K, committed 8140K, reserved 1048576K
}
Event: 4.992 GC heap before
{Heap before GC invocations=9 (full 0):
 garbage-first heap   total 262144K, used 181978K [0x0000000080000000, 0x0000000100000000)
  region size 1024K, 153 young (156672K), 18 survivors (18432K)
 Metaspace       used 70485K, capacity 72377K, committed 72576K, reserved 1112064K
  class space    used 9249K, capacity 9924K, committed 9932K, reserved 1048576K
}
Event: 5.002 GC heap after
{Heap after GC invocations=10 (full 0):
 garbage-first heap   total 262144K, used 54208K [0x0000000080000000, 0x0000000100000000)
  region size 1024K, 11 young (11264K), 11 survivors (11264K)
 Metaspace       used 70485K, capacity 72377K, committed 72576K, reserved 1112064K
  class space    used 9249K, capacity 9924K, committed 9932K, reserved 1048576K
}
Event: 16.311 GC heap before
{Heap before GC invocations=10 (full 0):
 garbage-first heap   total 262144K, used 194496K [0x0000000080000000, 0x0000000100000000)
  region size 1024K, 148 young (151552K), 11 survivors (11264K)
 Metaspace       used 80382K, capacity 82492K, committed 82688K, reserved 1120256K
  class space    used 10465K, capacity 11241K, committed 11340K, reserved 1048576K
}

Deoptimization events (20 events):
Event: 16.224 Thread 0x000001c4ad719000 DEOPT PACKING pc=0x000001c49a8fab70 sp=0x000000aeef9fab10
Event: 16.224 Thread 0x000001c4ad719000 DEOPT UNPACKING pc=0x000001c492b078af sp=0x000000aeef9faad0 mode 2
Event: 16.224 Thread 0x000001c4ad719000 Uncommon trap: trap_request=0xffffff4d fr.pc=0x000001c49a724464 relative=0x0000000000000284
Event: 16.224 Thread 0x000001c4ad719000 Uncommon trap: reason=unstable_if action=reinterpret pc=0x000001c49a724464 method=java.util.regex.Matcher.reset()Ljava/util/regex/Matcher; @ 80 c2
Event: 16.224 Thread 0x000001c4ad719000 DEOPT PACKING pc=0x000001c49a724464 sp=0x000000aeef9fab50
Event: 16.224 Thread 0x000001c4ad719000 DEOPT UNPACKING pc=0x000001c492b078af sp=0x000000aeef9faae0 mode 2
Event: 16.253 Thread 0x000001c4ad719000 Uncommon trap: trap_request=0xffffff4d fr.pc=0x000001c49a690840 relative=0x0000000000000980
Event: 16.253 Thread 0x000001c4ad719000 Uncommon trap: reason=unstable_if action=reinterpret pc=0x000001c49a690840 method=java.lang.Integer.stringSize(I)I @ 19 c2
Event: 16.253 Thread 0x000001c4ad719000 DEOPT PACKING pc=0x000001c49a690840 sp=0x000000aeef9fab20
Event: 16.253 Thread 0x000001c4ad719000 DEOPT UNPACKING pc=0x000001c492b078af sp=0x000000aeef9faa68 mode 2
Event: 16.274 Thread 0x000001c4ad1fb000 DEOPT PACKING pc=0x000001c49413be3b sp=0x000000aeefefaab0
Event: 16.274 Thread 0x000001c4ad1fb000 DEOPT UNPACKING pc=0x000001c492b076ce sp=0x000000aeefef9ff0 mode 0
Event: 16.299 Thread 0x000001c4ad1fb000 Uncommon trap: trap_request=0xffffff4d fr.pc=0x000001c49aa4c6a8 relative=0x00000000000022e8
Event: 16.299 Thread 0x000001c4ad1fb000 Uncommon trap: reason=unstable_if action=reinterpret pc=0x000001c49aa4c6a8 method=com.esotericsoftware.kryo.io.Output.writeString(Ljava/lang/String;)V @ 93 c2
Event: 16.299 Thread 0x000001c4ad1fb000 DEOPT PACKING pc=0x000001c49aa4c6a8 sp=0x000000aeefefb580
Event: 16.299 Thread 0x000001c4ad1fb000 DEOPT UNPACKING pc=0x000001c492b078af sp=0x000000aeefefb488 mode 2
Event: 16.307 Thread 0x000001c4ad1fb000 Uncommon trap: trap_request=0xffffff4d fr.pc=0x000001c49aa039a8 relative=0x0000000000001648
Event: 16.307 Thread 0x000001c4ad1fb000 Uncommon trap: reason=unstable_if action=reinterpret pc=0x000001c49aa039a8 method=com.esotericsoftware.kryo.io.Input.readString()Ljava/lang/String; @ 38 c2
Event: 16.307 Thread 0x000001c4ad1fb000 DEOPT PACKING pc=0x000001c49aa039a8 sp=0x000000aeefefa780
Event: 16.307 Thread 0x000001c4ad1fb000 DEOPT UNPACKING pc=0x000001c492b078af sp=0x000000aeefefa768 mode 2

Classes redefined (0 events):
No events

Internal exceptions (20 events):
Event: 11.050 Thread 0x000001c4ac6dc800 Implicit null exception at 0x000001c49a96b374 to 0x000001c49a96ba08
Event: 15.606 Thread 0x000001c4ad1d5800 Exception <a 'sun/nio/fs/WindowsException'{0x000000008d090ca8}> (0x000000008d090ca8) thrown at [./src/hotspot/share/prims/jni.cpp, line 615]
Event: 15.635 Thread 0x000001c4ad1d5800 Exception <a 'java/lang/NoClassDefFoundError'{0x000000008cd3a988}: org/jetbrains/kotlin/gradle/plugin/KotlinBasePluginWrapper> (0x000000008cd3a988) thrown at [./src/hotspot/share/oops/constantPool.cpp, line 775]
Event: 15.648 Thread 0x000001c4ad1d5800 Implicit null exception at 0x000001c49aa2b218 to 0x000001c49aa2c158
Event: 15.713 Thread 0x000001c4ad1d5800 Exception <a 'sun/nio/fs/WindowsException'{0x000000008c4f3b38}> (0x000000008c4f3b38) thrown at [./src/hotspot/share/prims/jni.cpp, line 615]
Event: 15.713 Thread 0x000001c4ad1d5800 Exception <a 'sun/nio/fs/WindowsException'{0x000000008c4f4130}> (0x000000008c4f4130) thrown at [./src/hotspot/share/prims/jni.cpp, line 615]
Event: 15.767 Thread 0x000001c4ad1d5800 Exception <a 'java/lang/NullPointerException'{0x000000008bb76838}> (0x000000008bb76838) thrown at [./src/hotspot/share/interpreter/linkResolver.cpp, line 1440]
Event: 15.870 Thread 0x000001c4ad1d5800 Exception <a 'java/lang/NoSuchMethodError'{0x000000008ade3e70}: 'int java.lang.invoke.DirectMethodHandle$Holder.invokeStatic(java.lang.Object, java.lang.Object, int, java.lang.Object)'> (0x000000008ade3e70) thrown at [./src/hotspot/share/interpreter/linkResolver.cpp, line 773]
Event: 15.870 Thread 0x000001c4ad1d5800 Exception <a 'java/lang/NoSuchMethodError'{0x000000008adead18}: 'java.lang.Object java.lang.invoke.Invokers$Holder.linkToTargetMethod(java.lang.Object, int, java.lang.Object)'> (0x000000008adead18) thrown at [./src/hotspot/share/interpreter/linkResolver.cpp, line 773]
Event: 15.899 Thread 0x000001c4ad1d5800 Exception <a 'sun/nio/fs/WindowsException'{0x000000008ab147a8}> (0x000000008ab147a8) thrown at [./src/hotspot/share/prims/jni.cpp, line 615]
Event: 15.899 Thread 0x000001c4ad1d5800 Exception <a 'sun/nio/fs/WindowsException'{0x000000008ab158a0}> (0x000000008ab158a0) thrown at [./src/hotspot/share/prims/jni.cpp, line 615]
Event: 15.899 Thread 0x000001c4ad1d5800 Exception <a 'sun/nio/fs/WindowsException'{0x000000008ab169d0}> (0x000000008ab169d0) thrown at [./src/hotspot/share/prims/jni.cpp, line 615]
Event: 15.899 Thread 0x000001c4ad1d5800 Exception <a 'sun/nio/fs/WindowsException'{0x000000008ab17b00}> (0x000000008ab17b00) thrown at [./src/hotspot/share/prims/jni.cpp, line 615]
Event: 16.060 Thread 0x000001c4ad1d5800 Exception <a 'java/lang/NoSuchMethodError'{0x0000000089543d78}: 'java.lang.Object java.lang.invoke.Invokers$Holder.linkToTargetMethod(java.lang.Object, int, int, java.lang.Object)'> (0x0000000089543d78) thrown at [./src/hotspot/share/interpreter/linkResolver.cpp, line 773]
Event: 16.171 Thread 0x000001c4b15c7800 Exception <a 'java/lang/NoSuchMethodError'{0x000000008e14aca8}: <clinit>> (0x000000008e14aca8) thrown at [./src/hotspot/share/prims/jni.cpp, line 1362]
Event: 16.199 Thread 0x000001c4ad719000 Exception <a 'java/lang/NoSuchMethodError'{0x00000000883b0fd0}: 'int java.lang.invoke.DirectMethodHandle$Holder.invokeStaticInit(java.lang.Object, java.lang.Object, java.lang.Object, java.lang.Object, java.lang.Object)'> (0x00000000883b0fd0) thrown at [./src/hotspot/share/interpreter/linkResolver.cpp, line 773]
Event: 16.234 Thread 0x000001c4ad719000 Exception <a 'java/lang/NoSuchMethodError'{0x0000000087f00298}: 'void java.lang.invoke.DirectMethodHandle$Holder.invokeStatic(java.lang.Object, java.lang.Object, java.lang.Object, java.lang.Object, java.lang.Object, java.lang.Object, java.lang.Object)'> (0x0000000087f00298) thrown at [./src/hotspot/share/interpreter/linkResolver.cpp, line 773]
Event: 16.248 Thread 0x000001c4ad719000 Exception <a 'sun/nio/fs/WindowsException'{0x0000000087ea6518}> (0x0000000087ea6518) thrown at [./src/hotspot/share/prims/jni.cpp, line 615]
Event: 16.248 Thread 0x000001c4ad719000 Exception <a 'sun/nio/fs/WindowsException'{0x0000000087ea73c0}> (0x0000000087ea73c0) thrown at [./src/hotspot/share/prims/jni.cpp, line 615]
Event: 16.265 Thread 0x000001c4aca18800 Exception <a 'sun/nio/fs/WindowsException'{0x0000000087cabbc8}> (0x0000000087cabbc8) thrown at [./src/hotspot/share/prims/jni.cpp, line 615]

Events (20 events):
Event: 16.302 loading class org/gradle/api/internal/artifacts/ivyservice/modulecache/artifacts/DefaultModuleArtifactsCache$ModuleArtifactsCacheEntrySerializer done
Event: 16.303 loading class org/gradle/api/internal/artifacts/metadata/ComponentArtifactMetadataSerializer
Event: 16.303 loading class org/gradle/api/internal/artifacts/metadata/ComponentArtifactMetadataSerializer done
Event: 16.307 loading class org/gradle/api/internal/artifacts/ivyservice/modulecache/artifacts/AbstractArtifactsCache$ModuleArtifactsCacheEntry
Event: 16.307 loading class org/gradle/api/internal/artifacts/ivyservice/modulecache/artifacts/AbstractArtifactsCache$ModuleArtifactsCacheEntry done
Event: 16.308 loading class org/gradle/api/internal/artifacts/ivyservice/modulecache/artifacts/DefaultCachedArtifacts
Event: 16.308 loading class org/gradle/api/internal/artifacts/ivyservice/modulecache/artifacts/DefaultCachedArtifacts done
Event: 16.308 loading class org/gradle/internal/component/model/IvyArtifactName
Event: 16.308 loading class org/gradle/internal/component/model/IvyArtifactName done
Event: 16.308 loading class org/gradle/internal/component/model/IvyArtifactName
Event: 16.308 loading class org/gradle/internal/component/model/IvyArtifactName done
Event: 16.308 loading class org/gradle/internal/component/model/ConfigurationMetadata
Event: 16.308 loading class org/gradle/internal/component/model/ConfigurationMetadata done
Event: 16.308 loading class org/gradle/api/internal/artifacts/ivyservice/resolveengine/artifact/DefaultArtifactSet$SingleArtifactVariantIdentifier
Event: 16.308 loading class org/gradle/api/internal/artifacts/ivyservice/resolveengine/artifact/DefaultArtifactSet$SingleArtifactVariantIdentifier done
Event: 16.311 loading class org/gradle/api/attributes/CompatibilityCheckDetails
Event: 16.311 loading class org/gradle/api/attributes/CompatibilityCheckDetails done
Event: 16.311 loading class org/gradle/api/internal/artifacts/transform/ConsumerProvidedVariantFinder$AttributeSpecificCache
Event: 16.311 loading class org/gradle/api/internal/artifacts/transform/ConsumerProvidedVariantFinder$AttributeSpecificCache done
Event: 16.311 Executing VM operation: G1CollectForAllocation


Dynamic libraries:
0x00007ff62b540000 - 0x00007ff62b54a000 	F:\Android\Android Studio\jre\bin\java.exe
0x00007ffeb22b0000 - 0x00007ffeb24a5000 	C:\Windows\SYSTEM32\ntdll.dll
0x00007ffeb0580000 - 0x00007ffeb063e000 	C:\Windows\System32\KERNEL32.DLL
0x00007ffeafea0000 - 0x00007ffeb0168000 	C:\Windows\System32\KERNELBASE.dll
0x00007ffeafa20000 - 0x00007ffeafb20000 	C:\Windows\System32\ucrtbase.dll
0x00007ffeaa4d0000 - 0x00007ffeaa4e7000 	F:\Android\Android Studio\jre\bin\VCRUNTIME140.dll
0x00007ffe98ea0000 - 0x00007ffe98eb9000 	F:\Android\Android Studio\jre\bin\jli.dll
0x00007ffeb13c0000 - 0x00007ffeb1561000 	C:\Windows\System32\USER32.dll
0x00007ffe9b5d0000 - 0x00007ffe9b86a000 	C:\Windows\WinSxS\amd64_microsoft.windows.common-controls_6595b64144ccf1df_6.0.19041.1110_none_60b5254171f9507e\COMCTL32.dll
0x00007ffeb0170000 - 0x00007ffeb0192000 	C:\Windows\System32\win32u.dll
0x00007ffeb0b30000 - 0x00007ffeb0bce000 	C:\Windows\System32\msvcrt.dll
0x00007ffeb0b00000 - 0x00007ffeb0b2b000 	C:\Windows\System32\GDI32.dll
0x00007ffeafc00000 - 0x00007ffeafd0b000 	C:\Windows\System32\gdi32full.dll
0x00007ffeafe00000 - 0x00007ffeafe9d000 	C:\Windows\System32\msvcp_win.dll
0x00007ffeb0a20000 - 0x00007ffeb0a50000 	C:\Windows\System32\IMM32.DLL
0x00007ffe7b490000 - 0x00007ffe7b52d000 	F:\Android\Android Studio\jre\bin\msvcp140.dll
0x00007ffe4e9f0000 - 0x00007ffe4f4bf000 	F:\Android\Android Studio\jre\bin\server\jvm.dll
0x00007ffeb04d0000 - 0x00007ffeb057c000 	C:\Windows\System32\ADVAPI32.dll
0x00007ffeb07f0000 - 0x00007ffeb088b000 	C:\Windows\System32\sechost.dll
0x00007ffeb19f0000 - 0x00007ffeb1b1a000 	C:\Windows\System32\RPCRT4.dll
0x00007ffeb0cb0000 - 0x00007ffeb0cb8000 	C:\Windows\System32\PSAPI.DLL
0x00007ffe99280000 - 0x00007ffe99289000 	C:\Windows\SYSTEM32\WSOCK32.dll
0x00007ffea4f10000 - 0x00007ffea4f37000 	C:\Windows\SYSTEM32\WINMM.dll
0x00007ffea9170000 - 0x00007ffea917a000 	C:\Windows\SYSTEM32\VERSION.dll
0x00007ffeb1030000 - 0x00007ffeb109b000 	C:\Windows\System32\WS2_32.dll
0x00007ffeae270000 - 0x00007ffeae282000 	C:\Windows\SYSTEM32\kernel.appcore.dll
0x00007ffeab220000 - 0x00007ffeab231000 	F:\Android\Android Studio\jre\bin\verify.dll
0x00007ffead760000 - 0x00007ffead944000 	C:\Windows\SYSTEM32\DBGHELP.DLL
0x00007ffe9e3c0000 - 0x00007ffe9e3ec000 	C:\Windows\SYSTEM32\dbgcore.DLL
0x00007ffeafd70000 - 0x00007ffeafdf3000 	C:\Windows\System32\bcryptPrimitives.dll
0x00007ffeab1f0000 - 0x00007ffeab219000 	F:\Android\Android Studio\jre\bin\java.dll
0x00007ffeab1e0000 - 0x00007ffeab1eb000 	F:\Android\Android Studio\jre\bin\jimage.dll
0x00007ffeab1c0000 - 0x00007ffeab1d8000 	F:\Android\Android Studio\jre\bin\zip.dll
0x00007ffeb1b20000 - 0x00007ffeb225f000 	C:\Windows\System32\SHELL32.dll
0x00007ffead950000 - 0x00007ffeae0e0000 	C:\Windows\SYSTEM32\windows.storage.dll
0x00007ffeb0cc0000 - 0x00007ffeb1015000 	C:\Windows\System32\combase.dll
0x00007ffeaf3b0000 - 0x00007ffeaf3de000 	C:\Windows\SYSTEM32\Wldp.dll
0x00007ffeb0a50000 - 0x00007ffeb0afd000 	C:\Windows\System32\SHCORE.dll
0x00007ffeb1120000 - 0x00007ffeb1175000 	C:\Windows\System32\shlwapi.dll
0x00007ffeaf910000 - 0x00007ffeaf92f000 	C:\Windows\SYSTEM32\profapi.dll
0x00007ffeab1a0000 - 0x00007ffeab1ba000 	F:\Android\Android Studio\jre\bin\net.dll
0x00007ffea8cc0000 - 0x00007ffea8dcc000 	C:\Windows\SYSTEM32\WINHTTP.dll
0x00007ffeaf0b0000 - 0x00007ffeaf11a000 	C:\Windows\system32\mswsock.dll
0x00007ffeab180000 - 0x00007ffeab194000 	F:\Android\Android Studio\jre\bin\nio.dll
0x00007ffe9bbc0000 - 0x00007ffe9bbe7000 	C:\Users\cedricdev\.gradle\native\8bec1ad78214c89d9ad589b4d07fe93259594b29d510b10fafb7a158f7737e5d\windows-amd64\native-platform.dll
0x00007ffe7ba40000 - 0x00007ffe7bb7d000 	C:\Users\cedricdev\.gradle\native\53dbd7edfb1c66fb8903c78663c9afc45aea4f116125fa6feffd364cf09443e8\windows-amd64\native-platform-file-events.dll
0x00007ffeaa4c0000 - 0x00007ffeaa4ca000 	F:\Android\Android Studio\jre\bin\management.dll
0x00007ffe9bc20000 - 0x00007ffe9bc2c000 	F:\Android\Android Studio\jre\bin\management_ext.dll
0x00007ffeaf2a0000 - 0x00007ffeaf2b8000 	C:\Windows\SYSTEM32\CRYPTSP.dll
0x00007ffeaea30000 - 0x00007ffeaea64000 	C:\Windows\system32\rsaenh.dll
0x00007ffeafb20000 - 0x00007ffeafb47000 	C:\Windows\System32\bcrypt.dll
0x00007ffeaf8d0000 - 0x00007ffeaf8fe000 	C:\Windows\SYSTEM32\USERENV.dll
0x00007ffeaf2c0000 - 0x00007ffeaf2cc000 	C:\Windows\SYSTEM32\CRYPTBASE.dll
0x00007ffeaeda0000 - 0x00007ffeaeddb000 	C:\Windows\SYSTEM32\IPHLPAPI.DLL
0x00007ffeb2260000 - 0x00007ffeb2268000 	C:\Windows\System32\NSI.dll
0x00007ffea9b00000 - 0x00007ffea9b17000 	C:\Windows\SYSTEM32\dhcpcsvc6.DLL
0x00007ffea99c0000 - 0x00007ffea99dd000 	C:\Windows\SYSTEM32\dhcpcsvc.DLL
0x00007ffeaede0000 - 0x00007ffeaeeab000 	C:\Windows\SYSTEM32\DNSAPI.dll

dbghelp: loaded successfully - version: 4.0.5 - missing functions: none
symbol engine: initialized successfully - sym options: 0x614 - pdb path: .;F:\Android\Android Studio\jre\bin;C:\Windows\SYSTEM32;C:\Windows\WinSxS\amd64_microsoft.windows.common-controls_6595b64144ccf1df_6.0.19041.1110_none_60b5254171f9507e;F:\Android\Android Studio\jre\bin\server;C:\Users\cedricdev\.gradle\native\8bec1ad78214c89d9ad589b4d07fe93259594b29d510b10fafb7a158f7737e5d\windows-amd64;C:\Users\cedricdev\.gradle\native\53dbd7edfb1c66fb8903c78663c9afc45aea4f116125fa6feffd364cf09443e8\windows-amd64

VM Arguments:
jvm_args: --add-opens=java.base/java.util=ALL-UNNAMED --add-opens=java.base/java.lang=ALL-UNNAMED --add-opens=java.base/java.lang.invoke=ALL-UNNAMED --add-opens=java.base/java.util=ALL-UNNAMED --add-opens=java.prefs/java.util.prefs=ALL-UNNAMED --add-opens=java.prefs/java.util.prefs=ALL-UNNAMED --add-opens=java.base/java.nio.charset=ALL-UNNAMED --add-opens=java.base/java.net=ALL-UNNAMED --add-opens=java.base/java.util.concurrent.atomic=ALL-UNNAMED -Xmx2048m -Dfile.encoding=UTF-8 -Duser.country=PH -Duser.language=en -Duser.variant 
java_command: org.gradle.launcher.daemon.bootstrap.GradleDaemon 7.0.2
java_class_path (initial): C:\Users\cedricdev\.gradle\wrapper\dists\gradle-7.0.2-bin\857tjihv64xamwrf0h14cai3r\gradle-7.0.2\lib\gradle-launcher-7.0.2.jar
Launcher Type: SUN_STANDARD

[Global flags]
     intx CICompilerCount                          = 4                                         {product} {ergonomic}
     uint ConcGCThreads                            = 3                                         {product} {ergonomic}
     uint G1ConcRefinementThreads                  = 10                                        {product} {ergonomic}
   size_t G1HeapRegionSize                         = 1048576                                   {product} {ergonomic}
    uintx GCDrainStackTargetSize                   = 64                                        {product} {ergonomic}
   size_t InitialHeapSize                          = 268435456                                 {product} {ergonomic}
   size_t MarkStackSize                            = 4194304                                   {product} {ergonomic}
   size_t MaxHeapSize                              = 2147483648                                {product} {command line}
   size_t MaxNewSize                               = 1287651328                                {product} {ergonomic}
   size_t MinHeapDeltaBytes                        = 1048576                                   {product} {ergonomic}
    uintx NonNMethodCodeHeapSize                   = 5836300                                {pd product} {ergonomic}
    uintx NonProfiledCodeHeapSize                  = 122910970                              {pd product} {ergonomic}
    uintx ProfiledCodeHeapSize                     = 122910970                              {pd product} {ergonomic}
    uintx ReservedCodeCacheSize                    = 251658240                              {pd product} {ergonomic}
     bool SegmentedCodeCache                       = true                                      {product} {ergonomic}
     bool UseCompressedClassPointers               = true                                 {lp64_product} {ergonomic}
     bool UseCompressedOops                        = true                                 {lp64_product} {ergonomic}
     bool UseG1GC                                  = true                                      {product} {ergonomic}
     bool UseLargePagesIndividualAllocation        = false                                  {pd product} {ergonomic}

Logging:
Log output configuration:
 #0: stdout all=warning uptime,level,tags
 #1: stderr all=off uptime,level,tags

Environment Variables:
JAVA_HOME=F:\Java\jdk-16.0.1
PATH=C:\Program Files\Common Files\Oracle\Java\javapath;C:\Windows\system32;C:\Windows;C:\Windows\System32\Wbem;C:\Windows\System32\WindowsPowerShell\v1.0\;C:\Windows\System32\OpenSSH\;F:\Java\jdk-16.0.1\bin;F:\nodejs\;C:\Program Files\NVIDIA Corporation\NVIDIA NvDLISR;C:\Program Files (x86)\NVIDIA Corporation\PhysX\Common;C:\Program Files\dotnet\;C:\Program Files\Microsoft SQL Server\130\Tools\Binn\;C:\Program Files\Microsoft SQL Server\Client SDK\ODBC\170\Tools\Binn\;C:\Program Files\MySQL\MySQL Shell 8.0\bin\;C:\Users\cedricdev\AppData\Local\Microsoft\WindowsApps;F:\Microsoft VS Code\bin;C:\Users\cedricdev\AppData\Roaming\npm;F:\nodejs;C:\Users\cedricdev\.dotnet\tools
USERNAME=cedricdev
OS=Windows_NT
PROCESSOR_IDENTIFIER=AMD64 Family 23 Model 113 Stepping 0, AuthenticAMD



---------------  S Y S T E M  ---------------

OS: Windows 10 , 64 bit Build 19041 (10.0.19041.1348)
OS uptime: 0 days 0:27 hours

CPU:total 12 (initial active 12) (12 cores per cpu, 2 threads per core) family 23 model 113 stepping 0 microcode 0x0, cmov, cx8, fxsr, mmx, sse, sse2, sse3, ssse3, sse4.1, sse4.2, popcnt, avx, avx2, aes, clmul, mmxext, 3dnowpref, lzcnt, sse4a, ht, tsc, tscinvbit, tscinv, bmi1, bmi2, adx,

Memory: 4k page, system-wide physical 16315M (8284M free)
TotalPageFile size 24315M (AvailPageFile size 13494M)
current process WorkingSet (physical memory assigned to process): 463M, peak: 463M
current process commit charge ("private bytes"): 546M, peak: 550M

vm_info: OpenJDK 64-Bit Server VM (11.0.10+0-b96-7249189) for windows-amd64 JRE (11.0.10+0-b96-7249189), built on Mar 31 2021 21:44:00 by "builder" with MS VC++ 14.0 (VS2015)

END.
