#
# A fatal error has been detected by the Java Runtime Environment:
#
#  EXCEPTION_ACCESS_VIOLATION (0xc0000005) at pc=0x00007ff997ebf211, pid=11292, tid=4240
#
# JRE version: Java(TM) SE Runtime Environment (16.0.1+9) (build 16.0.1+9-24)
# Java VM: Java HotSpot(TM) 64-Bit Server VM (16.0.1+9-24, mixed mode, sharing, tiered, compressed oops, compressed class ptrs, g1 gc, windows-amd64)
# Problematic frame:
# V  [jvm.dll+0x2ff211]
#
# No core dump will be written. Minidumps are not enabled by default on client versions of Windows
#
# If you would like to submit a bug report, please visit:
#   https://bugreport.java.com/bugreport/crash.jsp
#

---------------  S U M M A R Y ------------

Command Line: --add-opens=java.base/java.util=ALL-UNNAMED --add-opens=java.base/java.lang=ALL-UNNAMED --add-opens=java.base/java.lang.invoke=ALL-UNNAMED --add-opens=java.base/java.util=ALL-UNNAMED --add-opens=java.prefs/java.util.prefs=ALL-UNNAMED --add-opens=java.prefs/java.util.prefs=ALL-UNNAMED --add-opens=java.base/java.nio.charset=ALL-UNNAMED --add-opens=java.base/java.net=ALL-UNNAMED --add-opens=java.base/java.util.concurrent.atomic=ALL-UNNAMED -Xmx2048m -Dfile.encoding=UTF-8 -Duser.country=PH -Duser.language=en -Duser.variant org.gradle.launcher.daemon.bootstrap.GradleDaemon 7.0.2

Host: AMD Ryzen 5 3600 6-Core Processor              , 12 cores, 15G,  Windows 10 , 64 bit Build 19041 (10.0.19041.1348)
Time: Thu Nov 18 21:28:46 2021 China Standard Time elapsed time: 4.128164 seconds (0d 0h 0m 4s)

---------------  T H R E A D  ---------------

Current thread (0x000002384a16f980):  GCTaskThread "GC Thread#2" [stack: 0x0000005087800000,0x0000005087900000] [id=4240]

Stack: [0x0000005087800000,0x0000005087900000],  sp=0x00000050878ff1e0,  free space=1020k
Native frames: (J=compiled Java code, j=interpreted, Vv=VM code, C=native code)
V  [jvm.dll+0x2ff211]
V  [jvm.dll+0x2fbf0e]
V  [jvm.dll+0x30a423]
V  [jvm.dll+0x30c41e]
V  [jvm.dll+0x30aa6d]
V  [jvm.dll+0x30bfdd]
V  [jvm.dll+0x2d7133]
V  [jvm.dll+0x2d8a9b]
V  [jvm.dll+0x7f844b]
V  [jvm.dll+0x779b4a]
V  [jvm.dll+0x667666]
C  [ucrtbase.dll+0x21bb2]
C  [KERNEL32.DLL+0x17034]
C  [ntdll.dll+0x52651]


siginfo: EXCEPTION_ACCESS_VIOLATION (0xc0000005), reading address 0x0000000000040000


Register to memory mapping:

RIP=0x00007ff997ebf211 jvm.dll
RAX=0x000002382a33b480 points into unknown readable memory: 0x0000000000000000 | 00 00 00 00 00 00 00 00
RBX=0x0000000081492759 is pointing into object: [Ljava.util.HashMap$Node; 
{0x0000000081492738} - klass: 'java/util/HashMap$Node'[]
 - length: 16
RCX=0x0 is NULL
RDX=0x0 is NULL
RSP=0x00000050878ff1e0 points into unknown readable memory: 0x0000000083a30100 | 00 01 a3 83 00 00 00 00
RBP=0x00000000000002fe is an unknown value
RSI=0x0000000081492758 is pointing into object: [Ljava.util.HashMap$Node; 
{0x0000000081492738} - klass: 'java/util/HashMap$Node'[]
 - length: 16
RDI=0x000002384f386ff0 points into unknown readable memory: 0x00007ff9984a8918 | 18 89 4a 98 f9 7f 00 00
R8 =0x0000000081492738 is an oop: [Ljava.util.HashMap$Node; 
{0x0000000081492738} - klass: 'java/util/HashMap$Node'[]
 - length: 16
R9 =0x0000000000000010 is an unknown value
R10=0x0000000000040000 is an unknown value
R11=0x0000000000000001 is an unknown value
R12=0x00000050878ff490 points into unknown readable memory: 0x00007ff9984a9ac0 | c0 9a 4a 98 f9 7f 00 00
R13=0x000002382a2fda60 points into unknown readable memory: 0x0000000000000800 | 00 08 00 00 00 00 00 00
R14=0x0000000000000040 is an unknown value
R15=0x0 is NULL


Registers:
RAX=0x000002382a33b480, RBX=0x0000000081492759, RCX=0x0000000000000000, RDX=0x0000000000000000
RSP=0x00000050878ff1e0, RBP=0x00000000000002fe, RSI=0x0000000081492758, RDI=0x000002384f386ff0
R8 =0x0000000081492738, R9 =0x0000000000000010, R10=0x0000000000040000, R11=0x0000000000000001
R12=0x00000050878ff490, R13=0x000002382a2fda60, R14=0x0000000000000040, R15=0x0000000000000000
RIP=0x00007ff997ebf211, EFLAGS=0x0000000000010246

Top of Stack: (sp=0x00000050878ff1e0)
0x00000050878ff1e0:   0000000083a30100 0000000000000001
0x00000050878ff1f0:   000002382a310001 0000000000000009
0x00000050878ff200:   00000050878ff280 0000000000000000
0x00000050878ff210:   0000000000000200 00007ff997ec9a95
0x00000050878ff220:   00000000fffc6918 00000238417cfe00
0x00000050878ff230:   0000000000000008 0000000000000200
0x00000050878ff240:   00000050878ff490 00000000fffc3a00
0x00000050878ff250:   000002384f386ff0 00007ff997ebbf0e
0x00000050878ff260:   0000000000000000 00000050878ff490
0x00000050878ff270:   00000238417c0000 0000000000000008
0x00000050878ff280:   00000000026ed51d 0000000000000000
0x00000050878ff290:   00000050878ff490 00000000fffc3a00
0x00000050878ff2a0:   00000000fffc4a00 00007ff997eca423
0x00000050878ff2b0:   00000000fffc3a00 00000050878ff2d0
0x00000050878ff2c0:   00000050878ff2e0 000002382a33e3b0
0x00000050878ff2d0:   00000000fffc3a00 0000000000000200 

Instructions: (pc=0x00007ff997ebf211)
0x00007ff997ebf111:   0b fd ff ff 66 66 66 0f 1f 84 00 00 00 00 00 48
0x00007ff997ebf121:   8b 77 10 8b ae 80 00 00 00 8b cd 8b 86 00 01 00
0x00007ff997ebf131:   00 2b c8 81 e1 ff ff 01 00 41 3b ce 0f 86 16 03
0x00007ff997ebf141:   00 00 ff cd 81 e5 ff ff 01 00 89 ae 80 00 00 00
0x00007ff997ebf151:   e8 aa aa 35 00 8b 86 00 01 00 00 8b cd 48 8b 9e
0x00007ff997ebf161:   80 01 00 00 2b c8 81 e1 ff ff 01 00 8b d5 81 f9
0x00007ff997ebf171:   ff ff 01 00 48 8b 1c eb 41 0f 44 cf 85 c9 75 41
0x00007ff997ebf181:   48 8b 86 00 01 00 00 48 8b c8 48 89 44 24 28 48
0x00007ff997ebf191:   c1 e9 20 ff c1 89 6c 24 20 89 4c 24 24 3b e8 0f
0x00007ff997ebf1a1:   85 a1 02 00 00 48 c1 e1 20 48 0b ca f0 48 0f b1
0x00007ff997ebf1b1:   8e 00 01 00 00 0f 85 8b 02 00 00 8b 86 00 01 00
0x00007ff997ebf1c1:   00 f6 c3 01 0f 84 44 01 00 00 8b 0d 67 1e 77 00
0x00007ff997ebf1d1:   48 8d 73 ff 48 8b 47 08 44 8b 16 49 d3 e2 4c 03
0x00007ff997ebf1e1:   15 4a 1e 77 00 8b 88 78 05 00 00 49 8b d2 48 8b
0x00007ff997ebf1f1:   80 68 05 00 00 48 d3 ea 0f b7 0c 50 66 89 8c 24
0x00007ff997ebf201:   90 00 00 00 66 c1 e9 08 84 c9 0f 88 0f ff ff ff
0x00007ff997ebf211:   4d 8b 02 41 0f b6 c0 24 03 3c 03 75 1e 44 38 3d
0x00007ff997ebf221:   3d 87 7d 00 74 0f 41 0f b6 c0 24 07 3c 05 75 05
0x00007ff997ebf231:   4d 8b c7 eb 1f 49 83 e0 fc eb 19 0f b7 94 24 90
0x00007ff997ebf241:   00 00 00 4d 8b c8 4d 8b c2 48 8b cf e8 7e ee ff
0x00007ff997ebf251:   ff 4c 8b c0 8b 0d dd 1d 77 00 49 8b d0 48 2b 15
0x00007ff997ebf261:   cb 1d 77 00 48 d3 ea 89 16 49 8b d0 8b 0d 1d 90
0x00007ff997ebf271:   7d 00 48 33 d6 48 d3 ea 48 85 d2 0f 84 9e fe ff
0x00007ff997ebf281:   ff 48 8b 47 08 48 8b d6 8b 88 c0 01 00 00 48 8b
0x00007ff997ebf291:   80 b0 01 00 00 48 d3 ea 48 8b 0c d0 8b 81 cc 00
0x00007ff997ebf2a1:   00 00 d1 e8 a8 01 0f 85 73 fe ff ff 48 8b 47 08
0x00007ff997ebf2b1:   8b 88 78 05 00 00 48 8b 80 68 05 00 00 49 d3 e8
0x00007ff997ebf2c1:   46 38 3c 40 0f 84 55 fe ff ff 48 8b 87 80 00 00
0x00007ff997ebf2d1:   00 48 c1 ee 09 48 8b 58 48 48 8b 50 40 48 03 de
0x00007ff997ebf2e1:   48 2b da 48 39 9f d0 01 00 00 0f 84 2f fe ff ff
0x00007ff997ebf2f1:   44 38 7f 28 48 8d 4f 18 74 08 48 03 d3 e8 3d be
0x00007ff997ebf301:   3a 00 48 89 9f d0 01 00 00 e9 11 fe ff ff f6 c3 


Stack slot to memory mapping:
stack at sp + 0 slots: 0x0000000083a30100 is an oop: java.lang.String 
{0x0000000083a30100} - klass: 'java/lang/String'
stack at sp + 1 slots: 0x0000000000000001 is an unknown value
stack at sp + 2 slots: 0x000002382a310001 points into unknown readable memory: b1 ab 31 38 02 00 00
stack at sp + 3 slots: 0x0000000000000009 is an unknown value
stack at sp + 4 slots: 0x00000050878ff280 points into unknown readable memory: 0x00000000026ed51d | 1d d5 6e 02 00 00 00 00
stack at sp + 5 slots: 0x0 is NULL
stack at sp + 6 slots: 0x0000000000000200 is an unknown value
stack at sp + 7 slots: 0x00007ff997ec9a95 jvm.dll


---------------  P R O C E S S  ---------------

Threads class SMR info:
_java_thread_list=0x000002384fc02bc0, length=38, elements={
0x000002382a2fe360, 0x0000023848830510, 0x0000023848835300, 0x0000023848842a60,
0x00000238488446e0, 0x0000023848847000, 0x0000023848848920, 0x000002384884d540,
0x0000023848856770, 0x00000238488590d0, 0x000002384950b9c0, 0x000002384950bee0,
0x000002384aa94300, 0x000002384aa93860, 0x000002384aa92dc0, 0x000002384aa93310,
0x000002384aa94850, 0x000002384aa91dd0, 0x000002384aa93db0, 0x000002384aa92870,
0x000002384aa91880, 0x000002384aa92320, 0x000002384aa94da0, 0x000002384b465070,
0x000002384b464080, 0x000002384b463b30, 0x000002384b465b10, 0x000002384b4645d0,
0x000002384b4655c0, 0x000002384b464b20, 0x000002384b466060, 0x000002384b4635e0,
0x000002384b4665b0, 0x000002384b463090, 0x000002384a2eb460, 0x000002384c8a3ad0,
0x000002384a2ecaa0, 0x000002384c8a5560
}

Java Threads: ( => current thread )
  0x000002382a2fe360 JavaThread "main" [_thread_blocked, id=16816, stack(0x0000005086200000,0x0000005086300000)]
  0x0000023848830510 JavaThread "Reference Handler" daemon [_thread_blocked, id=2884, stack(0x0000005086900000,0x0000005086a00000)]
  0x0000023848835300 JavaThread "Finalizer" daemon [_thread_blocked, id=16952, stack(0x0000005086a00000,0x0000005086b00000)]
  0x0000023848842a60 JavaThread "Signal Dispatcher" daemon [_thread_blocked, id=6156, stack(0x0000005086b00000,0x0000005086c00000)]
  0x00000238488446e0 JavaThread "Attach Listener" daemon [_thread_blocked, id=32, stack(0x0000005086c00000,0x0000005086d00000)]
  0x0000023848847000 JavaThread "Service Thread" daemon [_thread_blocked, id=1924, stack(0x0000005086d00000,0x0000005086e00000)]
  0x0000023848848920 JavaThread "Monitor Deflation Thread" daemon [_thread_blocked, id=13664, stack(0x0000005086e00000,0x0000005086f00000)]
  0x000002384884d540 JavaThread "C2 CompilerThread0" daemon [_thread_blocked, id=1648, stack(0x0000005086f00000,0x0000005087000000)]
  0x0000023848856770 JavaThread "C1 CompilerThread0" daemon [_thread_blocked, id=13452, stack(0x0000005087000000,0x0000005087100000)]
  0x00000238488590d0 JavaThread "Sweeper thread" daemon [_thread_blocked, id=2636, stack(0x0000005087100000,0x0000005087200000)]
  0x000002384950b9c0 JavaThread "Common-Cleaner" daemon [_thread_blocked, id=5400, stack(0x0000005087200000,0x0000005087300000)]
  0x000002384950bee0 JavaThread "Notification Thread" daemon [_thread_blocked, id=16932, stack(0x0000005087300000,0x0000005087400000)]
  0x000002384aa94300 JavaThread "Daemon health stats" [_thread_blocked, id=9376, stack(0x0000005087500000,0x0000005087600000)]
  0x000002384aa93860 JavaThread "Incoming local TCP Connector on port 49371" [_thread_in_native, id=1432, stack(0x0000005087600000,0x0000005087700000)]
  0x000002384aa92dc0 JavaThread "Daemon periodic checks" [_thread_blocked, id=3260, stack(0x0000005087c00000,0x0000005087d00000)]
  0x000002384aa93310 JavaThread "Daemon" [_thread_blocked, id=304, stack(0x0000005087e00000,0x0000005087f00000)]
  0x000002384aa94850 JavaThread "Handler for socket connection from /127.0.0.1:49371 to /127.0.0.1:49372" [_thread_in_native, id=17104, stack(0x0000005087f00000,0x0000005088000000)]
  0x000002384aa91dd0 JavaThread "Cancel handler" [_thread_blocked, id=5924, stack(0x0000005088000000,0x0000005088100000)]
  0x000002384aa93db0 JavaThread "Daemon worker" [_thread_blocked, id=6676, stack(0x0000005088100000,0x0000005088200000)]
  0x000002384aa92870 JavaThread "Asynchronous log dispatcher for DefaultDaemonConnection: socket connection from /127.0.0.1:49371 to /127.0.0.1:49372" [_thread_blocked, id=17372, stack(0x0000005088200000,0x0000005088300000)]
  0x000002384aa91880 JavaThread "Stdin handler" [_thread_blocked, id=1332, stack(0x0000005088300000,0x0000005088400000)]
  0x000002384aa92320 JavaThread "Daemon client event forwarder" [_thread_blocked, id=5004, stack(0x0000005088400000,0x0000005088500000)]
  0x000002384aa94da0 JavaThread "Cache worker for file hash cache (C:\Users\cedricdev\.gradle\caches\7.0.2\fileHashes)" [_thread_blocked, id=1940, stack(0x0000005088500000,0x0000005088600000)]
  0x000002384b465070 JavaThread "File lock request listener" [_thread_in_native, id=2036, stack(0x0000005088600000,0x0000005088700000)]
  0x000002384b464080 JavaThread "Cache worker for journal cache (C:\Users\cedricdev\.gradle\caches\journal-1)" [_thread_blocked, id=16620, stack(0x0000005088700000,0x0000005088800000)]
  0x000002384b463b30 JavaThread "Cache worker for file hash cache (F:\AndroidStudioProjects\AftermathProj\.gradle\7.0.2\fileHashes)" [_thread_blocked, id=15072, stack(0x0000005088900000,0x0000005088a00000)]
  0x000002384b465b10 JavaThread "File watcher server" daemon [_thread_in_native, id=4256, stack(0x0000005088a00000,0x0000005088b00000)]
  0x000002384b4645d0 JavaThread "File watcher consumer" daemon [_thread_blocked, id=12224, stack(0x0000005088b00000,0x0000005088c00000)]
  0x000002384b4655c0 JavaThread "Cache worker for checksums cache (F:\AndroidStudioProjects\AftermathProj\.gradle\checksums)" [_thread_blocked, id=16184, stack(0x0000005088c00000,0x0000005088d00000)]
  0x000002384b464b20 JavaThread "Cache worker for cache directory md-supplier (C:\Users\cedricdev\.gradle\caches\7.0.2\md-supplier)" [_thread_blocked, id=9100, stack(0x0000005088d00000,0x0000005088e00000)]
  0x000002384b466060 JavaThread "Cache worker for cache directory md-rule (C:\Users\cedricdev\.gradle\caches\7.0.2\md-rule)" [_thread_blocked, id=3028, stack(0x0000005088e00000,0x0000005088f00000)]
  0x000002384b4635e0 JavaThread "Cache worker for execution history cache (C:\Users\cedricdev\.gradle\caches\7.0.2\executionHistory)" [_thread_blocked, id=3200, stack(0x0000005088f00000,0x0000005089000000)]
  0x000002384b4665b0 JavaThread "jar transforms" [_thread_blocked, id=1412, stack(0x0000005087d00000,0x0000005087e00000)]
  0x000002384b463090 JavaThread "jar transforms Thread 2" [_thread_blocked, id=9596, stack(0x0000005088800000,0x0000005088900000)]
  0x000002384a2eb460 JavaThread "C2 CompilerThread1" daemon [_thread_blocked, id=5284, stack(0x0000005089600000,0x0000005089700000)]
  0x000002384c8a3ad0 JavaThread "Cache worker for file content cache (C:\Users\cedricdev\.gradle\caches\7.0.2\fileContent)" [_thread_blocked, id=13700, stack(0x0000005089700000,0x0000005089800000)]
  0x000002384a2ecaa0 JavaThread "C2 CompilerThread2" daemon [_thread_blocked, id=15424, stack(0x0000005089800000,0x0000005089900000)]
  0x000002384c8a5560 JavaThread "Cache worker for dependencies-accessors (F:\AndroidStudioProjects\AftermathProj\.gradle\7.0.2\dependencies-accessors)" [_thread_blocked, id=11436, stack(0x0000005089900000,0x0000005089a00000)]

Other Threads:
  0x000002384882a9b0 VMThread "VM Thread" [stack: 0x0000005086800000,0x0000005086900000] [id=5560]
  0x0000023849510450 WatcherThread [stack: 0x0000005087400000,0x0000005087500000] [id=9256]
  0x000002382a33dd70 GCTaskThread "GC Thread#0" [stack: 0x0000005086300000,0x0000005086400000] [id=9052]
  0x000002384a16f150 GCTaskThread "GC Thread#1" [stack: 0x0000005087700000,0x0000005087800000] [id=6824]
=>0x000002384a16f980 GCTaskThread "GC Thread#2" [stack: 0x0000005087800000,0x0000005087900000] [id=4240]
  0x000002384a16fc90 GCTaskThread "GC Thread#3" [stack: 0x0000005087900000,0x0000005087a00000] [id=11212]
  0x000002384a303570 GCTaskThread "GC Thread#4" [stack: 0x0000005087a00000,0x0000005087b00000] [id=14560]
  0x000002384a304020 GCTaskThread "GC Thread#5" [stack: 0x0000005087b00000,0x0000005087c00000] [id=8924]
  0x000002384ad72ad0 GCTaskThread "GC Thread#6" [stack: 0x0000005089000000,0x0000005089100000] [id=11384]
  0x000002384ad73400 GCTaskThread "GC Thread#7" [stack: 0x0000005089100000,0x0000005089200000] [id=8800]
  0x000002384ad73d30 GCTaskThread "GC Thread#8" [stack: 0x0000005089200000,0x0000005089300000] [id=9508]
  0x000002384ad73710 GCTaskThread "GC Thread#9" [stack: 0x0000005089300000,0x0000005089400000] [id=2380]
  0x000002382a350de0 ConcurrentGCThread "G1 Main Marker" [stack: 0x0000005086400000,0x0000005086500000] [id=15504]
  0x000002382a351f80 ConcurrentGCThread "G1 Conc#0" [stack: 0x0000005086500000,0x0000005086600000] [id=13576]
  0x000002384ad73a20 ConcurrentGCThread "G1 Conc#1" [stack: 0x0000005089400000,0x0000005089500000] [id=1084]
  0x000002384ad724b0 ConcurrentGCThread "G1 Conc#2" [stack: 0x0000005089500000,0x0000005089600000] [id=15160]
  0x000002382a3dc000 ConcurrentGCThread "G1 Refine#0" [stack: 0x0000005086600000,0x0000005086700000] [id=7004]
  0x000002382a3dca10 ConcurrentGCThread "G1 Service" [stack: 0x0000005086700000,0x0000005086800000] [id=11124]

Threads with active compile tasks:
C2 CompilerThread0     4152 3617       4       org.objectweb.asm.Frame::execute (2318 bytes)
C2 CompilerThread1     4152 3467       4       org.codehaus.groovy.reflection.CachedMethod::compareTo (25 bytes)
C2 CompilerThread2     4153 3646       4       sun.security.provider.SHA::implCompress0 (482 bytes)

VM state: at safepoint (normal execution)

VM Mutex/Monitor currently owned by a thread:  ([mutex/lock_event])
[0x000002382a2fa5f0] Threads_lock - owner thread: 0x000002384882a9b0
[0x000002382a2fa290] Heap_lock - owner thread: 0x000002384aa93db0

Heap address: 0x0000000080000000, size: 2048 MB, Compressed Oops mode: 32-bit

CDS archive(s) mapped at: [0x0000000800000000-0x0000000800bb0000-0x0000000800bb0000), size 12255232, SharedBaseAddress: 0x0000000800000000, ArchiveRelocationMode: 0.
Compressed class space mapped at: 0x0000000800c00000-0x0000000840c00000, reserved size: 1073741824
Narrow klass base: 0x0000000800000000, Narrow klass shift: 3, Narrow klass range: 0x100000000

GC Precious Log:
 CPUs: 12 total, 12 available
 Memory: 16315M
 Large Page Support: Disabled
 NUMA Support: Disabled
 Compressed Oops: Enabled (32-bit)
 Heap Region Size: 1M
 Heap Min Capacity: 8M
 Heap Initial Capacity: 256M
 Heap Max Capacity: 2G
 Pre-touch: Disabled
 Parallel Workers: 10
 Concurrent Workers: 3
 Concurrent Refinement Workers: 10
 Periodic GC: Disabled

Heap:
 garbage-first heap   total 80896K, used 61522K [0x0000000080000000, 0x0000000100000000)
  region size 1024K, 37 young (37888K), 4 survivors (4096K)
 Metaspace       used 31192K, committed 31616K, reserved 1081344K
  class space    used 4281K, committed 4480K, reserved 1048576K

Heap Regions: E=young(eden), S=young(survivor), O=old, HS=humongous(starts), HC=humongous(continues), CS=collection set, F=free, OA=open archive, CA=closed archive, TAMS=top-at-mark-start (previous, next)
|   0|0x0000000080000000, 0x0000000080100000, 0x0000000080100000|100%| O|  |TAMS 0x0000000080000000, 0x0000000080000000| Untracked 
|   1|0x0000000080100000, 0x0000000080200000, 0x0000000080200000|100%| O|  |TAMS 0x0000000080200000, 0x0000000080100000| Untracked 
|   2|0x0000000080200000, 0x0000000080300000, 0x0000000080300000|100%| O|  |TAMS 0x0000000080300000, 0x0000000080200000| Untracked 
|   3|0x0000000080300000, 0x0000000080400000, 0x0000000080400000|100%|HS|  |TAMS 0x0000000080400000, 0x0000000080300000| Complete 
|   4|0x0000000080400000, 0x0000000080500000, 0x0000000080500000|100%|HC|  |TAMS 0x0000000080500000, 0x0000000080400000| Complete 
|   5|0x0000000080500000, 0x0000000080600000, 0x0000000080600000|100%|HC|  |TAMS 0x0000000080600000, 0x0000000080500000| Complete 
|   6|0x0000000080600000, 0x0000000080700000, 0x0000000080700000|100%| O|  |TAMS 0x0000000080700000, 0x0000000080600000| Untracked 
|   7|0x0000000080700000, 0x0000000080800000, 0x0000000080800000|100%| O|  |TAMS 0x0000000080800000, 0x0000000080700000| Untracked 
|   8|0x0000000080800000, 0x0000000080900000, 0x0000000080900000|100%| O|  |TAMS 0x0000000080900000, 0x0000000080800000| Untracked 
|   9|0x0000000080900000, 0x00000000809ea000, 0x0000000080a00000| 91%| O|  |TAMS 0x00000000809ea000, 0x0000000080900000| Untracked 
|  10|0x0000000080a00000, 0x0000000080b00000, 0x0000000080b00000|100%| O|  |TAMS 0x0000000080a00000, 0x0000000080a00000| Untracked 
|  11|0x0000000080b00000, 0x0000000080c00000, 0x0000000080c00000|100%| O|  |TAMS 0x0000000080b00000, 0x0000000080b00000| Untracked 
|  12|0x0000000080c00000, 0x0000000080d00000, 0x0000000080d00000|100%| O|  |TAMS 0x0000000080c00000, 0x0000000080c00000| Untracked 
|  13|0x0000000080d00000, 0x0000000080e00000, 0x0000000080e00000|100%| O|  |TAMS 0x0000000080d00000, 0x0000000080d00000| Untracked 
|  14|0x0000000080e00000, 0x0000000080f00000, 0x0000000080f00000|100%| E|CS|TAMS 0x0000000080e00000, 0x0000000080e00000| Complete 
|  15|0x0000000080f00000, 0x0000000081000000, 0x0000000081000000|100%| E|CS|TAMS 0x0000000080f00000, 0x0000000080f00000| Complete 
|  16|0x0000000081000000, 0x0000000081100000, 0x0000000081100000|100%|HS|  |TAMS 0x0000000081000000, 0x0000000081000000| Complete 
|  17|0x0000000081100000, 0x0000000081200000, 0x0000000081200000|100%|HS|  |TAMS 0x0000000081100000, 0x0000000081100000| Complete 
|  18|0x0000000081200000, 0x0000000081300000, 0x0000000081300000|100%|HC|  |TAMS 0x0000000081200000, 0x0000000081200000| Complete 
|  19|0x0000000081300000, 0x0000000081400000, 0x0000000081400000|100%| O|  |TAMS 0x0000000081300000, 0x0000000081300000| Untracked 
|  20|0x0000000081400000, 0x0000000081500000, 0x0000000081500000|100%| O|  |TAMS 0x0000000081400000, 0x0000000081400000| Untracked 
|  21|0x0000000081500000, 0x0000000081600000, 0x0000000081600000|100%| O|  |TAMS 0x0000000081500000, 0x0000000081500000| Untracked 
|  22|0x0000000081600000, 0x000000008169bd90, 0x0000000081700000| 60%| O|  |TAMS 0x0000000081600000, 0x0000000081600000| Untracked 
|  23|0x0000000081700000, 0x0000000081700000, 0x0000000081800000|  0%| F|  |TAMS 0x0000000081700000, 0x0000000081700000| Untracked 
|  24|0x0000000081800000, 0x0000000081800000, 0x0000000081900000|  0%| F|  |TAMS 0x0000000081800000, 0x0000000081800000| Untracked 
|  25|0x0000000081900000, 0x0000000081900000, 0x0000000081a00000|  0%| F|  |TAMS 0x0000000081900000, 0x0000000081900000| Untracked 
|  26|0x0000000081a00000, 0x0000000081a00000, 0x0000000081b00000|  0%| F|  |TAMS 0x0000000081a00000, 0x0000000081a00000| Untracked 
|  27|0x0000000081b00000, 0x0000000081b00000, 0x0000000081c00000|  0%| F|  |TAMS 0x0000000081b00000, 0x0000000081b00000| Untracked 
|  28|0x0000000081c00000, 0x0000000081c00000, 0x0000000081d00000|  0%| F|  |TAMS 0x0000000081c00000, 0x0000000081c00000| Untracked 
|  29|0x0000000081d00000, 0x0000000081d00000, 0x0000000081e00000|  0%| F|  |TAMS 0x0000000081d00000, 0x0000000081d00000| Untracked 
|  30|0x0000000081e00000, 0x0000000081e00000, 0x0000000081f00000|  0%| F|  |TAMS 0x0000000081e00000, 0x0000000081e00000| Untracked 
|  31|0x0000000081f00000, 0x0000000081f00000, 0x0000000082000000|  0%| F|  |TAMS 0x0000000081f00000, 0x0000000081f00000| Untracked 
|  32|0x0000000082000000, 0x0000000082000000, 0x0000000082100000|  0%| F|  |TAMS 0x0000000082000000, 0x0000000082000000| Untracked 
|  33|0x0000000082100000, 0x0000000082142708, 0x0000000082200000| 25%| S|  |TAMS 0x0000000082100000, 0x0000000082100000| Complete 
|  34|0x0000000082200000, 0x0000000082300000, 0x0000000082300000|100%| S|  |TAMS 0x0000000082200000, 0x0000000082200000| Complete 
|  35|0x0000000082300000, 0x0000000082400000, 0x0000000082400000|100%| S|  |TAMS 0x0000000082300000, 0x0000000082300000| Complete 
|  36|0x0000000082400000, 0x0000000082500000, 0x0000000082500000|100%| S|  |TAMS 0x0000000082400000, 0x0000000082400000| Complete 
|  37|0x0000000082500000, 0x0000000082600000, 0x0000000082600000|100%| E|CS|TAMS 0x0000000082500000, 0x0000000082500000| Complete 
|  38|0x0000000082600000, 0x0000000082700000, 0x0000000082700000|100%| E|CS|TAMS 0x0000000082600000, 0x0000000082600000| Complete 
|  39|0x0000000082700000, 0x0000000082800000, 0x0000000082800000|100%| E|CS|TAMS 0x0000000082700000, 0x0000000082700000| Complete 
|  40|0x0000000082800000, 0x0000000082900000, 0x0000000082900000|100%| E|CS|TAMS 0x0000000082800000, 0x0000000082800000| Complete 
|  41|0x0000000082900000, 0x0000000082a00000, 0x0000000082a00000|100%| E|CS|TAMS 0x0000000082900000, 0x0000000082900000| Complete 
|  42|0x0000000082a00000, 0x0000000082b00000, 0x0000000082b00000|100%| E|CS|TAMS 0x0000000082a00000, 0x0000000082a00000| Complete 
|  43|0x0000000082b00000, 0x0000000082c00000, 0x0000000082c00000|100%| E|CS|TAMS 0x0000000082b00000, 0x0000000082b00000| Complete 
|  44|0x0000000082c00000, 0x0000000082d00000, 0x0000000082d00000|100%| E|CS|TAMS 0x0000000082c00000, 0x0000000082c00000| Complete 
|  45|0x0000000082d00000, 0x0000000082e00000, 0x0000000082e00000|100%| E|CS|TAMS 0x0000000082d00000, 0x0000000082d00000| Complete 
|  46|0x0000000082e00000, 0x0000000082f00000, 0x0000000082f00000|100%| E|CS|TAMS 0x0000000082e00000, 0x0000000082e00000| Complete 
|  47|0x0000000082f00000, 0x0000000083000000, 0x0000000083000000|100%| E|CS|TAMS 0x0000000082f00000, 0x0000000082f00000| Complete 
|  48|0x0000000083000000, 0x0000000083100000, 0x0000000083100000|100%| E|CS|TAMS 0x0000000083000000, 0x0000000083000000| Complete 
|  49|0x0000000083100000, 0x0000000083200000, 0x0000000083200000|100%| E|CS|TAMS 0x0000000083100000, 0x0000000083100000| Complete 
|  50|0x0000000083200000, 0x0000000083300000, 0x0000000083300000|100%| E|CS|TAMS 0x0000000083200000, 0x0000000083200000| Complete 
|  51|0x0000000083300000, 0x0000000083400000, 0x0000000083400000|100%| E|CS|TAMS 0x0000000083300000, 0x0000000083300000| Complete 
|  52|0x0000000083400000, 0x0000000083500000, 0x0000000083500000|100%| E|CS|TAMS 0x0000000083400000, 0x0000000083400000| Complete 
|  53|0x0000000083500000, 0x0000000083600000, 0x0000000083600000|100%| E|CS|TAMS 0x0000000083500000, 0x0000000083500000| Complete 
|  54|0x0000000083600000, 0x0000000083700000, 0x0000000083700000|100%| E|CS|TAMS 0x0000000083600000, 0x0000000083600000| Complete 
|  55|0x0000000083700000, 0x0000000083800000, 0x0000000083800000|100%| E|CS|TAMS 0x0000000083700000, 0x0000000083700000| Complete 
|  56|0x0000000083800000, 0x0000000083900000, 0x0000000083900000|100%| E|CS|TAMS 0x0000000083800000, 0x0000000083800000| Complete 
|  57|0x0000000083900000, 0x0000000083a00000, 0x0000000083a00000|100%| E|CS|TAMS 0x0000000083900000, 0x0000000083900000| Complete 
|  58|0x0000000083a00000, 0x0000000083b00000, 0x0000000083b00000|100%| E|CS|TAMS 0x0000000083a00000, 0x0000000083a00000| Complete 
|  59|0x0000000083b00000, 0x0000000083c00000, 0x0000000083c00000|100%| E|CS|TAMS 0x0000000083b00000, 0x0000000083b00000| Complete 
|  60|0x0000000083c00000, 0x0000000083cfb788, 0x0000000083d00000| 98%| E|CS|TAMS 0x0000000083c00000, 0x0000000083c00000| Complete 
| 137|0x0000000088900000, 0x0000000088a00000, 0x0000000088a00000|100%| E|CS|TAMS 0x0000000088900000, 0x0000000088900000| Complete 
| 138|0x0000000088a00000, 0x0000000088b00000, 0x0000000088b00000|100%| E|CS|TAMS 0x0000000088a00000, 0x0000000088a00000| Complete 
| 139|0x0000000088b00000, 0x0000000088c00000, 0x0000000088c00000|100%| E|CS|TAMS 0x0000000088b00000, 0x0000000088b00000| Complete 
| 140|0x0000000088c00000, 0x0000000088d00000, 0x0000000088d00000|100%| E|CS|TAMS 0x0000000088c00000, 0x0000000088c00000| Complete 
| 141|0x0000000088d00000, 0x0000000088e00000, 0x0000000088e00000|100%| E|CS|TAMS 0x0000000088d00000, 0x0000000088d00000| Complete 
| 142|0x0000000088e00000, 0x0000000088f00000, 0x0000000088f00000|100%| E|CS|TAMS 0x0000000088e00000, 0x0000000088e00000| Complete 
| 143|0x0000000088f00000, 0x0000000089000000, 0x0000000089000000|100%| E|CS|TAMS 0x0000000088f00000, 0x0000000088f00000| Complete 
| 144|0x0000000089000000, 0x0000000089100000, 0x0000000089100000|100%| E|CS|TAMS 0x0000000089000000, 0x0000000089000000| Complete 
| 145|0x0000000089100000, 0x0000000089200000, 0x0000000089200000|100%| E|CS|TAMS 0x0000000089100000, 0x0000000089100000| Complete 
| 146|0x0000000089200000, 0x0000000089300000, 0x0000000089300000|100%| E|CS|TAMS 0x0000000089200000, 0x0000000089200000| Complete 
| 147|0x0000000089300000, 0x0000000089400000, 0x0000000089400000|100%| E|CS|TAMS 0x0000000089300000, 0x0000000089300000| Complete 
| 255|0x000000008ff00000, 0x0000000090000000, 0x0000000090000000|100%| E|CS|TAMS 0x000000008ff00000, 0x000000008ff00000| Complete 
|2042|0x00000000ffa00000, 0x00000000ffb00000, 0x00000000ffb00000|100%| O|  |TAMS 0x00000000ffa00000, 0x00000000ffa00000| Untracked 
|2043|0x00000000ffb00000, 0x00000000ffc00000, 0x00000000ffc00000|100%| O|  |TAMS 0x00000000ffb00000, 0x00000000ffb00000| Untracked 
|2044|0x00000000ffc00000, 0x00000000ffd00000, 0x00000000ffd00000|100%| O|  |TAMS 0x00000000ffc00000, 0x00000000ffc00000| Untracked 
|2045|0x00000000ffd00000, 0x00000000ffe00000, 0x00000000ffe00000|100%| O|  |TAMS 0x00000000ffd00000, 0x00000000ffd00000| Untracked 
|2046|0x00000000ffe00000, 0x00000000fff00000, 0x00000000fff00000|100%| O|  |TAMS 0x00000000ffe00000, 0x00000000ffe00000| Untracked 
|2047|0x00000000fff00000, 0x0000000100000000, 0x0000000100000000|100%| O|  |TAMS 0x00000000fff00000, 0x00000000fff00000| Untracked 

Card table byte_map: [0x00000238413d0000,0x00000238417d0000] _byte_map_base: 0x0000023840fd0000

Marking Bits (Prev, Next): (CMBitMap*) 0x000002382a33e3b0, (CMBitMap*) 0x000002382a33e370
 Prev Bits: [0x0000023843bd0000, 0x0000023845bd0000)
 Next Bits: [0x0000023841bd0000, 0x0000023843bd0000)

Polling page: 0x0000023828310000

Metaspace:

Usage:
  Non-class:     26.28 MB used.
      Class:      4.18 MB used.
       Both:     30.46 MB used.

Virtual space:
  Non-class space:       32.00 MB reserved,      26.50 MB ( 83%) committed,  4 nodes.
      Class space:        1.00 GB reserved,       4.38 MB ( <1%) committed,  1 nodes.
              Both:        1.03 GB reserved,      30.88 MB (  3%) committed. 

Chunk freelists:
   Non-Class:  1.17 MB
       Class:  3.66 MB
        Both:  4.83 MB

MaxMetaspaceSize: 17179869184.00 GB
CompressedClassSpaceSize: 1.00 GB
 - commit_granule_bytes: 65536.
 - commit_granule_words: 8192.
 - virtual_space_node_default_size: 1048576.
 - enlarge_chunks_in_place: 1.
 - new_chunks_are_fully_committed: 0.
 - uncommit_free_chunks: 1.
 - use_allocation_guard: 0.
 - handle_deallocations: 1.


Internal statistics:

num_allocs_failed_limit: 3.
num_arena_births: 316.
num_arena_deaths: 0.
num_vsnodes_births: 5.
num_vsnodes_deaths: 0.
num_space_committed: 494.
num_space_uncommitted: 0.
num_chunks_returned_to_freelist: 3.
num_chunks_taken_from_freelist: 1375.
num_chunk_merges: 3.
num_chunk_splits: 938.
num_chunks_enlarged: 681.
num_purges: 0.

CodeHeap 'non-profiled nmethods': size=120000Kb used=2080Kb max_used=2080Kb free=117919Kb
 bounds [0x0000023839550000, 0x00000238397c0000, 0x0000023840a80000]
CodeHeap 'profiled nmethods': size=120000Kb used=7383Kb max_used=7383Kb free=112616Kb
 bounds [0x0000023832020000, 0x0000023832760000, 0x0000023839550000]
CodeHeap 'non-nmethods': size=5760Kb used=2297Kb max_used=2347Kb free=3462Kb
 bounds [0x0000023831a80000, 0x0000023831cf0000, 0x0000023832020000]
 total_blobs=4433 nmethods=3636 adapters=709
 compilation: enabled
              stopped_count=0, restarted_count=0
 full_count=0

Compilation events (20 events):
Event: 4.072 Thread 0x0000023848856770 nmethod 3635 0x0000023832742f90 code [0x0000023832743160, 0x00000238327433e8]
Event: 4.072 Thread 0x0000023848856770 3636       3       jdk.internal.reflect.ReflectionFactory::newConstructorAccessor (165 bytes)
Event: 4.073 Thread 0x0000023848856770 nmethod 3636 0x0000023832743510 code [0x00000238327438c0, 0x0000023832745248]
Event: 4.075 Thread 0x0000023848856770 3637       3       java.lang.invoke.InnerClassLambdaMetafactory::<init> (249 bytes)
Event: 4.075 Thread 0x000002384a2ecaa0 3643       4       jdk.internal.reflect.UTF8::utf8Length (81 bytes)
Event: 4.076 Thread 0x0000023848856770 nmethod 3637 0x0000023832745a90 code [0x0000023832745f60, 0x0000023832748638]
Event: 4.076 Thread 0x0000023848856770 3647   !   3       java.lang.ClassLoader::loadClass (122 bytes)
Event: 4.076 Thread 0x000002384a2ecaa0 nmethod 3643 0x0000023839757d90 code [0x0000023839757f20, 0x00000238397580c8]
Event: 4.076 Thread 0x000002384a2ecaa0 3646       4       sun.security.provider.SHA::implCompress0 (482 bytes)
Event: 4.077 Thread 0x0000023848856770 nmethod 3647 0x0000023832749390 code [0x0000023832749640, 0x000002383274a368]
Event: 4.077 Thread 0x0000023848856770 3638       3       java.lang.invoke.AbstractValidatingLambdaMetafactory::<init> (529 bytes)
Event: 4.080 Thread 0x0000023848856770 nmethod 3638 0x000002383274aa10 code [0x000002383274b360, 0x0000023832750e48]
Event: 4.080 Thread 0x0000023848856770 3639   !   3       java.lang.invoke.MethodHandles$Lookup::revealDirect (196 bytes)
Event: 4.081 Thread 0x0000023848856770 nmethod 3639 0x0000023832752a90 code [0x0000023832752de0, 0x00000238327541e8]
Event: 4.081 Thread 0x0000023848856770 3640       3       java.lang.invoke.InfoFromMemberName::<init> (72 bytes)
Event: 4.081 Thread 0x0000023848856770 nmethod 3640 0x0000023832754910 code [0x0000023832754ac0, 0x0000023832754c98]
Event: 4.081 Thread 0x0000023848856770 3641       3       java.lang.invoke.InnerClassLambdaMetafactory::lambdaClassName (57 bytes)
Event: 4.081 Thread 0x0000023848856770 nmethod 3641 0x0000023832754d90 code [0x0000023832755020, 0x0000023832755848]
Event: 4.081 Thread 0x0000023848856770 3642       3       java.lang.invoke.InfoFromMemberName::getModifiers (8 bytes)
Event: 4.081 Thread 0x0000023848856770 nmethod 3642 0x0000023832755b90 code [0x0000023832755d40, 0x0000023832755eb8]

GC Heap History (9 events):
Event: 0.387 GC heap before
{Heap before GC invocations=0 (full 0):
 garbage-first heap   total 262144K, used 28672K [0x0000000080000000, 0x0000000100000000)
  region size 1024K, 23 young (23552K), 0 survivors (0K)
 Metaspace       used 3158K, committed 3328K, reserved 1056768K
  class space    used 387K, committed 448K, reserved 1048576K
}
Event: 0.390 GC heap after
{Heap after GC invocations=1 (full 0):
 garbage-first heap   total 262144K, used 9024K [0x0000000080000000, 0x0000000100000000)
  region size 1024K, 3 young (3072K), 3 survivors (3072K)
 Metaspace       used 3158K, committed 3328K, reserved 1056768K
  class space    used 387K, committed 448K, reserved 1048576K
}
Event: 0.612 GC heap before
{Heap before GC invocations=1 (full 0):
 garbage-first heap   total 262144K, used 37696K [0x0000000080000000, 0x0000000100000000)
  region size 1024K, 31 young (31744K), 3 survivors (3072K)
 Metaspace       used 4062K, committed 4224K, reserved 1056768K
  class space    used 482K, committed 576K, reserved 1048576K
}
Event: 0.614 GC heap after
{Heap after GC invocations=2 (full 0):
 garbage-first heap   total 262144K, used 11467K [0x0000000080000000, 0x0000000100000000)
  region size 1024K, 2 young (2048K), 2 survivors (2048K)
 Metaspace       used 4062K, committed 4224K, reserved 1056768K
  class space    used 482K, committed 576K, reserved 1048576K
}
Event: 2.036 GC heap before
{Heap before GC invocations=2 (full 0):
 garbage-first heap   total 262144K, used 118987K [0x0000000080000000, 0x0000000100000000)
  region size 1024K, 108 young (110592K), 2 survivors (2048K)
 Metaspace       used 20931K, committed 21248K, reserved 1073152K
  class space    used 3099K, committed 3264K, reserved 1048576K
}
Event: 2.041 GC heap after
{Heap after GC invocations=3 (full 0):
 garbage-first heap   total 262144K, used 20041K [0x0000000080000000, 0x0000000100000000)
  region size 1024K, 11 young (11264K), 11 survivors (11264K)
 Metaspace       used 20931K, committed 21248K, reserved 1073152K
  class space    used 3099K, committed 3264K, reserved 1048576K
}
Event: 3.815 GC heap before
{Heap before GC invocations=4 (full 0):
 garbage-first heap   total 71680K, used 63049K [0x0000000080000000, 0x0000000100000000)
  region size 1024K, 54 young (55296K), 11 survivors (11264K)
 Metaspace       used 27543K, committed 27840K, reserved 1073152K
  class space    used 3841K, committed 3968K, reserved 1048576K
}
Event: 3.821 GC heap after
{Heap after GC invocations=5 (full 0):
 garbage-first heap   total 80896K, used 24658K [0x0000000080000000, 0x0000000100000000)
  region size 1024K, 5 young (5120K), 5 survivors (5120K)
 Metaspace       used 27543K, committed 27840K, reserved 1073152K
  class space    used 3841K, committed 3968K, reserved 1048576K
}
Event: 4.082 GC heap before
{Heap before GC invocations=5 (full 0):
 garbage-first heap   total 80896K, used 60498K [0x0000000080000000, 0x0000000100000000)
  region size 1024K, 38 young (38912K), 5 survivors (5120K)
 Metaspace       used 31192K, committed 31616K, reserved 1081344K
  class space    used 4281K, committed 4480K, reserved 1048576K
}

Deoptimization events (20 events):
Event: 3.971 Thread 0x000002384aa93db0 Uncommon trap: trap_request=0xffffff45 fr.pc=0x00000238396d44a8 relative=0x0000000000000868
Event: 3.971 Thread 0x000002384aa93db0 Uncommon trap: reason=unstable_if action=reinterpret pc=0x00000238396d44a8 method=java.util.WeakHashMap.matchesKey(Ljava/util/WeakHashMap$Entry;Ljava/lang/Object;)Z @ 5 c2
Event: 3.971 Thread 0x000002384aa93db0 DEOPT PACKING pc=0x00000238396d44a8 sp=0x00000050881f4ba0
Event: 3.971 Thread 0x000002384aa93db0 DEOPT UNPACKING pc=0x0000023831acd72e sp=0x00000050881f4b08 mode 2
Event: 3.978 Thread 0x000002384aa93db0 DEOPT PACKING pc=0x00000238323a6da1 sp=0x00000050881f0cb0
Event: 3.978 Thread 0x000002384aa93db0 DEOPT UNPACKING pc=0x0000023831acdece sp=0x00000050881f01c0 mode 0
Event: 4.005 Thread 0x000002384aa93db0 Uncommon trap: trap_request=0xffffff45 fr.pc=0x00000238396bbab0 relative=0x0000000000000110
Event: 4.005 Thread 0x000002384aa93db0 Uncommon trap: reason=unstable_if action=reinterpret pc=0x00000238396bbab0 method=java.util.Arrays.hashCode([Ljava/lang/Object;)I @ 34 c2
Event: 4.005 Thread 0x000002384aa93db0 DEOPT PACKING pc=0x00000238396bbab0 sp=0x00000050881f9270
Event: 4.005 Thread 0x000002384aa93db0 DEOPT UNPACKING pc=0x0000023831acd72e sp=0x00000050881f91e8 mode 2
Event: 4.005 Thread 0x000002384aa93db0 Uncommon trap: trap_request=0xffffffde fr.pc=0x000002383964d9a0 relative=0x00000000000004c0
Event: 4.005 Thread 0x000002384aa93db0 Uncommon trap: reason=class_check action=maybe_recompile pc=0x000002383964d9a0 method=java.util.Collections$SetFromMap.remove(Ljava/lang/Object;)Z @ 5 c2
Event: 4.005 Thread 0x000002384aa93db0 DEOPT PACKING pc=0x000002383964d9a0 sp=0x00000050881fa950
Event: 4.005 Thread 0x000002384aa93db0 DEOPT UNPACKING pc=0x0000023831acd72e sp=0x00000050881fa938 mode 2
Event: 4.005 Thread 0x000002384aa93db0 Uncommon trap: trap_request=0xffffffde fr.pc=0x000002383964d9a0 relative=0x00000000000004c0
Event: 4.005 Thread 0x000002384aa93db0 Uncommon trap: reason=class_check action=maybe_recompile pc=0x000002383964d9a0 method=java.util.Collections$SetFromMap.remove(Ljava/lang/Object;)Z @ 5 c2
Event: 4.005 Thread 0x000002384aa93db0 DEOPT PACKING pc=0x000002383964d9a0 sp=0x00000050881fa8d0
Event: 4.005 Thread 0x000002384aa93db0 DEOPT UNPACKING pc=0x0000023831acd72e sp=0x00000050881fa8b8 mode 2
Event: 4.075 Thread 0x000002384aa92320 DEOPT PACKING pc=0x00000238323030ac sp=0x00000050884fe2f0
Event: 4.075 Thread 0x000002384aa92320 DEOPT UNPACKING pc=0x0000023831acdece sp=0x00000050884fd768 mode 0

Classes unloaded (0 events):
No events

Classes redefined (0 events):
No events

Internal exceptions (20 events):
Event: 3.968 Thread 0x000002384aa93db0 Exception <a 'java/lang/ClassNotFoundException'{0x00000000832f25b0}: org/gradle/api/internal/artifacts/DefaultArtifactRepositoryContainerBeanInfo> (0x00000000832f25b0) 
thrown [t:\workspace\open\src\hotspot\share\classfile\systemDictionary.cpp, line 256]
Event: 3.968 Thread 0x000002384aa93db0 Exception <a 'java/lang/ClassNotFoundException'{0x0000000083106398}: org/gradle/api/internal/DefaultNamedDomainObjectListBeanInfo> (0x0000000083106398) 
thrown [t:\workspace\open\src\hotspot\share\classfile\systemDictionary.cpp, line 256]
Event: 3.968 Thread 0x000002384aa93db0 Exception <a 'java/lang/ClassNotFoundException'{0x000000008311a4c0}: org/gradle/api/internal/DefaultNamedDomainObjectCollectionBeanInfo> (0x000000008311a4c0) 
thrown [t:\workspace\open\src\hotspot\share\classfile\systemDictionary.cpp, line 256]
Event: 3.969 Thread 0x000002384aa93db0 Exception <a 'java/lang/ClassNotFoundException'{0x000000008312edc8}: org/gradle/api/internal/DefaultDomainObjectCollectionBeanInfo> (0x000000008312edc8) 
thrown [t:\workspace\open\src\hotspot\share\classfile\systemDictionary.cpp, line 256]
Event: 3.969 Thread 0x000002384aa93db0 Exception <a 'java/lang/ClassNotFoundException'{0x0000000083134f60}: java/util/AbstractCollectionBeanInfo> (0x0000000083134f60) 
thrown [t:\workspace\open\src\hotspot\share\classfile\systemDictionary.cpp, line 256]
Event: 3.969 Thread 0x000002384aa93db0 Exception <a 'java/lang/ClassNotFoundException'{0x000000008313b640}: java/util/AbstractCollectionCustomizer> (0x000000008313b640) 
thrown [t:\workspace\open\src\hotspot\share\classfile\systemDictionary.cpp, line 256]
Event: 3.970 Thread 0x000002384aa93db0 Exception <a 'java/lang/ClassNotFoundException'{0x0000000083158808}: org/gradle/api/internal/DefaultDomainObjectCollectionCustomizer> (0x0000000083158808) 
thrown [t:\workspace\open\src\hotspot\share\classfile\systemDictionary.cpp, line 256]
Event: 3.971 Thread 0x000002384aa93db0 Exception <a 'java/lang/ClassNotFoundException'{0x0000000083189b68}: org/gradle/api/internal/DefaultNamedDomainObjectCollectionCustomizer> (0x0000000083189b68) 
thrown [t:\workspace\open\src\hotspot\share\classfile\systemDictionary.cpp, line 256]
Event: 3.973 Thread 0x000002384aa93db0 Exception <a 'java/lang/ClassNotFoundException'{0x00000000831c8808}: org/gradle/api/internal/DefaultNamedDomainObjectListCustomizer> (0x00000000831c8808) 
thrown [t:\workspace\open\src\hotspot\share\classfile\systemDictionary.cpp, line 256]
Event: 3.973 Thread 0x000002384aa93db0 Exception <a 'java/lang/ClassNotFoundException'{0x00000000831f90b8}: org/gradle/api/internal/artifacts/DefaultArtifactRepositoryContainerCustomizer> (0x00000000831f90b8) 
thrown [t:\workspace\open\src\hotspot\share\classfile\systemDictionary.cpp, line 256]
Event: 3.974 Thread 0x000002384aa93db0 Exception <a 'java/lang/ClassNotFoundException'{0x00000000830224c0}: org/gradle/api/internal/artifacts/dsl/DefaultRepositoryHandlerCustomizer> (0x00000000830224c0) 
thrown [t:\workspace\open\src\hotspot\share\classfile\systemDictionary.cpp, line 256]
Event: 3.975 Thread 0x000002384aa93db0 Exception <a 'java/lang/ClassNotFoundException'{0x0000000083058bc8}: org/gradle/api/internal/artifacts/dsl/DefaultRepositoryHandler_DecoratedCustomizer> (0x0000000083058bc8) 
thrown [t:\workspace\open\src\hotspot\share\classfile\systemDictionary.cpp, line 256]
Event: 4.003 Thread 0x000002384aa93db0 Exception <a 'java/lang/ClassNotFoundException'{0x0000000082dfc2a0}: org/gradle/initialization/DefaultProjectDescriptorBeanInfo> (0x0000000082dfc2a0) 
thrown [t:\workspace\open\src\hotspot\share\classfile\systemDictionary.cpp, line 256]
Event: 4.003 Thread 0x000002384aa93db0 Exception <a 'java/lang/ClassNotFoundException'{0x0000000082c0b228}: org/gradle/initialization/DefaultProjectDescriptorCustomizer> (0x0000000082c0b228) 
thrown [t:\workspace\open\src\hotspot\share\classfile\systemDictionary.cpp, line 256]
Event: 4.005 Thread 0x000002384aa93db0 Implicit null exception at 0x00000238396bb9ec to 0x00000238396bba94
Event: 4.075 Thread 0x000002384aa92320 Exception <a 'java/lang/NoSuchMethodError'{0x000000008256eb28}: static Lorg/gradle/internal/build/event/types/DefaultOperationStartedProgressEvent;.<clinit>()V> (0x000000008256eb28) 
thrown [t:\workspace\open\src\hotspot\share\prims\jni.cpp, line 1210]
Event: 4.075 Thread 0x000002384aa92320 Exception <a 'java/lang/NoSuchMethodError'{0x0000000082570168}: static Lorg/gradle/internal/build/event/types/AbstractProgressEvent;.<clinit>()V> (0x0000000082570168) 
thrown [t:\workspace\open\src\hotspot\share\prims\jni.cpp, line 1210]
Event: 4.076 Thread 0x000002384aa92320 Exception <a 'java/lang/NoSuchMethodError'{0x000000008257e4d8}: static Lorg/gradle/internal/build/event/types/DefaultProjectConfigurationDescriptor;.<clinit>()V> (0x000000008257e4d8) 
thrown [t:\workspace\open\src\hotspot\share\prims\jni.cpp, line 1210]
Event: 4.076 Thread 0x000002384aa92320 Exception <a 'java/lang/NoSuchMethodError'{0x0000000082580380}: static Lorg/gradle/internal/build/event/types/DefaultOperationDescriptor;.<clinit>()V> (0x0000000082580380) 
thrown [t:\workspace\open\src\hotspot\share\prims\jni.cpp, line 1210]
Event: 4.077 Thread 0x000002384aa92320 Exception <a 'java/lang/NoSuchMethodError'{0x0000000082590090}: static Lorg/gradle/internal/operations/OperationIdentifier;.<clinit>()V> (0x0000000082590090) 
thrown [t:\workspace\open\src\hotspot\share\prims\jni.cpp, line 1210]

Events (20 events):
Event: 4.005 loading class jdk/internal/math/FDBigInteger
Event: 4.005 loading class jdk/internal/math/FDBigInteger done
Event: 4.017 Thread 0x000002384c8a5560 Thread added: 0x000002384c8a5560
Event: 4.043 loading class java/nio/file/AtomicMoveNotSupportedException
Event: 4.043 loading class java/nio/file/AtomicMoveNotSupportedException done
Event: 4.050 loading class java/io/FileWriter
Event: 4.050 loading class java/io/FileWriter done
Event: 4.050 Executing  VM operation: HandshakeAllThreads
Event: 4.050 Executing  VM operation: HandshakeAllThreads done
Event: 4.069 loading class java/util/ArrayList$ListItr
Event: 4.069 loading class java/util/ArrayList$ListItr done
Event: 4.069 Executing  VM operation: HandshakeAllThreads
Event: 4.070 Executing  VM operation: HandshakeAllThreads done
Event: 4.074 loading class java/io/ObjectOutputStream$BlockDataOutputStream
Event: 4.074 loading class java/io/ObjectOutputStream$BlockDataOutputStream done
Event: 4.074 loading class java/io/ObjectOutputStream$HandleTable
Event: 4.074 loading class java/io/ObjectOutputStream$HandleTable done
Event: 4.075 loading class java/io/ObjectOutputStream$ReplaceTable
Event: 4.075 loading class java/io/ObjectOutputStream$ReplaceTable done
Event: 4.081 Executing  VM operation: G1CollectForAllocation


Dynamic libraries:
0x00007ff6a1820000 - 0x00007ff6a1830000 	F:\Java\jdk-16.0.1\bin\java.exe
0x00007ff9fd270000 - 0x00007ff9fd465000 	C:\Windows\SYSTEM32\ntdll.dll
0x00007ff9fc9d0000 - 0x00007ff9fca8e000 	C:\Windows\System32\KERNEL32.DLL
0x00007ff9fade0000 - 0x00007ff9fb0a8000 	C:\Windows\System32\KERNELBASE.dll
0x00007ff9fb0b0000 - 0x00007ff9fb1b0000 	C:\Windows\System32\ucrtbase.dll
0x00007ff9f4ea0000 - 0x00007ff9f4eb8000 	F:\Java\jdk-16.0.1\bin\jli.dll
0x00007ff9fce10000 - 0x00007ff9fcebc000 	C:\Windows\System32\ADVAPI32.dll
0x00007ff9e5610000 - 0x00007ff9e5629000 	F:\Java\jdk-16.0.1\bin\VCRUNTIME140.dll
0x00007ff9fcca0000 - 0x00007ff9fcd3e000 	C:\Windows\System32\msvcrt.dll
0x00007ff9fcb00000 - 0x00007ff9fcb9b000 	C:\Windows\System32\sechost.dll
0x00007ff9fd0a0000 - 0x00007ff9fd1ca000 	C:\Windows\System32\RPCRT4.dll
0x00007ff9fbd70000 - 0x00007ff9fbf11000 	C:\Windows\System32\USER32.dll
0x00007ff9f9d90000 - 0x00007ff9fa02a000 	C:\Windows\WinSxS\amd64_microsoft.windows.common-controls_6595b64144ccf1df_6.0.19041.1110_none_60b5254171f9507e\COMCTL32.dll
0x00007ff9fb1e0000 - 0x00007ff9fb202000 	C:\Windows\System32\win32u.dll
0x00007ff9fd070000 - 0x00007ff9fd09b000 	C:\Windows\System32\GDI32.dll
0x00007ff9faac0000 - 0x00007ff9fabcb000 	C:\Windows\System32\gdi32full.dll
0x00007ff9f74f0000 - 0x00007ff9f74fa000 	C:\Windows\SYSTEM32\VERSION.dll
0x00007ff9faa20000 - 0x00007ff9faabd000 	C:\Windows\System32\msvcp_win.dll
0x00007ff9fb3e0000 - 0x00007ff9fb410000 	C:\Windows\System32\IMM32.DLL
0x00007ff9f7850000 - 0x00007ff9f785c000 	F:\Java\jdk-16.0.1\bin\vcruntime140_1.dll
0x00007ff9e2e30000 - 0x00007ff9e2ec1000 	F:\Java\jdk-16.0.1\bin\msvcp140.dll
0x00007ff997bc0000 - 0x00007ff99876b000 	F:\Java\jdk-16.0.1\bin\server\jvm.dll
0x00007ff9fb870000 - 0x00007ff9fb878000 	C:\Windows\System32\PSAPI.DLL
0x00007ff9e3560000 - 0x00007ff9e3569000 	C:\Windows\SYSTEM32\WSOCK32.dll
0x00007ff9f0b90000 - 0x00007ff9f0bb7000 	C:\Windows\SYSTEM32\WINMM.dll
0x00007ff9fca90000 - 0x00007ff9fcafb000 	C:\Windows\System32\WS2_32.dll
0x00007ff9f8440000 - 0x00007ff9f8452000 	C:\Windows\SYSTEM32\kernel.appcore.dll
0x00007ff9f5940000 - 0x00007ff9f594a000 	F:\Java\jdk-16.0.1\bin\jimage.dll
0x00007ff9fa210000 - 0x00007ff9fa3f4000 	C:\Windows\SYSTEM32\DBGHELP.DLL
0x00007ff9fa160000 - 0x00007ff9fa18c000 	C:\Windows\SYSTEM32\dbgcore.DLL
0x00007ff9fa990000 - 0x00007ff9faa13000 	C:\Windows\System32\bcryptPrimitives.dll
0x00007ff9e5550000 - 0x00007ff9e5575000 	F:\Java\jdk-16.0.1\bin\java.dll
0x00007ff9fc290000 - 0x00007ff9fc9cf000 	C:\Windows\System32\SHELL32.dll
0x00007ff9f8460000 - 0x00007ff9f8bf0000 	C:\Windows\SYSTEM32\windows.storage.dll
0x00007ff9fb510000 - 0x00007ff9fb865000 	C:\Windows\System32\combase.dll
0x00007ff9f9c90000 - 0x00007ff9f9cbe000 	C:\Windows\SYSTEM32\Wldp.dll
0x00007ff9fbf20000 - 0x00007ff9fbfcd000 	C:\Windows\System32\SHCORE.dll
0x00007ff9fbd10000 - 0x00007ff9fbd65000 	C:\Windows\System32\shlwapi.dll
0x00007ff9fa8d0000 - 0x00007ff9fa8ef000 	C:\Windows\SYSTEM32\profapi.dll
0x00007ff9e2e10000 - 0x00007ff9e2e29000 	F:\Java\jdk-16.0.1\bin\net.dll
0x00007ff9edfe0000 - 0x00007ff9ee0ec000 	C:\Windows\SYSTEM32\WINHTTP.dll
0x00007ff9f99f0000 - 0x00007ff9f9a5a000 	C:\Windows\system32\mswsock.dll
0x00007ff9e2df0000 - 0x00007ff9e2e03000 	F:\Java\jdk-16.0.1\bin\nio.dll
0x00007ff9e2dd0000 - 0x00007ff9e2de8000 	F:\Java\jdk-16.0.1\bin\zip.dll
0x00007ff9f58f0000 - 0x00007ff9f5900000 	F:\Java\jdk-16.0.1\bin\verify.dll
0x00007ff99e370000 - 0x00007ff99e397000 	C:\Users\cedricdev\.gradle\native\8bec1ad78214c89d9ad589b4d07fe93259594b29d510b10fafb7a158f7737e5d\windows-amd64\native-platform.dll
0x00007ff99af50000 - 0x00007ff99b08d000 	C:\Users\cedricdev\.gradle\native\53dbd7edfb1c66fb8903c78663c9afc45aea4f116125fa6feffd364cf09443e8\windows-amd64\native-platform-file-events.dll
0x00007ff9e2d80000 - 0x00007ff9e2d89000 	F:\Java\jdk-16.0.1\bin\management.dll
0x00007ff9e2bd0000 - 0x00007ff9e2bdb000 	F:\Java\jdk-16.0.1\bin\management_ext.dll
0x00007ff9fa710000 - 0x00007ff9fa728000 	C:\Windows\SYSTEM32\CRYPTSP.dll
0x00007ff9f9390000 - 0x00007ff9f93c4000 	C:\Windows\system32\rsaenh.dll
0x00007ff9fb1b0000 - 0x00007ff9fb1d7000 	C:\Windows\System32\bcrypt.dll
0x00007ff9fa850000 - 0x00007ff9fa87e000 	C:\Windows\SYSTEM32\USERENV.dll
0x00007ff9f9c80000 - 0x00007ff9f9c8c000 	C:\Windows\SYSTEM32\CRYPTBASE.dll
0x00007ff9f96e0000 - 0x00007ff9f971b000 	C:\Windows\SYSTEM32\IPHLPAPI.DLL
0x00007ff9fbd00000 - 0x00007ff9fbd08000 	C:\Windows\System32\NSI.dll
0x00007ff9f3ab0000 - 0x00007ff9f3ac7000 	C:\Windows\SYSTEM32\dhcpcsvc6.DLL
0x00007ff9f3a90000 - 0x00007ff9f3aad000 	C:\Windows\SYSTEM32\dhcpcsvc.DLL
0x00007ff9f9720000 - 0x00007ff9f97eb000 	C:\Windows\SYSTEM32\DNSAPI.dll
0x00007ff9e2ae0000 - 0x00007ff9e2aee000 	F:\Java\jdk-16.0.1\bin\sunmscapi.dll
0x00007ff9fabd0000 - 0x00007ff9fad26000 	C:\Windows\System32\CRYPT32.dll
0x00007ff9f9d60000 - 0x00007ff9f9d87000 	C:\Windows\SYSTEM32\ncrypt.dll
0x00007ff9f9cc0000 - 0x00007ff9f9cfb000 	C:\Windows\SYSTEM32\NTASN1.dll
0x00007ff9dcd50000 - 0x00007ff9dcd57000 	C:\Windows\system32\wshunix.dll

dbghelp: loaded successfully - version: 4.0.5 - missing functions: none
symbol engine: initialized successfully - sym options: 0x614 - pdb path: .;F:\Java\jdk-16.0.1\bin;C:\Windows\SYSTEM32;C:\Windows\WinSxS\amd64_microsoft.windows.common-controls_6595b64144ccf1df_6.0.19041.1110_none_60b5254171f9507e;F:\Java\jdk-16.0.1\bin\server;C:\Users\cedricdev\.gradle\native\8bec1ad78214c89d9ad589b4d07fe93259594b29d510b10fafb7a158f7737e5d\windows-amd64;C:\Users\cedricdev\.gradle\native\53dbd7edfb1c66fb8903c78663c9afc45aea4f116125fa6feffd364cf09443e8\windows-amd64

VM Arguments:
jvm_args: --add-opens=java.base/java.util=ALL-UNNAMED --add-opens=java.base/java.lang=ALL-UNNAMED --add-opens=java.base/java.lang.invoke=ALL-UNNAMED --add-opens=java.base/java.util=ALL-UNNAMED --add-opens=java.prefs/java.util.prefs=ALL-UNNAMED --add-opens=java.prefs/java.util.prefs=ALL-UNNAMED --add-opens=java.base/java.nio.charset=ALL-UNNAMED --add-opens=java.base/java.net=ALL-UNNAMED --add-opens=java.base/java.util.concurrent.atomic=ALL-UNNAMED -Xmx2048m -Dfile.encoding=UTF-8 -Duser.country=PH -Duser.language=en -Duser.variant 
java_command: org.gradle.launcher.daemon.bootstrap.GradleDaemon 7.0.2
java_class_path (initial): C:\Users\cedricdev\.gradle\wrapper\dists\gradle-7.0.2-bin\857tjihv64xamwrf0h14cai3r\gradle-7.0.2\lib\gradle-launcher-7.0.2.jar
Launcher Type: SUN_STANDARD

[Global flags]
     intx CICompilerCount                          = 4                                         {product} {ergonomic}
     uint ConcGCThreads                            = 3                                         {product} {ergonomic}
     uint G1ConcRefinementThreads                  = 10                                        {product} {ergonomic}
   size_t G1HeapRegionSize                         = 1048576                                   {product} {ergonomic}
    uintx GCDrainStackTargetSize                   = 64                                        {product} {ergonomic}
   size_t InitialHeapSize                          = 268435456                                 {product} {ergonomic}
   size_t MarkStackSize                            = 4194304                                   {product} {ergonomic}
   size_t MaxHeapSize                              = 2147483648                                {product} {command line}
   size_t MaxNewSize                               = 1287651328                                {product} {ergonomic}
   size_t MinHeapDeltaBytes                        = 1048576                                   {product} {ergonomic}
   size_t MinHeapSize                              = 8388608                                   {product} {ergonomic}
    uintx NonNMethodCodeHeapSize                   = 5839372                                {pd product} {ergonomic}
    uintx NonProfiledCodeHeapSize                  = 122909434                              {pd product} {ergonomic}
    uintx ProfiledCodeHeapSize                     = 122909434                              {pd product} {ergonomic}
    uintx ReservedCodeCacheSize                    = 251658240                              {pd product} {ergonomic}
     bool SegmentedCodeCache                       = true                                      {product} {ergonomic}
   size_t SoftMaxHeapSize                          = 2147483648                             {manageable} {ergonomic}
     bool UseCompressedClassPointers               = true                           {product lp64_product} {ergonomic}
     bool UseCompressedOops                        = true                           {product lp64_product} {ergonomic}
     bool UseG1GC                                  = true                                      {product} {ergonomic}
     bool UseLargePagesIndividualAllocation        = false                                  {pd product} {ergonomic}

Logging:
Log output configuration:
 #0: stdout all=warning uptime,level,tags
 #1: stderr all=off uptime,level,tags

Environment Variables:
JAVA_HOME=F:\Java\jdk-16.0.1
PATH=C:\Program Files\Common Files\Oracle\Java\javapath;C:\Windows\system32;C:\Windows;C:\Windows\System32\Wbem;C:\Windows\System32\WindowsPowerShell\v1.0\;C:\Windows\System32\OpenSSH\;F:\Java\jdk-16.0.1\bin;F:\nodejs\;C:\Program Files\NVIDIA Corporation\NVIDIA NvDLISR;C:\Program Files (x86)\NVIDIA Corporation\PhysX\Common;C:\Program Files\dotnet\;C:\Program Files\Microsoft SQL Server\130\Tools\Binn\;C:\Program Files\Microsoft SQL Server\Client SDK\ODBC\170\Tools\Binn\;C:\Program Files\MySQL\MySQL Shell 8.0\bin\;C:\Users\cedricdev\AppData\Local\Microsoft\WindowsApps;F:\Microsoft VS Code\bin;C:\Users\cedricdev\AppData\Roaming\npm;F:\nodejs;C:\Users\cedricdev\.dotnet\tools
USERNAME=cedricdev
OS=Windows_NT
PROCESSOR_IDENTIFIER=AMD64 Family 23 Model 113 Stepping 0, AuthenticAMD



---------------  S Y S T E M  ---------------

OS:
 Windows 10 , 64 bit Build 19041 (10.0.19041.1348)
OS uptime: 0 days 0:42 hours

CPU: total 12 (initial active 12) (12 cores per cpu, 2 threads per core) family 23 model 113 stepping 0 microcode 0x0, cx8, cmov, fxsr, ht, mmx, 3dnowpref, sse, sse2, sse3, ssse3, sse4a, sse4.1, sse4.2, popcnt, lzcnt, tsc, tscinvbit, avx, avx2, aes, clmul, bmi1, bmi2, adx, sha, fma, vzeroupper, clflush, clflushopt

Memory: 4k page, system-wide physical 16315M (7337M free)
TotalPageFile size 24315M (AvailPageFile size 13942M)
current process WorkingSet (physical memory assigned to process): 236M, peak: 255M
current process commit charge ("private bytes"): 281M, peak: 462M

vm_info: Java HotSpot(TM) 64-Bit Server VM (16.0.1+9-24) for windows-amd64 JRE (16.0.1+9-24), built on Mar 26 2021 19:31:42 by "mach5one" with MS VC++ 16.7 (VS2019)

END.
