#
# A fatal error has been detected by the Java Runtime Environment:
#
#  Internal Error (assembler_x86.cpp:1047), pid=17288, tid=16728
#  Error: ShouldNotReachHere()
#
# JRE version: Java(TM) SE Runtime Environment (16.0.1+9) (build 16.0.1+9-24)
# Java VM: Java HotSpot(TM) 64-Bit Server VM (16.0.1+9-24, mixed mode, sharing, tiered, compressed oops, compressed class ptrs, g1 gc, windows-amd64)
# No core dump will be written. Minidumps are not enabled by default on client versions of Windows
#
# If you would like to submit a bug report, please visit:
#   https://bugreport.java.com/bugreport/crash.jsp
#

---------------  S U M M A R Y ------------

Command Line: --add-opens=java.base/java.util=ALL-UNNAMED --add-opens=java.base/java.lang=ALL-UNNAMED --add-opens=java.base/java.lang.invoke=ALL-UNNAMED --add-opens=java.base/java.util=ALL-UNNAMED --add-opens=java.prefs/java.util.prefs=ALL-UNNAMED --add-opens=java.prefs/java.util.prefs=ALL-UNNAMED --add-opens=java.base/java.nio.charset=ALL-UNNAMED --add-opens=java.base/java.net=ALL-UNNAMED --add-opens=java.base/java.util.concurrent.atomic=ALL-UNNAMED -Xmx2048m -Dfile.encoding=UTF-8 -Duser.country=PH -Duser.language=en -Duser.variant org.gradle.launcher.daemon.bootstrap.GradleDaemon 7.0.2

Host: AMD Ryzen 5 3600 6-Core Processor              , 12 cores, 15G,  Windows 10 , 64 bit Build 19041 (10.0.19041.1348)
Time: Thu Nov 25 13:29:13 2021 China Standard Time elapsed time: 1666.712188 seconds (0d 0h 27m 46s)

---------------  T H R E A D  ---------------

Current thread (0x0000021b7e181030):  JavaThread "Sweeper thread" daemon [_thread_in_vm, id=16728, stack(0x000000d2cbd00000,0x000000d2cbe00000)]

Stack: [0x000000d2cbd00000,0x000000d2cbe00000]
Native frames: (J=compiled Java code, j=interpreted, Vv=VM code, C=native code)
V  [jvm.dll+0x6687ca]
V  [jvm.dll+0x7ca3c9]
V  [jvm.dll+0x7cbb53]
V  [jvm.dll+0x7cc167]
V  [jvm.dll+0x242e0c]
V  [jvm.dll+0x242d53]
V  [jvm.dll+0xd2044]
V  [jvm.dll+0x6b89f2]
V  [jvm.dll+0x22c4c6]
V  [jvm.dll+0x22c25b]
V  [jvm.dll+0x73391c]
V  [jvm.dll+0x73404b]
V  [jvm.dll+0x780002]
V  [jvm.dll+0x779b4a]
V  [jvm.dll+0x667666]
C  [ucrtbase.dll+0x21bb2]
C  [KERNEL32.DLL+0x17034]
C  [ntdll.dll+0x52651]


---------------  P R O C E S S  ---------------

Threads class SMR info:
_java_thread_list=0x0000021b021f50a0, length=59, elements={
0x0000021b5fc2e430, 0x0000021b7e1598f0, 0x0000021b7e15ee80, 0x0000021b7e16af30,
0x0000021b7e16cab0, 0x0000021b7e16fda0, 0x0000021b7e1756d0, 0x0000021b7e17b8d0,
0x0000021b7e17c2d0, 0x0000021b7e181030, 0x0000021b7ed31600, 0x0000021b7ed33b30,
0x0000021b00a207d0, 0x0000021b7ee40f10, 0x0000021b008700f0, 0x0000021b00255db0,
0x0000021b00254870, 0x0000021b00254dc0, 0x0000021b00252890, 0x0000021b02c52540,
0x0000021b02c50560, 0x0000021b02c51000, 0x0000021b02c4bb00, 0x0000021b02c4e030,
0x0000021b02c50010, 0x0000021b03cd5070, 0x0000021b03cdaac0, 0x0000021b03cdc550,
0x0000021b03cdb010, 0x0000021b03cd55c0, 0x0000021b03cd5b10, 0x0000021b03cd6b00,
0x0000021b03cd9580, 0x0000021b03cd8590, 0x0000021b03cd6060, 0x0000021b0915f5a0,
0x0000021b08de6fe0, 0x0000021b028987a0, 0x0000021b7f0d0e40, 0x0000021b01990840,
0x0000021b071fe2a0, 0x0000021b01990d90, 0x0000021b028977b0, 0x0000021b019912e0,
0x0000021b019f8480, 0x0000021b0198fda0, 0x0000021b019f7f30, 0x0000021b019902f0,
0x0000021b0e45d530, 0x0000021b071fb820, 0x0000021b071fd2b0, 0x0000021b019f89d0,
0x0000021b019f8f20, 0x0000021b0ad73f50, 0x0000021b0915eb00, 0x0000021b09160040,
0x0000021b09161030, 0x0000021b0915cb20, 0x0000021b0915d070
}

Java Threads: ( => current thread )
  0x0000021b5fc2e430 JavaThread "main" [_thread_blocked, id=16356, stack(0x000000d2cae00000,0x000000d2caf00000)]
  0x0000021b7e1598f0 JavaThread "Reference Handler" daemon [_thread_blocked, id=5212, stack(0x000000d2cb500000,0x000000d2cb600000)]
  0x0000021b7e15ee80 JavaThread "Finalizer" daemon [_thread_blocked, id=16428, stack(0x000000d2cb600000,0x000000d2cb700000)]
  0x0000021b7e16af30 JavaThread "Signal Dispatcher" daemon [_thread_blocked, id=14804, stack(0x000000d2cb700000,0x000000d2cb800000)]
  0x0000021b7e16cab0 JavaThread "Attach Listener" daemon [_thread_blocked, id=4308, stack(0x000000d2cb800000,0x000000d2cb900000)]
  0x0000021b7e16fda0 JavaThread "Service Thread" daemon [_thread_blocked, id=5000, stack(0x000000d2cb900000,0x000000d2cba00000)]
  0x0000021b7e1756d0 JavaThread "Monitor Deflation Thread" daemon [_thread_blocked, id=15400, stack(0x000000d2cba00000,0x000000d2cbb00000)]
  0x0000021b7e17b8d0 JavaThread "C2 CompilerThread0" daemon [_thread_blocked, id=576, stack(0x000000d2cbb00000,0x000000d2cbc00000)]
  0x0000021b7e17c2d0 JavaThread "C1 CompilerThread0" daemon [_thread_blocked, id=16288, stack(0x000000d2cbc00000,0x000000d2cbd00000)]
=>0x0000021b7e181030 JavaThread "Sweeper thread" daemon [_thread_in_vm, id=16728, stack(0x000000d2cbd00000,0x000000d2cbe00000)]
  0x0000021b7ed31600 JavaThread "Common-Cleaner" daemon [_thread_blocked, id=6052, stack(0x000000d2cbe00000,0x000000d2cbf00000)]
  0x0000021b7ed33b30 JavaThread "Notification Thread" daemon [_thread_blocked, id=9860, stack(0x000000d2cbf00000,0x000000d2cc000000)]
  0x0000021b00a207d0 JavaThread "Daemon health stats" [_thread_blocked, id=964, stack(0x000000d2cc800000,0x000000d2cc900000)]
  0x0000021b7ee40f10 JavaThread "Incoming local TCP Connector on port 57013" [_thread_in_native, id=1636, stack(0x000000d2cc100000,0x000000d2cc200000)]
  0x0000021b008700f0 JavaThread "Daemon periodic checks" [_thread_blocked, id=15436, stack(0x000000d2cc700000,0x000000d2cc800000)]
  0x0000021b00255db0 JavaThread "Cache worker for file hash cache (C:\Users\cedricdev\.gradle\caches\7.0.2\fileHashes)" [_thread_blocked, id=14312, stack(0x000000d2cd000000,0x000000d2cd100000)]
  0x0000021b00254870 JavaThread "File lock request listener" [_thread_in_native, id=8732, stack(0x000000d2cd100000,0x000000d2cd200000)]
  0x0000021b00254dc0 JavaThread "Cache worker for journal cache (C:\Users\cedricdev\.gradle\caches\journal-1)" [_thread_blocked, id=1460, stack(0x000000d2cd200000,0x000000d2cd300000)]
  0x0000021b00252890 JavaThread "File watcher server" daemon [_thread_in_native, id=8184, stack(0x000000d2cd600000,0x000000d2cd700000)]
  0x0000021b02c52540 JavaThread "File watcher consumer" daemon [_thread_blocked, id=9716, stack(0x000000d2cd700000,0x000000d2cd800000)]
  0x0000021b02c50560 JavaThread "Cache worker for execution history cache (C:\Users\cedricdev\.gradle\caches\7.0.2\executionHistory)" [_thread_blocked, id=468, stack(0x000000d2cdb00000,0x000000d2cdc00000)]
  0x0000021b02c51000 JavaThread "jar transforms" [_thread_blocked, id=5372, stack(0x000000d2ce200000,0x000000d2ce300000)]
  0x0000021b02c4bb00 JavaThread "jar transforms Thread 2" [_thread_blocked, id=16548, stack(0x000000d2ce300000,0x000000d2ce400000)]
  0x0000021b02c4e030 JavaThread "Cache worker for file content cache (C:\Users\cedricdev\.gradle\caches\7.0.2\fileContent)" [_thread_blocked, id=6700, stack(0x000000d2ce400000,0x000000d2ce500000)]
  0x0000021b02c50010 JavaThread "jar transforms Thread 3" [_thread_blocked, id=4156, stack(0x000000d2cd400000,0x000000d2cd500000)]
  0x0000021b03cd5070 JavaThread "jar transforms Thread 4" [_thread_blocked, id=16828, stack(0x000000d2cf300000,0x000000d2cf400000)]
  0x0000021b03cdaac0 JavaThread "jar transforms Thread 5" [_thread_blocked, id=5848, stack(0x000000d2cf400000,0x000000d2cf500000)]
  0x0000021b03cdc550 JavaThread "jar transforms Thread 6" [_thread_blocked, id=3980, stack(0x000000d2cf500000,0x000000d2cf600000)]
  0x0000021b03cdb010 JavaThread "jar transforms Thread 7" [_thread_blocked, id=16228, stack(0x000000d2cf600000,0x000000d2cf700000)]
  0x0000021b03cd55c0 JavaThread "jar transforms Thread 8" [_thread_blocked, id=1812, stack(0x000000d2cf700000,0x000000d2cf800000)]
  0x0000021b03cd5b10 JavaThread "jar transforms Thread 9" [_thread_blocked, id=15876, stack(0x000000d2cf800000,0x000000d2cf900000)]
  0x0000021b03cd6b00 JavaThread "jar transforms Thread 10" [_thread_blocked, id=15588, stack(0x000000d2cf900000,0x000000d2cfa00000)]
  0x0000021b03cd9580 JavaThread "jar transforms Thread 11" [_thread_blocked, id=15356, stack(0x000000d2cfa00000,0x000000d2cfb00000)]
  0x0000021b03cd8590 JavaThread "jar transforms Thread 12" [_thread_blocked, id=15404, stack(0x000000d2cd300000,0x000000d2cd400000)]
  0x0000021b03cd6060 JavaThread "Memory manager" [_thread_blocked, id=16512, stack(0x000000d2cfc00000,0x000000d2cfd00000)]
  0x0000021b0915f5a0 JavaThread "Cache worker for Java compile cache (C:\Users\cedricdev\.gradle\caches\7.0.2\javaCompile)" [_thread_blocked, id=3880, stack(0x000000d2d1900000,0x000000d2d1a00000)]
  0x0000021b08de6fe0 JavaThread "ForkJoinPool.commonPool-worker-17" daemon [_thread_blocked, id=13996, stack(0x000000d2d2b00000,0x000000d2d2c00000)]
  0x0000021b028987a0 JavaThread "Daemon Thread 3" [_thread_blocked, id=15412, stack(0x000000d2cab00000,0x000000d2cac00000)]
  0x0000021b7f0d0e40 JavaThread "Daemon worker Thread 3" [_thread_in_vm, id=13068, stack(0x000000d2cc900000,0x000000d2cca00000)]
  0x0000021b01990840 JavaThread "ForkJoinPool.commonPool-worker-23" daemon [_thread_blocked, id=3028, stack(0x000000d2d1300000,0x000000d2d1400000)]
  0x0000021b071fe2a0 JavaThread "ForkJoinPool.commonPool-worker-9" daemon [_thread_blocked, id=15472, stack(0x000000d2d1400000,0x000000d2d1500000)]
  0x0000021b01990d90 JavaThread "ForkJoinPool.commonPool-worker-27" daemon [_thread_blocked, id=4672, stack(0x000000d2d1500000,0x000000d2d1600000)]
  0x0000021b028977b0 JavaThread "ForkJoinPool.commonPool-worker-13" daemon [_thread_blocked, id=16352, stack(0x000000d2d1600000,0x000000d2d1700000)]
  0x0000021b019912e0 JavaThread "ForkJoinPool.commonPool-worker-31" daemon [_thread_blocked, id=2388, stack(0x000000d2d1700000,0x000000d2d1800000)]
  0x0000021b019f8480 JavaThread "ForkJoinPool.commonPool-worker-19" daemon [_thread_blocked, id=6380, stack(0x000000d2d1800000,0x000000d2d1900000)]
  0x0000021b0198fda0 JavaThread "ForkJoinPool.commonPool-worker-3" daemon [_thread_blocked, id=16452, stack(0x000000d2d1a00000,0x000000d2d1b00000)]
  0x0000021b019f7f30 JavaThread "ForkJoinPool.commonPool-worker-21" daemon [_thread_blocked, id=16632, stack(0x000000d2d1b00000,0x000000d2d1c00000)]
  0x0000021b019902f0 JavaThread "ForkJoinPool.commonPool-worker-7" daemon [_thread_blocked, id=4596, stack(0x000000d2d1c00000,0x000000d2d1d00000)]
  0x0000021b0e45d530 JavaThread "ForkJoinPool.commonPool-worker-25" daemon [_thread_blocked, id=1172, stack(0x000000d2d1d00000,0x000000d2d1e00000)]
  0x0000021b071fb820 JavaThread "Handler for socket connection from /127.0.0.1:57013 to /127.0.0.1:57965" [_thread_in_native, id=8892, stack(0x000000d2cac00000,0x000000d2cad00000)]
  0x0000021b071fd2b0 JavaThread "Cancel handler" [_thread_blocked, id=14772, stack(0x000000d2cad00000,0x000000d2cae00000)]
  0x0000021b019f89d0 JavaThread "Asynchronous log dispatcher for DefaultDaemonConnection: socket connection from /127.0.0.1:57013 to /127.0.0.1:57965" [_thread_blocked, id=16220, stack(0x000000d2cca00000,0x000000d2ccb00000)]
  0x0000021b019f8f20 JavaThread "Stdin handler" [_thread_blocked, id=11892, stack(0x000000d2ccb00000,0x000000d2ccc00000)]
  0x0000021b0ad73f50 JavaThread "Daemon client event forwarder" [_thread_blocked, id=3740, stack(0x000000d2ccc00000,0x000000d2ccd00000)]
  0x0000021b0915eb00 JavaThread "Cache worker for file hash cache (F:\AndroidStudioProjects\AftermathProj\.gradle\7.0.2\fileHashes)" [_thread_blocked, id=6960, stack(0x000000d2ccd00000,0x000000d2cce00000)]
  0x0000021b09160040 JavaThread "Cache worker for checksums cache (F:\AndroidStudioProjects\AftermathProj\.gradle\checksums)" [_thread_blocked, id=12992, stack(0x000000d2cce00000,0x000000d2ccf00000)]
  0x0000021b09161030 JavaThread "Cache worker for cache directory md-supplier (C:\Users\cedricdev\.gradle\caches\7.0.2\md-supplier)" [_thread_blocked, id=6564, stack(0x000000d2ccf00000,0x000000d2cd000000)]
  0x0000021b0915cb20 JavaThread "Cache worker for cache directory md-rule (C:\Users\cedricdev\.gradle\caches\7.0.2\md-rule)" [_thread_blocked, id=6576, stack(0x000000d2cd500000,0x000000d2cd600000)]
  0x0000021b0915d070 JavaThread "Cache worker for dependencies-accessors (F:\AndroidStudioProjects\AftermathProj\.gradle\7.0.2\dependencies-accessors)" [_thread_blocked, id=8708, stack(0x000000d2cd800000,0x000000d2cd900000)]

Other Threads:
  0x0000021b7e1555f0 VMThread "VM Thread" [stack: 0x000000d2cb400000,0x000000d2cb500000] [id=15852]
  0x0000021b7ed35460 WatcherThread [stack: 0x000000d2cc000000,0x000000d2cc100000] [id=8648]
  0x0000021b5fc6abb0 GCTaskThread "GC Thread#0" [stack: 0x000000d2caf00000,0x000000d2cb000000] [id=1236]
  0x0000021b7f760860 GCTaskThread "GC Thread#1" [stack: 0x000000d2cc200000,0x000000d2cc300000] [id=12904]
  0x0000021b00050000 GCTaskThread "GC Thread#2" [stack: 0x000000d2cc300000,0x000000d2cc400000] [id=1916]
  0x0000021b00050310 GCTaskThread "GC Thread#3" [stack: 0x000000d2cc400000,0x000000d2cc500000] [id=17276]
  0x0000021b00078780 GCTaskThread "GC Thread#4" [stack: 0x000000d2cc500000,0x000000d2cc600000] [id=16148]
  0x0000021b00078e60 GCTaskThread "GC Thread#5" [stack: 0x000000d2cc600000,0x000000d2cc700000] [id=11884]
  0x0000021b02f5b970 GCTaskThread "GC Thread#6" [stack: 0x000000d2cdc00000,0x000000d2cdd00000] [id=9264]
  0x0000021b00530730 GCTaskThread "GC Thread#7" [stack: 0x000000d2cdd00000,0x000000d2cde00000] [id=14232]
  0x0000021b02f34f10 GCTaskThread "GC Thread#8" [stack: 0x000000d2cde00000,0x000000d2cdf00000] [id=508]
  0x0000021b02f00250 GCTaskThread "GC Thread#9" [stack: 0x000000d2cdf00000,0x000000d2ce000000] [id=5292]
  0x0000021b5fc7f030 ConcurrentGCThread "G1 Main Marker" [stack: 0x000000d2cb000000,0x000000d2cb100000] [id=5232]
  0x0000021b5fc811e0 ConcurrentGCThread "G1 Conc#0" [stack: 0x000000d2cb100000,0x000000d2cb200000] [id=15048]
  0x0000021b026a9850 ConcurrentGCThread "G1 Conc#1" [stack: 0x000000d2ce000000,0x000000d2ce100000] [id=16520]
  0x0000021b01cebfd0 ConcurrentGCThread "G1 Conc#2" [stack: 0x000000d2ce100000,0x000000d2ce200000] [id=7712]
  0x0000021b5fd0b9c0 ConcurrentGCThread "G1 Refine#0" [stack: 0x000000d2cb200000,0x000000d2cb300000] [id=8824]
  0x0000021b049a6040 ConcurrentGCThread "G1 Refine#1" [stack: 0x000000d2d0b00000,0x000000d2d0c00000] [id=16928]
  0x0000021b049a80c0 ConcurrentGCThread "G1 Refine#2" [stack: 0x000000d2d0c00000,0x000000d2d0d00000] [id=7472]
  0x0000021b049a6380 ConcurrentGCThread "G1 Refine#3" [stack: 0x000000d2d0d00000,0x000000d2d0e00000] [id=15480]
  0x0000021b049a8740 ConcurrentGCThread "G1 Refine#4" [stack: 0x000000d2d0e00000,0x000000d2d0f00000] [id=15628]
  0x0000021b049a7080 ConcurrentGCThread "G1 Refine#5" [stack: 0x000000d2d0f00000,0x000000d2d1000000] [id=16176]
  0x0000021b049a66c0 ConcurrentGCThread "G1 Refine#6" [stack: 0x000000d2d1000000,0x000000d2d1100000] [id=10500]
  0x0000021b5fd0c3d0 ConcurrentGCThread "G1 Service" [stack: 0x000000d2cb300000,0x000000d2cb400000] [id=1580]

Threads with active compile tasks:

VM state: not at safepoint (normal execution)

VM Mutex/Monitor currently owned by a thread:  ([mutex/lock_event])
[0x0000021b5fc282f0] CompiledIC_lock - owner thread: 0x0000021b7e181030

Heap address: 0x0000000080000000, size: 2048 MB, Compressed Oops mode: 32-bit

CDS archive(s) mapped at: [0x0000000800000000-0x0000000800bb0000-0x0000000800bb0000), size 12255232, SharedBaseAddress: 0x0000000800000000, ArchiveRelocationMode: 0.
Compressed class space mapped at: 0x0000000800c00000-0x0000000840c00000, reserved size: 1073741824
Narrow klass base: 0x0000000800000000, Narrow klass shift: 3, Narrow klass range: 0x100000000

GC Precious Log:
 CPUs: 12 total, 12 available
 Memory: 16315M
 Large Page Support: Disabled
 NUMA Support: Disabled
 Compressed Oops: Enabled (32-bit)
 Heap Region Size: 1M
 Heap Min Capacity: 8M
 Heap Initial Capacity: 256M
 Heap Max Capacity: 2G
 Pre-touch: Disabled
 Parallel Workers: 10
 Concurrent Workers: 3
 Concurrent Refinement Workers: 10
 Periodic GC: Disabled

Heap:
 garbage-first heap   total 327680K, used 229432K [0x0000000080000000, 0x0000000100000000)
  region size 1024K, 102 young (104448K), 17 survivors (17408K)
 Metaspace       used 113575K, committed 115328K, reserved 1155072K
  class space    used 15368K, committed 16256K, reserved 1048576K

Heap Regions: E=young(eden), S=young(survivor), O=old, HS=humongous(starts), HC=humongous(continues), CS=collection set, F=free, OA=open archive, CA=closed archive, TAMS=top-at-mark-start (previous, next)
|   0|0x0000000080000000, 0x0000000080100000, 0x0000000080100000|100%| O|  |TAMS 0x0000000080100000, 0x0000000080100000| Untracked 
|   1|0x0000000080100000, 0x0000000080200000, 0x0000000080200000|100%| O|  |TAMS 0x0000000080200000, 0x0000000080200000| Untracked 
|   2|0x0000000080200000, 0x0000000080300000, 0x0000000080300000|100%| O|  |TAMS 0x0000000080300000, 0x0000000080300000| Untracked 
|   3|0x0000000080300000, 0x0000000080400000, 0x0000000080400000|100%|HS|  |TAMS 0x0000000080400000, 0x0000000080400000| Complete 
|   4|0x0000000080400000, 0x0000000080500000, 0x0000000080500000|100%|HC|  |TAMS 0x0000000080500000, 0x0000000080500000| Complete 
|   5|0x0000000080500000, 0x0000000080600000, 0x0000000080600000|100%|HC|  |TAMS 0x0000000080600000, 0x0000000080600000| Complete 
|   6|0x0000000080600000, 0x0000000080700000, 0x0000000080700000|100%| O|  |TAMS 0x0000000080700000, 0x0000000080700000| Untracked 
|   7|0x0000000080700000, 0x0000000080800000, 0x0000000080800000|100%| O|  |TAMS 0x0000000080800000, 0x0000000080800000| Untracked 
|   8|0x0000000080800000, 0x0000000080900000, 0x0000000080900000|100%| O|  |TAMS 0x0000000080900000, 0x0000000080900000| Untracked 
|   9|0x0000000080900000, 0x0000000080a00000, 0x0000000080a00000|100%| O|  |TAMS 0x0000000080a00000, 0x0000000080a00000| Untracked 
|  10|0x0000000080a00000, 0x0000000080b00000, 0x0000000080b00000|100%| O|  |TAMS 0x0000000080b00000, 0x0000000080b00000| Untracked 
|  11|0x0000000080b00000, 0x0000000080c00000, 0x0000000080c00000|100%| O|  |TAMS 0x0000000080c00000, 0x0000000080c00000| Untracked 
|  12|0x0000000080c00000, 0x0000000080d00000, 0x0000000080d00000|100%| O|  |TAMS 0x0000000080d00000, 0x0000000080d00000| Untracked 
|  13|0x0000000080d00000, 0x0000000080e00000, 0x0000000080e00000|100%| O|  |TAMS 0x0000000080e00000, 0x0000000080e00000| Untracked 
|  14|0x0000000080e00000, 0x0000000080f00000, 0x0000000080f00000|100%| O|  |TAMS 0x0000000080f00000, 0x0000000080f00000| Untracked 
|  15|0x0000000080f00000, 0x0000000081000000, 0x0000000081000000|100%| O|  |TAMS 0x0000000081000000, 0x0000000081000000| Untracked 
|  16|0x0000000081000000, 0x0000000081100000, 0x0000000081100000|100%| O|  |TAMS 0x0000000081100000, 0x0000000081100000| Untracked 
|  17|0x0000000081100000, 0x0000000081200000, 0x0000000081200000|100%| O|  |TAMS 0x0000000081200000, 0x0000000081200000| Untracked 
|  18|0x0000000081200000, 0x0000000081300000, 0x0000000081300000|100%| O|  |TAMS 0x0000000081300000, 0x0000000081300000| Untracked 
|  19|0x0000000081300000, 0x0000000081400000, 0x0000000081400000|100%| O|  |TAMS 0x0000000081400000, 0x0000000081400000| Untracked 
|  20|0x0000000081400000, 0x0000000081500000, 0x0000000081500000|100%| O|  |TAMS 0x0000000081500000, 0x0000000081500000| Untracked 
|  21|0x0000000081500000, 0x0000000081600000, 0x0000000081600000|100%| O|  |TAMS 0x0000000081600000, 0x0000000081600000| Untracked 
|  22|0x0000000081600000, 0x0000000081700000, 0x0000000081700000|100%| O|  |TAMS 0x0000000081700000, 0x0000000081700000| Untracked 
|  23|0x0000000081700000, 0x0000000081800000, 0x0000000081800000|100%| O|  |TAMS 0x0000000081700000, 0x000000008177ee00| Untracked 
|  24|0x0000000081800000, 0x0000000081900000, 0x0000000081900000|100%| O|  |TAMS 0x0000000081900000, 0x0000000081900000| Untracked 
|  25|0x0000000081900000, 0x0000000081a00000, 0x0000000081a00000|100%| O|  |TAMS 0x0000000081a00000, 0x0000000081a00000| Untracked 
|  26|0x0000000081a00000, 0x0000000081b00000, 0x0000000081b00000|100%|HS|  |TAMS 0x0000000081b00000, 0x0000000081b00000| Complete 
|  27|0x0000000081b00000, 0x0000000081c00000, 0x0000000081c00000|100%|HS|  |TAMS 0x0000000081c00000, 0x0000000081c00000| Complete 
|  28|0x0000000081c00000, 0x0000000081d00000, 0x0000000081d00000|100%|HS|  |TAMS 0x0000000081d00000, 0x0000000081d00000| Complete 
|  29|0x0000000081d00000, 0x0000000081e00000, 0x0000000081e00000|100%|HC|  |TAMS 0x0000000081e00000, 0x0000000081e00000| Complete 
|  30|0x0000000081e00000, 0x0000000081f00000, 0x0000000081f00000|100%| O|  |TAMS 0x0000000081f00000, 0x0000000081f00000| Untracked 
|  31|0x0000000081f00000, 0x0000000082000000, 0x0000000082000000|100%|HS|  |TAMS 0x0000000081f00000, 0x0000000081f00000| Complete 
|  32|0x0000000082000000, 0x0000000082000000, 0x0000000082100000|  0%| F|  |TAMS 0x0000000082000000, 0x0000000082000000| Untracked 
|  33|0x0000000082100000, 0x0000000082200000, 0x0000000082200000|100%| O|  |TAMS 0x0000000082200000, 0x0000000082200000| Untracked 
|  34|0x0000000082200000, 0x0000000082300000, 0x0000000082300000|100%| O|  |TAMS 0x0000000082300000, 0x0000000082300000| Untracked 
|  35|0x0000000082300000, 0x0000000082400000, 0x0000000082400000|100%| O|  |TAMS 0x0000000082400000, 0x0000000082400000| Untracked 
|  36|0x0000000082400000, 0x0000000082500000, 0x0000000082500000|100%| O|  |TAMS 0x0000000082500000, 0x0000000082500000| Untracked 
|  37|0x0000000082500000, 0x0000000082600000, 0x0000000082600000|100%| O|  |TAMS 0x0000000082600000, 0x0000000082600000| Untracked 
|  38|0x0000000082600000, 0x0000000082700000, 0x0000000082700000|100%| O|  |TAMS 0x0000000082700000, 0x0000000082700000| Untracked 
|  39|0x0000000082700000, 0x0000000082800000, 0x0000000082800000|100%| O|  |TAMS 0x0000000082700000, 0x0000000082800000| Untracked 
|  40|0x0000000082800000, 0x0000000082900000, 0x0000000082900000|100%| O|  |TAMS 0x0000000082900000, 0x0000000082900000| Untracked 
|  41|0x0000000082900000, 0x0000000082a00000, 0x0000000082a00000|100%| O|  |TAMS 0x0000000082a00000, 0x0000000082a00000| Untracked 
|  42|0x0000000082a00000, 0x0000000082b00000, 0x0000000082b00000|100%| O|  |TAMS 0x0000000082b00000, 0x0000000082b00000| Untracked 
|  43|0x0000000082b00000, 0x0000000082c00000, 0x0000000082c00000|100%| O|  |TAMS 0x0000000082b00000, 0x0000000082b00000| Untracked 
|  44|0x0000000082c00000, 0x0000000082d00000, 0x0000000082d00000|100%| O|  |TAMS 0x0000000082d00000, 0x0000000082d00000| Untracked 
|  45|0x0000000082d00000, 0x0000000082e00000, 0x0000000082e00000|100%| O|  |TAMS 0x0000000082e00000, 0x0000000082e00000| Untracked 
|  46|0x0000000082e00000, 0x0000000082f00000, 0x0000000082f00000|100%| O|  |TAMS 0x0000000082f00000, 0x0000000082f00000| Untracked 
|  47|0x0000000082f00000, 0x0000000083000000, 0x0000000083000000|100%| O|  |TAMS 0x0000000082f00000, 0x0000000082f00000| Untracked 
|  48|0x0000000083000000, 0x0000000083100000, 0x0000000083100000|100%| O|  |TAMS 0x0000000083100000, 0x0000000083100000| Untracked 
|  49|0x0000000083100000, 0x0000000083200000, 0x0000000083200000|100%| O|  |TAMS 0x0000000083200000, 0x0000000083200000| Untracked 
|  50|0x0000000083200000, 0x0000000083300000, 0x0000000083300000|100%| O|  |TAMS 0x0000000083300000, 0x0000000083300000| Untracked 
|  51|0x0000000083300000, 0x0000000083400000, 0x0000000083400000|100%| O|  |TAMS 0x0000000083400000, 0x0000000083400000| Untracked 
|  52|0x0000000083400000, 0x0000000083500000, 0x0000000083500000|100%| O|  |TAMS 0x0000000083500000, 0x0000000083500000| Untracked 
|  53|0x0000000083500000, 0x0000000083600000, 0x0000000083600000|100%| O|  |TAMS 0x0000000083600000, 0x0000000083600000| Untracked 
|  54|0x0000000083600000, 0x0000000083700000, 0x0000000083700000|100%| O|  |TAMS 0x0000000083700000, 0x0000000083700000| Untracked 
|  55|0x0000000083700000, 0x0000000083800000, 0x0000000083800000|100%| O|  |TAMS 0x0000000083700000, 0x0000000083700000| Untracked 
|  56|0x0000000083800000, 0x0000000083900000, 0x0000000083900000|100%| O|  |TAMS 0x0000000083900000, 0x0000000083900000| Untracked 
|  57|0x0000000083900000, 0x0000000083a00000, 0x0000000083a00000|100%| O|  |TAMS 0x0000000083a00000, 0x0000000083a00000| Untracked 
|  58|0x0000000083a00000, 0x0000000083b00000, 0x0000000083b00000|100%| O|  |TAMS 0x0000000083a00000, 0x0000000083a00000| Untracked 
|  59|0x0000000083b00000, 0x0000000083c00000, 0x0000000083c00000|100%| O|  |TAMS 0x0000000083c00000, 0x0000000083c00000| Untracked 
|  60|0x0000000083c00000, 0x0000000083d00000, 0x0000000083d00000|100%| O|  |TAMS 0x0000000083d00000, 0x0000000083d00000| Untracked 
|  61|0x0000000083d00000, 0x0000000083e00000, 0x0000000083e00000|100%| O|  |TAMS 0x0000000083e00000, 0x0000000083e00000| Untracked 
|  62|0x0000000083e00000, 0x0000000083f00000, 0x0000000083f00000|100%| O|  |TAMS 0x0000000083f00000, 0x0000000083f00000| Untracked 
|  63|0x0000000083f00000, 0x0000000084000000, 0x0000000084000000|100%|HS|  |TAMS 0x0000000083f00000, 0x0000000083f00000| Complete 
|  64|0x0000000084000000, 0x0000000084100000, 0x0000000084100000|100%|HC|  |TAMS 0x0000000084000000, 0x0000000084000000| Complete 
|  65|0x0000000084100000, 0x0000000084200000, 0x0000000084200000|100%|HS|  |TAMS 0x0000000084100000, 0x0000000084100000| Complete 
|  66|0x0000000084200000, 0x0000000084300000, 0x0000000084300000|100%|HC|  |TAMS 0x0000000084200000, 0x0000000084200000| Complete 
|  67|0x0000000084300000, 0x0000000084300000, 0x0000000084400000|  0%| F|  |TAMS 0x0000000084300000, 0x0000000084300000| Untracked 
|  68|0x0000000084400000, 0x0000000084500000, 0x0000000084500000|100%| O|  |TAMS 0x0000000084500000, 0x0000000084500000| Untracked 
|  69|0x0000000084500000, 0x0000000084600000, 0x0000000084600000|100%|HS|  |TAMS 0x0000000084500000, 0x0000000084500000| Complete 
|  70|0x0000000084600000, 0x0000000084700000, 0x0000000084700000|100%|HC|  |TAMS 0x0000000084600000, 0x0000000084600000| Complete 
|  71|0x0000000084700000, 0x0000000084800000, 0x0000000084800000|100%|HC|  |TAMS 0x0000000084700000, 0x0000000084700000| Complete 
|  72|0x0000000084800000, 0x0000000084900000, 0x0000000084900000|100%|HC|  |TAMS 0x0000000084800000, 0x0000000084800000| Complete 
|  73|0x0000000084900000, 0x0000000084a00000, 0x0000000084a00000|100%| O|  |TAMS 0x0000000084a00000, 0x0000000084a00000| Untracked 
|  74|0x0000000084a00000, 0x0000000084b00000, 0x0000000084b00000|100%| O|  |TAMS 0x0000000084b00000, 0x0000000084b00000| Untracked 
|  75|0x0000000084b00000, 0x0000000084c00000, 0x0000000084c00000|100%| O|  |TAMS 0x0000000084b00000, 0x0000000084b00000| Untracked 
|  76|0x0000000084c00000, 0x0000000084d00000, 0x0000000084d00000|100%| O|  |TAMS 0x0000000084d00000, 0x0000000084d00000| Untracked 
|  77|0x0000000084d00000, 0x0000000084e00000, 0x0000000084e00000|100%| O|  |TAMS 0x0000000084e00000, 0x0000000084e00000| Untracked 
|  78|0x0000000084e00000, 0x0000000084f00000, 0x0000000084f00000|100%| O|  |TAMS 0x0000000084f00000, 0x0000000084f00000| Untracked 
|  79|0x0000000084f00000, 0x0000000085000000, 0x0000000085000000|100%| O|  |TAMS 0x0000000085000000, 0x0000000085000000| Untracked 
|  80|0x0000000085000000, 0x0000000085100000, 0x0000000085100000|100%|HS|  |TAMS 0x0000000085000000, 0x0000000085100000| Complete 
|  81|0x0000000085100000, 0x0000000085200000, 0x0000000085200000|100%|HC|  |TAMS 0x0000000085100000, 0x0000000085200000| Complete 
|  82|0x0000000085200000, 0x0000000085300000, 0x0000000085300000|100%|HS|  |TAMS 0x0000000085200000, 0x0000000085200000| Complete 
|  83|0x0000000085300000, 0x0000000085400000, 0x0000000085400000|100%|HC|  |TAMS 0x0000000085300000, 0x0000000085300000| Complete 
|  84|0x0000000085400000, 0x0000000085500000, 0x0000000085500000|100%| O|  |TAMS 0x0000000085400000, 0x0000000085400000| Untracked 
|  85|0x0000000085500000, 0x0000000085600000, 0x0000000085600000|100%| O|  |TAMS 0x0000000085500000, 0x0000000085500000| Untracked 
|  86|0x0000000085600000, 0x0000000085700000, 0x0000000085700000|100%| O|  |TAMS 0x0000000085700000, 0x0000000085700000| Untracked 
|  87|0x0000000085700000, 0x0000000085800000, 0x0000000085800000|100%| O|  |TAMS 0x0000000085800000, 0x0000000085800000| Untracked 
|  88|0x0000000085800000, 0x0000000085900000, 0x0000000085900000|100%| O|  |TAMS 0x0000000085900000, 0x0000000085900000| Untracked 
|  89|0x0000000085900000, 0x0000000085a00000, 0x0000000085a00000|100%| O|  |TAMS 0x0000000085a00000, 0x0000000085a00000| Untracked 
|  90|0x0000000085a00000, 0x0000000085b00000, 0x0000000085b00000|100%|HS|  |TAMS 0x0000000085a00000, 0x0000000085a00000| Complete 
|  91|0x0000000085b00000, 0x0000000085c00000, 0x0000000085c00000|100%|HC|  |TAMS 0x0000000085b00000, 0x0000000085b00000| Complete 
|  92|0x0000000085c00000, 0x0000000085d00000, 0x0000000085d00000|100%|HC|  |TAMS 0x0000000085c00000, 0x0000000085c00000| Complete 
|  93|0x0000000085d00000, 0x0000000085e00000, 0x0000000085e00000|100%| O|  |TAMS 0x0000000085e00000, 0x0000000085e00000| Untracked 
|  94|0x0000000085e00000, 0x0000000085f00000, 0x0000000085f00000|100%| O|  |TAMS 0x0000000085f00000, 0x0000000085f00000| Untracked 
|  95|0x0000000085f00000, 0x0000000086000000, 0x0000000086000000|100%| O|  |TAMS 0x0000000085f00000, 0x0000000085f00000| Untracked 
|  96|0x0000000086000000, 0x0000000086100000, 0x0000000086100000|100%| O|  |TAMS 0x0000000086000000, 0x0000000086000000| Untracked 
|  97|0x0000000086100000, 0x0000000086200000, 0x0000000086200000|100%| O|  |TAMS 0x0000000086100000, 0x0000000086100000| Untracked 
|  98|0x0000000086200000, 0x0000000086300000, 0x0000000086300000|100%| O|  |TAMS 0x0000000086300000, 0x0000000086300000| Untracked 
|  99|0x0000000086300000, 0x0000000086400000, 0x0000000086400000|100%| O|  |TAMS 0x0000000086300000, 0x0000000086300000| Untracked 
| 100|0x0000000086400000, 0x0000000086500000, 0x0000000086500000|100%| O|  |TAMS 0x0000000086400000, 0x0000000086400000| Untracked 
| 101|0x0000000086500000, 0x0000000086600000, 0x0000000086600000|100%| O|  |TAMS 0x0000000086500000, 0x0000000086500000| Untracked 
| 102|0x0000000086600000, 0x0000000086700000, 0x0000000086700000|100%| O|  |TAMS 0x0000000086600000, 0x0000000086600000| Untracked 
| 103|0x0000000086700000, 0x0000000086800000, 0x0000000086800000|100%| O|  |TAMS 0x0000000086700000, 0x0000000086700000| Untracked 
| 104|0x0000000086800000, 0x0000000086900000, 0x0000000086900000|100%| O|  |TAMS 0x0000000086800000, 0x0000000086800000| Untracked 
| 105|0x0000000086900000, 0x000000008690e000, 0x0000000086a00000|  5%| O|  |TAMS 0x0000000086900000, 0x0000000086900000| Untracked 
| 106|0x0000000086a00000, 0x0000000086b00000, 0x0000000086b00000|100%|HS|  |TAMS 0x0000000086a00000, 0x0000000086a00000| Complete 
| 107|0x0000000086b00000, 0x0000000086c00000, 0x0000000086c00000|100%|HC|  |TAMS 0x0000000086b00000, 0x0000000086b00000| Complete 
| 108|0x0000000086c00000, 0x0000000086d00000, 0x0000000086d00000|100%|HC|  |TAMS 0x0000000086c00000, 0x0000000086c00000| Complete 
| 109|0x0000000086d00000, 0x0000000086e00000, 0x0000000086e00000|100%|HS|  |TAMS 0x0000000086d00000, 0x0000000086d00000| Complete 
| 110|0x0000000086e00000, 0x0000000086f00000, 0x0000000086f00000|100%|HC|  |TAMS 0x0000000086e00000, 0x0000000086e00000| Complete 
| 111|0x0000000086f00000, 0x0000000086f00000, 0x0000000087000000|  0%| F|  |TAMS 0x0000000086f00000, 0x0000000086f00000| Untracked 
| 112|0x0000000087000000, 0x0000000087100000, 0x0000000087100000|100%| O|  |TAMS 0x0000000087100000, 0x0000000087100000| Untracked 
| 113|0x0000000087100000, 0x0000000087200000, 0x0000000087200000|100%| O|  |TAMS 0x0000000087200000, 0x0000000087200000| Untracked 
| 114|0x0000000087200000, 0x0000000087300000, 0x0000000087300000|100%| O|  |TAMS 0x0000000087300000, 0x0000000087300000| Untracked 
| 115|0x0000000087300000, 0x0000000087400000, 0x0000000087400000|100%| O|  |TAMS 0x0000000087400000, 0x0000000087400000| Untracked 
| 116|0x0000000087400000, 0x0000000087500000, 0x0000000087500000|100%| O|  |TAMS 0x0000000087500000, 0x0000000087500000| Untracked 
| 117|0x0000000087500000, 0x0000000087600000, 0x0000000087600000|100%| O|  |TAMS 0x0000000087600000, 0x0000000087600000| Untracked 
| 118|0x0000000087600000, 0x0000000087700000, 0x0000000087700000|100%| O|  |TAMS 0x0000000087700000, 0x0000000087700000| Untracked 
| 119|0x0000000087700000, 0x0000000087800000, 0x0000000087800000|100%| O|  |TAMS 0x0000000087800000, 0x0000000087800000| Untracked 
| 120|0x0000000087800000, 0x0000000087900000, 0x0000000087900000|100%| O|  |TAMS 0x0000000087900000, 0x0000000087900000| Untracked 
| 121|0x0000000087900000, 0x0000000087a00000, 0x0000000087a00000|100%| O|  |TAMS 0x0000000087a00000, 0x0000000087a00000| Untracked 
| 122|0x0000000087a00000, 0x0000000087b00000, 0x0000000087b00000|100%| O|  |TAMS 0x0000000087b00000, 0x0000000087b00000| Untracked 
| 123|0x0000000087b00000, 0x0000000087c00000, 0x0000000087c00000|100%| O|  |TAMS 0x0000000087b16400, 0x0000000087c00000| Untracked 
| 124|0x0000000087c00000, 0x0000000087d00000, 0x0000000087d00000|100%|HS|  |TAMS 0x0000000087c00000, 0x0000000087c00000| Complete 
| 125|0x0000000087d00000, 0x0000000087e00000, 0x0000000087e00000|100%|HC|  |TAMS 0x0000000087d00000, 0x0000000087d00000| Complete 
| 126|0x0000000087e00000, 0x0000000087f00000, 0x0000000087f00000|100%|HS|  |TAMS 0x0000000087e00000, 0x0000000087e00000| Complete 
| 127|0x0000000087f00000, 0x0000000088000000, 0x0000000088000000|100%|HC|  |TAMS 0x0000000087f00000, 0x0000000087f00000| Complete 
| 128|0x0000000088000000, 0x0000000088000000, 0x0000000088100000|  0%| F|  |TAMS 0x0000000088000000, 0x0000000088000000| Untracked 
| 129|0x0000000088100000, 0x0000000088100000, 0x0000000088200000|  0%| F|  |TAMS 0x0000000088100000, 0x0000000088100000| Untracked 
| 130|0x0000000088200000, 0x0000000088200000, 0x0000000088300000|  0%| F|  |TAMS 0x0000000088200000, 0x0000000088200000| Untracked 
| 131|0x0000000088300000, 0x0000000088300000, 0x0000000088400000|  0%| F|  |TAMS 0x0000000088300000, 0x0000000088300000| Untracked 
| 132|0x0000000088400000, 0x0000000088400000, 0x0000000088500000|  0%| F|  |TAMS 0x0000000088400000, 0x0000000088400000| Untracked 
| 133|0x0000000088500000, 0x0000000088500000, 0x0000000088600000|  0%| F|  |TAMS 0x0000000088500000, 0x0000000088500000| Untracked 
| 134|0x0000000088600000, 0x0000000088600000, 0x0000000088700000|  0%| F|  |TAMS 0x0000000088600000, 0x0000000088600000| Untracked 
| 135|0x0000000088700000, 0x0000000088700000, 0x0000000088800000|  0%| F|  |TAMS 0x0000000088700000, 0x0000000088700000| Untracked 
| 136|0x0000000088800000, 0x0000000088800000, 0x0000000088900000|  0%| F|  |TAMS 0x0000000088800000, 0x0000000088800000| Untracked 
| 137|0x0000000088900000, 0x0000000088900000, 0x0000000088a00000|  0%| F|  |TAMS 0x0000000088900000, 0x0000000088900000| Untracked 
| 138|0x0000000088a00000, 0x0000000088a00000, 0x0000000088b00000|  0%| F|  |TAMS 0x0000000088a00000, 0x0000000088a00000| Untracked 
| 139|0x0000000088b00000, 0x0000000088b00000, 0x0000000088c00000|  0%| F|  |TAMS 0x0000000088b00000, 0x0000000088b00000| Untracked 
| 140|0x0000000088c00000, 0x0000000088c00000, 0x0000000088d00000|  0%| F|  |TAMS 0x0000000088c00000, 0x0000000088c00000| Untracked 
| 141|0x0000000088d00000, 0x0000000088d00000, 0x0000000088e00000|  0%| F|  |TAMS 0x0000000088d00000, 0x0000000088d00000| Untracked 
| 142|0x0000000088e00000, 0x0000000088e00000, 0x0000000088f00000|  0%| F|  |TAMS 0x0000000088e00000, 0x0000000088e00000| Untracked 
| 143|0x0000000088f00000, 0x0000000088f00000, 0x0000000089000000|  0%| F|  |TAMS 0x0000000088f00000, 0x0000000088f00000| Untracked 
| 144|0x0000000089000000, 0x0000000089000000, 0x0000000089100000|  0%| F|  |TAMS 0x0000000089000000, 0x0000000089000000| Untracked 
| 145|0x0000000089100000, 0x0000000089100000, 0x0000000089200000|  0%| F|  |TAMS 0x0000000089100000, 0x0000000089100000| Untracked 
| 146|0x0000000089200000, 0x0000000089200000, 0x0000000089300000|  0%| F|  |TAMS 0x0000000089200000, 0x0000000089200000| Untracked 
| 147|0x0000000089300000, 0x0000000089300000, 0x0000000089400000|  0%| F|  |TAMS 0x0000000089300000, 0x0000000089300000| Untracked 
| 148|0x0000000089400000, 0x0000000089400000, 0x0000000089500000|  0%| F|  |TAMS 0x0000000089400000, 0x0000000089400000| Untracked 
| 149|0x0000000089500000, 0x0000000089500000, 0x0000000089600000|  0%| F|  |TAMS 0x0000000089500000, 0x0000000089500000| Untracked 
| 150|0x0000000089600000, 0x0000000089600000, 0x0000000089700000|  0%| F|  |TAMS 0x0000000089600000, 0x0000000089600000| Untracked 
| 151|0x0000000089700000, 0x0000000089700000, 0x0000000089800000|  0%| F|  |TAMS 0x0000000089700000, 0x0000000089700000| Untracked 
| 152|0x0000000089800000, 0x0000000089800000, 0x0000000089900000|  0%| F|  |TAMS 0x0000000089800000, 0x0000000089800000| Untracked 
| 153|0x0000000089900000, 0x0000000089900000, 0x0000000089a00000|  0%| F|  |TAMS 0x0000000089900000, 0x0000000089900000| Untracked 
| 154|0x0000000089a00000, 0x0000000089a00000, 0x0000000089b00000|  0%| F|  |TAMS 0x0000000089a00000, 0x0000000089a00000| Untracked 
| 155|0x0000000089b00000, 0x0000000089c00000, 0x0000000089c00000|100%| S|CS|TAMS 0x0000000089b00000, 0x0000000089b00000| Complete 
| 156|0x0000000089c00000, 0x0000000089d00000, 0x0000000089d00000|100%| S|CS|TAMS 0x0000000089c00000, 0x0000000089c00000| Complete 
| 157|0x0000000089d00000, 0x0000000089e00000, 0x0000000089e00000|100%| S|CS|TAMS 0x0000000089d00000, 0x0000000089d00000| Complete 
| 158|0x0000000089e00000, 0x0000000089f00000, 0x0000000089f00000|100%| S|CS|TAMS 0x0000000089e00000, 0x0000000089e00000| Complete 
| 159|0x0000000089f00000, 0x000000008a000000, 0x000000008a000000|100%| S|CS|TAMS 0x0000000089f00000, 0x0000000089f00000| Complete 
| 160|0x000000008a000000, 0x000000008a100000, 0x000000008a100000|100%| S|CS|TAMS 0x000000008a000000, 0x000000008a000000| Complete 
| 161|0x000000008a100000, 0x000000008a200000, 0x000000008a200000|100%| S|CS|TAMS 0x000000008a100000, 0x000000008a100000| Complete 
| 162|0x000000008a200000, 0x000000008a300000, 0x000000008a300000|100%| S|CS|TAMS 0x000000008a200000, 0x000000008a200000| Complete 
| 163|0x000000008a300000, 0x000000008a400000, 0x000000008a400000|100%| S|CS|TAMS 0x000000008a300000, 0x000000008a300000| Complete 
| 164|0x000000008a400000, 0x000000008a500000, 0x000000008a500000|100%| S|CS|TAMS 0x000000008a400000, 0x000000008a400000| Complete 
| 165|0x000000008a500000, 0x000000008a600000, 0x000000008a600000|100%| S|CS|TAMS 0x000000008a500000, 0x000000008a500000| Complete 
| 166|0x000000008a600000, 0x000000008a700000, 0x000000008a700000|100%| S|CS|TAMS 0x000000008a600000, 0x000000008a600000| Complete 
| 167|0x000000008a700000, 0x000000008a800000, 0x000000008a800000|100%| S|CS|TAMS 0x000000008a700000, 0x000000008a700000| Complete 
| 168|0x000000008a800000, 0x000000008a900000, 0x000000008a900000|100%| S|CS|TAMS 0x000000008a800000, 0x000000008a800000| Complete 
| 169|0x000000008a900000, 0x000000008aa00000, 0x000000008aa00000|100%| S|CS|TAMS 0x000000008a900000, 0x000000008a900000| Complete 
| 170|0x000000008aa00000, 0x000000008ab00000, 0x000000008ab00000|100%| S|CS|TAMS 0x000000008aa00000, 0x000000008aa00000| Complete 
| 171|0x000000008ab00000, 0x000000008ac00000, 0x000000008ac00000|100%| S|CS|TAMS 0x000000008ab00000, 0x000000008ab00000| Complete 
| 172|0x000000008ac00000, 0x000000008ac00000, 0x000000008ad00000|  0%| F|  |TAMS 0x000000008ac00000, 0x000000008ac00000| Untracked 
| 173|0x000000008ad00000, 0x000000008ad00000, 0x000000008ae00000|  0%| F|  |TAMS 0x000000008ad00000, 0x000000008ad00000| Untracked 
| 174|0x000000008ae00000, 0x000000008ae00000, 0x000000008af00000|  0%| F|  |TAMS 0x000000008ae00000, 0x000000008ae00000| Untracked 
| 175|0x000000008af00000, 0x000000008af00000, 0x000000008b000000|  0%| F|  |TAMS 0x000000008af00000, 0x000000008af00000| Untracked 
| 176|0x000000008b000000, 0x000000008b000000, 0x000000008b100000|  0%| F|  |TAMS 0x000000008b000000, 0x000000008b000000| Untracked 
| 177|0x000000008b100000, 0x000000008b100000, 0x000000008b200000|  0%| F|  |TAMS 0x000000008b100000, 0x000000008b100000| Untracked 
| 178|0x000000008b200000, 0x000000008b200000, 0x000000008b300000|  0%| F|  |TAMS 0x000000008b200000, 0x000000008b200000| Untracked 
| 179|0x000000008b300000, 0x000000008b300000, 0x000000008b400000|  0%| F|  |TAMS 0x000000008b300000, 0x000000008b300000| Untracked 
| 180|0x000000008b400000, 0x000000008b400000, 0x000000008b500000|  0%| F|  |TAMS 0x000000008b400000, 0x000000008b400000| Untracked 
| 181|0x000000008b500000, 0x000000008b500000, 0x000000008b600000|  0%| F|  |TAMS 0x000000008b500000, 0x000000008b500000| Untracked 
| 182|0x000000008b600000, 0x000000008b600000, 0x000000008b700000|  0%| F|  |TAMS 0x000000008b600000, 0x000000008b600000| Untracked 
| 183|0x000000008b700000, 0x000000008b700000, 0x000000008b800000|  0%| F|  |TAMS 0x000000008b700000, 0x000000008b700000| Untracked 
| 184|0x000000008b800000, 0x000000008b800000, 0x000000008b900000|  0%| F|  |TAMS 0x000000008b800000, 0x000000008b800000| Untracked 
| 185|0x000000008b900000, 0x000000008b900000, 0x000000008ba00000|  0%| F|  |TAMS 0x000000008b900000, 0x000000008b900000| Untracked 
| 186|0x000000008ba00000, 0x000000008ba00000, 0x000000008bb00000|  0%| F|  |TAMS 0x000000008ba00000, 0x000000008ba00000| Untracked 
| 187|0x000000008bb00000, 0x000000008bb00000, 0x000000008bc00000|  0%| F|  |TAMS 0x000000008bb00000, 0x000000008bb00000| Untracked 
| 188|0x000000008bc00000, 0x000000008bc00000, 0x000000008bd00000|  0%| F|  |TAMS 0x000000008bc00000, 0x000000008bc00000| Untracked 
| 189|0x000000008bd00000, 0x000000008bd00000, 0x000000008be00000|  0%| F|  |TAMS 0x000000008bd00000, 0x000000008bd00000| Untracked 
| 190|0x000000008be00000, 0x000000008be00000, 0x000000008bf00000|  0%| F|  |TAMS 0x000000008be00000, 0x000000008be00000| Untracked 
| 191|0x000000008bf00000, 0x000000008bf00000, 0x000000008c000000|  0%| F|  |TAMS 0x000000008bf00000, 0x000000008bf00000| Untracked 
| 192|0x000000008c000000, 0x000000008c000000, 0x000000008c100000|  0%| F|  |TAMS 0x000000008c000000, 0x000000008c000000| Untracked 
| 193|0x000000008c100000, 0x000000008c100000, 0x000000008c200000|  0%| F|  |TAMS 0x000000008c100000, 0x000000008c100000| Untracked 
| 194|0x000000008c200000, 0x000000008c200000, 0x000000008c300000|  0%| F|  |TAMS 0x000000008c200000, 0x000000008c200000| Untracked 
| 195|0x000000008c300000, 0x000000008c300000, 0x000000008c400000|  0%| F|  |TAMS 0x000000008c300000, 0x000000008c300000| Untracked 
| 196|0x000000008c400000, 0x000000008c400000, 0x000000008c500000|  0%| F|  |TAMS 0x000000008c400000, 0x000000008c400000| Untracked 
| 197|0x000000008c500000, 0x000000008c500000, 0x000000008c600000|  0%| F|  |TAMS 0x000000008c500000, 0x000000008c500000| Untracked 
| 198|0x000000008c600000, 0x000000008c600000, 0x000000008c700000|  0%| F|  |TAMS 0x000000008c600000, 0x000000008c600000| Untracked 
| 199|0x000000008c700000, 0x000000008c700000, 0x000000008c800000|  0%| F|  |TAMS 0x000000008c700000, 0x000000008c700000| Untracked 
| 200|0x000000008c800000, 0x000000008c800000, 0x000000008c900000|  0%| F|  |TAMS 0x000000008c800000, 0x000000008c800000| Untracked 
| 201|0x000000008c900000, 0x000000008c900000, 0x000000008ca00000|  0%| F|  |TAMS 0x000000008c900000, 0x000000008c900000| Untracked 
| 202|0x000000008ca00000, 0x000000008ca00000, 0x000000008cb00000|  0%| F|  |TAMS 0x000000008ca00000, 0x000000008ca00000| Untracked 
| 203|0x000000008cb00000, 0x000000008cb00000, 0x000000008cc00000|  0%| F|  |TAMS 0x000000008cb00000, 0x000000008cb00000| Untracked 
| 204|0x000000008cc00000, 0x000000008cc00000, 0x000000008cd00000|  0%| F|  |TAMS 0x000000008cc00000, 0x000000008cc00000| Untracked 
| 205|0x000000008cd00000, 0x000000008cd00000, 0x000000008ce00000|  0%| F|  |TAMS 0x000000008cd00000, 0x000000008cd00000| Untracked 
| 206|0x000000008ce00000, 0x000000008ce00000, 0x000000008cf00000|  0%| F|  |TAMS 0x000000008ce00000, 0x000000008ce00000| Untracked 
| 207|0x000000008cf00000, 0x000000008cf00000, 0x000000008d000000|  0%| F|  |TAMS 0x000000008cf00000, 0x000000008cf00000| Untracked 
| 208|0x000000008d000000, 0x000000008d000000, 0x000000008d100000|  0%| F|  |TAMS 0x000000008d000000, 0x000000008d000000| Untracked 
| 209|0x000000008d100000, 0x000000008d100000, 0x000000008d200000|  0%| F|  |TAMS 0x000000008d100000, 0x000000008d100000| Untracked 
| 210|0x000000008d200000, 0x000000008d200000, 0x000000008d300000|  0%| F|  |TAMS 0x000000008d200000, 0x000000008d200000| Untracked 
| 211|0x000000008d300000, 0x000000008d300000, 0x000000008d400000|  0%| F|  |TAMS 0x000000008d300000, 0x000000008d300000| Untracked 
| 212|0x000000008d400000, 0x000000008d400000, 0x000000008d500000|  0%| F|  |TAMS 0x000000008d400000, 0x000000008d400000| Untracked 
| 213|0x000000008d500000, 0x000000008d500000, 0x000000008d600000|  0%| F|  |TAMS 0x000000008d500000, 0x000000008d500000| Untracked 
| 214|0x000000008d600000, 0x000000008d600000, 0x000000008d700000|  0%| F|  |TAMS 0x000000008d600000, 0x000000008d600000| Untracked 
| 215|0x000000008d700000, 0x000000008d700000, 0x000000008d800000|  0%| F|  |TAMS 0x000000008d700000, 0x000000008d700000| Untracked 
| 216|0x000000008d800000, 0x000000008d800000, 0x000000008d900000|  0%| F|  |TAMS 0x000000008d800000, 0x000000008d800000| Untracked 
| 217|0x000000008d900000, 0x000000008d900000, 0x000000008da00000|  0%| F|  |TAMS 0x000000008d900000, 0x000000008d900000| Untracked 
| 218|0x000000008da00000, 0x000000008da00000, 0x000000008db00000|  0%| F|  |TAMS 0x000000008da00000, 0x000000008da00000| Untracked 
| 219|0x000000008db00000, 0x000000008db00000, 0x000000008dc00000|  0%| F|  |TAMS 0x000000008db00000, 0x000000008db00000| Untracked 
| 220|0x000000008dc00000, 0x000000008dc00000, 0x000000008dd00000|  0%| F|  |TAMS 0x000000008dc00000, 0x000000008dc00000| Untracked 
| 221|0x000000008dd00000, 0x000000008dd00000, 0x000000008de00000|  0%| F|  |TAMS 0x000000008dd00000, 0x000000008dd00000| Untracked 
| 222|0x000000008de00000, 0x000000008de00000, 0x000000008df00000|  0%| F|  |TAMS 0x000000008de00000, 0x000000008de00000| Untracked 
| 223|0x000000008df00000, 0x000000008df00000, 0x000000008e000000|  0%| F|  |TAMS 0x000000008df00000, 0x000000008df00000| Untracked 
| 224|0x000000008e000000, 0x000000008e000000, 0x000000008e100000|  0%| F|  |TAMS 0x000000008e000000, 0x000000008e000000| Untracked 
| 225|0x000000008e100000, 0x000000008e100000, 0x000000008e200000|  0%| F|  |TAMS 0x000000008e100000, 0x000000008e100000| Untracked 
| 226|0x000000008e200000, 0x000000008e200000, 0x000000008e300000|  0%| F|  |TAMS 0x000000008e200000, 0x000000008e200000| Untracked 
| 227|0x000000008e300000, 0x000000008e300000, 0x000000008e400000|  0%| F|  |TAMS 0x000000008e300000, 0x000000008e300000| Untracked 
| 228|0x000000008e400000, 0x000000008e400000, 0x000000008e500000|  0%| F|  |TAMS 0x000000008e400000, 0x000000008e400000| Untracked 
| 229|0x000000008e500000, 0x000000008e500000, 0x000000008e600000|  0%| F|  |TAMS 0x000000008e500000, 0x000000008e500000| Untracked 
| 230|0x000000008e600000, 0x000000008e600000, 0x000000008e700000|  0%| F|  |TAMS 0x000000008e600000, 0x000000008e600000| Untracked 
| 231|0x000000008e700000, 0x000000008e700000, 0x000000008e800000|  0%| F|  |TAMS 0x000000008e700000, 0x000000008e700000| Untracked 
| 232|0x000000008e800000, 0x000000008e800000, 0x000000008e900000|  0%| F|  |TAMS 0x000000008e800000, 0x000000008e800000| Untracked 
| 233|0x000000008e900000, 0x000000008e900000, 0x000000008ea00000|  0%| F|  |TAMS 0x000000008e900000, 0x000000008e900000| Untracked 
| 234|0x000000008ea00000, 0x000000008ea00000, 0x000000008eb00000|  0%| F|  |TAMS 0x000000008ea00000, 0x000000008ea00000| Untracked 
| 235|0x000000008eb00000, 0x000000008eb493a8, 0x000000008ec00000| 28%| E|  |TAMS 0x000000008eb00000, 0x000000008eb00000| Complete 
| 236|0x000000008ec00000, 0x000000008ed00000, 0x000000008ed00000|100%| E|CS|TAMS 0x000000008ec00000, 0x000000008ec00000| Complete 
| 237|0x000000008ed00000, 0x000000008ee00000, 0x000000008ee00000|100%| E|CS|TAMS 0x000000008ed00000, 0x000000008ed00000| Complete 
| 238|0x000000008ee00000, 0x000000008ef00000, 0x000000008ef00000|100%| E|CS|TAMS 0x000000008ee00000, 0x000000008ee00000| Complete 
| 239|0x000000008ef00000, 0x000000008f000000, 0x000000008f000000|100%| E|CS|TAMS 0x000000008ef00000, 0x000000008ef00000| Complete 
| 240|0x000000008f000000, 0x000000008f100000, 0x000000008f100000|100%| E|CS|TAMS 0x000000008f000000, 0x000000008f000000| Complete 
| 241|0x000000008f100000, 0x000000008f200000, 0x000000008f200000|100%| E|CS|TAMS 0x000000008f100000, 0x000000008f100000| Complete 
| 242|0x000000008f200000, 0x000000008f300000, 0x000000008f300000|100%| E|CS|TAMS 0x000000008f200000, 0x000000008f200000| Complete 
| 243|0x000000008f300000, 0x000000008f400000, 0x000000008f400000|100%| E|CS|TAMS 0x000000008f300000, 0x000000008f300000| Complete 
| 244|0x000000008f400000, 0x000000008f500000, 0x000000008f500000|100%| E|CS|TAMS 0x000000008f400000, 0x000000008f400000| Complete 
| 245|0x000000008f500000, 0x000000008f600000, 0x000000008f600000|100%| E|CS|TAMS 0x000000008f500000, 0x000000008f500000| Complete 
| 246|0x000000008f600000, 0x000000008f700000, 0x000000008f700000|100%| E|CS|TAMS 0x000000008f600000, 0x000000008f600000| Complete 
| 247|0x000000008f700000, 0x000000008f800000, 0x000000008f800000|100%| E|CS|TAMS 0x000000008f700000, 0x000000008f700000| Complete 
| 248|0x000000008f800000, 0x000000008f900000, 0x000000008f900000|100%| E|CS|TAMS 0x000000008f800000, 0x000000008f800000| Complete 
| 249|0x000000008f900000, 0x000000008fa00000, 0x000000008fa00000|100%| E|CS|TAMS 0x000000008f900000, 0x000000008f900000| Complete 
| 250|0x000000008fa00000, 0x000000008fb00000, 0x000000008fb00000|100%| E|CS|TAMS 0x000000008fa00000, 0x000000008fa00000| Complete 
| 251|0x000000008fb00000, 0x000000008fc00000, 0x000000008fc00000|100%| E|CS|TAMS 0x000000008fb00000, 0x000000008fb00000| Complete 
| 252|0x000000008fc00000, 0x000000008fd00000, 0x000000008fd00000|100%| E|CS|TAMS 0x000000008fc00000, 0x000000008fc00000| Complete 
| 253|0x000000008fd00000, 0x000000008fe00000, 0x000000008fe00000|100%| E|CS|TAMS 0x000000008fd00000, 0x000000008fd00000| Complete 
| 254|0x000000008fe00000, 0x000000008ff00000, 0x000000008ff00000|100%| E|CS|TAMS 0x000000008fe00000, 0x000000008fe00000| Complete 
| 255|0x000000008ff00000, 0x000000008fffffd0, 0x0000000090000000| 99%| E|  |TAMS 0x000000008ff00000, 0x000000008ff00000| Complete 
| 256|0x0000000090000000, 0x0000000090100000, 0x0000000090100000|100%| E|CS|TAMS 0x0000000090000000, 0x0000000090000000| Complete 
| 257|0x0000000090100000, 0x0000000090200000, 0x0000000090200000|100%| E|CS|TAMS 0x0000000090100000, 0x0000000090100000| Complete 
| 258|0x0000000090200000, 0x0000000090300000, 0x0000000090300000|100%| E|CS|TAMS 0x0000000090200000, 0x0000000090200000| Complete 
| 259|0x0000000090300000, 0x0000000090400000, 0x0000000090400000|100%| E|CS|TAMS 0x0000000090300000, 0x0000000090300000| Complete 
| 260|0x0000000090400000, 0x0000000090500000, 0x0000000090500000|100%| E|CS|TAMS 0x0000000090400000, 0x0000000090400000| Complete 
| 261|0x0000000090500000, 0x0000000090600000, 0x0000000090600000|100%| E|CS|TAMS 0x0000000090500000, 0x0000000090500000| Complete 
| 262|0x0000000090600000, 0x0000000090700000, 0x0000000090700000|100%| E|CS|TAMS 0x0000000090600000, 0x0000000090600000| Complete 
| 263|0x0000000090700000, 0x0000000090800000, 0x0000000090800000|100%| E|CS|TAMS 0x0000000090700000, 0x0000000090700000| Complete 
| 264|0x0000000090800000, 0x0000000090900000, 0x0000000090900000|100%| E|CS|TAMS 0x0000000090800000, 0x0000000090800000| Complete 
| 265|0x0000000090900000, 0x0000000090a00000, 0x0000000090a00000|100%| E|CS|TAMS 0x0000000090900000, 0x0000000090900000| Complete 
| 266|0x0000000090a00000, 0x0000000090b00000, 0x0000000090b00000|100%| E|CS|TAMS 0x0000000090a00000, 0x0000000090a00000| Complete 
| 267|0x0000000090b00000, 0x0000000090c00000, 0x0000000090c00000|100%| E|CS|TAMS 0x0000000090b00000, 0x0000000090b00000| Complete 
| 268|0x0000000090c00000, 0x0000000090d00000, 0x0000000090d00000|100%| E|CS|TAMS 0x0000000090c00000, 0x0000000090c00000| Complete 
| 269|0x0000000090d00000, 0x0000000090e00000, 0x0000000090e00000|100%| E|CS|TAMS 0x0000000090d00000, 0x0000000090d00000| Complete 
| 270|0x0000000090e00000, 0x0000000090f00000, 0x0000000090f00000|100%| E|CS|TAMS 0x0000000090e00000, 0x0000000090e00000| Complete 
| 271|0x0000000090f00000, 0x0000000091000000, 0x0000000091000000|100%| E|CS|TAMS 0x0000000090f00000, 0x0000000090f00000| Complete 
| 272|0x0000000091000000, 0x0000000091100000, 0x0000000091100000|100%| E|CS|TAMS 0x0000000091000000, 0x0000000091000000| Complete 
| 273|0x0000000091100000, 0x0000000091200000, 0x0000000091200000|100%| E|CS|TAMS 0x0000000091100000, 0x0000000091100000| Complete 
| 274|0x0000000091200000, 0x0000000091300000, 0x0000000091300000|100%| E|CS|TAMS 0x0000000091200000, 0x0000000091200000| Complete 
| 275|0x0000000091300000, 0x0000000091400000, 0x0000000091400000|100%| E|CS|TAMS 0x0000000091300000, 0x0000000091300000| Complete 
| 276|0x0000000091400000, 0x0000000091500000, 0x0000000091500000|100%| E|CS|TAMS 0x0000000091400000, 0x0000000091400000| Complete 
| 277|0x0000000091500000, 0x0000000091600000, 0x0000000091600000|100%| E|CS|TAMS 0x0000000091500000, 0x0000000091500000| Complete 
| 278|0x0000000091600000, 0x0000000091700000, 0x0000000091700000|100%| E|CS|TAMS 0x0000000091600000, 0x0000000091600000| Complete 
| 279|0x0000000091700000, 0x0000000091800000, 0x0000000091800000|100%| E|CS|TAMS 0x0000000091700000, 0x0000000091700000| Complete 
| 280|0x0000000091800000, 0x0000000091900000, 0x0000000091900000|100%| E|CS|TAMS 0x0000000091800000, 0x0000000091800000| Complete 
| 281|0x0000000091900000, 0x0000000091a00000, 0x0000000091a00000|100%| E|CS|TAMS 0x0000000091900000, 0x0000000091900000| Complete 
| 282|0x0000000091a00000, 0x0000000091b00000, 0x0000000091b00000|100%| E|CS|TAMS 0x0000000091a00000, 0x0000000091a00000| Complete 
| 283|0x0000000091b00000, 0x0000000091c00000, 0x0000000091c00000|100%| E|CS|TAMS 0x0000000091b00000, 0x0000000091b00000| Complete 
| 284|0x0000000091c00000, 0x0000000091d00000, 0x0000000091d00000|100%| E|CS|TAMS 0x0000000091c00000, 0x0000000091c00000| Complete 
| 285|0x0000000091d00000, 0x0000000091e00000, 0x0000000091e00000|100%| E|CS|TAMS 0x0000000091d00000, 0x0000000091d00000| Complete 
| 286|0x0000000091e00000, 0x0000000091f00000, 0x0000000091f00000|100%| E|CS|TAMS 0x0000000091e00000, 0x0000000091e00000| Complete 
| 287|0x0000000091f00000, 0x0000000092000000, 0x0000000092000000|100%| E|CS|TAMS 0x0000000091f00000, 0x0000000091f00000| Complete 
| 288|0x0000000092000000, 0x0000000092100000, 0x0000000092100000|100%| E|CS|TAMS 0x0000000092000000, 0x0000000092000000| Complete 
| 289|0x0000000092100000, 0x0000000092200000, 0x0000000092200000|100%| E|CS|TAMS 0x0000000092100000, 0x0000000092100000| Complete 
| 290|0x0000000092200000, 0x0000000092300000, 0x0000000092300000|100%| E|CS|TAMS 0x0000000092200000, 0x0000000092200000| Complete 
| 291|0x0000000092300000, 0x0000000092400000, 0x0000000092400000|100%| E|CS|TAMS 0x0000000092300000, 0x0000000092300000| Complete 
| 292|0x0000000092400000, 0x0000000092500000, 0x0000000092500000|100%| E|CS|TAMS 0x0000000092400000, 0x0000000092400000| Complete 
| 293|0x0000000092500000, 0x0000000092600000, 0x0000000092600000|100%| E|CS|TAMS 0x0000000092500000, 0x0000000092500000| Complete 
| 294|0x0000000092600000, 0x0000000092700000, 0x0000000092700000|100%| E|CS|TAMS 0x0000000092600000, 0x0000000092600000| Complete 
| 295|0x0000000092700000, 0x0000000092800000, 0x0000000092800000|100%| E|CS|TAMS 0x0000000092700000, 0x0000000092700000| Complete 
| 296|0x0000000092800000, 0x0000000092900000, 0x0000000092900000|100%| E|CS|TAMS 0x0000000092800000, 0x0000000092800000| Complete 
| 297|0x0000000092900000, 0x0000000092a00000, 0x0000000092a00000|100%| E|CS|TAMS 0x0000000092900000, 0x0000000092900000| Complete 
| 298|0x0000000092a00000, 0x0000000092b00000, 0x0000000092b00000|100%| E|CS|TAMS 0x0000000092a00000, 0x0000000092a00000| Complete 
| 299|0x0000000092b00000, 0x0000000092c00000, 0x0000000092c00000|100%| E|CS|TAMS 0x0000000092b00000, 0x0000000092b00000| Complete 
| 300|0x0000000092c00000, 0x0000000092d00000, 0x0000000092d00000|100%| E|CS|TAMS 0x0000000092c00000, 0x0000000092c00000| Complete 
| 301|0x0000000092d00000, 0x0000000092e00000, 0x0000000092e00000|100%| E|CS|TAMS 0x0000000092d00000, 0x0000000092d00000| Complete 
| 302|0x0000000092e00000, 0x0000000092f00000, 0x0000000092f00000|100%| E|CS|TAMS 0x0000000092e00000, 0x0000000092e00000| Complete 
| 303|0x0000000092f00000, 0x0000000093000000, 0x0000000093000000|100%| E|CS|TAMS 0x0000000092f00000, 0x0000000092f00000| Complete 
| 304|0x0000000093000000, 0x0000000093100000, 0x0000000093100000|100%| E|CS|TAMS 0x0000000093000000, 0x0000000093000000| Complete 
| 305|0x0000000093100000, 0x0000000093200000, 0x0000000093200000|100%| E|CS|TAMS 0x0000000093100000, 0x0000000093100000| Complete 
| 306|0x0000000093200000, 0x0000000093300000, 0x0000000093300000|100%| E|CS|TAMS 0x0000000093200000, 0x0000000093200000| Complete 
| 307|0x0000000093300000, 0x0000000093400000, 0x0000000093400000|100%| E|CS|TAMS 0x0000000093300000, 0x0000000093300000| Complete 
| 308|0x0000000093400000, 0x0000000093500000, 0x0000000093500000|100%| E|CS|TAMS 0x0000000093400000, 0x0000000093400000| Complete 
| 309|0x0000000093500000, 0x0000000093600000, 0x0000000093600000|100%| E|CS|TAMS 0x0000000093500000, 0x0000000093500000| Complete 
| 310|0x0000000093600000, 0x0000000093700000, 0x0000000093700000|100%| E|CS|TAMS 0x0000000093600000, 0x0000000093600000| Complete 
| 311|0x0000000093700000, 0x0000000093800000, 0x0000000093800000|100%| E|CS|TAMS 0x0000000093700000, 0x0000000093700000| Complete 
| 312|0x0000000093800000, 0x0000000093900000, 0x0000000093900000|100%| E|CS|TAMS 0x0000000093800000, 0x0000000093800000| Complete 
| 313|0x0000000093900000, 0x0000000093a00000, 0x0000000093a00000|100%| E|CS|TAMS 0x0000000093900000, 0x0000000093900000| Complete 
| 314|0x0000000093a00000, 0x0000000093b00000, 0x0000000093b00000|100%| E|CS|TAMS 0x0000000093a00000, 0x0000000093a00000| Complete 
| 315|0x0000000093b00000, 0x0000000093c00000, 0x0000000093c00000|100%| E|CS|TAMS 0x0000000093b00000, 0x0000000093b00000| Complete 
| 419|0x000000009a300000, 0x000000009a400000, 0x000000009a400000|100%| E|CS|TAMS 0x000000009a300000, 0x000000009a300000| Complete 
| 420|0x000000009a400000, 0x000000009a500000, 0x000000009a500000|100%| E|CS|TAMS 0x000000009a400000, 0x000000009a400000| Complete 
| 421|0x000000009a500000, 0x000000009a600000, 0x000000009a600000|100%| E|CS|TAMS 0x000000009a500000, 0x000000009a500000| Complete 
| 422|0x000000009a600000, 0x000000009a700000, 0x000000009a700000|100%| E|CS|TAMS 0x000000009a600000, 0x000000009a600000| Complete 

Card table byte_map: [0x0000021b76d00000,0x0000021b77100000] _byte_map_base: 0x0000021b76900000

Marking Bits (Prev, Next): (CMBitMap*) 0x0000021b5fc6c5c0, (CMBitMap*) 0x0000021b5fc6c600
 Prev Bits: [0x0000021b77500000, 0x0000021b79500000)
 Next Bits: [0x0000021b79500000, 0x0000021b7b500000)

Polling page: 0x0000021b5dc40000

Metaspace:

Usage:
  Non-class:     95.91 MB used.
      Class:     15.01 MB used.
       Both:    110.91 MB used.

Virtual space:
  Non-class space:      104.00 MB reserved,      96.75 MB ( 93%) committed,  13 nodes.
      Class space:        1.00 GB reserved,      15.88 MB (  2%) committed,  1 nodes.
              Both:        1.10 GB reserved,     112.62 MB ( 10%) committed. 

Chunk freelists:
   Non-Class:  2.33 MB
       Class:  4.00 MB
        Both:  6.32 MB

MaxMetaspaceSize: 17179869184.00 GB
CompressedClassSpaceSize: 1.00 GB
 - commit_granule_bytes: 65536.
 - commit_granule_words: 8192.
 - virtual_space_node_default_size: 1048576.
 - enlarge_chunks_in_place: 1.
 - new_chunks_are_fully_committed: 0.
 - uncommit_free_chunks: 1.
 - use_allocation_guard: 0.
 - handle_deallocations: 1.


Internal statistics:

num_allocs_failed_limit: 6.
num_arena_births: 3210.
num_arena_deaths: 156.
num_vsnodes_births: 14.
num_vsnodes_deaths: 0.
num_space_committed: 1801.
num_space_uncommitted: 0.
num_chunks_returned_to_freelist: 230.
num_chunks_taken_from_freelist: 8430.
num_chunk_merges: 97.
num_chunk_splits: 5018.
num_chunks_enlarged: 2598.
num_purges: 6.

CodeHeap 'non-profiled nmethods': size=120000Kb used=18018Kb max_used=18050Kb free=101981Kb
 bounds [0x0000021b6ee80000, 0x0000021b70030000, 0x0000021b763b0000]
CodeHeap 'profiled nmethods': size=120000Kb used=42201Kb max_used=42227Kb free=77798Kb
 bounds [0x0000021b67950000, 0x0000021b6a290000, 0x0000021b6ee80000]
CodeHeap 'non-nmethods': size=5760Kb used=2463Kb max_used=2586Kb free=3296Kb
 bounds [0x0000021b673b0000, 0x0000021b67660000, 0x0000021b67950000]
 total_blobs=22297 nmethods=21303 adapters=905
 compilation: enabled
              stopped_count=0, restarted_count=0
 full_count=0

Compilation events (20 events):
Event: 1666.679 Thread 0x0000021b7e17c2d0 25794       1       org.gradle.internal.watch.registry.impl.WatchedHierarchies::getWatchedRoots (5 bytes)
Event: 1666.680 Thread 0x0000021b7e17c2d0 nmethod 25794 0x0000021b6fb74410 code [0x0000021b6fb745a0, 0x0000021b6fb74678]
Event: 1666.688 Thread 0x0000021b7e17c2d0 25795       1       org.gradle.api.internal.artifacts.ivyservice.modulecache.FileStoreAndIndexProvider::getExternalResourceFileStore (5 bytes)
Event: 1666.688 Thread 0x0000021b7e17c2d0 nmethod 25795 0x0000021b6fb74110 code [0x0000021b6fb742a0, 0x0000021b6fb74378]
Event: 1666.688 Thread 0x0000021b7e17b8d0 25796       4       java.lang.StackTraceElement::<init> (10 bytes)
Event: 1666.689 Thread 0x0000021b7e17b8d0 nmethod 25796 0x0000021b6fb73e10 code [0x0000021b6fb73f80, 0x0000021b6fb73ff8]
Event: 1666.689 Thread 0x0000021b7e17b8d0 25797  s!   4       java.lang.StackTraceElement::computeFormat (71 bytes)
Event: 1666.691 Thread 0x0000021b7e17b8d0 nmethod 25797 0x0000021b6fb73410 code [0x0000021b6fb735c0, 0x0000021b6fb73b98]
Event: 1666.692 Thread 0x0000021b7e17c2d0 25798       1       org.gradle.api.internal.project.DefaultProject::getChildProjects (5 bytes)
Event: 1666.692 Thread 0x0000021b7e17b8d0 25799       4       org.gradle.internal.event.DefaultListenerManager$ListenerDetails::startNotification (8 bytes)
Event: 1666.692 Thread 0x0000021b7e17c2d0 nmethod 25798 0x0000021b6fb73110 code [0x0000021b6fb732a0, 0x0000021b6fb73378]
Event: 1666.693 Thread 0x0000021b7e17c2d0 25801       3       org.gradle.api.internal.plugins.DefaultPluginManager$OperationDetails::getTargetType (11 bytes)
Event: 1666.693 Thread 0x0000021b7e17c2d0 nmethod 25801 0x0000021b68987890 code [0x0000021b68987a40, 0x0000021b68987c28]
Event: 1666.693 Thread 0x0000021b7e17c2d0 25802       3       org.gradle.api.internal.plugins.DefaultPluginManager$OperationDetails::getApplicationId (8 bytes)
Event: 1666.693 Thread 0x0000021b7e17c2d0 nmethod 25802 0x0000021b6898b910 code [0x0000021b6898baa0, 0x0000021b6898bbd8]
Event: 1666.693 Thread 0x0000021b7e17c2d0 25803       3       org.gradle.model.internal.registry.DefaultModelRegistry$ModelGoal::<init> (5 bytes)
Event: 1666.693 Thread 0x0000021b7e17c2d0 nmethod 25803 0x0000021b6898a290 code [0x0000021b6898a440, 0x0000021b6898a678]
Event: 1666.695 Thread 0x0000021b7e17b8d0 nmethod 25799 0x0000021b6fb72910 code [0x0000021b6fb72ac0, 0x0000021b6fb72ec8]
Event: 1666.695 Thread 0x0000021b7e17b8d0 25800       4       org.gradle.internal.event.DefaultListenerManager$ListenerDetails::endNotification (8 bytes)
Event: 1666.697 Thread 0x0000021b7e17b8d0 nmethod 25800 0x0000021b6fb72390 code [0x0000021b6fb72520, 0x0000021b6fb72728]

GC Heap History (20 events):
Event: 603.946 GC heap before
{Heap before GC invocations=82 (full 0):
 garbage-first heap   total 327680K, used 151485K [0x0000000080000000, 0x0000000100000000)
  region size 1024K, 68 young (69632K), 7 survivors (7168K)
 Metaspace       used 110625K, committed 111808K, reserved 1146880K
  class space    used 15066K, committed 15680K, reserved 1048576K
}
Event: 603.949 GC heap after
{Heap after GC invocations=83 (full 0):
 garbage-first heap   total 327680K, used 91120K [0x0000000080000000, 0x0000000100000000)
  region size 1024K, 7 young (7168K), 7 survivors (7168K)
 Metaspace       used 110625K, committed 111808K, reserved 1146880K
  class space    used 15066K, committed 15680K, reserved 1048576K
}
Event: 648.226 GC heap before
{Heap before GC invocations=84 (full 0):
 garbage-first heap   total 327680K, used 137200K [0x0000000080000000, 0x0000000100000000)
  region size 1024K, 46 young (47104K), 7 survivors (7168K)
 Metaspace       used 110740K, committed 111936K, reserved 1146880K
  class space    used 15066K, committed 15680K, reserved 1048576K
}
Event: 648.229 GC heap after
{Heap after GC invocations=85 (full 0):
 garbage-first heap   total 327680K, used 87498K [0x0000000080000000, 0x0000000100000000)
  region size 1024K, 6 young (6144K), 6 survivors (6144K)
 Metaspace       used 110740K, committed 111936K, reserved 1146880K
  class space    used 15066K, committed 15680K, reserved 1048576K
}
Event: 648.336 GC heap before
{Heap before GC invocations=86 (full 0):
 garbage-first heap   total 327680K, used 118218K [0x0000000080000000, 0x0000000100000000)
  region size 1024K, 36 young (36864K), 6 survivors (6144K)
 Metaspace       used 110762K, committed 112000K, reserved 1146880K
  class space    used 15066K, committed 15680K, reserved 1048576K
}
Event: 648.342 GC heap after
{Heap after GC invocations=87 (full 0):
 garbage-first heap   total 327680K, used 103816K [0x0000000080000000, 0x0000000100000000)
  region size 1024K, 22 young (22528K), 22 survivors (22528K)
 Metaspace       used 110762K, committed 112000K, reserved 1146880K
  class space    used 15066K, committed 15680K, reserved 1048576K
}
Event: 679.105 GC heap before
{Heap before GC invocations=88 (full 0):
 garbage-first heap   total 327680K, used 232840K [0x0000000080000000, 0x0000000100000000)
  region size 1024K, 126 young (129024K), 22 survivors (22528K)
 Metaspace       used 110962K, committed 112128K, reserved 1146880K
  class space    used 15067K, committed 15680K, reserved 1048576K
}
Event: 679.108 GC heap after
{Heap after GC invocations=89 (full 0):
 garbage-first heap   total 327680K, used 90080K [0x0000000080000000, 0x0000000100000000)
  region size 1024K, 7 young (7168K), 7 survivors (7168K)
 Metaspace       used 110962K, committed 112128K, reserved 1146880K
  class space    used 15067K, committed 15680K, reserved 1048576K
}
Event: 688.914 GC heap before
{Heap before GC invocations=89 (full 0):
 garbage-first heap   total 327680K, used 226272K [0x0000000080000000, 0x0000000100000000)
  region size 1024K, 129 young (132096K), 7 survivors (7168K)
 Metaspace       used 111173K, committed 112448K, reserved 1146880K
  class space    used 15067K, committed 15680K, reserved 1048576K
}
Event: 688.919 GC heap after
{Heap after GC invocations=90 (full 0):
 garbage-first heap   total 327680K, used 99646K [0x0000000080000000, 0x0000000100000000)
  region size 1024K, 12 young (12288K), 12 survivors (12288K)
 Metaspace       used 111173K, committed 112448K, reserved 1146880K
  class space    used 15067K, committed 15680K, reserved 1048576K
}
Event: 701.995 GC heap before
{Heap before GC invocations=90 (full 0):
 garbage-first heap   total 327680K, used 233790K [0x0000000080000000, 0x0000000100000000)
  region size 1024K, 134 young (137216K), 12 survivors (12288K)
 Metaspace       used 111400K, committed 112576K, reserved 1146880K
  class space    used 15068K, committed 15680K, reserved 1048576K
}
Event: 701.998 GC heap after
{Heap after GC invocations=91 (full 0):
 garbage-first heap   total 327680K, used 95367K [0x0000000080000000, 0x0000000100000000)
  region size 1024K, 7 young (7168K), 7 survivors (7168K)
 Metaspace       used 111400K, committed 112576K, reserved 1146880K
  class space    used 15068K, committed 15680K, reserved 1048576K
}
Event: 725.059 GC heap before
{Heap before GC invocations=91 (full 0):
 garbage-first heap   total 327680K, used 238727K [0x0000000080000000, 0x0000000100000000)
  region size 1024K, 140 young (143360K), 7 survivors (7168K)
 Metaspace       used 112683K, committed 114304K, reserved 1146880K
  class space    used 15295K, committed 16064K, reserved 1048576K
}
Event: 725.061 GC heap after
{Heap after GC invocations=92 (full 0):
 garbage-first heap   total 327680K, used 90886K [0x0000000080000000, 0x0000000100000000)
  region size 1024K, 5 young (5120K), 5 survivors (5120K)
 Metaspace       used 112683K, committed 114304K, reserved 1146880K
  class space    used 15295K, committed 16064K, reserved 1048576K
}
Event: 726.361 GC heap before
{Heap before GC invocations=92 (full 0):
 garbage-first heap   total 327680K, used 219910K [0x0000000080000000, 0x0000000100000000)
  region size 1024K, 110 young (112640K), 5 survivors (5120K)
 Metaspace       used 113093K, committed 114816K, reserved 1155072K
  class space    used 15360K, committed 16192K, reserved 1048576K
}
Event: 726.365 GC heap after
{Heap after GC invocations=93 (full 0):
 garbage-first heap   total 327680K, used 101560K [0x0000000080000000, 0x0000000100000000)
  region size 1024K, 9 young (9216K), 9 survivors (9216K)
 Metaspace       used 113093K, committed 114816K, reserved 1155072K
  class space    used 15360K, committed 16192K, reserved 1048576K
}
Event: 742.215 GC heap before
{Heap before GC invocations=93 (full 0):
 garbage-first heap   total 327680K, used 180408K [0x0000000080000000, 0x0000000100000000)
  region size 1024K, 72 young (73728K), 9 survivors (9216K)
 Metaspace       used 113196K, committed 114880K, reserved 1155072K
  class space    used 15362K, committed 16192K, reserved 1048576K
}
Event: 742.224 GC heap after
{Heap after GC invocations=94 (full 0):
 garbage-first heap   total 327680K, used 110939K [0x0000000080000000, 0x0000000100000000)
  region size 1024K, 19 young (19456K), 19 survivors (19456K)
 Metaspace       used 113196K, committed 114880K, reserved 1155072K
  class space    used 15362K, committed 16192K, reserved 1048576K
}
Event: 1636.808 GC heap before
{Heap before GC invocations=94 (full 0):
 garbage-first heap   total 327680K, used 255323K [0x0000000080000000, 0x0000000100000000)
  region size 1024K, 148 young (151552K), 19 survivors (19456K)
 Metaspace       used 113408K, committed 115072K, reserved 1155072K
  class space    used 15363K, committed 16192K, reserved 1048576K
}
Event: 1636.819 GC heap after
{Heap after GC invocations=95 (full 0):
 garbage-first heap   total 327680K, used 120888K [0x0000000080000000, 0x0000000100000000)
  region size 1024K, 17 young (17408K), 17 survivors (17408K)
 Metaspace       used 113408K, committed 115072K, reserved 1155072K
  class space    used 15363K, committed 16192K, reserved 1048576K
}

Deoptimization events (20 events):
Event: 1637.887 Thread 0x0000021b07ad94b0 DEOPT PACKING pc=0x0000021b67b40312 sp=0x000000d2d08fd4c0
Event: 1637.887 Thread 0x0000021b07ad94b0 DEOPT UNPACKING pc=0x0000021b673fdece sp=0x000000d2d08fca48 mode 0
Event: 1637.888 Thread 0x0000021b07ad94b0 Uncommon trap: trap_request=0xffffffbe fr.pc=0x0000021b6fc894d4 relative=0x0000000000000eb4
Event: 1637.888 Thread 0x0000021b07ad94b0 Uncommon trap: reason=profile_predicate action=maybe_recompile pc=0x0000021b6fc894d4 method=com.google.common.collect.RegularImmutableMap.fromEntryArray(I[Ljava/util/Map$Entry;)Lcom/google/common/collect/ImmutableMap; @ 56 c2
Event: 1637.888 Thread 0x0000021b07ad94b0 DEOPT PACKING pc=0x0000021b6fc894d4 sp=0x000000d2d08fd400
Event: 1637.888 Thread 0x0000021b07ad94b0 DEOPT UNPACKING pc=0x0000021b673fd72e sp=0x000000d2d08fd3b8 mode 2
Event: 1637.888 Thread 0x0000021b07ad94b0 Uncommon trap: trap_request=0xffffffbe fr.pc=0x0000021b6fc894d4 relative=0x0000000000000eb4
Event: 1637.888 Thread 0x0000021b07ad94b0 Uncommon trap: reason=profile_predicate action=maybe_recompile pc=0x0000021b6fc894d4 method=com.google.common.collect.RegularImmutableMap.fromEntryArray(I[Ljava/util/Map$Entry;)Lcom/google/common/collect/ImmutableMap; @ 56 c2
Event: 1637.888 Thread 0x0000021b07ad94b0 DEOPT PACKING pc=0x0000021b6fc894d4 sp=0x000000d2d08fd400
Event: 1637.888 Thread 0x0000021b07ad94b0 DEOPT UNPACKING pc=0x0000021b673fd72e sp=0x000000d2d08fd3b8 mode 2
Event: 1637.888 Thread 0x0000021b07ad94b0 Uncommon trap: trap_request=0xffffffbe fr.pc=0x0000021b6fc894d4 relative=0x0000000000000eb4
Event: 1637.888 Thread 0x0000021b07ad94b0 Uncommon trap: reason=profile_predicate action=maybe_recompile pc=0x0000021b6fc894d4 method=com.google.common.collect.RegularImmutableMap.fromEntryArray(I[Ljava/util/Map$Entry;)Lcom/google/common/collect/ImmutableMap; @ 56 c2
Event: 1637.888 Thread 0x0000021b07ad94b0 DEOPT PACKING pc=0x0000021b6fc894d4 sp=0x000000d2d08fd400
Event: 1637.888 Thread 0x0000021b07ad94b0 DEOPT UNPACKING pc=0x0000021b673fd72e sp=0x000000d2d08fd3b8 mode 2
Event: 1637.897 Thread 0x0000021b07ad94b0 DEOPT PACKING pc=0x0000021b67b40312 sp=0x000000d2d08fce30
Event: 1637.897 Thread 0x0000021b07ad94b0 DEOPT UNPACKING pc=0x0000021b673fdece sp=0x000000d2d08fc3b8 mode 0
Event: 1637.906 Thread 0x0000021b07ad94b0 DEOPT PACKING pc=0x0000021b67b40312 sp=0x000000d2d08fd490
Event: 1637.906 Thread 0x0000021b07ad94b0 DEOPT UNPACKING pc=0x0000021b673fdece sp=0x000000d2d08fca18 mode 0
Event: 1637.911 Thread 0x0000021b07ad94b0 DEOPT PACKING pc=0x0000021b67b403f6 sp=0x000000d2d08fd490
Event: 1637.911 Thread 0x0000021b07ad94b0 DEOPT UNPACKING pc=0x0000021b673fdece sp=0x000000d2d08fca18 mode 0

Classes unloaded (20 events):
Event: 475.480 Thread 0x0000021b7e1555f0 Unloading class 0x0000000801a28800 'java/lang/invoke/LambdaForm$DMH+0x0000000801a28800'
Event: 475.480 Thread 0x0000021b7e1555f0 Unloading class 0x0000000801a28400 'java/lang/invoke/LambdaForm$DMH+0x0000000801a28400'
Event: 475.480 Thread 0x0000021b7e1555f0 Unloading class 0x00000008019dec00 'java/lang/invoke/LambdaForm$MH+0x00000008019dec00'
Event: 475.480 Thread 0x0000021b7e1555f0 Unloading class 0x00000008019de800 'java/lang/invoke/LambdaForm$DMH+0x00000008019de800'
Event: 475.480 Thread 0x0000021b7e1555f0 Unloading class 0x00000008019ddc00 'java/lang/invoke/LambdaForm$MH+0x00000008019ddc00'
Event: 475.480 Thread 0x0000021b7e1555f0 Unloading class 0x00000008019dd400 'java/lang/invoke/LambdaForm$DMH+0x00000008019dd400'
Event: 475.480 Thread 0x0000021b7e1555f0 Unloading class 0x00000008019dd000 'java/lang/invoke/LambdaForm$DMH+0x00000008019dd000'
Event: 475.480 Thread 0x0000021b7e1555f0 Unloading class 0x00000008019dcc00 'java/lang/invoke/LambdaForm$DMH+0x00000008019dcc00'
Event: 475.480 Thread 0x0000021b7e1555f0 Unloading class 0x00000008019dc400 'java/lang/invoke/LambdaForm$DMH+0x00000008019dc400'
Event: 475.480 Thread 0x0000021b7e1555f0 Unloading class 0x00000008019a6c00 'java/lang/invoke/LambdaForm$DMH+0x00000008019a6c00'
Event: 475.480 Thread 0x0000021b7e1555f0 Unloading class 0x00000008019a6800 'java/lang/invoke/LambdaForm$DMH+0x00000008019a6800'
Event: 475.480 Thread 0x0000021b7e1555f0 Unloading class 0x00000008019a6400 'java/lang/invoke/LambdaForm$DMH+0x00000008019a6400'
Event: 475.480 Thread 0x0000021b7e1555f0 Unloading class 0x00000008019a6000 'java/lang/invoke/LambdaForm$DMH+0x00000008019a6000'
Event: 475.480 Thread 0x0000021b7e1555f0 Unloading class 0x00000008019a5c00 'java/lang/invoke/LambdaForm$DMH+0x00000008019a5c00'
Event: 475.480 Thread 0x0000021b7e1555f0 Unloading class 0x00000008019a5800 'java/lang/invoke/LambdaForm$DMH+0x00000008019a5800'
Event: 475.480 Thread 0x0000021b7e1555f0 Unloading class 0x00000008019a5400 'java/lang/invoke/LambdaForm$DMH+0x00000008019a5400'
Event: 475.480 Thread 0x0000021b7e1555f0 Unloading class 0x00000008019a5000 'java/lang/invoke/LambdaForm$DMH+0x00000008019a5000'
Event: 475.480 Thread 0x0000021b7e1555f0 Unloading class 0x00000008019a4c00 'java/lang/invoke/LambdaForm$DMH+0x00000008019a4c00'
Event: 475.480 Thread 0x0000021b7e1555f0 Unloading class 0x00000008019a4800 'java/lang/invoke/LambdaForm$DMH+0x00000008019a4800'
Event: 475.480 Thread 0x0000021b7e1555f0 Unloading class 0x00000008019a4400 'java/lang/invoke/LambdaForm$DMH+0x00000008019a4400'

Classes redefined (0 events):
No events

Internal exceptions (20 events):
Event: 726.258 Thread 0x0000021b0771e190 Exception <a 'sun/nio/fs/WindowsException'{0x000000008f8e0768}> (0x000000008f8e0768) 
thrown [t:\workspace\open\src\hotspot\share\prims\jni.cpp, line 579]
Event: 742.057 Thread 0x0000021b08dedf70 Exception <a 'sun/nio/fs/WindowsException'{0x0000000092cdc1d0}> (0x0000000092cdc1d0) 
thrown [t:\workspace\open\src\hotspot\share\prims\jni.cpp, line 579]
Event: 742.068 Thread 0x0000021b08dedf70 Exception <a 'java/lang/NoClassDefFoundError'{0x00000000929343e8}: org/jetbrains/kotlin/gradle/plugin/KotlinBasePluginWrapper> (0x00000000929343e8) 
thrown [t:\workspace\open\src\hotspot\share\oops\constantPool.cpp, line 809]
Event: 742.079 Thread 0x0000021b08dedf70 Exception <a 'sun/nio/fs/WindowsException'{0x00000000928381f8}> (0x00000000928381f8) 
thrown [t:\workspace\open\src\hotspot\share\prims\jni.cpp, line 579]
Event: 742.081 Thread 0x0000021b08dedf70 Exception <a 'sun/nio/fs/WindowsException'{0x00000000928cdfe0}> (0x00000000928cdfe0) 
thrown [t:\workspace\open\src\hotspot\share\prims\jni.cpp, line 579]
Event: 742.082 Thread 0x0000021b08dedf70 Exception <a 'sun/nio/fs/WindowsException'{0x00000000928cef90}> (0x00000000928cef90) 
thrown [t:\workspace\open\src\hotspot\share\prims\jni.cpp, line 579]
Event: 742.082 Thread 0x0000021b08dedf70 Exception <a 'sun/nio/fs/WindowsException'{0x00000000928cff90}> (0x00000000928cff90) 
thrown [t:\workspace\open\src\hotspot\share\prims\jni.cpp, line 579]
Event: 742.082 Thread 0x0000021b08dedf70 Exception <a 'sun/nio/fs/WindowsException'{0x00000000928d0f90}> (0x00000000928d0f90) 
thrown [t:\workspace\open\src\hotspot\share\prims\jni.cpp, line 579]
Event: 742.148 Thread 0x0000021b071fbd70 Implicit null exception at 0x0000021b6fede668 to 0x0000021b6fede6d4
Event: 743.244 Thread 0x0000021b08c68810 Exception <a 'sun/nio/fs/WindowsException'{0x00000000920d6568}> (0x00000000920d6568) 
thrown [t:\workspace\open\src\hotspot\share\prims\jni.cpp, line 579]
Event: 743.244 Thread 0x0000021b08c68810 Exception <a 'sun/nio/fs/WindowsException'{0x00000000920d6978}> (0x00000000920d6978) 
thrown [t:\workspace\open\src\hotspot\share\prims\jni.cpp, line 579]
Event: 1636.716 Thread 0x0000021b7f0d0e40 Exception <a 'sun/nio/fs/WindowsException'{0x000000008c64c700}> (0x000000008c64c700) 
thrown [t:\workspace\open\src\hotspot\share\prims\jni.cpp, line 579]
Event: 1636.727 Thread 0x0000021b7f0d0e40 Exception <a 'java/lang/NoClassDefFoundError'{0x000000008c4ab348}: org/jetbrains/kotlin/gradle/plugin/KotlinBasePluginWrapper> (0x000000008c4ab348) 
thrown [t:\workspace\open\src\hotspot\share\oops\constantPool.cpp, line 809]
Event: 1636.735 Thread 0x0000021b7f0d0e40 Exception <a 'sun/nio/fs/WindowsException'{0x000000008c36a2b0}> (0x000000008c36a2b0) 
thrown [t:\workspace\open\src\hotspot\share\prims\jni.cpp, line 579]
Event: 1636.738 Thread 0x0000021b7f0d0e40 Exception <a 'sun/nio/fs/WindowsException'{0x000000008c207f78}> (0x000000008c207f78) 
thrown [t:\workspace\open\src\hotspot\share\prims\jni.cpp, line 579]
Event: 1636.738 Thread 0x0000021b7f0d0e40 Exception <a 'sun/nio/fs/WindowsException'{0x000000008c208f28}> (0x000000008c208f28) 
thrown [t:\workspace\open\src\hotspot\share\prims\jni.cpp, line 579]
Event: 1636.738 Thread 0x0000021b7f0d0e40 Exception <a 'sun/nio/fs/WindowsException'{0x000000008c209f28}> (0x000000008c209f28) 
thrown [t:\workspace\open\src\hotspot\share\prims\jni.cpp, line 579]
Event: 1636.738 Thread 0x0000021b7f0d0e40 Exception <a 'sun/nio/fs/WindowsException'{0x000000008c20af28}> (0x000000008c20af28) 
thrown [t:\workspace\open\src\hotspot\share\prims\jni.cpp, line 579]
Event: 1637.914 Thread 0x0000021b07ad94b0 Exception <a 'sun/nio/fs/WindowsException'{0x00000000911f7288}> (0x00000000911f7288) 
thrown [t:\workspace\open\src\hotspot\share\prims\jni.cpp, line 579]
Event: 1637.914 Thread 0x0000021b07ad94b0 Exception <a 'sun/nio/fs/WindowsException'{0x00000000911f7698}> (0x00000000911f7698) 
thrown [t:\workspace\open\src\hotspot\share\prims\jni.cpp, line 579]

Events (20 events):
Event: 1643.094 Thread 0x0000021b0446e210 Thread exited: 0x0000021b0446e210
Event: 1666.670 Thread 0x0000021b071fb820 Thread added: 0x0000021b071fb820
Event: 1666.671 Thread 0x0000021b071fd2b0 Thread added: 0x0000021b071fd2b0
Event: 1666.673 Executing  VM operation: HandshakeAllThreads
Event: 1666.673 Executing  VM operation: HandshakeAllThreads done
Event: 1666.673 Thread 0x0000021b019f89d0 Thread added: 0x0000021b019f89d0
Event: 1666.674 Thread 0x0000021b019f8f20 Thread added: 0x0000021b019f8f20
Event: 1666.674 Thread 0x0000021b0ad73f50 Thread added: 0x0000021b0ad73f50
Event: 1666.676 Thread 0x0000021b0915eb00 Thread added: 0x0000021b0915eb00
Event: 1666.677 Thread 0x0000021b7e181030 flushing nmethod 0x0000021b6fb6a410
Event: 1666.683 Thread 0x0000021b09160040 Thread added: 0x0000021b09160040
Event: 1666.684 Thread 0x0000021b09161030 Thread added: 0x0000021b09161030
Event: 1666.686 Thread 0x0000021b0915cb20 Thread added: 0x0000021b0915cb20
Event: 1666.687 Thread 0x0000021b7e181030 flushing nmethod 0x0000021b688f0f90
Event: 1666.687 Thread 0x0000021b7e181030 flushing nmethod 0x0000021b68925e10
Event: 1666.687 Thread 0x0000021b7e181030 flushing nmethod 0x0000021b6893f490
Event: 1666.687 Thread 0x0000021b7e181030 flushing nmethod 0x0000021b68987890
Event: 1666.687 Thread 0x0000021b7e181030 flushing nmethod 0x0000021b68989c90
Event: 1666.687 Thread 0x0000021b7e181030 flushing nmethod 0x0000021b6898b910
Event: 1666.689 Thread 0x0000021b0915d070 Thread added: 0x0000021b0915d070


Dynamic libraries:
0x00007ff64c760000 - 0x00007ff64c770000 	F:\Java\jdk-16.0.1\bin\java.exe
0x00007ffbd04f0000 - 0x00007ffbd06e5000 	C:\Windows\SYSTEM32\ntdll.dll
0x00007ffbcfdf0000 - 0x00007ffbcfeae000 	C:\Windows\System32\KERNEL32.DLL
0x00007ffbce0d0000 - 0x00007ffbce398000 	C:\Windows\System32\KERNELBASE.dll
0x00007ffbce440000 - 0x00007ffbce540000 	C:\Windows\System32\ucrtbase.dll
0x00007ffba8d50000 - 0x00007ffba8d68000 	F:\Java\jdk-16.0.1\bin\jli.dll
0x00007ffba89a0000 - 0x00007ffba89b9000 	F:\Java\jdk-16.0.1\bin\VCRUNTIME140.dll
0x00007ffbcf980000 - 0x00007ffbcfa2c000 	C:\Windows\System32\ADVAPI32.dll
0x00007ffbcf5d0000 - 0x00007ffbcf66e000 	C:\Windows\System32\msvcrt.dll
0x00007ffbcfa30000 - 0x00007ffbcfacb000 	C:\Windows\System32\sechost.dll
0x00007ffbcf850000 - 0x00007ffbcf97a000 	C:\Windows\System32\RPCRT4.dll
0x00007ffbce9f0000 - 0x00007ffbceb91000 	C:\Windows\System32\USER32.dll
0x00007ffbcd010000 - 0x00007ffbcd2aa000 	C:\Windows\WinSxS\amd64_microsoft.windows.common-controls_6595b64144ccf1df_6.0.19041.1110_none_60b5254171f9507e\COMCTL32.dll
0x00007ffbcdfc0000 - 0x00007ffbcdfe2000 	C:\Windows\System32\win32u.dll
0x00007ffbcfb40000 - 0x00007ffbcfb6b000 	C:\Windows\System32\GDI32.dll
0x00007ffbcdeb0000 - 0x00007ffbcdfbb000 	C:\Windows\System32\gdi32full.dll
0x00007ffbce3a0000 - 0x00007ffbce43d000 	C:\Windows\System32\msvcp_win.dll
0x00007ffbc73e0000 - 0x00007ffbc73ea000 	C:\Windows\SYSTEM32\VERSION.dll
0x00007ffbce540000 - 0x00007ffbce570000 	C:\Windows\System32\IMM32.DLL
0x00007ffba8e00000 - 0x00007ffba8e0c000 	F:\Java\jdk-16.0.1\bin\vcruntime140_1.dll
0x00007ffb6fc10000 - 0x00007ffb6fca1000 	F:\Java\jdk-16.0.1\bin\msvcp140.dll
0x00007ffb65650000 - 0x00007ffb661fb000 	F:\Java\jdk-16.0.1\bin\server\jvm.dll
0x00007ffbcebb0000 - 0x00007ffbcebb8000 	C:\Windows\System32\PSAPI.DLL
0x00007ffbbf710000 - 0x00007ffbbf737000 	C:\Windows\SYSTEM32\WINMM.dll
0x00007ffbb6ea0000 - 0x00007ffbb6ea9000 	C:\Windows\SYSTEM32\WSOCK32.dll
0x00007ffbcfad0000 - 0x00007ffbcfb3b000 	C:\Windows\System32\WS2_32.dll
0x00007ffbcbe50000 - 0x00007ffbcbe62000 	C:\Windows\SYSTEM32\kernel.appcore.dll
0x00007ffba8200000 - 0x00007ffba820a000 	F:\Java\jdk-16.0.1\bin\jimage.dll
0x00007ffbcd490000 - 0x00007ffbcd674000 	C:\Windows\SYSTEM32\DBGHELP.DLL
0x00007ffbcd3e0000 - 0x00007ffbcd40c000 	C:\Windows\SYSTEM32\dbgcore.DLL
0x00007ffbcdcc0000 - 0x00007ffbcdd43000 	C:\Windows\System32\bcryptPrimitives.dll
0x00007ffb8b500000 - 0x00007ffb8b525000 	F:\Java\jdk-16.0.1\bin\java.dll
0x00007ffbcece0000 - 0x00007ffbcf41f000 	C:\Windows\System32\SHELL32.dll
0x00007ffbcb6c0000 - 0x00007ffbcbe50000 	C:\Windows\SYSTEM32\windows.storage.dll
0x00007ffbcff70000 - 0x00007ffbd02c5000 	C:\Windows\System32\combase.dll
0x00007ffbccf10000 - 0x00007ffbccf3e000 	C:\Windows\SYSTEM32\Wldp.dll
0x00007ffbd02d0000 - 0x00007ffbd037d000 	C:\Windows\System32\SHCORE.dll
0x00007ffbcfcb0000 - 0x00007ffbcfd05000 	C:\Windows\System32\shlwapi.dll
0x00007ffbcdb50000 - 0x00007ffbcdb6f000 	C:\Windows\SYSTEM32\profapi.dll
0x00007ffba7d30000 - 0x00007ffba7d49000 	F:\Java\jdk-16.0.1\bin\net.dll
0x00007ffbc3f70000 - 0x00007ffbc407c000 	C:\Windows\SYSTEM32\WINHTTP.dll
0x00007ffbccde0000 - 0x00007ffbcce4a000 	C:\Windows\system32\mswsock.dll
0x00007ffba46c0000 - 0x00007ffba46d3000 	F:\Java\jdk-16.0.1\bin\nio.dll
0x00007ffb910e0000 - 0x00007ffb910f8000 	F:\Java\jdk-16.0.1\bin\zip.dll
0x00007ffba7c10000 - 0x00007ffba7c20000 	F:\Java\jdk-16.0.1\bin\verify.dll
0x00007ffb91100000 - 0x00007ffb91127000 	C:\Users\cedricdev\.gradle\native\8bec1ad78214c89d9ad589b4d07fe93259594b29d510b10fafb7a158f7737e5d\windows-amd64\native-platform.dll
0x00007ffb6a4b0000 - 0x00007ffb6a5ed000 	C:\Users\cedricdev\.gradle\native\53dbd7edfb1c66fb8903c78663c9afc45aea4f116125fa6feffd364cf09443e8\windows-amd64\native-platform-file-events.dll
0x00007ffba5e80000 - 0x00007ffba5e89000 	F:\Java\jdk-16.0.1\bin\management.dll
0x00007ffba5020000 - 0x00007ffba502b000 	F:\Java\jdk-16.0.1\bin\management_ext.dll
0x00007ffbcd990000 - 0x00007ffbcd9a8000 	C:\Windows\SYSTEM32\CRYPTSP.dll
0x00007ffbcc610000 - 0x00007ffbcc644000 	C:\Windows\system32\rsaenh.dll
0x00007ffbcdff0000 - 0x00007ffbce017000 	C:\Windows\System32\bcrypt.dll
0x00007ffbcdad0000 - 0x00007ffbcdafe000 	C:\Windows\SYSTEM32\USERENV.dll
0x00007ffbcced0000 - 0x00007ffbccedc000 	C:\Windows\SYSTEM32\CRYPTBASE.dll
0x00007ffbcc960000 - 0x00007ffbcc99b000 	C:\Windows\SYSTEM32\IPHLPAPI.DLL
0x00007ffbceba0000 - 0x00007ffbceba8000 	C:\Windows\System32\NSI.dll
0x00007ffbc7e00000 - 0x00007ffbc7e17000 	C:\Windows\SYSTEM32\dhcpcsvc6.DLL
0x00007ffbc7d80000 - 0x00007ffbc7d9d000 	C:\Windows\SYSTEM32\dhcpcsvc.DLL
0x00007ffbcc9a0000 - 0x00007ffbcca6b000 	C:\Windows\SYSTEM32\DNSAPI.dll
0x00007ffba4fd0000 - 0x00007ffba4fde000 	F:\Java\jdk-16.0.1\bin\sunmscapi.dll
0x00007ffbcdd50000 - 0x00007ffbcdea6000 	C:\Windows\System32\CRYPT32.dll
0x00007ffbccfe0000 - 0x00007ffbcd007000 	C:\Windows\SYSTEM32\ncrypt.dll
0x00007ffbccfa0000 - 0x00007ffbccfdb000 	C:\Windows\SYSTEM32\NTASN1.dll
0x00007ffba4740000 - 0x00007ffba4747000 	C:\Windows\system32\wshunix.dll

dbghelp: loaded successfully - version: 4.0.5 - missing functions: none
symbol engine: initialized successfully - sym options: 0x614 - pdb path: .;F:\Java\jdk-16.0.1\bin;C:\Windows\SYSTEM32;C:\Windows\WinSxS\amd64_microsoft.windows.common-controls_6595b64144ccf1df_6.0.19041.1110_none_60b5254171f9507e;F:\Java\jdk-16.0.1\bin\server;C:\Users\cedricdev\.gradle\native\8bec1ad78214c89d9ad589b4d07fe93259594b29d510b10fafb7a158f7737e5d\windows-amd64;C:\Users\cedricdev\.gradle\native\53dbd7edfb1c66fb8903c78663c9afc45aea4f116125fa6feffd364cf09443e8\windows-amd64

VM Arguments:
jvm_args: --add-opens=java.base/java.util=ALL-UNNAMED --add-opens=java.base/java.lang=ALL-UNNAMED --add-opens=java.base/java.lang.invoke=ALL-UNNAMED --add-opens=java.base/java.util=ALL-UNNAMED --add-opens=java.prefs/java.util.prefs=ALL-UNNAMED --add-opens=java.prefs/java.util.prefs=ALL-UNNAMED --add-opens=java.base/java.nio.charset=ALL-UNNAMED --add-opens=java.base/java.net=ALL-UNNAMED --add-opens=java.base/java.util.concurrent.atomic=ALL-UNNAMED -Xmx2048m -Dfile.encoding=UTF-8 -Duser.country=PH -Duser.language=en -Duser.variant 
java_command: org.gradle.launcher.daemon.bootstrap.GradleDaemon 7.0.2
java_class_path (initial): C:\Users\cedricdev\.gradle\wrapper\dists\gradle-7.0.2-bin\857tjihv64xamwrf0h14cai3r\gradle-7.0.2\lib\gradle-launcher-7.0.2.jar
Launcher Type: SUN_STANDARD

[Global flags]
     intx CICompilerCount                          = 4                                         {product} {ergonomic}
     uint ConcGCThreads                            = 3                                         {product} {ergonomic}
     uint G1ConcRefinementThreads                  = 10                                        {product} {ergonomic}
   size_t G1HeapRegionSize                         = 1048576                                   {product} {ergonomic}
    uintx GCDrainStackTargetSize                   = 64                                        {product} {ergonomic}
   size_t InitialHeapSize                          = 268435456                                 {product} {ergonomic}
   size_t MarkStackSize                            = 4194304                                   {product} {ergonomic}
   size_t MaxHeapSize                              = 2147483648                                {product} {command line}
   size_t MaxNewSize                               = 1287651328                                {product} {ergonomic}
   size_t MinHeapDeltaBytes                        = 1048576                                   {product} {ergonomic}
   size_t MinHeapSize                              = 8388608                                   {product} {ergonomic}
    uintx NonNMethodCodeHeapSize                   = 5839372                                {pd product} {ergonomic}
    uintx NonProfiledCodeHeapSize                  = 122909434                              {pd product} {ergonomic}
    uintx ProfiledCodeHeapSize                     = 122909434                              {pd product} {ergonomic}
    uintx ReservedCodeCacheSize                    = 251658240                              {pd product} {ergonomic}
     bool SegmentedCodeCache                       = true                                      {product} {ergonomic}
   size_t SoftMaxHeapSize                          = 2147483648                             {manageable} {ergonomic}
     bool UseCompressedClassPointers               = true                           {product lp64_product} {ergonomic}
     bool UseCompressedOops                        = true                           {product lp64_product} {ergonomic}
     bool UseG1GC                                  = true                                      {product} {ergonomic}
     bool UseLargePagesIndividualAllocation        = false                                  {pd product} {ergonomic}

Logging:
Log output configuration:
 #0: stdout all=warning uptime,level,tags
 #1: stderr all=off uptime,level,tags

Environment Variables:
JAVA_HOME=F:\Java\jdk-16.0.1
PATH=C:\Program Files\Common Files\Oracle\Java\javapath;C:\Windows\system32;C:\Windows;C:\Windows\System32\Wbem;C:\Windows\System32\WindowsPowerShell\v1.0\;C:\Windows\System32\OpenSSH\;F:\Java\jdk-16.0.1\bin;F:\nodejs\;C:\Program Files\NVIDIA Corporation\NVIDIA NvDLISR;C:\Program Files (x86)\NVIDIA Corporation\PhysX\Common;C:\Program Files\dotnet\;C:\Program Files\Microsoft SQL Server\130\Tools\Binn\;C:\Program Files\Microsoft SQL Server\Client SDK\ODBC\170\Tools\Binn\;C:\Program Files\MySQL\MySQL Shell 8.0\bin\;C:\Users\cedricdev\AppData\Local\Microsoft\WindowsApps;F:\Microsoft VS Code\bin;C:\Users\cedricdev\AppData\Roaming\npm;F:\nodejs;C:\Users\cedricdev\.dotnet\tools
USERNAME=cedricdev
OS=Windows_NT
PROCESSOR_IDENTIFIER=AMD64 Family 23 Model 113 Stepping 0, AuthenticAMD



---------------  S Y S T E M  ---------------

OS:
 Windows 10 , 64 bit Build 19041 (10.0.19041.1348)
OS uptime: 0 days 3:59 hours

CPU: total 12 (initial active 12) (12 cores per cpu, 2 threads per core) family 23 model 113 stepping 0 microcode 0x0, cx8, cmov, fxsr, ht, mmx, 3dnowpref, sse, sse2, sse3, ssse3, sse4a, sse4.1, sse4.2, popcnt, lzcnt, tsc, tscinvbit, avx, avx2, aes, clmul, bmi1, bmi2, adx, sha, fma, vzeroupper, clflush, clflushopt

Memory: 4k page, system-wide physical 16315M (4826M free)
TotalPageFile size 24315M (AvailPageFile size 8050M)
current process WorkingSet (physical memory assigned to process): 666M, peak: 699M
current process commit charge ("private bytes"): 718M, peak: 768M

vm_info: Java HotSpot(TM) 64-Bit Server VM (16.0.1+9-24) for windows-amd64 JRE (16.0.1+9-24), built on Mar 26 2021 19:31:42 by "mach5one" with MS VC++ 16.7 (VS2019)

END.
