#
# A fatal error has been detected by the Java Runtime Environment:
#
#  EXCEPTION_ACCESS_VIOLATION (0xc0000005) at pc=0x00007fff6e05f211, pid=5944, tid=18176
#
# JRE version: Java(TM) SE Runtime Environment (16.0.1+9) (build 16.0.1+9-24)
# Java VM: Java HotSpot(TM) 64-Bit Server VM (16.0.1+9-24, mixed mode, sharing, tiered, compressed oops, compressed class ptrs, g1 gc, windows-amd64)
# Problematic frame:
# V  [jvm.dll+0x2ff211]
#
# No core dump will be written. Minidumps are not enabled by default on client versions of Windows
#
# If you would like to submit a bug report, please visit:
#   https://bugreport.java.com/bugreport/crash.jsp
#

---------------  S U M M A R Y ------------

Command Line: --add-opens=java.base/java.util=ALL-UNNAMED --add-opens=java.base/java.lang=ALL-UNNAMED --add-opens=java.base/java.lang.invoke=ALL-UNNAMED --add-opens=java.base/java.util=ALL-UNNAMED --add-opens=java.prefs/java.util.prefs=ALL-UNNAMED --add-opens=java.prefs/java.util.prefs=ALL-UNNAMED --add-opens=java.base/java.nio.charset=ALL-UNNAMED --add-opens=java.base/java.net=ALL-UNNAMED --add-opens=java.base/java.util.concurrent.atomic=ALL-UNNAMED -Xmx2048m -Dfile.encoding=UTF-8 -Duser.country=PH -Duser.language=en -Duser.variant org.gradle.launcher.daemon.bootstrap.GradleDaemon 7.0.2

Host: AMD Ryzen 5 3600 6-Core Processor              , 12 cores, 15G,  Windows 10 , 64 bit Build 19041 (10.0.19041.1348)
Time: Mon Dec  6 04:12:48 2021 China Standard Time elapsed time: 3383.186219 seconds (0d 0h 56m 23s)

---------------  T H R E A D  ---------------

Current thread (0x000001f12991c1e0):  GCTaskThread "GC Thread#6" [stack: 0x0000007d5d700000,0x0000007d5d800000] [id=18176]

Stack: [0x0000007d5d700000,0x0000007d5d800000],  sp=0x0000007d5d7ff0e0,  free space=1020k
Native frames: (J=compiled Java code, j=interpreted, Vv=VM code, C=native code)
V  [jvm.dll+0x2ff211]
V  [jvm.dll+0x2fedcb]
V  [jvm.dll+0x2d25c4]
V  [jvm.dll+0x2d2eca]
V  [jvm.dll+0x2d2fc7]
V  [jvm.dll+0x2d8aab]
V  [jvm.dll+0x7f844b]
V  [jvm.dll+0x779b4a]
V  [jvm.dll+0x667666]
C  [ucrtbase.dll+0x21bb2]
C  [KERNEL32.DLL+0x17034]
C  [ntdll.dll+0x52651]


siginfo: EXCEPTION_ACCESS_VIOLATION (0xc0000005), reading address 0x0000000000080000


Register to memory mapping:

RIP=0x00007fff6e05f211 jvm.dll
RAX=0x000001f1083a9100 points into unknown readable memory: 0x0000000000000000 | 00 00 00 00 00 00 00 00
RBX=0x000000008b56b871 points into unknown readable memory: 00 08 00 00 00 00 00
RCX=0x0 is NULL
RDX=0x0 is NULL
RSP=0x0000007d5d7ff0e0 points into unknown readable memory: 0x000000008de72f4a | 4a 2f e7 8d 00 00 00 00
RBP=0x0000000000001e7e is an unknown value
RSI=0x000000008b56b870 points into unknown readable memory: 0x0000000000080000 | 00 00 08 00 00 00 00 00
RDI=0x000001f12a794b40 points into unknown readable memory: 0x00007fff6e648918 | 18 89 64 6e ff 7f 00 00
R8 =0x0 is NULL
R9 =0x0000000000003f38 is an unknown value
R10=0x0000000000080000 is an unknown value
R11=0x0000000000000001 is an unknown value
R12=0x0000000000000002 is an unknown value
R13=0x0000007d5d7ff280 points into unknown readable memory: 0x00007fff6e641fd0 | d0 1f 64 6e ff 7f 00 00
R14=0x0 is NULL
R15=0x0 is NULL


Registers:
RAX=0x000001f1083a9100, RBX=0x000000008b56b871, RCX=0x0000000000000000, RDX=0x0000000000000000
RSP=0x0000007d5d7ff0e0, RBP=0x0000000000001e7e, RSI=0x000000008b56b870, RDI=0x000001f12a794b40
R8 =0x0000000000000000, R9 =0x0000000000003f38, R10=0x0000000000080000, R11=0x0000000000000001
R12=0x0000000000000002, R13=0x0000007d5d7ff280, R14=0x0000000000000000, R15=0x0000000000000000
RIP=0x00007fff6e05f211, EFLAGS=0x0000000000010246

Top of Stack: (sp=0x0000007d5d7ff0e0)
0x0000007d5d7ff0e0:   000000008de72f4a 0000000000001e7d
0x0000007d5d7ff0f0:   000001f108386490 0000000000000001
0x0000007d5d7ff100:   00001c0d00001e74 00001c0c00001e74
0x0000007d5d7ff110:   0000000000001e74 0000000000000002
0x0000007d5d7ff120:   000001f12a794b40 0000000000000002
0x0000007d5d7ff130:   000001f12a794b40 0000007d5b0feb00
0x0000007d5d7ff140:   000000008b70be70 000001f10623cf90
0x0000007d5d7ff150:   000001f12a794b40 00007fff6e05edcb
0x0000007d5d7ff160:   0000000000000001 000001f12a790001
0x0000007d5d7ff170:   000001f106230000 0000000000000001
0x0000007d5d7ff180:   0000007d5b0feb00 0000007d5d7ff200
0x0000007d5d7ff190:   0000000000000000 00007fff6e0325c4
0x0000007d5d7ff1a0:   000001f1276b0001 00007fff6e646308
0x0000007d5d7ff1b0:   000000008b70be71 00007fff00000001
0x0000007d5d7ff1c0:   000000000000000a 00007fff6e053977
0x0000007d5d7ff1d0:   0000000000000000 0000000000000000 

Instructions: (pc=0x00007fff6e05f211)
0x00007fff6e05f111:   0b fd ff ff 66 66 66 0f 1f 84 00 00 00 00 00 48
0x00007fff6e05f121:   8b 77 10 8b ae 80 00 00 00 8b cd 8b 86 00 01 00
0x00007fff6e05f131:   00 2b c8 81 e1 ff ff 01 00 41 3b ce 0f 86 16 03
0x00007fff6e05f141:   00 00 ff cd 81 e5 ff ff 01 00 89 ae 80 00 00 00
0x00007fff6e05f151:   e8 aa aa 35 00 8b 86 00 01 00 00 8b cd 48 8b 9e
0x00007fff6e05f161:   80 01 00 00 2b c8 81 e1 ff ff 01 00 8b d5 81 f9
0x00007fff6e05f171:   ff ff 01 00 48 8b 1c eb 41 0f 44 cf 85 c9 75 41
0x00007fff6e05f181:   48 8b 86 00 01 00 00 48 8b c8 48 89 44 24 28 48
0x00007fff6e05f191:   c1 e9 20 ff c1 89 6c 24 20 89 4c 24 24 3b e8 0f
0x00007fff6e05f1a1:   85 a1 02 00 00 48 c1 e1 20 48 0b ca f0 48 0f b1
0x00007fff6e05f1b1:   8e 00 01 00 00 0f 85 8b 02 00 00 8b 86 00 01 00
0x00007fff6e05f1c1:   00 f6 c3 01 0f 84 44 01 00 00 8b 0d 67 1e 77 00
0x00007fff6e05f1d1:   48 8d 73 ff 48 8b 47 08 44 8b 16 49 d3 e2 4c 03
0x00007fff6e05f1e1:   15 4a 1e 77 00 8b 88 78 05 00 00 49 8b d2 48 8b
0x00007fff6e05f1f1:   80 68 05 00 00 48 d3 ea 0f b7 0c 50 66 89 8c 24
0x00007fff6e05f201:   90 00 00 00 66 c1 e9 08 84 c9 0f 88 0f ff ff ff
0x00007fff6e05f211:   4d 8b 02 41 0f b6 c0 24 03 3c 03 75 1e 44 38 3d
0x00007fff6e05f221:   3d 87 7d 00 74 0f 41 0f b6 c0 24 07 3c 05 75 05
0x00007fff6e05f231:   4d 8b c7 eb 1f 49 83 e0 fc eb 19 0f b7 94 24 90
0x00007fff6e05f241:   00 00 00 4d 8b c8 4d 8b c2 48 8b cf e8 7e ee ff
0x00007fff6e05f251:   ff 4c 8b c0 8b 0d dd 1d 77 00 49 8b d0 48 2b 15
0x00007fff6e05f261:   cb 1d 77 00 48 d3 ea 89 16 49 8b d0 8b 0d 1d 90
0x00007fff6e05f271:   7d 00 48 33 d6 48 d3 ea 48 85 d2 0f 84 9e fe ff
0x00007fff6e05f281:   ff 48 8b 47 08 48 8b d6 8b 88 c0 01 00 00 48 8b
0x00007fff6e05f291:   80 b0 01 00 00 48 d3 ea 48 8b 0c d0 8b 81 cc 00
0x00007fff6e05f2a1:   00 00 d1 e8 a8 01 0f 85 73 fe ff ff 48 8b 47 08
0x00007fff6e05f2b1:   8b 88 78 05 00 00 48 8b 80 68 05 00 00 49 d3 e8
0x00007fff6e05f2c1:   46 38 3c 40 0f 84 55 fe ff ff 48 8b 87 80 00 00
0x00007fff6e05f2d1:   00 48 c1 ee 09 48 8b 58 48 48 8b 50 40 48 03 de
0x00007fff6e05f2e1:   48 2b da 48 39 9f d0 01 00 00 0f 84 2f fe ff ff
0x00007fff6e05f2f1:   44 38 7f 28 48 8d 4f 18 74 08 48 03 d3 e8 3d be
0x00007fff6e05f301:   3a 00 48 89 9f d0 01 00 00 e9 11 fe ff ff f6 c3 


Stack slot to memory mapping:
stack at sp + 0 slots: 0x000000008de72f4a is pointing into object: [Ljava.util.concurrent.ForkJoinTask; 
{0x000000008de72f48} - klass: 'java/util/concurrent/ForkJoinTask'[]
 - length: 8192
stack at sp + 1 slots: 0x0000000000001e7d is an unknown value
stack at sp + 2 slots: 0x000001f108386490 points into unknown readable memory: 0x0000000000000000 | 00 00 00 00 00 00 00 00
stack at sp + 3 slots: 0x0000000000000001 is an unknown value
stack at sp + 4 slots: 0x00001c0d00001e74 is an unknown value
stack at sp + 5 slots: 0x00001c0c00001e74 is an unknown value
stack at sp + 6 slots: 0x0000000000001e74 is an unknown value
stack at sp + 7 slots: 0x0000000000000002 is an unknown value


---------------  P R O C E S S  ---------------

Threads class SMR info:
_java_thread_list=0x000001f12f848270, length=86, elements={
0x000001f10836e430, 0x000001f1268bd480, 0x000001f1268c20a0, 0x000001f1268ce6d0,
0x000001f1268cf2d0, 0x000001f1268cfed0, 0x000001f1268d39f0, 0x000001f1268d9ce0,
0x000001f1268e27e0, 0x000001f1268e4530, 0x000001f12752bd20, 0x000001f12752c240,
0x000001f128f740a0, 0x000001f1287337d0, 0x000001f12759eca0, 0x000001f128a52600,
0x000001f128a52b50, 0x000001f128a555d0, 0x000001f128a54b30, 0x000001f12904ba40,
0x000001f129049fb0, 0x000001f129047fd0, 0x000001f12904cf80, 0x000001f12904d4d0,
0x000001f129048fc0, 0x000001f12c986be0, 0x000001f12c988120, 0x000001f12c98c0e0,
0x000001f12c9856a0, 0x000001f12c989110, 0x000001f12c98b0f0, 0x000001f12c987130,
0x000001f12c98c630, 0x000001f12c98cb80, 0x000001f12c985bf0, 0x000001f12f68f840,
0x000001f132fb02a0, 0x000001f128a54090, 0x000001f129962f10, 0x000001f129963460,
0x000001f129966ed0, 0x000001f129969950, 0x000001f129963f00, 0x000001f129961f20,
0x000001f1299629c0, 0x000001f129969400, 0x000001f129964ef0, 0x000001f129964450,
0x000001f129965ee0, 0x000001f129966430, 0x000001f1299639b0, 0x000001f129967420,
0x000001f129966980, 0x000001f129968eb0, 0x000001f129967970, 0x000001f1299649a0,
0x000001f129967ec0, 0x000001f129965440, 0x000001f129962470, 0x000001f1277021f0,
0x000001f127707560, 0x000001f129965990, 0x000001f129968410, 0x000001f129968960,
0x000001f132fad820, 0x000001f132fad2d0, 0x000001f132fb17e0, 0x000001f132fafd50,
0x000001f132fb07f0, 0x000001f132fae810, 0x000001f132fb37c0, 0x000001f132fb0d40,
0x000001f132fb1d30, 0x000001f132fb27d0, 0x000001f132fb3270, 0x000001f132fadd70,
0x000001f132faf800, 0x000001f132facd80, 0x000001f132fb2d20, 0x000001f132faed60,
0x000001f132fb3d10, 0x000001f132fb4260, 0x000001f132fac830, 0x000001f132fae2c0,
0x000001f132faf2b0, 0x000001f129049a60
}

Java Threads: ( => current thread )
  0x000001f10836e430 JavaThread "main" [_thread_blocked, id=9712, stack(0x0000007d5aa00000,0x0000007d5ab00000)]
  0x000001f1268bd480 JavaThread "Reference Handler" daemon [_thread_blocked, id=16604, stack(0x0000007d5b100000,0x0000007d5b200000)]
  0x000001f1268c20a0 JavaThread "Finalizer" daemon [_thread_blocked, id=7632, stack(0x0000007d5b200000,0x0000007d5b300000)]
  0x000001f1268ce6d0 JavaThread "Signal Dispatcher" daemon [_thread_blocked, id=7508, stack(0x0000007d5b300000,0x0000007d5b400000)]
  0x000001f1268cf2d0 JavaThread "Attach Listener" daemon [_thread_blocked, id=11848, stack(0x0000007d5b400000,0x0000007d5b500000)]
  0x000001f1268cfed0 JavaThread "Service Thread" daemon [_thread_blocked, id=8484, stack(0x0000007d5b500000,0x0000007d5b600000)]
  0x000001f1268d39f0 JavaThread "Monitor Deflation Thread" daemon [_thread_blocked, id=772, stack(0x0000007d5b600000,0x0000007d5b700000)]
  0x000001f1268d9ce0 JavaThread "C2 CompilerThread0" daemon [_thread_blocked, id=6564, stack(0x0000007d5b700000,0x0000007d5b800000)]
  0x000001f1268e27e0 JavaThread "C1 CompilerThread0" daemon [_thread_blocked, id=18376, stack(0x0000007d5b800000,0x0000007d5b900000)]
  0x000001f1268e4530 JavaThread "Sweeper thread" daemon [_thread_blocked, id=3548, stack(0x0000007d5b900000,0x0000007d5ba00000)]
  0x000001f12752bd20 JavaThread "Common-Cleaner" daemon [_thread_blocked, id=1688, stack(0x0000007d5ba00000,0x0000007d5bb00000)]
  0x000001f12752c240 JavaThread "Notification Thread" daemon [_thread_blocked, id=17948, stack(0x0000007d5bb00000,0x0000007d5bc00000)]
  0x000001f128f740a0 JavaThread "Daemon health stats" [_thread_blocked, id=18184, stack(0x0000007d5c300000,0x0000007d5c400000)]
  0x000001f1287337d0 JavaThread "Incoming local TCP Connector on port 59080" [_thread_in_native, id=14908, stack(0x0000007d5c400000,0x0000007d5c500000)]
  0x000001f12759eca0 JavaThread "Daemon periodic checks" [_thread_blocked, id=2932, stack(0x0000007d5bd00000,0x0000007d5be00000)]
  0x000001f128a52600 JavaThread "Cache worker for file hash cache (C:\Users\cedricdev\.gradle\caches\7.0.2\fileHashes)" [_thread_blocked, id=1760, stack(0x0000007d5cc00000,0x0000007d5cd00000)]
  0x000001f128a52b50 JavaThread "File lock request listener" [_thread_in_native, id=2432, stack(0x0000007d5cd00000,0x0000007d5ce00000)]
  0x000001f128a555d0 JavaThread "Cache worker for journal cache (C:\Users\cedricdev\.gradle\caches\journal-1)" [_thread_blocked, id=10144, stack(0x0000007d5ce00000,0x0000007d5cf00000)]
  0x000001f128a54b30 JavaThread "File watcher server" daemon [_thread_blocked, id=10176, stack(0x0000007d5d100000,0x0000007d5d200000)]
  0x000001f12904ba40 JavaThread "File watcher consumer" daemon [_thread_blocked, id=14676, stack(0x0000007d5d200000,0x0000007d5d300000)]
  0x000001f129049fb0 JavaThread "Cache worker for execution history cache (C:\Users\cedricdev\.gradle\caches\7.0.2\executionHistory)" [_thread_blocked, id=11992, stack(0x0000007d5d600000,0x0000007d5d700000)]
  0x000001f129047fd0 JavaThread "jar transforms" [_thread_blocked, id=9868, stack(0x0000007d5de00000,0x0000007d5df00000)]
  0x000001f12904cf80 JavaThread "jar transforms Thread 2" [_thread_blocked, id=9308, stack(0x0000007d5df00000,0x0000007d5e000000)]
  0x000001f12904d4d0 JavaThread "Cache worker for file content cache (C:\Users\cedricdev\.gradle\caches\7.0.2\fileContent)" [_thread_blocked, id=8236, stack(0x0000007d5e000000,0x0000007d5e100000)]
  0x000001f129048fc0 JavaThread "jar transforms Thread 3" [_thread_blocked, id=8532, stack(0x0000007d5dd00000,0x0000007d5de00000)]
  0x000001f12c986be0 JavaThread "jar transforms Thread 4" [_thread_blocked, id=10472, stack(0x0000007d5ef00000,0x0000007d5f000000)]
  0x000001f12c988120 JavaThread "jar transforms Thread 5" [_thread_blocked, id=13960, stack(0x0000007d5f000000,0x0000007d5f100000)]
  0x000001f12c98c0e0 JavaThread "jar transforms Thread 6" [_thread_blocked, id=1720, stack(0x0000007d5f100000,0x0000007d5f200000)]
  0x000001f12c9856a0 JavaThread "jar transforms Thread 7" [_thread_blocked, id=4120, stack(0x0000007d5f200000,0x0000007d5f300000)]
  0x000001f12c989110 JavaThread "jar transforms Thread 8" [_thread_blocked, id=7176, stack(0x0000007d5f300000,0x0000007d5f400000)]
  0x000001f12c98b0f0 JavaThread "jar transforms Thread 9" [_thread_blocked, id=17756, stack(0x0000007d5f400000,0x0000007d5f500000)]
  0x000001f12c987130 JavaThread "jar transforms Thread 10" [_thread_blocked, id=16936, stack(0x0000007d5f500000,0x0000007d5f600000)]
  0x000001f12c98c630 JavaThread "jar transforms Thread 11" [_thread_blocked, id=3136, stack(0x0000007d5f600000,0x0000007d5f700000)]
  0x000001f12c98cb80 JavaThread "jar transforms Thread 12" [_thread_blocked, id=8932, stack(0x0000007d5cf00000,0x0000007d5d000000)]
  0x000001f12c985bf0 JavaThread "Memory manager" [_thread_blocked, id=8468, stack(0x0000007d5f800000,0x0000007d5f900000)]
  0x000001f12f68f840 JavaThread "Cache worker for Java compile cache (C:\Users\cedricdev\.gradle\caches\7.0.2\javaCompile)" [_thread_blocked, id=18308, stack(0x0000007d60700000,0x0000007d60800000)]
  0x000001f132fb02a0 JavaThread "ForkJoinPool.commonPool-worker-3" daemon [_thread_blocked, id=11956, stack(0x0000007d62200000,0x0000007d62300000)]
  0x000001f128a54090 JavaThread "ForkJoinPool.commonPool-worker-1" daemon [_thread_blocked, id=10492, stack(0x0000007d61f00000,0x0000007d62000000)]
  0x000001f129962f10 JavaThread "ForkJoinPool.commonPool-worker-19" daemon [_thread_blocked, id=14464, stack(0x0000007d62000000,0x0000007d62100000)]
  0x000001f129963460 JavaThread "ForkJoinPool.commonPool-worker-5" daemon [_thread_blocked, id=12896, stack(0x0000007d62100000,0x0000007d62200000)]
  0x000001f129966ed0 JavaThread "ForkJoinPool.commonPool-worker-9" daemon [_thread_blocked, id=4528, stack(0x0000007d62400000,0x0000007d62500000)]
  0x000001f129969950 JavaThread "ForkJoinPool.commonPool-worker-27" daemon [_thread_blocked, id=5968, stack(0x0000007d62500000,0x0000007d62600000)]
  0x000001f129963f00 JavaThread "ForkJoinPool.commonPool-worker-13" daemon [_thread_blocked, id=5696, stack(0x0000007d62600000,0x0000007d62700000)]
  0x000001f129961f20 JavaThread "ForkJoinPool.commonPool-worker-31" daemon [_thread_blocked, id=14120, stack(0x0000007d62700000,0x0000007d62800000)]
  0x000001f1299629c0 JavaThread "ForkJoinPool.commonPool-worker-17" daemon [_thread_blocked, id=4308, stack(0x0000007d62800000,0x0000007d62900000)]
  0x000001f129969400 JavaThread "ForkJoinPool.commonPool-worker-7" daemon [_thread_blocked, id=6736, stack(0x0000007d62900000,0x0000007d62a00000)]
  0x000001f129964ef0 JavaThread "Daemon Thread 7" [_thread_blocked, id=2260, stack(0x0000007d5a700000,0x0000007d5a800000)]
  0x000001f129964450 JavaThread "Handler for socket connection from /127.0.0.1:59080 to /127.0.0.1:50653" [_thread_in_native, id=4496, stack(0x0000007d5c500000,0x0000007d5c600000)]
  0x000001f129965ee0 JavaThread "Cancel handler" [_thread_blocked, id=12028, stack(0x0000007d5c600000,0x0000007d5c700000)]
  0x000001f129966430 JavaThread "Daemon worker Thread 7" [_thread_blocked, id=3388, stack(0x0000007d5c700000,0x0000007d5c800000)]
  0x000001f1299639b0 JavaThread "Asynchronous log dispatcher for DefaultDaemonConnection: socket connection from /127.0.0.1:59080 to /127.0.0.1:50653" [_thread_blocked, id=2420, stack(0x0000007d5c800000,0x0000007d5c900000)]
  0x000001f129967420 JavaThread "Stdin handler" [_thread_blocked, id=2928, stack(0x0000007d5c900000,0x0000007d5ca00000)]
  0x000001f129966980 JavaThread "Daemon client event forwarder" [_thread_blocked, id=4140, stack(0x0000007d5ca00000,0x0000007d5cb00000)]
  0x000001f129968eb0 JavaThread "Cache worker for file hash cache (F:\AndroidStudioProjects\AftermathProj\.gradle\7.0.2\fileHashes)" [_thread_blocked, id=15092, stack(0x0000007d5cb00000,0x0000007d5cc00000)]
  0x000001f129967970 JavaThread "Cache worker for checksums cache (F:\AndroidStudioProjects\AftermathProj\.gradle\checksums)" [_thread_blocked, id=8572, stack(0x0000007d5d000000,0x0000007d5d100000)]
  0x000001f1299649a0 JavaThread "Cache worker for cache directory md-supplier (C:\Users\cedricdev\.gradle\caches\7.0.2\md-supplier)" [_thread_blocked, id=18068, stack(0x0000007d5d300000,0x0000007d5d400000)]
  0x000001f129967ec0 JavaThread "Cache worker for cache directory md-rule (C:\Users\cedricdev\.gradle\caches\7.0.2\md-rule)" [_thread_blocked, id=4268, stack(0x0000007d5d400000,0x0000007d5d500000)]
  0x000001f129965440 JavaThread "Cache worker for dependencies-accessors (F:\AndroidStudioProjects\AftermathProj\.gradle\7.0.2\dependencies-accessors)" [_thread_blocked, id=2388, stack(0x0000007d5d500000,0x0000007d5d600000)]
  0x000001f129962470 JavaThread "Cache worker for Build Output Cleanup Cache (F:\AndroidStudioProjects\AftermathProj\.gradle\buildOutputCleanup)" [_thread_blocked, id=2784, stack(0x0000007d5e100000,0x0000007d5e200000)]
  0x000001f1277021f0 JavaThread "C2 CompilerThread1" daemon [_thread_blocked, id=10352, stack(0x0000007d5e200000,0x0000007d5e300000)]
  0x000001f127707560 JavaThread "C2 CompilerThread2" daemon [_thread_blocked, id=10136, stack(0x0000007d5e300000,0x0000007d5e400000)]
  0x000001f129965990 JavaThread "Build operations" [_thread_blocked, id=7084, stack(0x0000007d5e400000,0x0000007d5e500000)]
  0x000001f129968410 JavaThread "Build operations Thread 2" [_thread_blocked, id=6640, stack(0x0000007d5e500000,0x0000007d5e600000)]
  0x000001f129968960 JavaThread "Build operations Thread 3" [_thread_blocked, id=11768, stack(0x0000007d5e600000,0x0000007d5e700000)]
  0x000001f132fad820 JavaThread "Build operations Thread 4" [_thread_blocked, id=16448, stack(0x0000007d5e700000,0x0000007d5e800000)]
  0x000001f132fad2d0 JavaThread "Build operations Thread 5" [_thread_blocked, id=7268, stack(0x0000007d5e800000,0x0000007d5e900000)]
  0x000001f132fb17e0 JavaThread "Build operations Thread 6" [_thread_blocked, id=10636, stack(0x0000007d5e900000,0x0000007d5ea00000)]
  0x000001f132fafd50 JavaThread "Build operations Thread 7" [_thread_blocked, id=3180, stack(0x0000007d5ea00000,0x0000007d5eb00000)]
  0x000001f132fb07f0 JavaThread "Build operations Thread 8" [_thread_blocked, id=5520, stack(0x0000007d5eb00000,0x0000007d5ec00000)]
  0x000001f132fae810 JavaThread "Build operations Thread 9" [_thread_blocked, id=7324, stack(0x0000007d5ec00000,0x0000007d5ed00000)]
  0x000001f132fb37c0 JavaThread "Build operations Thread 10" [_thread_blocked, id=7060, stack(0x0000007d5ed00000,0x0000007d5ee00000)]
  0x000001f132fb0d40 JavaThread "Build operations Thread 11" [_thread_blocked, id=7408, stack(0x0000007d5ee00000,0x0000007d5ef00000)]
  0x000001f132fb1d30 JavaThread "Build operations Thread 12" [_thread_blocked, id=1016, stack(0x0000007d5f700000,0x0000007d5f800000)]
  0x000001f132fb27d0 JavaThread "build event listener" [_thread_blocked, id=14312, stack(0x0000007d5f900000,0x0000007d5fa00000)]
  0x000001f132fb3270 JavaThread "Execution worker for ':'" [_thread_blocked, id=8020, stack(0x0000007d5fa00000,0x0000007d5fb00000)]
  0x000001f132fadd70 JavaThread "Execution worker for ':' Thread 2" [_thread_blocked, id=13352, stack(0x0000007d5fb00000,0x0000007d5fc00000)]
  0x000001f132faf800 JavaThread "Execution worker for ':' Thread 3" [_thread_blocked, id=8000, stack(0x0000007d5fc00000,0x0000007d5fd00000)]
  0x000001f132facd80 JavaThread "Execution worker for ':' Thread 4" [_thread_blocked, id=14700, stack(0x0000007d5fd00000,0x0000007d5fe00000)]
  0x000001f132fb2d20 JavaThread "Execution worker for ':' Thread 5" [_thread_blocked, id=3624, stack(0x0000007d5fe00000,0x0000007d5ff00000)]
  0x000001f132faed60 JavaThread "Execution worker for ':' Thread 6" [_thread_blocked, id=2144, stack(0x0000007d5ff00000,0x0000007d60000000)]
  0x000001f132fb3d10 JavaThread "Execution worker for ':' Thread 7" [_thread_blocked, id=7948, stack(0x0000007d60000000,0x0000007d60100000)]
  0x000001f132fb4260 JavaThread "Execution worker for ':' Thread 8" [_thread_blocked, id=14884, stack(0x0000007d60100000,0x0000007d60200000)]
  0x000001f132fac830 JavaThread "Execution worker for ':' Thread 9" [_thread_blocked, id=11300, stack(0x0000007d60200000,0x0000007d60300000)]
  0x000001f132fae2c0 JavaThread "Execution worker for ':' Thread 10" [_thread_blocked, id=13744, stack(0x0000007d60300000,0x0000007d60400000)]
  0x000001f132faf2b0 JavaThread "Execution worker for ':' Thread 11" [_thread_blocked, id=776, stack(0x0000007d60400000,0x0000007d60500000)]
  0x000001f129049a60 JavaThread "Cache worker for execution history cache (F:\AndroidStudioProjects\AftermathProj\.gradle\7.0.2\executionHistory)" [_thread_blocked, id=6148, stack(0x0000007d60600000,0x0000007d60700000)]

Other Threads:
  0x000001f1268b3570 VMThread "VM Thread" [stack: 0x0000007d5b000000,0x0000007d5b100000] [id=10700]
  0x000001f12752d770 WatcherThread [stack: 0x0000007d5bc00000,0x0000007d5bd00000] [id=17560]
  0x000001f1083ab9e0 GCTaskThread "GC Thread#0" [stack: 0x0000007d5ab00000,0x0000007d5ac00000] [id=9412]
  0x000001f12815a510 GCTaskThread "GC Thread#1" [stack: 0x0000007d5be00000,0x0000007d5bf00000] [id=7216]
  0x000001f127fe1ca0 GCTaskThread "GC Thread#2" [stack: 0x0000007d5bf00000,0x0000007d5c000000] [id=14792]
  0x000001f127fe1fb0 GCTaskThread "GC Thread#3" [stack: 0x0000007d5c000000,0x0000007d5c100000] [id=14900]
  0x000001f127fe22c0 GCTaskThread "GC Thread#4" [stack: 0x0000007d5c100000,0x0000007d5c200000] [id=18416]
  0x000001f127fe25d0 GCTaskThread "GC Thread#5" [stack: 0x0000007d5c200000,0x0000007d5c300000] [id=8836]
=>0x000001f12991c1e0 GCTaskThread "GC Thread#6" [stack: 0x0000007d5d700000,0x0000007d5d800000] [id=18176]
  0x000001f12991d750 GCTaskThread "GC Thread#7" [stack: 0x0000007d5d800000,0x0000007d5d900000] [id=3588]
  0x000001f12991c4f0 GCTaskThread "GC Thread#8" [stack: 0x0000007d5d900000,0x0000007d5da00000] [id=18304]
  0x000001f12991ce20 GCTaskThread "GC Thread#9" [stack: 0x0000007d5da00000,0x0000007d5db00000] [id=10236]
  0x000001f1083bd9d0 ConcurrentGCThread "G1 Main Marker" [stack: 0x0000007d5ac00000,0x0000007d5ad00000] [id=10836]
  0x000001f1083beb00 ConcurrentGCThread "G1 Conc#0" [stack: 0x0000007d5ad00000,0x0000007d5ae00000] [id=8416]
  0x000001f12991d440 ConcurrentGCThread "G1 Conc#1" [stack: 0x0000007d5db00000,0x0000007d5dc00000] [id=8312]
  0x000001f12991da60 ConcurrentGCThread "G1 Conc#2" [stack: 0x0000007d5dc00000,0x0000007d5dd00000] [id=1588]
  0x000001f10844da80 ConcurrentGCThread "G1 Refine#0" [stack: 0x0000007d5ae00000,0x0000007d5af00000] [id=4724]
  0x000001f12d15c150 ConcurrentGCThread "G1 Refine#1" [stack: 0x0000007d60500000,0x0000007d60600000] [id=7504]
  0x000001f12d1593d0 ConcurrentGCThread "G1 Refine#2" [stack: 0x0000007d61400000,0x0000007d61500000] [id=5504]
  0x000001f12d15a750 ConcurrentGCThread "G1 Refine#3" [stack: 0x0000007d61500000,0x0000007d61600000] [id=16848]
  0x000001f12d159710 ConcurrentGCThread "G1 Refine#4" [stack: 0x0000007d61600000,0x0000007d61700000] [id=684]
  0x000001f12d15add0 ConcurrentGCThread "G1 Refine#5" [stack: 0x0000007d61700000,0x0000007d61800000] [id=5500]
  0x000001f12d15b450 ConcurrentGCThread "G1 Refine#6" [stack: 0x0000007d61800000,0x0000007d61900000] [id=3444]
  0x000001f12d15bad0 ConcurrentGCThread "G1 Refine#7" [stack: 0x0000007d61900000,0x0000007d61a00000] [id=17884]
  0x000001f128425bc0 ConcurrentGCThread "G1 Refine#8" [stack: 0x0000007d60c00000,0x0000007d60d00000] [id=5624]
  0x000001f128425f00 ConcurrentGCThread "G1 Refine#9" [stack: 0x0000007d60f00000,0x0000007d61000000] [id=9448]
  0x000001f10844e420 ConcurrentGCThread "G1 Service" [stack: 0x0000007d5af00000,0x0000007d5b000000] [id=6056]

Threads with active compile tasks:
C2 CompilerThread0  3383218 22634       4       org.gradle.api.internal.file.collections.UnpackingVisitor::add (355 bytes)
C2 CompilerThread1  3383218 22505       4       com.android.build.gradle.options.ProjectOptions$OptionValue::access$000 (5 bytes)
C2 CompilerThread2  3383218 22591       4       org.gradle.api.internal.provider.DefaultValueSourceProviderFactory$ValueSourceProvider::calculateOwnValue (18 bytes)

VM state: at safepoint (normal execution)

VM Mutex/Monitor currently owned by a thread:  ([mutex/lock_event])
[0x000001f10836a020] Threads_lock - owner thread: 0x000001f1268b3570
[0x000001f10836afe0] Heap_lock - owner thread: 0x000001f132fb3270

Heap address: 0x0000000080000000, size: 2048 MB, Compressed Oops mode: 32-bit

CDS archive(s) mapped at: [0x0000000800000000-0x0000000800bb0000-0x0000000800bb0000), size 12255232, SharedBaseAddress: 0x0000000800000000, ArchiveRelocationMode: 0.
Compressed class space mapped at: 0x0000000800c00000-0x0000000840c00000, reserved size: 1073741824
Narrow klass base: 0x0000000800000000, Narrow klass shift: 3, Narrow klass range: 0x100000000

GC Precious Log:
 CPUs: 12 total, 12 available
 Memory: 16315M
 Large Page Support: Disabled
 NUMA Support: Disabled
 Compressed Oops: Enabled (32-bit)
 Heap Region Size: 1M
 Heap Min Capacity: 8M
 Heap Initial Capacity: 256M
 Heap Max Capacity: 2G
 Pre-touch: Disabled
 Parallel Workers: 10
 Concurrent Workers: 3
 Concurrent Refinement Workers: 10
 Periodic GC: Disabled

Heap:
 garbage-first heap   total 229376K, used 158094K [0x0000000080000000, 0x0000000100000000)
  region size 1024K, 44 young (45056K), 5 survivors (5120K)
 Metaspace       used 125009K, committed 126272K, reserved 1163264K
  class space    used 16724K, committed 17344K, reserved 1048576K

Heap Regions: E=young(eden), S=young(survivor), O=old, HS=humongous(starts), HC=humongous(continues), CS=collection set, F=free, OA=open archive, CA=closed archive, TAMS=top-at-mark-start (previous, next)
|   0|0x0000000080000000, 0x0000000080100000, 0x0000000080100000|100%| O|  |TAMS 0x0000000080100000, 0x0000000080100000| Untracked 
|   1|0x0000000080100000, 0x0000000080200000, 0x0000000080200000|100%| O|  |TAMS 0x0000000080200000, 0x0000000080200000| Untracked 
|   2|0x0000000080200000, 0x00000000802f6400, 0x0000000080300000| 96%| O|  |TAMS 0x00000000802f6400, 0x00000000802f6400| Untracked 
|   3|0x0000000080300000, 0x0000000080400000, 0x0000000080400000|100%|HS|  |TAMS 0x0000000080400000, 0x0000000080400000| Complete 
|   4|0x0000000080400000, 0x0000000080500000, 0x0000000080500000|100%|HC|  |TAMS 0x0000000080500000, 0x0000000080500000| Complete 
|   5|0x0000000080500000, 0x0000000080600000, 0x0000000080600000|100%|HC|  |TAMS 0x0000000080600000, 0x0000000080600000| Complete 
|   6|0x0000000080600000, 0x0000000080700000, 0x0000000080700000|100%| O|  |TAMS 0x0000000080700000, 0x0000000080700000| Untracked 
|   7|0x0000000080700000, 0x0000000080800000, 0x0000000080800000|100%| O|  |TAMS 0x0000000080800000, 0x0000000080800000| Untracked 
|   8|0x0000000080800000, 0x0000000080900000, 0x0000000080900000|100%| O|  |TAMS 0x0000000080900000, 0x0000000080900000| Untracked 
|   9|0x0000000080900000, 0x0000000080a00000, 0x0000000080a00000|100%| O|  |TAMS 0x0000000080a00000, 0x0000000080a00000| Untracked 
|  10|0x0000000080a00000, 0x0000000080b00000, 0x0000000080b00000|100%| O|  |TAMS 0x0000000080b00000, 0x0000000080b00000| Untracked 
|  11|0x0000000080b00000, 0x0000000080c00000, 0x0000000080c00000|100%| O|  |TAMS 0x0000000080c00000, 0x0000000080c00000| Untracked 
|  12|0x0000000080c00000, 0x0000000080d00000, 0x0000000080d00000|100%| O|  |TAMS 0x0000000080d00000, 0x0000000080d00000| Untracked 
|  13|0x0000000080d00000, 0x0000000080e00000, 0x0000000080e00000|100%| O|  |TAMS 0x0000000080e00000, 0x0000000080e00000| Untracked 
|  14|0x0000000080e00000, 0x0000000080f00000, 0x0000000080f00000|100%| O|  |TAMS 0x0000000080f00000, 0x0000000080f00000| Untracked 
|  15|0x0000000080f00000, 0x0000000081000000, 0x0000000081000000|100%| O|  |TAMS 0x0000000081000000, 0x0000000081000000| Untracked 
|  16|0x0000000081000000, 0x0000000081100000, 0x0000000081100000|100%| O|  |TAMS 0x0000000081100000, 0x0000000081100000| Untracked 
|  17|0x0000000081100000, 0x0000000081200000, 0x0000000081200000|100%|HS|  |TAMS 0x0000000081100000, 0x0000000081200000| Complete 
|  18|0x0000000081200000, 0x0000000081300000, 0x0000000081300000|100%| O|  |TAMS 0x0000000081300000, 0x0000000081300000| Untracked 
|  19|0x0000000081300000, 0x0000000081400000, 0x0000000081400000|100%| O|  |TAMS 0x0000000081400000, 0x0000000081400000| Untracked 
|  20|0x0000000081400000, 0x0000000081500000, 0x0000000081500000|100%| O|  |TAMS 0x0000000081500000, 0x0000000081500000| Untracked 
|  21|0x0000000081500000, 0x0000000081600000, 0x0000000081600000|100%| O|  |TAMS 0x0000000081600000, 0x0000000081600000| Untracked 
|  22|0x0000000081600000, 0x0000000081700000, 0x0000000081700000|100%| O|  |TAMS 0x0000000081700000, 0x0000000081700000| Untracked 
|  23|0x0000000081700000, 0x0000000081800000, 0x0000000081800000|100%| O|  |TAMS 0x0000000081800000, 0x0000000081800000| Untracked 
|  24|0x0000000081800000, 0x0000000081900000, 0x0000000081900000|100%| O|  |TAMS 0x0000000081900000, 0x0000000081900000| Untracked 
|  25|0x0000000081900000, 0x0000000081a00000, 0x0000000081a00000|100%|HS|  |TAMS 0x0000000081a00000, 0x0000000081a00000| Complete 
|  26|0x0000000081a00000, 0x0000000081b00000, 0x0000000081b00000|100%|HS|  |TAMS 0x0000000081b00000, 0x0000000081b00000| Complete 
|  27|0x0000000081b00000, 0x0000000081c00000, 0x0000000081c00000|100%| O|  |TAMS 0x0000000081c00000, 0x0000000081c00000| Untracked 
|  28|0x0000000081c00000, 0x0000000081d00000, 0x0000000081d00000|100%| O|  |TAMS 0x0000000081d00000, 0x0000000081d00000| Untracked 
|  29|0x0000000081d00000, 0x0000000081e00000, 0x0000000081e00000|100%|HS|  |TAMS 0x0000000081d00000, 0x0000000081e00000| Complete 
|  30|0x0000000081e00000, 0x0000000081f00000, 0x0000000081f00000|100%|HC|  |TAMS 0x0000000081e00000, 0x0000000081f00000| Complete 
|  31|0x0000000081f00000, 0x0000000082000000, 0x0000000082000000|100%|HS|  |TAMS 0x0000000082000000, 0x0000000082000000| Complete 
|  32|0x0000000082000000, 0x0000000082100000, 0x0000000082100000|100%|HC|  |TAMS 0x0000000082100000, 0x0000000082100000| Complete 
|  33|0x0000000082100000, 0x0000000082200000, 0x0000000082200000|100%| O|  |TAMS 0x0000000082200000, 0x0000000082200000| Untracked 
|  34|0x0000000082200000, 0x0000000082300000, 0x0000000082300000|100%| O|  |TAMS 0x0000000082300000, 0x0000000082300000| Untracked 
|  35|0x0000000082300000, 0x0000000082400000, 0x0000000082400000|100%|HS|  |TAMS 0x0000000082300000, 0x0000000082400000| Complete 
|  36|0x0000000082400000, 0x0000000082500000, 0x0000000082500000|100%|HC|  |TAMS 0x0000000082400000, 0x0000000082500000| Complete 
|  37|0x0000000082500000, 0x0000000082600000, 0x0000000082600000|100%| O|  |TAMS 0x0000000082600000, 0x0000000082600000| Untracked 
|  38|0x0000000082600000, 0x0000000082700000, 0x0000000082700000|100%| O|  |TAMS 0x0000000082700000, 0x0000000082700000| Untracked 
|  39|0x0000000082700000, 0x0000000082800000, 0x0000000082800000|100%| O|  |TAMS 0x0000000082800000, 0x0000000082800000| Untracked 
|  40|0x0000000082800000, 0x0000000082900000, 0x0000000082900000|100%|HS|  |TAMS 0x0000000082800000, 0x0000000082900000| Complete 
|  41|0x0000000082900000, 0x0000000082a00000, 0x0000000082a00000|100%|HC|  |TAMS 0x0000000082900000, 0x0000000082a00000| Complete 
|  42|0x0000000082a00000, 0x0000000082b00000, 0x0000000082b00000|100%| O|  |TAMS 0x0000000082b00000, 0x0000000082b00000| Untracked 
|  43|0x0000000082b00000, 0x0000000082c00000, 0x0000000082c00000|100%| O|  |TAMS 0x0000000082c00000, 0x0000000082c00000| Untracked 
|  44|0x0000000082c00000, 0x0000000082d00000, 0x0000000082d00000|100%| O|  |TAMS 0x0000000082d00000, 0x0000000082d00000| Untracked 
|  45|0x0000000082d00000, 0x0000000082e00000, 0x0000000082e00000|100%| O|  |TAMS 0x0000000082e00000, 0x0000000082e00000| Untracked 
|  46|0x0000000082e00000, 0x0000000082f00000, 0x0000000082f00000|100%| O|  |TAMS 0x0000000082f00000, 0x0000000082f00000| Untracked 
|  47|0x0000000082f00000, 0x0000000083000000, 0x0000000083000000|100%| O|  |TAMS 0x0000000083000000, 0x0000000083000000| Untracked 
|  48|0x0000000083000000, 0x0000000083100000, 0x0000000083100000|100%| O|  |TAMS 0x0000000083100000, 0x0000000083100000| Untracked 
|  49|0x0000000083100000, 0x0000000083200000, 0x0000000083200000|100%| O|  |TAMS 0x0000000083200000, 0x0000000083200000| Untracked 
|  50|0x0000000083200000, 0x0000000083300000, 0x0000000083300000|100%| O|  |TAMS 0x0000000083300000, 0x0000000083300000| Untracked 
|  51|0x0000000083300000, 0x0000000083400000, 0x0000000083400000|100%| O|  |TAMS 0x0000000083400000, 0x0000000083400000| Untracked 
|  52|0x0000000083400000, 0x0000000083500000, 0x0000000083500000|100%| O|  |TAMS 0x0000000083500000, 0x0000000083500000| Untracked 
|  53|0x0000000083500000, 0x0000000083600000, 0x0000000083600000|100%| O|  |TAMS 0x0000000083600000, 0x0000000083600000| Untracked 
|  54|0x0000000083600000, 0x0000000083600000, 0x0000000083700000|  0%| F|  |TAMS 0x0000000083600000, 0x0000000083600000| Untracked 
|  55|0x0000000083700000, 0x0000000083800000, 0x0000000083800000|100%| O|  |TAMS 0x0000000083800000, 0x0000000083800000| Untracked 
|  56|0x0000000083800000, 0x0000000083900000, 0x0000000083900000|100%| O|  |TAMS 0x0000000083900000, 0x0000000083900000| Untracked 
|  57|0x0000000083900000, 0x0000000083a00000, 0x0000000083a00000|100%|HS|  |TAMS 0x0000000083a00000, 0x0000000083a00000| Complete 
|  58|0x0000000083a00000, 0x0000000083b00000, 0x0000000083b00000|100%|HC|  |TAMS 0x0000000083b00000, 0x0000000083b00000| Complete 
|  59|0x0000000083b00000, 0x0000000083c00000, 0x0000000083c00000|100%| O|  |TAMS 0x0000000083c00000, 0x0000000083c00000| Untracked 
|  60|0x0000000083c00000, 0x0000000083d00000, 0x0000000083d00000|100%|HS|  |TAMS 0x0000000083c00000, 0x0000000083d00000| Complete 
|  61|0x0000000083d00000, 0x0000000083e00000, 0x0000000083e00000|100%|HC|  |TAMS 0x0000000083d00000, 0x0000000083e00000| Complete 
|  62|0x0000000083e00000, 0x0000000083f00000, 0x0000000083f00000|100%| O|  |TAMS 0x0000000083f00000, 0x0000000083f00000| Untracked 
|  63|0x0000000083f00000, 0x0000000083f00000, 0x0000000084000000|  0%| F|  |TAMS 0x0000000083f00000, 0x0000000083f00000| Untracked 
|  64|0x0000000084000000, 0x0000000084000000, 0x0000000084100000|  0%| F|  |TAMS 0x0000000084000000, 0x0000000084000000| Untracked 
|  65|0x0000000084100000, 0x000000008411fa00, 0x0000000084200000| 12%| O|  |TAMS 0x000000008411fa00, 0x000000008411fa00| Untracked 
|  66|0x0000000084200000, 0x0000000084300000, 0x0000000084300000|100%| O|  |TAMS 0x0000000084300000, 0x0000000084300000| Untracked 
|  67|0x0000000084300000, 0x0000000084300000, 0x0000000084400000|  0%| F|  |TAMS 0x0000000084300000, 0x0000000084300000| Untracked 
|  68|0x0000000084400000, 0x0000000084400000, 0x0000000084500000|  0%| F|  |TAMS 0x0000000084400000, 0x0000000084400000| Untracked 
|  69|0x0000000084500000, 0x0000000084500000, 0x0000000084600000|  0%| F|  |TAMS 0x0000000084500000, 0x0000000084500000| Untracked 
|  70|0x0000000084600000, 0x0000000084700000, 0x0000000084700000|100%| O|  |TAMS 0x0000000084700000, 0x0000000084700000| Untracked 
|  71|0x0000000084700000, 0x0000000084800000, 0x0000000084800000|100%| O|  |TAMS 0x0000000084800000, 0x0000000084800000| Untracked 
|  72|0x0000000084800000, 0x0000000084800000, 0x0000000084900000|  0%| F|  |TAMS 0x0000000084800000, 0x0000000084800000| Untracked 
|  73|0x0000000084900000, 0x0000000084900000, 0x0000000084a00000|  0%| F|  |TAMS 0x0000000084900000, 0x0000000084900000| Untracked 
|  74|0x0000000084a00000, 0x0000000084a00000, 0x0000000084b00000|  0%| F|  |TAMS 0x0000000084a00000, 0x0000000084a00000| Untracked 
|  75|0x0000000084b00000, 0x0000000084c00000, 0x0000000084c00000|100%| O|  |TAMS 0x0000000084c00000, 0x0000000084c00000| Untracked 
|  76|0x0000000084c00000, 0x0000000084c00000, 0x0000000084d00000|  0%| F|  |TAMS 0x0000000084c00000, 0x0000000084c00000| Untracked 
|  77|0x0000000084d00000, 0x0000000084e00000, 0x0000000084e00000|100%| O|  |TAMS 0x0000000084e00000, 0x0000000084e00000| Untracked 
|  78|0x0000000084e00000, 0x0000000084f00000, 0x0000000084f00000|100%| O|  |TAMS 0x0000000084f00000, 0x0000000084f00000| Untracked 
|  79|0x0000000084f00000, 0x0000000084f00000, 0x0000000085000000|  0%| F|  |TAMS 0x0000000084f00000, 0x0000000084f00000| Untracked 
|  80|0x0000000085000000, 0x0000000085100000, 0x0000000085100000|100%| O|  |TAMS 0x0000000085100000, 0x0000000085100000| Untracked 
|  81|0x0000000085100000, 0x0000000085200000, 0x0000000085200000|100%| O|  |TAMS 0x0000000085200000, 0x0000000085200000| Untracked 
|  82|0x0000000085200000, 0x0000000085300000, 0x0000000085300000|100%| O|  |TAMS 0x0000000085300000, 0x0000000085300000| Untracked 
|  83|0x0000000085300000, 0x0000000085400000, 0x0000000085400000|100%| O|  |TAMS 0x0000000085400000, 0x0000000085400000| Untracked 
|  84|0x0000000085400000, 0x0000000085500000, 0x0000000085500000|100%| O|  |TAMS 0x0000000085500000, 0x0000000085500000| Untracked 
|  85|0x0000000085500000, 0x0000000085500000, 0x0000000085600000|  0%| F|  |TAMS 0x0000000085500000, 0x0000000085500000| Untracked 
|  86|0x0000000085600000, 0x0000000085600000, 0x0000000085700000|  0%| F|  |TAMS 0x0000000085600000, 0x0000000085600000| Untracked 
|  87|0x0000000085700000, 0x0000000085800000, 0x0000000085800000|100%| O|  |TAMS 0x0000000085800000, 0x0000000085800000| Untracked 
|  88|0x0000000085800000, 0x0000000085900000, 0x0000000085900000|100%| O|  |TAMS 0x0000000085900000, 0x0000000085900000| Untracked 
|  89|0x0000000085900000, 0x0000000085a00000, 0x0000000085a00000|100%|HS|  |TAMS 0x0000000085a00000, 0x0000000085a00000| Complete 
|  90|0x0000000085a00000, 0x0000000085b00000, 0x0000000085b00000|100%|HC|  |TAMS 0x0000000085b00000, 0x0000000085b00000| Complete 
|  91|0x0000000085b00000, 0x0000000085c00000, 0x0000000085c00000|100%|HC|  |TAMS 0x0000000085c00000, 0x0000000085c00000| Complete 
|  92|0x0000000085c00000, 0x0000000085d00000, 0x0000000085d00000|100%| O|  |TAMS 0x0000000085d00000, 0x0000000085d00000| Untracked 
|  93|0x0000000085d00000, 0x0000000085e00000, 0x0000000085e00000|100%| O|  |TAMS 0x0000000085e00000, 0x0000000085e00000| Untracked 
|  94|0x0000000085e00000, 0x0000000085f00000, 0x0000000085f00000|100%|HS|  |TAMS 0x0000000085f00000, 0x0000000085f00000| Complete 
|  95|0x0000000085f00000, 0x0000000086000000, 0x0000000086000000|100%|HC|  |TAMS 0x0000000086000000, 0x0000000086000000| Complete 
|  96|0x0000000086000000, 0x0000000086100000, 0x0000000086100000|100%|HC|  |TAMS 0x0000000086100000, 0x0000000086100000| Complete 
|  97|0x0000000086100000, 0x0000000086200000, 0x0000000086200000|100%| O|  |TAMS 0x0000000086200000, 0x0000000086200000| Untracked 
|  98|0x0000000086200000, 0x0000000086200000, 0x0000000086300000|  0%| F|  |TAMS 0x0000000086200000, 0x0000000086200000| Untracked 
|  99|0x0000000086300000, 0x0000000086300000, 0x0000000086400000|  0%| F|  |TAMS 0x0000000086300000, 0x0000000086300000| Untracked 
| 100|0x0000000086400000, 0x0000000086500000, 0x0000000086500000|100%| O|  |TAMS 0x0000000086500000, 0x0000000086500000| Untracked 
| 101|0x0000000086500000, 0x0000000086500000, 0x0000000086600000|  0%| F|  |TAMS 0x0000000086500000, 0x0000000086500000| Untracked 
| 102|0x0000000086600000, 0x0000000086700000, 0x0000000086700000|100%| O|  |TAMS 0x0000000086700000, 0x0000000086700000| Untracked 
| 103|0x0000000086700000, 0x0000000086800000, 0x0000000086800000|100%| O|  |TAMS 0x0000000086800000, 0x0000000086800000| Untracked 
| 104|0x0000000086800000, 0x0000000086800000, 0x0000000086900000|  0%| F|  |TAMS 0x0000000086800000, 0x0000000086800000| Untracked 
| 105|0x0000000086900000, 0x0000000086900000, 0x0000000086a00000|  0%| F|  |TAMS 0x0000000086900000, 0x0000000086900000| Untracked 
| 106|0x0000000086a00000, 0x0000000086a00000, 0x0000000086b00000|  0%| F|  |TAMS 0x0000000086a00000, 0x0000000086a00000| Untracked 
| 107|0x0000000086b00000, 0x0000000086c00000, 0x0000000086c00000|100%| O|  |TAMS 0x0000000086c00000, 0x0000000086c00000| Untracked 
| 108|0x0000000086c00000, 0x0000000086d00000, 0x0000000086d00000|100%| O|  |TAMS 0x0000000086d00000, 0x0000000086d00000| Untracked 
| 109|0x0000000086d00000, 0x0000000086d00000, 0x0000000086e00000|  0%| F|  |TAMS 0x0000000086d00000, 0x0000000086d00000| Untracked 
| 110|0x0000000086e00000, 0x0000000086f00000, 0x0000000086f00000|100%| O|  |TAMS 0x0000000086f00000, 0x0000000086f00000| Untracked 
| 111|0x0000000086f00000, 0x0000000087000000, 0x0000000087000000|100%| O|  |TAMS 0x0000000087000000, 0x0000000087000000| Untracked 
| 112|0x0000000087000000, 0x0000000087100000, 0x0000000087100000|100%| O|  |TAMS 0x0000000087100000, 0x0000000087100000| Untracked 
| 113|0x0000000087100000, 0x0000000087200000, 0x0000000087200000|100%| O|  |TAMS 0x0000000087200000, 0x0000000087200000| Untracked 
| 114|0x0000000087200000, 0x0000000087200000, 0x0000000087300000|  0%| F|  |TAMS 0x0000000087200000, 0x0000000087200000| Untracked 
| 115|0x0000000087300000, 0x0000000087300000, 0x0000000087400000|  0%| F|  |TAMS 0x0000000087300000, 0x0000000087300000| Untracked 
| 116|0x0000000087400000, 0x0000000087500000, 0x0000000087500000|100%| O|  |TAMS 0x0000000087500000, 0x0000000087500000| Untracked 
| 117|0x0000000087500000, 0x0000000087600000, 0x0000000087600000|100%| O|  |TAMS 0x0000000087600000, 0x0000000087600000| Untracked 
| 118|0x0000000087600000, 0x0000000087700000, 0x0000000087700000|100%| O|  |TAMS 0x0000000087700000, 0x0000000087700000| Untracked 
| 119|0x0000000087700000, 0x0000000087800000, 0x0000000087800000|100%| O|  |TAMS 0x0000000087800000, 0x0000000087800000| Untracked 
| 120|0x0000000087800000, 0x0000000087900000, 0x0000000087900000|100%| O|  |TAMS 0x0000000087900000, 0x0000000087900000| Untracked 
| 121|0x0000000087900000, 0x0000000087a00000, 0x0000000087a00000|100%| O|  |TAMS 0x0000000087a00000, 0x0000000087a00000| Untracked 
| 122|0x0000000087a00000, 0x0000000087b00000, 0x0000000087b00000|100%| O|  |TAMS 0x0000000087b00000, 0x0000000087b00000| Untracked 
| 123|0x0000000087b00000, 0x0000000087c00000, 0x0000000087c00000|100%| O|  |TAMS 0x0000000087c00000, 0x0000000087c00000| Untracked 
| 124|0x0000000087c00000, 0x0000000087d00000, 0x0000000087d00000|100%| O|  |TAMS 0x0000000087d00000, 0x0000000087d00000| Untracked 
| 125|0x0000000087d00000, 0x0000000087e00000, 0x0000000087e00000|100%|HS|  |TAMS 0x0000000087e00000, 0x0000000087e00000| Complete 
| 126|0x0000000087e00000, 0x0000000087f00000, 0x0000000087f00000|100%|HC|  |TAMS 0x0000000087f00000, 0x0000000087f00000| Complete 
| 127|0x0000000087f00000, 0x0000000088000000, 0x0000000088000000|100%|HC|  |TAMS 0x0000000088000000, 0x0000000088000000| Complete 
| 128|0x0000000088000000, 0x0000000088100000, 0x0000000088100000|100%|HC|  |TAMS 0x0000000088100000, 0x0000000088100000| Complete 
| 129|0x0000000088100000, 0x0000000088200000, 0x0000000088200000|100%|HC|  |TAMS 0x0000000088200000, 0x0000000088200000| Complete 
| 130|0x0000000088200000, 0x0000000088300000, 0x0000000088300000|100%|HS|  |TAMS 0x0000000088300000, 0x0000000088300000| Complete 
| 131|0x0000000088300000, 0x0000000088400000, 0x0000000088400000|100%|HC|  |TAMS 0x0000000088400000, 0x0000000088400000| Complete 
| 132|0x0000000088400000, 0x0000000088500000, 0x0000000088500000|100%|HC|  |TAMS 0x0000000088500000, 0x0000000088500000| Complete 
| 133|0x0000000088500000, 0x0000000088600000, 0x0000000088600000|100%|HC|  |TAMS 0x0000000088600000, 0x0000000088600000| Complete 
| 134|0x0000000088600000, 0x0000000088700000, 0x0000000088700000|100%|HC|  |TAMS 0x0000000088700000, 0x0000000088700000| Complete 
| 135|0x0000000088700000, 0x0000000088800000, 0x0000000088800000|100%| O|  |TAMS 0x0000000088800000, 0x0000000088800000| Untracked 
| 136|0x0000000088800000, 0x0000000088900000, 0x0000000088900000|100%| O|  |TAMS 0x0000000088900000, 0x0000000088900000| Untracked 
| 137|0x0000000088900000, 0x0000000088a00000, 0x0000000088a00000|100%| O|  |TAMS 0x0000000088a00000, 0x0000000088a00000| Untracked 
| 138|0x0000000088a00000, 0x0000000088a00000, 0x0000000088b00000|  0%| F|  |TAMS 0x0000000088a00000, 0x0000000088a00000| Untracked 
| 139|0x0000000088b00000, 0x0000000088b00000, 0x0000000088c00000|  0%| F|  |TAMS 0x0000000088b00000, 0x0000000088b00000| Untracked 
| 140|0x0000000088c00000, 0x0000000088c00000, 0x0000000088d00000|  0%| F|  |TAMS 0x0000000088c00000, 0x0000000088c00000| Untracked 
| 141|0x0000000088d00000, 0x0000000088d00000, 0x0000000088e00000|  0%| F|  |TAMS 0x0000000088d00000, 0x0000000088d00000| Untracked 
| 142|0x0000000088e00000, 0x0000000088e00000, 0x0000000088f00000|  0%| F|  |TAMS 0x0000000088e00000, 0x0000000088e00000| Untracked 
| 143|0x0000000088f00000, 0x0000000088f00000, 0x0000000089000000|  0%| F|  |TAMS 0x0000000088f00000, 0x0000000088f00000| Untracked 
| 144|0x0000000089000000, 0x0000000089000000, 0x0000000089100000|  0%| F|  |TAMS 0x0000000089000000, 0x0000000089000000| Untracked 
| 145|0x0000000089100000, 0x0000000089100000, 0x0000000089200000|  0%| F|  |TAMS 0x0000000089100000, 0x0000000089100000| Untracked 
| 146|0x0000000089200000, 0x0000000089200000, 0x0000000089300000|  0%| F|  |TAMS 0x0000000089200000, 0x0000000089200000| Untracked 
| 147|0x0000000089300000, 0x0000000089300000, 0x0000000089400000|  0%| F|  |TAMS 0x0000000089300000, 0x0000000089300000| Untracked 
| 148|0x0000000089400000, 0x0000000089400000, 0x0000000089500000|  0%| F|  |TAMS 0x0000000089400000, 0x0000000089400000| Untracked 
| 149|0x0000000089500000, 0x0000000089500000, 0x0000000089600000|  0%| F|  |TAMS 0x0000000089500000, 0x0000000089500000| Untracked 
| 150|0x0000000089600000, 0x0000000089600000, 0x0000000089700000|  0%| F|  |TAMS 0x0000000089600000, 0x0000000089600000| Untracked 
| 151|0x0000000089700000, 0x0000000089700000, 0x0000000089800000|  0%| F|  |TAMS 0x0000000089700000, 0x0000000089700000| Untracked 
| 152|0x0000000089800000, 0x0000000089800000, 0x0000000089900000|  0%| F|  |TAMS 0x0000000089800000, 0x0000000089800000| Untracked 
| 153|0x0000000089900000, 0x0000000089900000, 0x0000000089a00000|  0%| F|  |TAMS 0x0000000089900000, 0x0000000089900000| Untracked 
| 154|0x0000000089a00000, 0x0000000089a00000, 0x0000000089b00000|  0%| F|  |TAMS 0x0000000089a00000, 0x0000000089a00000| Untracked 
| 155|0x0000000089b00000, 0x0000000089b00000, 0x0000000089c00000|  0%| F|  |TAMS 0x0000000089b00000, 0x0000000089b00000| Untracked 
| 156|0x0000000089c00000, 0x0000000089c00000, 0x0000000089d00000|  0%| F|  |TAMS 0x0000000089c00000, 0x0000000089c00000| Untracked 
| 157|0x0000000089d00000, 0x0000000089d00000, 0x0000000089e00000|  0%| F|  |TAMS 0x0000000089d00000, 0x0000000089d00000| Untracked 
| 158|0x0000000089e00000, 0x0000000089e00000, 0x0000000089f00000|  0%| F|  |TAMS 0x0000000089e00000, 0x0000000089e00000| Untracked 
| 159|0x0000000089f00000, 0x0000000089f00000, 0x000000008a000000|  0%| F|  |TAMS 0x0000000089f00000, 0x0000000089f00000| Untracked 
| 160|0x000000008a000000, 0x000000008a000000, 0x000000008a100000|  0%| F|  |TAMS 0x000000008a000000, 0x000000008a000000| Untracked 
| 161|0x000000008a100000, 0x000000008a100000, 0x000000008a200000|  0%| F|  |TAMS 0x000000008a100000, 0x000000008a100000| Untracked 
| 162|0x000000008a200000, 0x000000008a200000, 0x000000008a300000|  0%| F|  |TAMS 0x000000008a200000, 0x000000008a200000| Untracked 
| 163|0x000000008a300000, 0x000000008a300000, 0x000000008a400000|  0%| F|  |TAMS 0x000000008a300000, 0x000000008a300000| Untracked 
| 164|0x000000008a400000, 0x000000008a400000, 0x000000008a500000|  0%| F|  |TAMS 0x000000008a400000, 0x000000008a400000| Untracked 
| 165|0x000000008a500000, 0x000000008a500000, 0x000000008a600000|  0%| F|  |TAMS 0x000000008a500000, 0x000000008a500000| Untracked 
| 166|0x000000008a600000, 0x000000008a600000, 0x000000008a700000|  0%| F|  |TAMS 0x000000008a600000, 0x000000008a600000| Untracked 
| 167|0x000000008a700000, 0x000000008a700000, 0x000000008a800000|  0%| F|  |TAMS 0x000000008a700000, 0x000000008a700000| Untracked 
| 168|0x000000008a800000, 0x000000008a800000, 0x000000008a900000|  0%| F|  |TAMS 0x000000008a800000, 0x000000008a800000| Untracked 
| 169|0x000000008a900000, 0x000000008a900000, 0x000000008aa00000|  0%| F|  |TAMS 0x000000008a900000, 0x000000008a900000| Untracked 
| 170|0x000000008aa00000, 0x000000008aa00000, 0x000000008ab00000|  0%| F|  |TAMS 0x000000008aa00000, 0x000000008aa00000| Untracked 
| 171|0x000000008ab00000, 0x000000008ab00000, 0x000000008ac00000|  0%| F|  |TAMS 0x000000008ab00000, 0x000000008ab00000| Untracked 
| 172|0x000000008ac00000, 0x000000008ac00000, 0x000000008ad00000|  0%| F|  |TAMS 0x000000008ac00000, 0x000000008ac00000| Untracked 
| 173|0x000000008ad00000, 0x000000008ad00000, 0x000000008ae00000|  0%| F|  |TAMS 0x000000008ad00000, 0x000000008ad00000| Untracked 
| 174|0x000000008ae00000, 0x000000008ae00000, 0x000000008af00000|  0%| F|  |TAMS 0x000000008ae00000, 0x000000008ae00000| Untracked 
| 175|0x000000008af00000, 0x000000008af00000, 0x000000008b000000|  0%| F|  |TAMS 0x000000008af00000, 0x000000008af00000| Untracked 
| 176|0x000000008b000000, 0x000000008b000000, 0x000000008b100000|  0%| F|  |TAMS 0x000000008b000000, 0x000000008b000000| Untracked 
| 177|0x000000008b100000, 0x000000008b100000, 0x000000008b200000|  0%| F|  |TAMS 0x000000008b100000, 0x000000008b100000| Untracked 
| 178|0x000000008b200000, 0x000000008b200000, 0x000000008b300000|  0%| F|  |TAMS 0x000000008b200000, 0x000000008b200000| Untracked 
| 179|0x000000008b300000, 0x000000008b387e88, 0x000000008b400000| 53%| S|  |TAMS 0x000000008b300000, 0x000000008b300000| Complete 
| 180|0x000000008b400000, 0x000000008b500000, 0x000000008b500000|100%| S|  |TAMS 0x000000008b400000, 0x000000008b400000| Complete 
| 181|0x000000008b500000, 0x000000008b600000, 0x000000008b600000|100%| S|  |TAMS 0x000000008b500000, 0x000000008b500000| Complete 
| 182|0x000000008b600000, 0x000000008b700000, 0x000000008b700000|100%| S|  |TAMS 0x000000008b600000, 0x000000008b600000| Complete 
| 183|0x000000008b700000, 0x000000008b800000, 0x000000008b800000|100%| S|  |TAMS 0x000000008b700000, 0x000000008b700000| Complete 
| 184|0x000000008b800000, 0x000000008b88b4e8, 0x000000008b900000| 54%| E|CS|TAMS 0x000000008b800000, 0x000000008b88b4e8| Complete 
| 185|0x000000008b900000, 0x000000008ba00000, 0x000000008ba00000|100%| E|CS|TAMS 0x000000008b900000, 0x000000008ba00000| Complete 
| 186|0x000000008ba00000, 0x000000008bb00000, 0x000000008bb00000|100%| E|CS|TAMS 0x000000008ba00000, 0x000000008bb00000| Complete 
| 187|0x000000008bb00000, 0x000000008bc00000, 0x000000008bc00000|100%| E|CS|TAMS 0x000000008bb00000, 0x000000008bc00000| Complete 
| 188|0x000000008bc00000, 0x000000008bd00000, 0x000000008bd00000|100%| E|CS|TAMS 0x000000008bc00000, 0x000000008bd00000| Complete 
| 189|0x000000008bd00000, 0x000000008be00000, 0x000000008be00000|100%| E|CS|TAMS 0x000000008bd00000, 0x000000008be00000| Complete 
| 190|0x000000008be00000, 0x000000008bf00000, 0x000000008bf00000|100%| E|CS|TAMS 0x000000008be00000, 0x000000008bf00000| Complete 
| 191|0x000000008bf00000, 0x000000008c000000, 0x000000008c000000|100%| E|CS|TAMS 0x000000008bf00000, 0x000000008c000000| Complete 
| 192|0x000000008c000000, 0x000000008c100000, 0x000000008c100000|100%| E|CS|TAMS 0x000000008c000000, 0x000000008c100000| Complete 
| 193|0x000000008c100000, 0x000000008c200000, 0x000000008c200000|100%| E|CS|TAMS 0x000000008c100000, 0x000000008c200000| Complete 
| 194|0x000000008c200000, 0x000000008c300000, 0x000000008c300000|100%| E|CS|TAMS 0x000000008c200000, 0x000000008c300000| Complete 
| 195|0x000000008c300000, 0x000000008c400000, 0x000000008c400000|100%| E|CS|TAMS 0x000000008c300000, 0x000000008c400000| Complete 
| 196|0x000000008c400000, 0x000000008c500000, 0x000000008c500000|100%| E|CS|TAMS 0x000000008c400000, 0x000000008c500000| Complete 
| 197|0x000000008c500000, 0x000000008c600000, 0x000000008c600000|100%| E|CS|TAMS 0x000000008c500000, 0x000000008c600000| Complete 
| 198|0x000000008c600000, 0x000000008c700000, 0x000000008c700000|100%| E|CS|TAMS 0x000000008c600000, 0x000000008c700000| Complete 
| 199|0x000000008c700000, 0x000000008c800000, 0x000000008c800000|100%| E|CS|TAMS 0x000000008c700000, 0x000000008c800000| Complete 
| 200|0x000000008c800000, 0x000000008c900000, 0x000000008c900000|100%| E|CS|TAMS 0x000000008c800000, 0x000000008c900000| Complete 
| 201|0x000000008c900000, 0x000000008ca00000, 0x000000008ca00000|100%| E|CS|TAMS 0x000000008c900000, 0x000000008ca00000| Complete 
| 202|0x000000008ca00000, 0x000000008cb00000, 0x000000008cb00000|100%| E|CS|TAMS 0x000000008ca00000, 0x000000008cb00000| Complete 
| 203|0x000000008cb00000, 0x000000008cc00000, 0x000000008cc00000|100%| E|CS|TAMS 0x000000008cb00000, 0x000000008cc00000| Complete 
| 204|0x000000008cc00000, 0x000000008cd00000, 0x000000008cd00000|100%| E|CS|TAMS 0x000000008cc00000, 0x000000008cd00000| Complete 
| 205|0x000000008cd00000, 0x000000008ce00000, 0x000000008ce00000|100%| E|CS|TAMS 0x000000008cd00000, 0x000000008ce00000| Complete 
| 206|0x000000008ce00000, 0x000000008cf00000, 0x000000008cf00000|100%| E|CS|TAMS 0x000000008ce00000, 0x000000008cf00000| Complete 
| 207|0x000000008cf00000, 0x000000008d000000, 0x000000008d000000|100%| E|CS|TAMS 0x000000008cf00000, 0x000000008d000000| Complete 
| 208|0x000000008d000000, 0x000000008d100000, 0x000000008d100000|100%| E|CS|TAMS 0x000000008d000000, 0x000000008d100000| Complete 
| 209|0x000000008d100000, 0x000000008d200000, 0x000000008d200000|100%| E|CS|TAMS 0x000000008d100000, 0x000000008d200000| Complete 
| 210|0x000000008d200000, 0x000000008d300000, 0x000000008d300000|100%| E|CS|TAMS 0x000000008d200000, 0x000000008d300000| Complete 
| 211|0x000000008d300000, 0x000000008d400000, 0x000000008d400000|100%| E|CS|TAMS 0x000000008d300000, 0x000000008d400000| Complete 
| 212|0x000000008d400000, 0x000000008d500000, 0x000000008d500000|100%| E|CS|TAMS 0x000000008d400000, 0x000000008d500000| Complete 
| 213|0x000000008d500000, 0x000000008d600000, 0x000000008d600000|100%| E|CS|TAMS 0x000000008d500000, 0x000000008d600000| Complete 
| 214|0x000000008d600000, 0x000000008d700000, 0x000000008d700000|100%| E|CS|TAMS 0x000000008d600000, 0x000000008d700000| Complete 
| 215|0x000000008d700000, 0x000000008d800000, 0x000000008d800000|100%| E|CS|TAMS 0x000000008d700000, 0x000000008d800000| Complete 
| 216|0x000000008d800000, 0x000000008d900000, 0x000000008d900000|100%| E|CS|TAMS 0x000000008d800000, 0x000000008d900000| Complete 
| 217|0x000000008d900000, 0x000000008da00000, 0x000000008da00000|100%| E|CS|TAMS 0x000000008d900000, 0x000000008da00000| Complete 
| 218|0x000000008da00000, 0x000000008dac26a0, 0x000000008db00000| 75%| E|CS|TAMS 0x000000008da00000, 0x000000008dac26a0| Complete 
| 219|0x000000008db00000, 0x000000008dc00000, 0x000000008dc00000|100%| E|CS|TAMS 0x000000008db00000, 0x000000008dc00000| Complete 
| 220|0x000000008dc00000, 0x000000008dd00000, 0x000000008dd00000|100%| E|CS|TAMS 0x000000008dc00000, 0x000000008dd00000| Complete 
| 221|0x000000008dd00000, 0x000000008de00000, 0x000000008de00000|100%| E|CS|TAMS 0x000000008dd00000, 0x000000008de00000| Complete 
| 222|0x000000008de00000, 0x000000008df00000, 0x000000008df00000|100%| E|CS|TAMS 0x000000008de00000, 0x000000008df00000| Complete 
| 255|0x000000008ff00000, 0x0000000090000000, 0x0000000090000000|100%| E|CS|TAMS 0x000000008ff00000, 0x0000000090000000| Complete 

Card table byte_map: [0x000001f11f440000,0x000001f11f840000] _byte_map_base: 0x000001f11f040000

Marking Bits (Prev, Next): (CMBitMap*) 0x000001f1083abf70, (CMBitMap*) 0x000001f1083abfb0
 Prev Bits: [0x000001f11fc40000, 0x000001f121c40000)
 Next Bits: [0x000001f121c40000, 0x000001f123c40000)

Polling page: 0x000001f1062d0000

Metaspace:

Usage:
  Non-class:    105.75 MB used.
      Class:     16.33 MB used.
       Both:    122.08 MB used.

Virtual space:
  Non-class space:      112.00 MB reserved,     106.38 MB ( 95%) committed,  14 nodes.
      Class space:        1.00 GB reserved,      16.94 MB (  2%) committed,  1 nodes.
              Both:        1.11 GB reserved,     123.31 MB ( 11%) committed. 

Chunk freelists:
   Non-Class:  1.52 MB
       Class:  2.91 MB
        Both:  4.43 MB

MaxMetaspaceSize: 17179869184.00 GB
CompressedClassSpaceSize: 1.00 GB
 - commit_granule_bytes: 65536.
 - commit_granule_words: 8192.
 - virtual_space_node_default_size: 1048576.
 - enlarge_chunks_in_place: 1.
 - new_chunks_are_fully_committed: 0.
 - uncommit_free_chunks: 1.
 - use_allocation_guard: 0.
 - handle_deallocations: 1.


Internal statistics:

num_allocs_failed_limit: 6.
num_arena_births: 2464.
num_arena_deaths: 392.
num_vsnodes_births: 15.
num_vsnodes_deaths: 0.
num_space_committed: 1973.
num_space_uncommitted: 0.
num_chunks_returned_to_freelist: 541.
num_chunks_taken_from_freelist: 7989.
num_chunk_merges: 207.
num_chunk_splits: 4906.
num_chunks_enlarged: 2821.
num_purges: 6.

CodeHeap 'non-profiled nmethods': size=120000Kb used=14124Kb max_used=14124Kb free=105875Kb
 bounds [0x000001f1175c0000, 0x000001f118390000, 0x000001f11eaf0000]
CodeHeap 'profiled nmethods': size=120000Kb used=37157Kb max_used=37157Kb free=82842Kb
 bounds [0x000001f110090000, 0x000001f1124e0000, 0x000001f1175c0000]
CodeHeap 'non-nmethods': size=5760Kb used=2534Kb max_used=2603Kb free=3225Kb
 bounds [0x000001f10faf0000, 0x000001f10fd90000, 0x000001f110090000]
 total_blobs=19909 nmethods=18843 adapters=976
 compilation: enabled
              stopped_count=0, restarted_count=0
 full_count=0

Compilation events (20 events):
Event: 3383.089 Thread 0x000001f1268d9ce0 nmethod 22631 0x000001f11838a210 code [0x000001f11838a420, 0x000001f11838aa68]
Event: 3383.089 Thread 0x000001f1268d9ce0 22634       4       org.gradle.api.internal.file.collections.UnpackingVisitor::add (355 bytes)
Event: 3383.090 Thread 0x000001f1268e27e0 22639       3       org.gradle.internal.watch.registry.SnapshotCollectingDiffListener$$Lambda$1119/0x0000000801572000::visitSnapshotRoot (11 bytes)
Event: 3383.090 Thread 0x000001f1268e27e0 nmethod 22639 0x000001f1124d6090 code [0x000001f1124d6240, 0x000001f1124d6428]
Event: 3383.090 Thread 0x000001f1268e27e0 22640       3       com.google.common.base.Predicates::compose (11 bytes)
Event: 3383.091 Thread 0x000001f1268e27e0 nmethod 22640 0x000001f1124d6510 code [0x000001f1124d6720, 0x000001f1124d6f78]
Event: 3383.091 Thread 0x000001f1268e27e0 22641       3       com.google.common.base.Predicates$CompositionPredicate::<init> (7 bytes)
Event: 3383.091 Thread 0x000001f1268e27e0 nmethod 22641 0x000001f1124d7210 code [0x000001f1124d7420, 0x000001f1124d7bb8]
Event: 3383.091 Thread 0x000001f1268e27e0 22642       3       com.google.common.collect.Maps$FilteredEntryMap$EntrySet::<init> (6 bytes)
Event: 3383.091 Thread 0x000001f1268e27e0 nmethod 22642 0x000001f1124d7e10 code [0x000001f1124d7fe0, 0x000001f1124d8318]
Event: 3383.091 Thread 0x000001f1268e27e0 22647       3       com.google.protobuf.UnknownFieldSet::getDefaultInstance (4 bytes)
Event: 3383.091 Thread 0x000001f1268e27e0 nmethod 22647 0x000001f111eaf090 code [0x000001f111eaf220, 0x000001f111eaf318]
Event: 3383.091 Thread 0x000001f1268e27e0 22643       3       com.google.common.collect.ForwardingSet::<init> (5 bytes)
Event: 3383.091 Thread 0x000001f1268e27e0 nmethod 22643 0x000001f1124d8490 code [0x000001f1124d8640, 0x000001f1124d8878]
Event: 3383.091 Thread 0x000001f1268e27e0 22644       3       com.google.common.collect.Maps$FilteredEntryMap::createEntrySet (10 bytes)
Event: 3383.092 Thread 0x000001f1268e27e0 nmethod 22644 0x000001f1124d8990 code [0x000001f1124d8b60, 0x000001f1124d8f58]
Event: 3383.092 Thread 0x000001f1268e27e0 22645       3       com.google.common.collect.Maps$FilteredEntryMap$EntrySet::<init> (10 bytes)
Event: 3383.092 Thread 0x000001f1268e27e0 nmethod 22645 0x000001f1124d9110 code [0x000001f1124d92c0, 0x000001f1124d9598]
Event: 3383.092 Thread 0x000001f1268e27e0 22646       1       org.gradle.api.internal.provider.Providers$NoValueProvider::isImmutable (2 bytes)
Event: 3383.092 Thread 0x000001f1268e27e0 nmethod 22646 0x000001f11838b010 code [0x000001f11838b1a0, 0x000001f11838b278]

GC Heap History (20 events):
Event: 1637.635 GC heap after
{Heap after GC invocations=84 (full 0):
 garbage-first heap   total 220160K, used 109429K [0x0000000080000000, 0x0000000100000000)
  region size 1024K, 1 young (1024K), 1 survivors (1024K)
 Metaspace       used 115165K, committed 116288K, reserved 1155072K
  class space    used 15496K, committed 16064K, reserved 1048576K
}
Event: 1639.537 GC heap before
{Heap before GC invocations=84 (full 0):
 garbage-first heap   total 220160K, used 170869K [0x0000000080000000, 0x0000000100000000)
  region size 1024K, 61 young (62464K), 1 survivors (1024K)
 Metaspace       used 121589K, committed 122688K, reserved 1155072K
  class space    used 16320K, committed 16832K, reserved 1048576K
}
Event: 1639.541 GC heap after
{Heap after GC invocations=85 (full 0):
 garbage-first heap   total 220160K, used 113594K [0x0000000080000000, 0x0000000100000000)
  region size 1024K, 5 young (5120K), 5 survivors (5120K)
 Metaspace       used 121589K, committed 122688K, reserved 1155072K
  class space    used 16320K, committed 16832K, reserved 1048576K
}
Event: 2862.197 GC heap before
{Heap before GC invocations=86 (full 0):
 garbage-first heap   total 220160K, used 174010K [0x0000000080000000, 0x0000000100000000)
  region size 1024K, 64 young (65536K), 5 survivors (5120K)
 Metaspace       used 124197K, committed 125312K, reserved 1163264K
  class space    used 16667K, committed 17216K, reserved 1048576K
}
Event: 2862.200 GC heap after
{Heap after GC invocations=87 (full 0):
 garbage-first heap   total 220160K, used 116653K [0x0000000080000000, 0x0000000100000000)
  region size 1024K, 3 young (3072K), 3 survivors (3072K)
 Metaspace       used 124197K, committed 125312K, reserved 1163264K
  class space    used 16667K, committed 17216K, reserved 1048576K
}
Event: 3300.257 GC heap before
{Heap before GC invocations=87 (full 0):
 garbage-first heap   total 220160K, used 157613K [0x0000000080000000, 0x0000000100000000)
  region size 1024K, 44 young (45056K), 3 survivors (3072K)
 Metaspace       used 124375K, committed 125632K, reserved 1163264K
  class space    used 16699K, committed 17280K, reserved 1048576K
}
Event: 3300.261 GC heap after
{Heap after GC invocations=88 (full 0):
 garbage-first heap   total 220160K, used 120594K [0x0000000080000000, 0x0000000100000000)
  region size 1024K, 7 young (7168K), 7 survivors (7168K)
 Metaspace       used 124375K, committed 125632K, reserved 1163264K
  class space    used 16699K, committed 17280K, reserved 1048576K
}
Event: 3301.584 GC heap before
{Heap before GC invocations=89 (full 0):
 garbage-first heap   total 229376K, used 195346K [0x0000000080000000, 0x0000000100000000)
  region size 1024K, 64 young (65536K), 7 survivors (7168K)
 Metaspace       used 124337K, committed 125696K, reserved 1163264K
  class space    used 16699K, committed 17280K, reserved 1048576K
}
Event: 3301.590 GC heap after
{Heap after GC invocations=90 (full 0):
 garbage-first heap   total 229376K, used 124800K [0x0000000080000000, 0x0000000100000000)
  region size 1024K, 8 young (8192K), 8 survivors (8192K)
 Metaspace       used 124337K, committed 125696K, reserved 1163264K
  class space    used 16699K, committed 17280K, reserved 1048576K
}
Event: 3301.600 GC heap before
{Heap before GC invocations=90 (full 0):
 garbage-first heap   total 229376K, used 126848K [0x0000000080000000, 0x0000000100000000)
  region size 1024K, 11 young (11264K), 8 survivors (8192K)
 Metaspace       used 124342K, committed 125696K, reserved 1163264K
  class space    used 16699K, committed 17280K, reserved 1048576K
}
Event: 3301.613 GC heap after
{Heap after GC invocations=91 (full 0):
 garbage-first heap   total 229376K, used 118655K [0x0000000080000000, 0x0000000100000000)
  region size 1024K, 2 young (2048K), 2 survivors (2048K)
 Metaspace       used 124342K, committed 125696K, reserved 1163264K
  class space    used 16699K, committed 17280K, reserved 1048576K
}
Event: 3301.802 GC heap before
{Heap before GC invocations=91 (full 0):
 garbage-first heap   total 229376K, used 144255K [0x0000000080000000, 0x0000000100000000)
  region size 1024K, 28 young (28672K), 2 survivors (2048K)
 Metaspace       used 124397K, committed 125696K, reserved 1163264K
  class space    used 16706K, committed 17280K, reserved 1048576K
}
Event: 3301.805 GC heap after
{Heap after GC invocations=92 (full 0):
 garbage-first heap   total 229376K, used 119332K [0x0000000080000000, 0x0000000100000000)
  region size 1024K, 3 young (3072K), 3 survivors (3072K)
 Metaspace       used 124397K, committed 125696K, reserved 1163264K
  class space    used 16706K, committed 17280K, reserved 1048576K
}
Event: 3302.288 GC heap before
{Heap before GC invocations=93 (full 0):
 garbage-first heap   total 229376K, used 187940K [0x0000000080000000, 0x0000000100000000)
  region size 1024K, 69 young (70656K), 3 survivors (3072K)
 Metaspace       used 124909K, committed 126208K, reserved 1163264K
  class space    used 16724K, committed 17344K, reserved 1048576K
}
Event: 3302.290 GC heap after
{Heap after GC invocations=94 (full 0):
 garbage-first heap   total 229376K, used 120845K [0x0000000080000000, 0x0000000100000000)
  region size 1024K, 2 young (2048K), 2 survivors (2048K)
 Metaspace       used 124909K, committed 126208K, reserved 1163264K
  class space    used 16724K, committed 17344K, reserved 1048576K
}
Event: 3302.312 GC heap before
{Heap before GC invocations=94 (full 0):
 garbage-first heap   total 229376K, used 130061K [0x0000000080000000, 0x0000000100000000)
  region size 1024K, 11 young (11264K), 2 survivors (2048K)
 Metaspace       used 124910K, committed 126208K, reserved 1163264K
  class space    used 16724K, committed 17344K, reserved 1048576K
}
Event: 3302.319 GC heap after
{Heap after GC invocations=95 (full 0):
 garbage-first heap   total 229376K, used 109254K [0x0000000080000000, 0x0000000100000000)
  region size 1024K, 1 young (1024K), 1 survivors (1024K)
 Metaspace       used 124910K, committed 126208K, reserved 1163264K
  class space    used 16724K, committed 17344K, reserved 1048576K
}
Event: 3302.340 GC heap before
{Heap before GC invocations=95 (full 0):
 garbage-first heap   total 229376K, used 113350K [0x0000000080000000, 0x0000000100000000)
  region size 1024K, 6 young (6144K), 1 survivors (1024K)
 Metaspace       used 124910K, committed 126208K, reserved 1163264K
  class space    used 16724K, committed 17344K, reserved 1048576K
}
Event: 3302.342 GC heap after
{Heap after GC invocations=96 (full 0):
 garbage-first heap   total 229376K, used 109409K [0x0000000080000000, 0x0000000100000000)
  region size 1024K, 1 young (1024K), 1 survivors (1024K)
 Metaspace       used 124910K, committed 126208K, reserved 1163264K
  class space    used 16724K, committed 17344K, reserved 1048576K
}
Event: 3383.092 GC heap before
{Heap before GC invocations=97 (full 0):
 garbage-first heap   total 229376K, used 156513K [0x0000000080000000, 0x0000000100000000)
  region size 1024K, 40 young (40960K), 1 survivors (1024K)
 Metaspace       used 125009K, committed 126272K, reserved 1163264K
  class space    used 16724K, committed 17344K, reserved 1048576K
}

Deoptimization events (20 events):
Event: 3302.153 Thread 0x000001f129048520 DEOPT PACKING pc=0x000001f118333ed8 sp=0x0000007d604fcb30
Event: 3302.153 Thread 0x000001f129048520 DEOPT UNPACKING pc=0x000001f10fb3d72e sp=0x0000007d604fca90 mode 2
Event: 3302.153 Thread 0x000001f129048520 Uncommon trap: trap_request=0xffffffbe fr.pc=0x000001f118333ed8 relative=0x0000000000000818
Event: 3302.153 Thread 0x000001f129048520 Uncommon trap: reason=profile_predicate action=maybe_recompile pc=0x000001f118333ed8 method=com.android.tools.r8.graph.c0.a([C)I @ 8 c2
Event: 3302.153 Thread 0x000001f129048520 DEOPT PACKING pc=0x000001f118333ed8 sp=0x0000007d604fcb30
Event: 3302.153 Thread 0x000001f129048520 DEOPT UNPACKING pc=0x000001f10fb3d72e sp=0x0000007d604fca90 mode 2
Event: 3302.156 Thread 0x000001f12c98a100 Uncommon trap: trap_request=0xffffffbe fr.pc=0x000001f118333ed8 relative=0x0000000000000818
Event: 3302.156 Thread 0x000001f12c98a100 Uncommon trap: reason=profile_predicate action=maybe_recompile pc=0x000001f118333ed8 method=com.android.tools.r8.graph.c0.a([C)I @ 8 c2
Event: 3302.156 Thread 0x000001f12c98a100 DEOPT PACKING pc=0x000001f118333ed8 sp=0x0000007d610fc3a0
Event: 3302.156 Thread 0x000001f12c98a100 DEOPT UNPACKING pc=0x000001f10fb3d72e sp=0x0000007d610fc300 mode 2
Event: 3302.156 Thread 0x000001f12c98a100 Uncommon trap: trap_request=0xffffffbe fr.pc=0x000001f117bbc73c relative=0x000000000000021c
Event: 3302.156 Thread 0x000001f12c98a100 Uncommon trap: reason=profile_predicate action=maybe_recompile pc=0x000001f117bbc73c method=com.android.tools.r8.graph.c0.a([C)I @ 8 c2
Event: 3302.156 Thread 0x000001f12c98a100 DEOPT PACKING pc=0x000001f117bbc73c sp=0x0000007d610fc360
Event: 3302.156 Thread 0x000001f12c98a100 DEOPT UNPACKING pc=0x000001f10fb3d72e sp=0x0000007d610fc2f8 mode 2
Event: 3382.999 Thread 0x000001f129966430 Uncommon trap: trap_request=0xffffff76 fr.pc=0x000001f1182fdaf8 relative=0x0000000000000dd8
Event: 3382.999 Thread 0x000001f129966430 Uncommon trap: reason=predicate action=maybe_recompile pc=0x000001f1182fdaf8 method=com.google.common.collect.RegularImmutableMap.fromEntryArray(I[Ljava/util/Map$Entry;)Lcom/google/common/collect/ImmutableMap; @ 59 c2
Event: 3382.999 Thread 0x000001f129966430 DEOPT PACKING pc=0x000001f1182fdaf8 sp=0x0000007d5c7f8a00
Event: 3382.999 Thread 0x000001f129966430 DEOPT UNPACKING pc=0x000001f10fb3d72e sp=0x0000007d5c7f8988 mode 2
Event: 3383.016 Thread 0x000001f129966430 DEOPT PACKING pc=0x000001f110bb277c sp=0x0000007d5c7fa990
Event: 3383.016 Thread 0x000001f129966430 DEOPT UNPACKING pc=0x000001f10fb3dece sp=0x0000007d5c7f9da8 mode 0

Classes unloaded (20 events):
Event: 3300.310 Thread 0x000001f1268b3570 Unloading class 0x0000000800d2d000 'java/lang/invoke/LambdaForm$MH+0x0000000800d2d000'
Event: 3300.310 Thread 0x000001f1268b3570 Unloading class 0x0000000800d2c800 'java/lang/invoke/LambdaForm$MH+0x0000000800d2c800'
Event: 3300.310 Thread 0x000001f1268b3570 Unloading class 0x0000000800ce2400 'java/lang/invoke/LambdaForm$DMH+0x0000000800ce2400'
Event: 3300.310 Thread 0x000001f1268b3570 Unloading class 0x0000000800ce1c00 'java/lang/invoke/LambdaForm$DMH+0x0000000800ce1c00'
Event: 3300.310 Thread 0x000001f1268b3570 Unloading class 0x0000000800ce1800 'java/lang/invoke/LambdaForm$MH+0x0000000800ce1800'
Event: 3300.310 Thread 0x000001f1268b3570 Unloading class 0x0000000800ce1400 'java/lang/invoke/LambdaForm$MH+0x0000000800ce1400'
Event: 3300.310 Thread 0x000001f1268b3570 Unloading class 0x0000000800ce1000 'java/lang/invoke/LambdaForm$MH+0x0000000800ce1000'
Event: 3300.310 Thread 0x000001f1268b3570 Unloading class 0x0000000800ce0c00 'java/lang/invoke/LambdaForm$MH+0x0000000800ce0c00'
Event: 3300.310 Thread 0x000001f1268b3570 Unloading class 0x0000000800ce0800 'java/lang/invoke/LambdaForm$MH+0x0000000800ce0800'
Event: 3300.310 Thread 0x000001f1268b3570 Unloading class 0x0000000800ce0400 'java/lang/invoke/LambdaForm$MH+0x0000000800ce0400'
Event: 3300.310 Thread 0x000001f1268b3570 Unloading class 0x0000000800ce0000 'java/lang/invoke/LambdaForm$MH+0x0000000800ce0000'
Event: 3300.310 Thread 0x000001f1268b3570 Unloading class 0x0000000800cc3000 'java/lang/invoke/LambdaForm$MH+0x0000000800cc3000'
Event: 3300.310 Thread 0x000001f1268b3570 Unloading class 0x0000000800cc2800 'java/lang/invoke/LambdaForm$MH+0x0000000800cc2800'
Event: 3300.310 Thread 0x000001f1268b3570 Unloading class 0x0000000800cc2400 'java/lang/invoke/LambdaForm$MH+0x0000000800cc2400'
Event: 3300.310 Thread 0x000001f1268b3570 Unloading class 0x0000000800cc2000 'java/lang/invoke/LambdaForm$MH+0x0000000800cc2000'
Event: 3300.310 Thread 0x000001f1268b3570 Unloading class 0x0000000800cc1c00 'java/lang/invoke/LambdaForm$MH+0x0000000800cc1c00'
Event: 3300.310 Thread 0x000001f1268b3570 Unloading class 0x0000000800cc1400 'java/lang/invoke/LambdaForm$MH+0x0000000800cc1400'
Event: 3300.310 Thread 0x000001f1268b3570 Unloading class 0x0000000800c22c00 'java/lang/invoke/LambdaForm$MH+0x0000000800c22c00'
Event: 3300.310 Thread 0x000001f1268b3570 Unloading class 0x0000000800c22800 'java/lang/invoke/LambdaForm$MH+0x0000000800c22800'
Event: 3300.310 Thread 0x000001f1268b3570 Unloading class 0x0000000800c20400 'java/lang/invoke/LambdaForm$MH+0x0000000800c20400'

Classes redefined (0 events):
No events

Internal exceptions (20 events):
Event: 3302.160 Thread 0x000001f129048520 Exception <a 'sun/nio/fs/WindowsException'{0x000000008a7ee078}> (0x000000008a7ee078) 
thrown [t:\workspace\open\src\hotspot\share\prims\jni.cpp, line 579]
Event: 3302.161 Thread 0x000001f129048520 Exception <a 'sun/nio/fs/WindowsException'{0x000000008a7f7e80}> (0x000000008a7f7e80) 
thrown [t:\workspace\open\src\hotspot\share\prims\jni.cpp, line 579]
Event: 3302.166 Thread 0x000001f12c98a100 Exception <a 'sun/nio/fs/WindowsException'{0x000000008a5f3310}> (0x000000008a5f3310) 
thrown [t:\workspace\open\src\hotspot\share\prims\jni.cpp, line 579]
Event: 3302.167 Thread 0x000001f12c98a100 Exception <a 'sun/nio/fs/WindowsException'{0x000000008a5fb488}> (0x000000008a5fb488) 
thrown [t:\workspace\open\src\hotspot\share\prims\jni.cpp, line 579]
Event: 3302.168 Thread 0x000001f12c98bb90 Exception <a 'sun/nio/fs/WindowsException'{0x000000008a4e7378}> (0x000000008a4e7378) 
thrown [t:\workspace\open\src\hotspot\share\prims\jni.cpp, line 579]
Event: 3302.168 Thread 0x000001f12c98a100 Exception <a 'sun/nio/fs/WindowsException'{0x000000008a4ded18}> (0x000000008a4ded18) 
thrown [t:\workspace\open\src\hotspot\share\prims\jni.cpp, line 579]
Event: 3302.168 Thread 0x000001f12c98bb90 Exception <a 'sun/nio/fs/WindowsException'{0x000000008a4ef848}> (0x000000008a4ef848) 
thrown [t:\workspace\open\src\hotspot\share\prims\jni.cpp, line 579]
Event: 3302.169 Thread 0x000001f12c98a100 Exception <a 'sun/nio/fs/WindowsException'{0x000000008a4f94c0}> (0x000000008a4f94c0) 
thrown [t:\workspace\open\src\hotspot\share\prims\jni.cpp, line 579]
Event: 3302.169 Thread 0x000001f12c98bb90 Exception <a 'sun/nio/fs/WindowsException'{0x000000008a3c5be0}> (0x000000008a3c5be0) 
thrown [t:\workspace\open\src\hotspot\share\prims\jni.cpp, line 579]
Event: 3302.170 Thread 0x000001f12c98bb90 Exception <a 'sun/nio/fs/WindowsException'{0x000000008a3d2120}> (0x000000008a3d2120) 
thrown [t:\workspace\open\src\hotspot\share\prims\jni.cpp, line 579]
Event: 3302.171 Thread 0x000001f12c98bb90 Exception <a 'sun/nio/fs/WindowsException'{0x000000008a3de680}> (0x000000008a3de680) 
thrown [t:\workspace\open\src\hotspot\share\prims\jni.cpp, line 579]
Event: 3302.242 Thread 0x000001f128a545e0 Exception <a 'sun/nio/fs/WindowsException'{0x000000008a025838}> (0x000000008a025838) 
thrown [t:\workspace\open\src\hotspot\share\prims\jni.cpp, line 579]
Event: 3302.258 Thread 0x000001f128a545e0 Exception <a 'sun/nio/fs/WindowsException'{0x0000000089eae568}> (0x0000000089eae568) 
thrown [t:\workspace\open\src\hotspot\share\prims\jni.cpp, line 579]
Event: 3383.006 Thread 0x000001f129966430 Exception <a 'sun/nio/fs/WindowsException'{0x000000008c6482f0}> (0x000000008c6482f0) 
thrown [t:\workspace\open\src\hotspot\share\prims\jni.cpp, line 579]
Event: 3383.019 Thread 0x000001f129966430 Exception <a 'java/lang/NoClassDefFoundError'{0x000000008c4aa378}: org/jetbrains/kotlin/gradle/plugin/KotlinBasePluginWrapper> (0x000000008c4aa378) 
thrown [t:\workspace\open\src\hotspot\share\oops\constantPool.cpp, line 809]
Event: 3383.028 Thread 0x000001f129966430 Exception <a 'sun/nio/fs/WindowsException'{0x000000008c368690}> (0x000000008c368690) 
thrown [t:\workspace\open\src\hotspot\share\prims\jni.cpp, line 579]
Event: 3383.031 Thread 0x000001f129966430 Exception <a 'sun/nio/fs/WindowsException'{0x000000008c206978}> (0x000000008c206978) 
thrown [t:\workspace\open\src\hotspot\share\prims\jni.cpp, line 579]
Event: 3383.031 Thread 0x000001f129966430 Exception <a 'sun/nio/fs/WindowsException'{0x000000008c207a58}> (0x000000008c207a58) 
thrown [t:\workspace\open\src\hotspot\share\prims\jni.cpp, line 579]
Event: 3383.031 Thread 0x000001f129966430 Exception <a 'sun/nio/fs/WindowsException'{0x000000008c208b88}> (0x000000008c208b88) 
thrown [t:\workspace\open\src\hotspot\share\prims\jni.cpp, line 579]
Event: 3383.031 Thread 0x000001f129966430 Exception <a 'sun/nio/fs/WindowsException'{0x000000008c209cb8}> (0x000000008c209cb8) 
thrown [t:\workspace\open\src\hotspot\share\prims\jni.cpp, line 579]

Events (20 events):
Event: 3382.984 Thread 0x000001f132fb0d40 Thread added: 0x000001f132fb0d40
Event: 3382.984 Thread 0x000001f132fb1d30 Thread added: 0x000001f132fb1d30
Event: 3383.005 Executing  VM operation: ICBufferFull
Event: 3383.005 Executing  VM operation: ICBufferFull done
Event: 3383.050 Thread 0x000001f132fb27d0 Thread added: 0x000001f132fb27d0
Event: 3383.050 Thread 0x000001f132fb3270 Thread added: 0x000001f132fb3270
Event: 3383.050 Thread 0x000001f132fadd70 Thread added: 0x000001f132fadd70
Event: 3383.050 Thread 0x000001f132faf800 Thread added: 0x000001f132faf800
Event: 3383.050 Thread 0x000001f132facd80 Thread added: 0x000001f132facd80
Event: 3383.051 Thread 0x000001f132fb2d20 Thread added: 0x000001f132fb2d20
Event: 3383.051 Thread 0x000001f132faed60 Thread added: 0x000001f132faed60
Event: 3383.051 Thread 0x000001f132fb3d10 Thread added: 0x000001f132fb3d10
Event: 3383.051 Thread 0x000001f132fb4260 Thread added: 0x000001f132fb4260
Event: 3383.051 Thread 0x000001f132fac830 Thread added: 0x000001f132fac830
Event: 3383.051 Thread 0x000001f132fae2c0 Thread added: 0x000001f132fae2c0
Event: 3383.051 Thread 0x000001f132faf2b0 Thread added: 0x000001f132faf2b0
Event: 3383.051 Thread 0x000001f129049a60 Thread added: 0x000001f129049a60
Event: 3383.075 Executing  VM operation: ICBufferFull
Event: 3383.075 Executing  VM operation: ICBufferFull done
Event: 3383.092 Executing  VM operation: G1TryInitiateConcMark


Dynamic libraries:
0x00007ff61a350000 - 0x00007ff61a360000 	F:\Java\jdk-16.0.1\bin\java.exe
0x00007ffff5dd0000 - 0x00007ffff5fc5000 	C:\Windows\SYSTEM32\ntdll.dll
0x00007ffff5030000 - 0x00007ffff50ee000 	C:\Windows\System32\KERNEL32.DLL
0x00007ffff3970000 - 0x00007ffff3c38000 	C:\Windows\System32\KERNELBASE.dll
0x00007ffff3870000 - 0x00007ffff3970000 	C:\Windows\System32\ucrtbase.dll
0x00007fffd4a60000 - 0x00007fffd4a78000 	F:\Java\jdk-16.0.1\bin\jli.dll
0x00007ffff5790000 - 0x00007ffff583c000 	C:\Windows\System32\ADVAPI32.dll
0x00007fffcf160000 - 0x00007fffcf179000 	F:\Java\jdk-16.0.1\bin\VCRUNTIME140.dll
0x00007ffff52f0000 - 0x00007ffff538e000 	C:\Windows\System32\msvcrt.dll
0x00007ffff5c60000 - 0x00007ffff5cfb000 	C:\Windows\System32\sechost.dll
0x00007ffff3e20000 - 0x00007ffff3f4a000 	C:\Windows\System32\RPCRT4.dll
0x00007ffff55b0000 - 0x00007ffff5751000 	C:\Windows\System32\USER32.dll
0x00007fffe2d90000 - 0x00007fffe302a000 	C:\Windows\WinSxS\amd64_microsoft.windows.common-controls_6595b64144ccf1df_6.0.19041.1110_none_60b5254171f9507e\COMCTL32.dll
0x00007ffff3840000 - 0x00007ffff3862000 	C:\Windows\System32\win32u.dll
0x00007ffff54d0000 - 0x00007ffff54fb000 	C:\Windows\System32\GDI32.dll
0x00007ffff3c70000 - 0x00007ffff3d7b000 	C:\Windows\System32\gdi32full.dll
0x00007fffecc90000 - 0x00007fffecc9a000 	C:\Windows\SYSTEM32\VERSION.dll
0x00007ffff3d80000 - 0x00007ffff3e1d000 	C:\Windows\System32\msvcp_win.dll
0x00007ffff5760000 - 0x00007ffff5790000 	C:\Windows\System32\IMM32.DLL
0x00007fffd7060000 - 0x00007fffd706c000 	F:\Java\jdk-16.0.1\bin\vcruntime140_1.dll
0x00007fff95ca0000 - 0x00007fff95d31000 	F:\Java\jdk-16.0.1\bin\msvcp140.dll
0x00007fff6dd60000 - 0x00007fff6e90b000 	F:\Java\jdk-16.0.1\bin\server\jvm.dll
0x00007ffff4840000 - 0x00007ffff4848000 	C:\Windows\System32\PSAPI.DLL
0x00007fffe8a20000 - 0x00007fffe8a47000 	C:\Windows\SYSTEM32\WINMM.dll
0x00007fffdfb40000 - 0x00007fffdfb49000 	C:\Windows\SYSTEM32\WSOCK32.dll
0x00007ffff5b20000 - 0x00007ffff5b8b000 	C:\Windows\System32\WS2_32.dll
0x00007ffff1dc0000 - 0x00007ffff1dd2000 	C:\Windows\SYSTEM32\kernel.appcore.dll
0x00007fffd5320000 - 0x00007fffd532a000 	F:\Java\jdk-16.0.1\bin\jimage.dll
0x00007ffff1280000 - 0x00007ffff1464000 	C:\Windows\SYSTEM32\DBGHELP.DLL
0x00007fffdde00000 - 0x00007fffdde2c000 	C:\Windows\SYSTEM32\dbgcore.DLL
0x00007ffff36a0000 - 0x00007ffff3723000 	C:\Windows\System32\bcryptPrimitives.dll
0x00007fffcdf20000 - 0x00007fffcdf45000 	F:\Java\jdk-16.0.1\bin\java.dll
0x00007ffff4100000 - 0x00007ffff483f000 	C:\Windows\System32\SHELL32.dll
0x00007ffff1470000 - 0x00007ffff1c00000 	C:\Windows\SYSTEM32\windows.storage.dll
0x00007ffff4850000 - 0x00007ffff4ba5000 	C:\Windows\System32\combase.dll
0x00007ffff2ed0000 - 0x00007ffff2efe000 	C:\Windows\SYSTEM32\Wldp.dll
0x00007ffff5500000 - 0x00007ffff55ad000 	C:\Windows\System32\SHCORE.dll
0x00007ffff5a50000 - 0x00007ffff5aa5000 	C:\Windows\System32\shlwapi.dll
0x00007ffff3430000 - 0x00007ffff344f000 	C:\Windows\SYSTEM32\profapi.dll
0x00007fffcdcf0000 - 0x00007fffcdd09000 	F:\Java\jdk-16.0.1\bin\net.dll
0x00007fffec8f0000 - 0x00007fffec9fc000 	C:\Windows\SYSTEM32\WINHTTP.dll
0x00007ffff2c30000 - 0x00007ffff2c9a000 	C:\Windows\system32\mswsock.dll
0x00007fffcdcb0000 - 0x00007fffcdcc3000 	F:\Java\jdk-16.0.1\bin\nio.dll
0x00007fffcdc90000 - 0x00007fffcdca8000 	F:\Java\jdk-16.0.1\bin\zip.dll
0x00007fffd52e0000 - 0x00007fffd52f0000 	F:\Java\jdk-16.0.1\bin\verify.dll
0x00007fffce390000 - 0x00007fffce3b7000 	C:\Users\cedricdev\.gradle\native\8bec1ad78214c89d9ad589b4d07fe93259594b29d510b10fafb7a158f7737e5d\windows-amd64\native-platform.dll
0x00007fff8ddc0000 - 0x00007fff8defd000 	C:\Users\cedricdev\.gradle\native\53dbd7edfb1c66fb8903c78663c9afc45aea4f116125fa6feffd364cf09443e8\windows-amd64\native-platform-file-events.dll
0x00007fffceff0000 - 0x00007fffceff9000 	F:\Java\jdk-16.0.1\bin\management.dll
0x00007fffce110000 - 0x00007fffce11b000 	F:\Java\jdk-16.0.1\bin\management_ext.dll
0x00007ffff2e20000 - 0x00007ffff2e38000 	C:\Windows\SYSTEM32\CRYPTSP.dll
0x00007ffff25b0000 - 0x00007ffff25e4000 	C:\Windows\system32\rsaenh.dll
0x00007ffff3c40000 - 0x00007ffff3c67000 	C:\Windows\System32\bcrypt.dll
0x00007ffff33b0000 - 0x00007ffff33de000 	C:\Windows\SYSTEM32\USERENV.dll
0x00007ffff2e40000 - 0x00007ffff2e4c000 	C:\Windows\SYSTEM32\CRYPTBASE.dll
0x00007ffff2920000 - 0x00007ffff295b000 	C:\Windows\SYSTEM32\IPHLPAPI.DLL
0x00007ffff5b10000 - 0x00007ffff5b18000 	C:\Windows\System32\NSI.dll
0x00007fffed5f0000 - 0x00007fffed607000 	C:\Windows\SYSTEM32\dhcpcsvc6.DLL
0x00007fffed4b0000 - 0x00007fffed4cd000 	C:\Windows\SYSTEM32\dhcpcsvc.DLL
0x00007ffff2960000 - 0x00007ffff2a2b000 	C:\Windows\SYSTEM32\DNSAPI.dll
0x00007fffce060000 - 0x00007fffce06e000 	F:\Java\jdk-16.0.1\bin\sunmscapi.dll
0x00007ffff34f0000 - 0x00007ffff3646000 	C:\Windows\System32\CRYPT32.dll
0x00007ffff2f60000 - 0x00007ffff2f87000 	C:\Windows\SYSTEM32\ncrypt.dll
0x00007ffff2f00000 - 0x00007ffff2f3b000 	C:\Windows\SYSTEM32\NTASN1.dll
0x00007fffcdce0000 - 0x00007fffcdce7000 	C:\Windows\system32\wshunix.dll
0x000000006efe0000 - 0x000000006f006000 	C:\Program Files\Bonjour\mdnsNSP.dll
0x00007fffec670000 - 0x00007fffec67a000 	C:\Windows\System32\rasadhlp.dll
0x00007fffec290000 - 0x00007fffec30f000 	C:\Windows\System32\fwpuclnt.dll

dbghelp: loaded successfully - version: 4.0.5 - missing functions: none
symbol engine: initialized successfully - sym options: 0x614 - pdb path: .;F:\Java\jdk-16.0.1\bin;C:\Windows\SYSTEM32;C:\Windows\WinSxS\amd64_microsoft.windows.common-controls_6595b64144ccf1df_6.0.19041.1110_none_60b5254171f9507e;F:\Java\jdk-16.0.1\bin\server;C:\Users\cedricdev\.gradle\native\8bec1ad78214c89d9ad589b4d07fe93259594b29d510b10fafb7a158f7737e5d\windows-amd64;C:\Users\cedricdev\.gradle\native\53dbd7edfb1c66fb8903c78663c9afc45aea4f116125fa6feffd364cf09443e8\windows-amd64;C:\Program Files\Bonjour

VM Arguments:
jvm_args: --add-opens=java.base/java.util=ALL-UNNAMED --add-opens=java.base/java.lang=ALL-UNNAMED --add-opens=java.base/java.lang.invoke=ALL-UNNAMED --add-opens=java.base/java.util=ALL-UNNAMED --add-opens=java.prefs/java.util.prefs=ALL-UNNAMED --add-opens=java.prefs/java.util.prefs=ALL-UNNAMED --add-opens=java.base/java.nio.charset=ALL-UNNAMED --add-opens=java.base/java.net=ALL-UNNAMED --add-opens=java.base/java.util.concurrent.atomic=ALL-UNNAMED -Xmx2048m -Dfile.encoding=UTF-8 -Duser.country=PH -Duser.language=en -Duser.variant 
java_command: org.gradle.launcher.daemon.bootstrap.GradleDaemon 7.0.2
java_class_path (initial): C:\Users\cedricdev\.gradle\wrapper\dists\gradle-7.0.2-bin\857tjihv64xamwrf0h14cai3r\gradle-7.0.2\lib\gradle-launcher-7.0.2.jar
Launcher Type: SUN_STANDARD

[Global flags]
     intx CICompilerCount                          = 4                                         {product} {ergonomic}
     uint ConcGCThreads                            = 3                                         {product} {ergonomic}
     uint G1ConcRefinementThreads                  = 10                                        {product} {ergonomic}
   size_t G1HeapRegionSize                         = 1048576                                   {product} {ergonomic}
    uintx GCDrainStackTargetSize                   = 64                                        {product} {ergonomic}
   size_t InitialHeapSize                          = 268435456                                 {product} {ergonomic}
   size_t MarkStackSize                            = 4194304                                   {product} {ergonomic}
   size_t MaxHeapSize                              = 2147483648                                {product} {command line}
   size_t MaxNewSize                               = 1287651328                                {product} {ergonomic}
   size_t MinHeapDeltaBytes                        = 1048576                                   {product} {ergonomic}
   size_t MinHeapSize                              = 8388608                                   {product} {ergonomic}
    uintx NonNMethodCodeHeapSize                   = 5839372                                {pd product} {ergonomic}
    uintx NonProfiledCodeHeapSize                  = 122909434                              {pd product} {ergonomic}
    uintx ProfiledCodeHeapSize                     = 122909434                              {pd product} {ergonomic}
    uintx ReservedCodeCacheSize                    = 251658240                              {pd product} {ergonomic}
     bool SegmentedCodeCache                       = true                                      {product} {ergonomic}
   size_t SoftMaxHeapSize                          = 2147483648                             {manageable} {ergonomic}
     bool UseCompressedClassPointers               = true                           {product lp64_product} {ergonomic}
     bool UseCompressedOops                        = true                           {product lp64_product} {ergonomic}
     bool UseG1GC                                  = true                                      {product} {ergonomic}
     bool UseLargePagesIndividualAllocation        = false                                  {pd product} {ergonomic}

Logging:
Log output configuration:
 #0: stdout all=warning uptime,level,tags
 #1: stderr all=off uptime,level,tags

Environment Variables:
JAVA_HOME=F:\Java\jdk-16.0.1
PATH=C:\Program Files\Common Files\Oracle\Java\javapath;C:\Windows\system32;C:\Windows;C:\Windows\System32\Wbem;C:\Windows\System32\WindowsPowerShell\v1.0\;C:\Windows\System32\OpenSSH\;F:\Java\jdk-16.0.1\bin;F:\nodejs\;C:\Program Files\NVIDIA Corporation\NVIDIA NvDLISR;C:\Program Files (x86)\NVIDIA Corporation\PhysX\Common;C:\Program Files\dotnet\;C:\Program Files\Microsoft SQL Server\130\Tools\Binn\;C:\Program Files\Microsoft SQL Server\Client SDK\ODBC\170\Tools\Binn\;C:\Program Files\MySQL\MySQL Shell 8.0\bin\;C:\Users\cedricdev\AppData\Local\Microsoft\WindowsApps;F:\Microsoft VS Code\bin;C:\Users\cedricdev\AppData\Roaming\npm;F:\nodejs;C:\Users\cedricdev\.dotnet\tools
USERNAME=cedricdev
OS=Windows_NT
PROCESSOR_IDENTIFIER=AMD64 Family 23 Model 113 Stepping 0, AuthenticAMD



---------------  S Y S T E M  ---------------

OS:
 Windows 10 , 64 bit Build 19041 (10.0.19041.1348)
OS uptime: 0 days 8:04 hours

CPU: total 12 (initial active 12) (12 cores per cpu, 2 threads per core) family 23 model 113 stepping 0 microcode 0x0, cx8, cmov, fxsr, ht, mmx, 3dnowpref, sse, sse2, sse3, ssse3, sse4a, sse4.1, sse4.2, popcnt, lzcnt, tsc, tscinvbit, avx, avx2, aes, clmul, bmi1, bmi2, adx, sha, fma, vzeroupper, clflush, clflushopt

Memory: 4k page, system-wide physical 16315M (5516M free)
TotalPageFile size 24315M (AvailPageFile size 8516M)
current process WorkingSet (physical memory assigned to process): 537M, peak: 577M
current process commit charge ("private bytes"): 625M, peak: 629M

vm_info: Java HotSpot(TM) 64-Bit Server VM (16.0.1+9-24) for windows-amd64 JRE (16.0.1+9-24), built on Mar 26 2021 19:31:42 by "mach5one" with MS VC++ 16.7 (VS2019)

END.
