#
# A fatal error has been detected by the Java Runtime Environment:
#
#  Internal Error (codeBuffer.cpp:970), pid=5340, tid=14300
#  guarantee(sect->end() <= tend) failed: sanity
#
# JRE version: Java(TM) SE Runtime Environment (16.0.1+9) (build 16.0.1+9-24)
# Java VM: Java HotSpot(TM) 64-Bit Server VM (16.0.1+9-24, mixed mode, sharing, tiered, compressed oops, compressed class ptrs, g1 gc, windows-amd64)
# No core dump will be written. Minidumps are not enabled by default on client versions of Windows
#
# If you would like to submit a bug report, please visit:
#   https://bugreport.java.com/bugreport/crash.jsp
#

---------------  S U M M A R Y ------------

Command Line: --add-opens=java.base/java.util=ALL-UNNAMED --add-opens=java.base/java.lang=ALL-UNNAMED --add-opens=java.base/java.lang.invoke=ALL-UNNAMED --add-opens=java.base/java.util=ALL-UNNAMED --add-opens=java.prefs/java.util.prefs=ALL-UNNAMED --add-opens=java.prefs/java.util.prefs=ALL-UNNAMED --add-opens=java.base/java.nio.charset=ALL-UNNAMED --add-opens=java.base/java.net=ALL-UNNAMED --add-opens=java.base/java.util.concurrent.atomic=ALL-UNNAMED -Xmx2048m -Dfile.encoding=UTF-8 -Duser.country=PH -Duser.language=en -Duser.variant org.gradle.launcher.daemon.bootstrap.GradleDaemon 7.0.2

Host: AMD Ryzen 5 3600 6-Core Processor              , 12 cores, 15G,  Windows 10 , 64 bit Build 19041 (10.0.19041.1348)
Time: Thu Nov 18 21:29:07 2021 China Standard Time elapsed time: 2.480710 seconds (0d 0h 0m 2s)

---------------  T H R E A D  ---------------

Current thread (0x000001fa14a3d7c0):  JavaThread "C2 CompilerThread2" daemon [_thread_in_native, id=14300, stack(0x000000eb52d00000,0x000000eb52e00000)]


Current CompileTask:
C2:   2480 3639       4       java.net.URLClassLoader$1::run (5 bytes)

Stack: [0x000000eb52d00000,0x000000eb52e00000]
Native frames: (J=compiled Java code, j=interpreted, Vv=VM code, C=native code)
V  [jvm.dll+0x6687ca]
V  [jvm.dll+0x7ca3c9]
V  [jvm.dll+0x7cbb53]
V  [jvm.dll+0x7cc167]
V  [jvm.dll+0x242e0c]
V  [jvm.dll+0x1ff6b0]
V  [jvm.dll+0x670b1e]
V  [jvm.dll+0x670e66]
V  [jvm.dll+0x66da83]
V  [jvm.dll+0x21639d]
V  [jvm.dll+0x215350]
V  [jvm.dll+0x1a1d9b]
V  [jvm.dll+0x2253a8]
V  [jvm.dll+0x2233ec]
V  [jvm.dll+0x780002]
V  [jvm.dll+0x779b4a]
V  [jvm.dll+0x667666]
C  [ucrtbase.dll+0x21bb2]
C  [KERNEL32.DLL+0x17034]
C  [ntdll.dll+0x52651]


---------------  P R O C E S S  ---------------

Threads class SMR info:
_java_thread_list=0x000001fa17a7ee90, length=39, elements={
0x000001fa71e5ec60, 0x000001fa7f3a0ad0, 0x000001fa7f3a5600, 0x000001fa7f3b1980,
0x000001fa7f3b2490, 0x000001fa7f3b2fa0, 0x000001fa7f3b58c0, 0x000001fa7f3bbac0,
0x000001fa7f3c44d0, 0x000001fa7f3c7220, 0x000001fa11110200, 0x000001fa11110720,
0x000001fa11178ec0, 0x000001fa123c1810, 0x000001fa1398dbc0, 0x000001fa12935950,
0x000001fa132a3cd0, 0x000001fa13b9e4e0, 0x000001fa11bc7c30, 0x000001fa11bc86d0,
0x000001fa11bc7190, 0x000001fa11bc8c20, 0x000001fa11bc9c10, 0x000001fa11bc66f0,
0x000001fa11bc76e0, 0x000001fa11bc9170, 0x000001fa14a3d7c0, 0x000001fa1620f580,
0x000001fa1620fad0, 0x000001fa162085f0, 0x000001fa1620c5b0, 0x000001fa1620e590,
0x000001fa1620ab20, 0x000001fa1620d050, 0x000001fa1620e040, 0x000001fa1620d5a0,
0x000001fa1620bb10, 0x000001fa1620a080, 0x000001fa1620c060
}

Java Threads: ( => current thread )
  0x000001fa71e5ec60 JavaThread "main" [_thread_blocked, id=10160, stack(0x000000eb50700000,0x000000eb50800000)]
  0x000001fa7f3a0ad0 JavaThread "Reference Handler" daemon [_thread_blocked, id=11012, stack(0x000000eb50e00000,0x000000eb50f00000)]
  0x000001fa7f3a5600 JavaThread "Finalizer" daemon [_thread_blocked, id=7840, stack(0x000000eb50f00000,0x000000eb51000000)]
  0x000001fa7f3b1980 JavaThread "Signal Dispatcher" daemon [_thread_blocked, id=11756, stack(0x000000eb51000000,0x000000eb51100000)]
  0x000001fa7f3b2490 JavaThread "Attach Listener" daemon [_thread_blocked, id=3816, stack(0x000000eb51100000,0x000000eb51200000)]
  0x000001fa7f3b2fa0 JavaThread "Service Thread" daemon [_thread_blocked, id=3560, stack(0x000000eb51200000,0x000000eb51300000)]
  0x000001fa7f3b58c0 JavaThread "Monitor Deflation Thread" daemon [_thread_blocked, id=16804, stack(0x000000eb51300000,0x000000eb51400000)]
  0x000001fa7f3bbac0 JavaThread "C2 CompilerThread0" daemon [_thread_blocked, id=15040, stack(0x000000eb51400000,0x000000eb51500000)]
  0x000001fa7f3c44d0 JavaThread "C1 CompilerThread0" daemon [_thread_blocked, id=11576, stack(0x000000eb51500000,0x000000eb51600000)]
  0x000001fa7f3c7220 JavaThread "Sweeper thread" daemon [_thread_blocked, id=2676, stack(0x000000eb51600000,0x000000eb51700000)]
  0x000001fa11110200 JavaThread "Common-Cleaner" daemon [_thread_blocked, id=13604, stack(0x000000eb51700000,0x000000eb51800000)]
  0x000001fa11110720 JavaThread "Notification Thread" daemon [_thread_blocked, id=9356, stack(0x000000eb51800000,0x000000eb51900000)]
  0x000001fa11178ec0 JavaThread "C2 CompilerThread1" daemon [_thread_blocked, id=13932, stack(0x000000eb51a00000,0x000000eb51b00000)]
  0x000001fa123c1810 JavaThread "Daemon health stats" [_thread_blocked, id=15140, stack(0x000000eb52000000,0x000000eb52100000)]
  0x000001fa1398dbc0 JavaThread "Incoming local TCP Connector on port 49759" [_thread_in_native, id=14200, stack(0x000000eb52100000,0x000000eb52200000)]
  0x000001fa12935950 JavaThread "Daemon periodic checks" [_thread_blocked, id=6396, stack(0x000000eb52200000,0x000000eb52300000)]
  0x000001fa132a3cd0 JavaThread "Daemon" [_thread_blocked, id=7908, stack(0x000000eb52300000,0x000000eb52400000)]
  0x000001fa13b9e4e0 JavaThread "Handler for socket connection from /127.0.0.1:49759 to /127.0.0.1:49760" [_thread_in_native, id=10820, stack(0x000000eb52400000,0x000000eb52500000)]
  0x000001fa11bc7c30 JavaThread "Cancel handler" [_thread_blocked, id=5836, stack(0x000000eb52500000,0x000000eb52600000)]
  0x000001fa11bc86d0 JavaThread "Daemon worker" [_thread_blocked, id=16068, stack(0x000000eb52600000,0x000000eb52700000)]
  0x000001fa11bc7190 JavaThread "Asynchronous log dispatcher for DefaultDaemonConnection: socket connection from /127.0.0.1:49759 to /127.0.0.1:49760" [_thread_blocked, id=16020, stack(0x000000eb52700000,0x000000eb52800000)]
  0x000001fa11bc8c20 JavaThread "Stdin handler" [_thread_blocked, id=13680, stack(0x000000eb52800000,0x000000eb52900000)]
  0x000001fa11bc9c10 JavaThread "Daemon client event forwarder" [_thread_blocked, id=16204, stack(0x000000eb52900000,0x000000eb52a00000)]
  0x000001fa11bc66f0 JavaThread "Cache worker for file hash cache (C:\Users\cedricdev\.gradle\caches\7.0.2\fileHashes)" [_thread_blocked, id=4404, stack(0x000000eb52a00000,0x000000eb52b00000)]
  0x000001fa11bc76e0 JavaThread "File lock request listener" [_thread_in_native, id=13136, stack(0x000000eb52b00000,0x000000eb52c00000)]
  0x000001fa11bc9170 JavaThread "Cache worker for journal cache (C:\Users\cedricdev\.gradle\caches\journal-1)" [_thread_blocked, id=13024, stack(0x000000eb52c00000,0x000000eb52d00000)]
=>0x000001fa14a3d7c0 JavaThread "C2 CompilerThread2" daemon [_thread_in_native, id=14300, stack(0x000000eb52d00000,0x000000eb52e00000)]
  0x000001fa1620f580 JavaThread "Cache worker for file hash cache (F:\AndroidStudioProjects\AftermathProj\.gradle\7.0.2\fileHashes)" [_thread_blocked, id=6764, stack(0x000000eb52e00000,0x000000eb52f00000)]
  0x000001fa1620fad0 JavaThread "File watcher server" daemon [_thread_in_native, id=1236, stack(0x000000eb52f00000,0x000000eb53000000)]
  0x000001fa162085f0 JavaThread "File watcher consumer" daemon [_thread_blocked, id=1436, stack(0x000000eb53000000,0x000000eb53100000)]
  0x000001fa1620c5b0 JavaThread "Cache worker for checksums cache (F:\AndroidStudioProjects\AftermathProj\.gradle\checksums)" [_thread_blocked, id=2568, stack(0x000000eb53100000,0x000000eb53200000)]
  0x000001fa1620e590 JavaThread "Cache worker for cache directory md-supplier (C:\Users\cedricdev\.gradle\caches\7.0.2\md-supplier)" [_thread_blocked, id=7804, stack(0x000000eb53200000,0x000000eb53300000)]
  0x000001fa1620ab20 JavaThread "Cache worker for cache directory md-rule (C:\Users\cedricdev\.gradle\caches\7.0.2\md-rule)" [_thread_blocked, id=7896, stack(0x000000eb53300000,0x000000eb53400000)]
  0x000001fa1620d050 JavaThread "Cache worker for execution history cache (C:\Users\cedricdev\.gradle\caches\7.0.2\executionHistory)" [_thread_blocked, id=11572, stack(0x000000eb53400000,0x000000eb53500000)]
  0x000001fa1620e040 JavaThread "jar transforms" [_thread_blocked, id=14652, stack(0x000000eb53b00000,0x000000eb53c00000)]
  0x000001fa1620d5a0 JavaThread "jar transforms Thread 2" [_thread_blocked, id=16928, stack(0x000000eb53c00000,0x000000eb53d00000)]
  0x000001fa1620bb10 JavaThread "Cache worker for file content cache (C:\Users\cedricdev\.gradle\caches\7.0.2\fileContent)" [_thread_blocked, id=14036, stack(0x000000eb53d00000,0x000000eb53e00000)]
  0x000001fa1620a080 JavaThread "Cache worker for dependencies-accessors (F:\AndroidStudioProjects\AftermathProj\.gradle\7.0.2\dependencies-accessors)" [_thread_blocked, id=14796, stack(0x000000eb53e00000,0x000000eb53f00000)]
  0x000001fa1620c060 JavaThread "jar transforms Thread 3" [_thread_blocked, id=14804, stack(0x000000eb53f00000,0x000000eb54000000)]

Other Threads:
  0x000001fa7f396cb0 VMThread "VM Thread" [stack: 0x000000eb50d00000,0x000000eb50e00000] [id=3360]
  0x000001fa1109d9c0 WatcherThread [stack: 0x000000eb51900000,0x000000eb51a00000] [id=5116]
  0x000001fa71e9bf10 GCTaskThread "GC Thread#0" [stack: 0x000000eb50800000,0x000000eb50900000] [id=104]
  0x000001fa11e234a0 GCTaskThread "GC Thread#1" [stack: 0x000000eb51b00000,0x000000eb51c00000] [id=8216]
  0x000001fa11b560f0 GCTaskThread "GC Thread#2" [stack: 0x000000eb51c00000,0x000000eb51d00000] [id=15732]
  0x000001fa11eb0e70 GCTaskThread "GC Thread#3" [stack: 0x000000eb51d00000,0x000000eb51e00000] [id=1712]
  0x000001fa11eb1180 GCTaskThread "GC Thread#4" [stack: 0x000000eb51e00000,0x000000eb51f00000] [id=8684]
  0x000001fa11662850 GCTaskThread "GC Thread#5" [stack: 0x000000eb51f00000,0x000000eb52000000] [id=2092]
  0x000001fa16b61de0 GCTaskThread "GC Thread#6" [stack: 0x000000eb53500000,0x000000eb53600000] [id=13180]
  0x000001fa14eec830 GCTaskThread "GC Thread#7" [stack: 0x000000eb53600000,0x000000eb53700000] [id=15364]
  0x000001fa152dec90 GCTaskThread "GC Thread#8" [stack: 0x000000eb53700000,0x000000eb53800000] [id=4540]
  0x000001fa16adfb10 GCTaskThread "GC Thread#9" [stack: 0x000000eb53800000,0x000000eb53900000] [id=11540]
  0x000001fa71eaee20 ConcurrentGCThread "G1 Main Marker" [stack: 0x000000eb50900000,0x000000eb50a00000] [id=13584]
  0x000001fa71eb0e70 ConcurrentGCThread "G1 Conc#0" [stack: 0x000000eb50a00000,0x000000eb50b00000] [id=4876]
  0x000001fa12d06f80 ConcurrentGCThread "G1 Conc#1" [stack: 0x000000eb53900000,0x000000eb53a00000] [id=4700]
  0x000001fa14a3d460 ConcurrentGCThread "G1 Conc#2" [stack: 0x000000eb53a00000,0x000000eb53b00000] [id=9644]
  0x000001fa71f3e380 ConcurrentGCThread "G1 Refine#0" [stack: 0x000000eb50b00000,0x000000eb50c00000] [id=9104]
  0x000001fa7f2460f0 ConcurrentGCThread "G1 Service" [stack: 0x000000eb50c00000,0x000000eb50d00000] [id=3080]

Threads with active compile tasks:
C2 CompilerThread0     5460 3634   !   4       java.net.URLClassLoader::findClass (47 bytes)
C2 CompilerThread1     5460 3640   !   4       java.net.URLClassLoader$1::run (63 bytes)
C2 CompilerThread2     5460 3639       4       java.net.URLClassLoader$1::run (5 bytes)

VM state: at safepoint (normal execution)

VM Mutex/Monitor currently owned by a thread:  ([mutex/lock_event])
[0x000001fa71e5af80] Threads_lock - owner thread: 0x000001fa7f396cb0
[0x000001fa71e5b010] Heap_lock - owner thread: 0x000001fa11bc86d0

Heap address: 0x0000000080000000, size: 2048 MB, Compressed Oops mode: 32-bit

CDS archive(s) mapped at: [0x0000000800000000-0x0000000800bb0000-0x0000000800bb0000), size 12255232, SharedBaseAddress: 0x0000000800000000, ArchiveRelocationMode: 0.
Compressed class space mapped at: 0x0000000800c00000-0x0000000840c00000, reserved size: 1073741824
Narrow klass base: 0x0000000800000000, Narrow klass shift: 3, Narrow klass range: 0x100000000

GC Precious Log:
 CPUs: 12 total, 12 available
 Memory: 16315M
 Large Page Support: Disabled
 NUMA Support: Disabled
 Compressed Oops: Enabled (32-bit)
 Heap Region Size: 1M
 Heap Min Capacity: 8M
 Heap Initial Capacity: 256M
 Heap Max Capacity: 2G
 Pre-touch: Disabled
 Parallel Workers: 10
 Concurrent Workers: 3
 Concurrent Refinement Workers: 10
 Periodic GC: Disabled

Heap:
 garbage-first heap   total 81920K, used 58834K [0x0000000080000000, 0x0000000100000000)
  region size 1024K, 31 young (31744K), 2 survivors (2048K)
 Metaspace       used 35120K, committed 35520K, reserved 1081344K
  class space    used 4775K, committed 4992K, reserved 1048576K

Heap Regions: E=young(eden), S=young(survivor), O=old, HS=humongous(starts), HC=humongous(continues), CS=collection set, F=free, OA=open archive, CA=closed archive, TAMS=top-at-mark-start (previous, next)
|   0|0x0000000080000000, 0x0000000080100000, 0x0000000080100000|100%| O|  |TAMS 0x0000000080000000, 0x0000000080100000| Untracked 
|   1|0x0000000080100000, 0x0000000080200000, 0x0000000080200000|100%| O|  |TAMS 0x0000000080200000, 0x0000000080200000| Untracked 
|   2|0x0000000080200000, 0x0000000080300000, 0x0000000080300000|100%| O|  |TAMS 0x0000000080300000, 0x0000000080300000| Untracked 
|   3|0x0000000080300000, 0x0000000080400000, 0x0000000080400000|100%|HS|  |TAMS 0x0000000080400000, 0x0000000080400000| Complete 
|   4|0x0000000080400000, 0x0000000080500000, 0x0000000080500000|100%|HC|  |TAMS 0x0000000080500000, 0x0000000080500000| Complete 
|   5|0x0000000080500000, 0x0000000080600000, 0x0000000080600000|100%|HC|  |TAMS 0x0000000080600000, 0x0000000080600000| Complete 
|   6|0x0000000080600000, 0x0000000080700000, 0x0000000080700000|100%| O|  |TAMS 0x0000000080700000, 0x0000000080700000| Untracked 
|   7|0x0000000080700000, 0x0000000080800000, 0x0000000080800000|100%| O|  |TAMS 0x0000000080800000, 0x0000000080800000| Untracked 
|   8|0x0000000080800000, 0x0000000080900000, 0x0000000080900000|100%| O|  |TAMS 0x0000000080900000, 0x0000000080900000| Untracked 
|   9|0x0000000080900000, 0x0000000080a00000, 0x0000000080a00000|100%| O|  |TAMS 0x0000000080a00000, 0x0000000080a00000| Untracked 
|  10|0x0000000080a00000, 0x0000000080a32200, 0x0000000080b00000| 19%| O|  |TAMS 0x0000000080a32008, 0x0000000080a32200| Untracked 
|  11|0x0000000080b00000, 0x0000000080c00000, 0x0000000080c00000|100%| O|  |TAMS 0x0000000080b00000, 0x0000000080c00000| Untracked 
|  12|0x0000000080c00000, 0x0000000080d00000, 0x0000000080d00000|100%| O|  |TAMS 0x0000000080c00000, 0x0000000080d00000| Untracked 
|  13|0x0000000080d00000, 0x0000000080e00000, 0x0000000080e00000|100%| O|  |TAMS 0x0000000080d00000, 0x0000000080e00000| Untracked 
|  14|0x0000000080e00000, 0x0000000080f00000, 0x0000000080f00000|100%| O|  |TAMS 0x0000000080e00000, 0x0000000080f00000| Untracked 
|  15|0x0000000080f00000, 0x0000000081000000, 0x0000000081000000|100%| O|  |TAMS 0x0000000080f00000, 0x0000000081000000| Untracked 
|  16|0x0000000081000000, 0x0000000081100000, 0x0000000081100000|100%| O|  |TAMS 0x0000000081000000, 0x0000000081100000| Untracked 
|  17|0x0000000081100000, 0x0000000081200000, 0x0000000081200000|100%|HS|  |TAMS 0x0000000081100000, 0x0000000081200000| Complete 
|  18|0x0000000081200000, 0x00000000812d5250, 0x0000000081300000| 83%| O|  |TAMS 0x0000000081200000, 0x0000000081200000| Untracked 
|  19|0x0000000081300000, 0x0000000081300000, 0x0000000081400000|  0%| F|  |TAMS 0x0000000081300000, 0x0000000081300000| Untracked 
|  20|0x0000000081400000, 0x0000000081400000, 0x0000000081500000|  0%| F|  |TAMS 0x0000000081400000, 0x0000000081400000| Untracked 
|  21|0x0000000081500000, 0x0000000081500000, 0x0000000081600000|  0%| F|  |TAMS 0x0000000081500000, 0x0000000081500000| Untracked 
|  22|0x0000000081600000, 0x0000000081600000, 0x0000000081700000|  0%| F|  |TAMS 0x0000000081600000, 0x0000000081600000| Untracked 
|  23|0x0000000081700000, 0x0000000081800000, 0x0000000081800000|100%| O|  |TAMS 0x0000000081700000, 0x0000000081800000| Untracked 
|  24|0x0000000081800000, 0x0000000081900000, 0x0000000081900000|100%| O|  |TAMS 0x0000000081800000, 0x0000000081900000| Untracked 
|  25|0x0000000081900000, 0x0000000081a00000, 0x0000000081a00000|100%| O|  |TAMS 0x0000000081900000, 0x0000000081a00000| Untracked 
|  26|0x0000000081a00000, 0x0000000081b00000, 0x0000000081b00000|100%| O|  |TAMS 0x0000000081a00000, 0x0000000081b00000| Untracked 
|  27|0x0000000081b00000, 0x0000000081c00000, 0x0000000081c00000|100%| O|  |TAMS 0x0000000081b00000, 0x0000000081b18a00| Untracked 
|  28|0x0000000081c00000, 0x0000000081c00000, 0x0000000081d00000|  0%| F|  |TAMS 0x0000000081c00000, 0x0000000081c00000| Untracked 
|  29|0x0000000081d00000, 0x0000000081d00000, 0x0000000081e00000|  0%| F|  |TAMS 0x0000000081d00000, 0x0000000081d00000| Untracked 
|  30|0x0000000081e00000, 0x0000000081e00000, 0x0000000081f00000|  0%| F|  |TAMS 0x0000000081e00000, 0x0000000081e00000| Untracked 
|  31|0x0000000081f00000, 0x0000000081f00000, 0x0000000082000000|  0%| F|  |TAMS 0x0000000081f00000, 0x0000000081f00000| Untracked 
|  32|0x0000000082000000, 0x0000000082000000, 0x0000000082100000|  0%| F|  |TAMS 0x0000000082000000, 0x0000000082000000| Untracked 
|  33|0x0000000082100000, 0x0000000082100000, 0x0000000082200000|  0%| F|  |TAMS 0x0000000082100000, 0x0000000082100000| Untracked 
|  34|0x0000000082200000, 0x0000000082200000, 0x0000000082300000|  0%| F|  |TAMS 0x0000000082200000, 0x0000000082200000| Untracked 
|  35|0x0000000082300000, 0x0000000082300000, 0x0000000082400000|  0%| F|  |TAMS 0x0000000082300000, 0x0000000082300000| Untracked 
|  36|0x0000000082400000, 0x0000000082400000, 0x0000000082500000|  0%| F|  |TAMS 0x0000000082400000, 0x0000000082400000| Untracked 
|  37|0x0000000082500000, 0x0000000082500000, 0x0000000082600000|  0%| F|  |TAMS 0x0000000082500000, 0x0000000082500000| Untracked 
|  38|0x0000000082600000, 0x0000000082642060, 0x0000000082700000| 25%| E|CS|TAMS 0x0000000082600000, 0x0000000082642060| Complete 
|  39|0x0000000082700000, 0x0000000082800000, 0x0000000082800000|100%| E|CS|TAMS 0x0000000082700000, 0x0000000082800000| Complete 
|  40|0x0000000082800000, 0x0000000082900000, 0x0000000082900000|100%| E|CS|TAMS 0x0000000082800000, 0x0000000082900000| Complete 
|  41|0x0000000082900000, 0x0000000082a00000, 0x0000000082a00000|100%| E|CS|TAMS 0x0000000082900000, 0x0000000082a00000| Complete 
|  42|0x0000000082a00000, 0x0000000082a00000, 0x0000000082b00000|  0%| F|  |TAMS 0x0000000082a00000, 0x0000000082a00000| Untracked 
|  43|0x0000000082b00000, 0x0000000082b00000, 0x0000000082c00000|  0%| F|  |TAMS 0x0000000082b00000, 0x0000000082b00000| Untracked 
|  44|0x0000000082c00000, 0x0000000082c00000, 0x0000000082d00000|  0%| F|  |TAMS 0x0000000082c00000, 0x0000000082c00000| Untracked 
|  45|0x0000000082d00000, 0x0000000082d30798, 0x0000000082e00000| 18%| S|  |TAMS 0x0000000082d00000, 0x0000000082d00000| Complete 
|  46|0x0000000082e00000, 0x0000000082f00000, 0x0000000082f00000|100%| S|  |TAMS 0x0000000082e00000, 0x0000000082e00000| Complete 
|  47|0x0000000082f00000, 0x0000000082fe7bb8, 0x0000000083000000| 90%| E|CS|TAMS 0x0000000082f00000, 0x0000000082fe7bb8| Complete 
|  48|0x0000000083000000, 0x0000000083100000, 0x0000000083100000|100%| E|CS|TAMS 0x0000000083000000, 0x0000000083100000| Complete 
|  49|0x0000000083100000, 0x0000000083200000, 0x0000000083200000|100%| E|CS|TAMS 0x0000000083100000, 0x0000000083200000| Complete 
|  50|0x0000000083200000, 0x0000000083300000, 0x0000000083300000|100%| E|CS|TAMS 0x0000000083200000, 0x0000000083300000| Complete 
|  51|0x0000000083300000, 0x0000000083400000, 0x0000000083400000|100%| E|CS|TAMS 0x0000000083300000, 0x0000000083400000| Complete 
|  52|0x0000000083400000, 0x0000000083500000, 0x0000000083500000|100%| E|CS|TAMS 0x0000000083400000, 0x0000000083500000| Complete 
|  53|0x0000000083500000, 0x0000000083600000, 0x0000000083600000|100%| E|CS|TAMS 0x0000000083500000, 0x0000000083600000| Complete 
|  54|0x0000000083600000, 0x0000000083700000, 0x0000000083700000|100%| E|CS|TAMS 0x0000000083600000, 0x0000000083700000| Complete 
|  55|0x0000000083700000, 0x0000000083800000, 0x0000000083800000|100%| E|CS|TAMS 0x0000000083700000, 0x0000000083800000| Complete 
|  56|0x0000000083800000, 0x0000000083900000, 0x0000000083900000|100%| E|CS|TAMS 0x0000000083800000, 0x0000000083900000| Complete 
|  57|0x0000000083900000, 0x0000000083a00000, 0x0000000083a00000|100%| E|CS|TAMS 0x0000000083900000, 0x0000000083a00000| Complete 
|  58|0x0000000083a00000, 0x0000000083b00000, 0x0000000083b00000|100%| E|CS|TAMS 0x0000000083a00000, 0x0000000083b00000| Complete 
|  59|0x0000000083b00000, 0x0000000083c00000, 0x0000000083c00000|100%| E|CS|TAMS 0x0000000083b00000, 0x0000000083c00000| Complete 
|  60|0x0000000083c00000, 0x0000000083d00000, 0x0000000083d00000|100%| E|CS|TAMS 0x0000000083c00000, 0x0000000083d00000| Complete 
|  61|0x0000000083d00000, 0x0000000083e00000, 0x0000000083e00000|100%| E|CS|TAMS 0x0000000083d00000, 0x0000000083e00000| Complete 
|  62|0x0000000083e00000, 0x0000000083f00000, 0x0000000083f00000|100%| E|CS|TAMS 0x0000000083e00000, 0x0000000083f00000| Complete 
|  63|0x0000000083f00000, 0x0000000084000000, 0x0000000084000000|100%| E|CS|TAMS 0x0000000083f00000, 0x0000000084000000| Complete 
| 137|0x0000000088900000, 0x0000000088a00000, 0x0000000088a00000|100%| E|CS|TAMS 0x0000000088900000, 0x0000000088a00000| Complete 
| 138|0x0000000088a00000, 0x0000000088b00000, 0x0000000088b00000|100%| E|CS|TAMS 0x0000000088a00000, 0x0000000088b00000| Complete 
| 139|0x0000000088b00000, 0x0000000088c00000, 0x0000000088c00000|100%| E|CS|TAMS 0x0000000088b00000, 0x0000000088c00000| Complete 
| 140|0x0000000088c00000, 0x0000000088d00000, 0x0000000088d00000|100%| E|CS|TAMS 0x0000000088c00000, 0x0000000088d00000| Complete 
| 141|0x0000000088d00000, 0x0000000088e00000, 0x0000000088e00000|100%| E|CS|TAMS 0x0000000088d00000, 0x0000000088e00000| Complete 
| 142|0x0000000088e00000, 0x0000000088f00000, 0x0000000088f00000|100%| E|CS|TAMS 0x0000000088e00000, 0x0000000088f00000| Complete 
| 143|0x0000000088f00000, 0x0000000089000000, 0x0000000089000000|100%| E|CS|TAMS 0x0000000088f00000, 0x0000000089000000| Complete 
| 144|0x0000000089000000, 0x0000000089100000, 0x0000000089100000|100%| E|CS|TAMS 0x0000000089000000, 0x0000000089100000| Complete 
| 145|0x0000000089100000, 0x0000000089200000, 0x0000000089200000|100%| E|CS|TAMS 0x0000000089100000, 0x0000000089200000| Complete 
| 146|0x0000000089200000, 0x0000000089300000, 0x0000000089300000|100%| E|CS|TAMS 0x0000000089200000, 0x0000000089300000| Complete 
| 147|0x0000000089300000, 0x0000000089400000, 0x0000000089400000|100%| E|CS|TAMS 0x0000000089300000, 0x0000000089400000| Complete 
| 255|0x000000008ff00000, 0x0000000090000000, 0x0000000090000000|100%| E|CS|TAMS 0x000000008ff00000, 0x0000000090000000| Complete 
|2044|0x00000000ffc00000, 0x00000000ffd00000, 0x00000000ffd00000|100%| O|  |TAMS 0x00000000ffc00000, 0x00000000ffd00000| Untracked 
|2045|0x00000000ffd00000, 0x00000000ffe00000, 0x00000000ffe00000|100%| O|  |TAMS 0x00000000ffd00000, 0x00000000ffe00000| Untracked 
|2046|0x00000000ffe00000, 0x00000000fff00000, 0x00000000fff00000|100%| O|  |TAMS 0x00000000ffe00000, 0x00000000fff00000| Untracked 
|2047|0x00000000fff00000, 0x0000000100000000, 0x0000000100000000|100%| O|  |TAMS 0x00000000fff00000, 0x0000000100000000| Untracked 

Card table byte_map: [0x000001fa79f50000,0x000001fa7a350000] _byte_map_base: 0x000001fa79b50000

Marking Bits (Prev, Next): (CMBitMap*) 0x000001fa71e9c3f0, (CMBitMap*) 0x000001fa71e9c3b0
 Prev Bits: [0x000001fa7c750000, 0x000001fa7e750000)
 Next Bits: [0x000001fa7a750000, 0x000001fa7c750000)

Polling page: 0x000001fa6fde0000

Metaspace:

Usage:
  Non-class:     29.63 MB used.
      Class:      4.66 MB used.
       Both:     34.30 MB used.

Virtual space:
  Non-class space:       32.00 MB reserved,      29.81 MB ( 93%) committed,  4 nodes.
      Class space:        1.00 GB reserved,       4.88 MB ( <1%) committed,  1 nodes.
              Both:        1.03 GB reserved,      34.69 MB (  3%) committed. 

Chunk freelists:
   Non-Class:  1.94 MB
       Class:  3.17 MB
        Both:  5.11 MB

MaxMetaspaceSize: 17179869184.00 GB
CompressedClassSpaceSize: 1.00 GB
 - commit_granule_bytes: 65536.
 - commit_granule_words: 8192.
 - virtual_space_node_default_size: 1048576.
 - enlarge_chunks_in_place: 1.
 - new_chunks_are_fully_committed: 0.
 - uncommit_free_chunks: 1.
 - use_allocation_guard: 0.
 - handle_deallocations: 1.


Internal statistics:

num_allocs_failed_limit: 6.
num_arena_births: 334.
num_arena_deaths: 0.
num_vsnodes_births: 5.
num_vsnodes_deaths: 0.
num_space_committed: 555.
num_space_uncommitted: 0.
num_chunks_returned_to_freelist: 6.
num_chunks_taken_from_freelist: 1568.
num_chunk_merges: 6.
num_chunk_splits: 1071.
num_chunks_enlarged: 766.
num_purges: 0.

CodeHeap 'non-profiled nmethods': size=120000Kb used=2183Kb max_used=2183Kb free=117816Kb
 bounds [0x000001fa07ad0000, 0x000001fa07d40000, 0x000001fa0f000000]
CodeHeap 'profiled nmethods': size=120000Kb used=7801Kb max_used=7801Kb free=112198Kb
 bounds [0x000001fa005a0000, 0x000001fa00d40000, 0x000001fa07ad0000]
CodeHeap 'non-nmethods': size=5760Kb used=2307Kb max_used=2344Kb free=3452Kb
 bounds [0x000001fa00000000, 0x000001fa00270000, 0x000001fa005a0000]
 total_blobs=4609 nmethods=3805 adapters=715
 compilation: enabled
              stopped_count=0, restarted_count=0
 full_count=0

Compilation events (20 events):
Event: 2.469 Thread 0x000001fa7f3c44d0 3799       3       org.gradle.internal.instantiation.generator.AsmBackedClassGenerator$ClassBuilderImpl::applyConventionMappingToProperty (35 bytes)
Event: 2.469 Thread 0x000001fa7f3c44d0 nmethod 3799 0x000001fa00d34a90 code [0x000001fa00d34cc0, 0x000001fa00d35288]
Event: 2.469 Thread 0x000001fa7f3c44d0 3800       3       com.google.common.collect.LinkedHashMultimap::createCollection (14 bytes)
Event: 2.469 Thread 0x000001fa7f3c44d0 nmethod 3800 0x000001fa00d35510 code [0x000001fa00d356c0, 0x000001fa00d35888]
Event: 2.472 Thread 0x000001fa7f3c44d0 3804       3       java.lang.Long::valueOf (40 bytes)
Event: 2.472 Thread 0x000001fa7f3c44d0 nmethod 3804 0x000001fa00d35990 code [0x000001fa00d35b60, 0x000001fa00d35eb8]
Event: 2.473 Thread 0x000001fa7f3c44d0 3805       3       java.lang.invoke.MethodHandles$Lookup::getDirectConstructor (10 bytes)
Event: 2.473 Thread 0x000001fa7f3c44d0 nmethod 3805 0x000001fa00d36010 code [0x000001fa00d361c0, 0x000001fa00d36308]
Event: 2.473 Thread 0x000001fa7f3c44d0 3807       3       java.lang.invoke.DirectMethodHandle$Constructor::viewAsType (49 bytes)
Event: 2.473 Thread 0x000001fa7f3c44d0 nmethod 3807 0x000001fa00d36390 code [0x000001fa00d36540, 0x000001fa00d36708]
Event: 2.474 Thread 0x000001fa7f3c44d0 3808       3       jdk.internal.org.objectweb.asm.MethodVisitor::visitMaxs (17 bytes)
Event: 2.474 Thread 0x000001fa7f3c44d0 nmethod 3808 0x000001fa00d36810 code [0x000001fa00d369c0, 0x000001fa00d36bc8]
Event: 2.474 Thread 0x000001fa7f3c44d0 3809       3       jdk.internal.org.objectweb.asm.MethodVisitor::visitEnd (15 bytes)
Event: 2.474 Thread 0x000001fa7f3c44d0 nmethod 3809 0x000001fa00d36c90 code [0x000001fa00d36e40, 0x000001fa00d37048]
Event: 2.474 Thread 0x000001fa7f3c44d0 3810       3       java.net.URI$Parser::scan (41 bytes)
Event: 2.474 Thread 0x000001fa7f3c44d0 nmethod 3810 0x000001fa00d37110 code [0x000001fa00d37360, 0x000001fa00d37cd8]
Event: 2.475 Thread 0x000001fa7f3c44d0 3811       3       java.net.URI::match (56 bytes)
Event: 2.475 Thread 0x000001fa7f3c44d0 nmethod 3811 0x000001fa00d38110 code [0x000001fa00d382c0, 0x000001fa00d385d8]
Event: 2.475 Thread 0x000001fa7f3c44d0 3812       3       java.util.HashSet::toArray (18 bytes)
Event: 2.475 Thread 0x000001fa7f3c44d0 nmethod 3812 0x000001fa00d38690 code [0x000001fa00d38840, 0x000001fa00d38b68]

GC Heap History (10 events):
Event: 0.360 GC heap before
{Heap before GC invocations=0 (full 0):
 garbage-first heap   total 262144K, used 28672K [0x0000000080000000, 0x0000000100000000)
  region size 1024K, 23 young (23552K), 0 survivors (0K)
 Metaspace       used 3150K, committed 3328K, reserved 1056768K
  class space    used 387K, committed 448K, reserved 1048576K
}
Event: 0.363 GC heap after
{Heap after GC invocations=1 (full 0):
 garbage-first heap   total 262144K, used 9480K [0x0000000080000000, 0x0000000100000000)
  region size 1024K, 3 young (3072K), 3 survivors (3072K)
 Metaspace       used 3150K, committed 3328K, reserved 1056768K
  class space    used 387K, committed 448K, reserved 1048576K
}
Event: 0.568 GC heap before
{Heap before GC invocations=1 (full 0):
 garbage-first heap   total 262144K, used 39176K [0x0000000080000000, 0x0000000100000000)
  region size 1024K, 31 young (31744K), 3 survivors (3072K)
 Metaspace       used 4060K, committed 4224K, reserved 1056768K
  class space    used 482K, committed 576K, reserved 1048576K
}
Event: 0.570 GC heap after
{Heap after GC invocations=2 (full 0):
 garbage-first heap   total 262144K, used 11699K [0x0000000080000000, 0x0000000100000000)
  region size 1024K, 2 young (2048K), 2 survivors (2048K)
 Metaspace       used 4060K, committed 4224K, reserved 1056768K
  class space    used 482K, committed 576K, reserved 1048576K
}
Event: 1.699 GC heap before
{Heap before GC invocations=2 (full 0):
 garbage-first heap   total 262144K, used 119219K [0x0000000080000000, 0x0000000100000000)
  region size 1024K, 108 young (110592K), 2 survivors (2048K)
 Metaspace       used 20931K, committed 21248K, reserved 1073152K
  class space    used 3098K, committed 3264K, reserved 1048576K
}
Event: 1.704 GC heap after
{Heap after GC invocations=3 (full 0):
 garbage-first heap   total 262144K, used 20139K [0x0000000080000000, 0x0000000100000000)
  region size 1024K, 11 young (11264K), 11 survivors (11264K)
 Metaspace       used 20931K, committed 21248K, reserved 1073152K
  class space    used 3098K, committed 3264K, reserved 1048576K
}
Event: 2.028 GC heap before
{Heap before GC invocations=4 (full 0):
 garbage-first heap   total 75776K, used 63147K [0x0000000080000000, 0x0000000100000000)
  region size 1024K, 54 young (55296K), 11 survivors (11264K)
 Metaspace       used 27473K, committed 27840K, reserved 1073152K
  class space    used 3826K, committed 3968K, reserved 1048576K
}
Event: 2.034 GC heap after
{Heap after GC invocations=5 (full 0):
 garbage-first heap   total 81920K, used 25211K [0x0000000080000000, 0x0000000100000000)
  region size 1024K, 5 young (5120K), 5 survivors (5120K)
 Metaspace       used 27473K, committed 27840K, reserved 1073152K
  class space    used 3826K, committed 3968K, reserved 1048576K
}
Event: 2.290 GC heap before
{Heap before GC invocations=5 (full 0):
 garbage-first heap   total 81920K, used 61051K [0x0000000080000000, 0x0000000100000000)
  region size 1024K, 37 young (37888K), 5 survivors (5120K)
 Metaspace       used 30949K, committed 31296K, reserved 1081344K
  class space    used 4238K, committed 4416K, reserved 1048576K
}
Event: 2.292 GC heap after
{Heap after GC invocations=6 (full 0):
 garbage-first heap   total 81920K, used 28211K [0x0000000080000000, 0x0000000100000000)
  region size 1024K, 4 young (4096K), 4 survivors (4096K)
 Metaspace       used 30949K, committed 31296K, reserved 1081344K
  class space    used 4238K, committed 4416K, reserved 1048576K
}

Deoptimization events (20 events):
Event: 2.369 Thread 0x000001fa11bc86d0 DEOPT PACKING pc=0x000001fa07cc1894 sp=0x000000eb526fabd0
Event: 2.369 Thread 0x000001fa11bc86d0 DEOPT UNPACKING pc=0x000001fa0004d72e sp=0x000000eb526fab60 mode 2
Event: 2.405 Thread 0x000001fa11bc86d0 DEOPT PACKING pc=0x000001fa00904a74 sp=0x000000eb526f8e10
Event: 2.405 Thread 0x000001fa11bc86d0 DEOPT UNPACKING pc=0x000001fa0004dece sp=0x000000eb526f8390 mode 0
Event: 2.412 Thread 0x000001fa11bc9170 Uncommon trap: trap_request=0xffffffc6 fr.pc=0x000001fa07c8b56c relative=0x00000000000009cc
Event: 2.412 Thread 0x000001fa11bc9170 Uncommon trap: reason=bimorphic_or_optimized_type_check action=maybe_recompile pc=0x000001fa07c8b56c method=java.io.BufferedInputStream.read([BII)I @ 101 c2
Event: 2.412 Thread 0x000001fa11bc9170 DEOPT PACKING pc=0x000001fa07c8b56c sp=0x000000eb52cfdfe0
Event: 2.412 Thread 0x000001fa11bc9170 DEOPT UNPACKING pc=0x000001fa0004d72e sp=0x000000eb52cfdf98 mode 2
Event: 2.474 Thread 0x000001fa11bc86d0 Uncommon trap: trap_request=0xffffff45 fr.pc=0x000001fa07b30ff4 relative=0x00000000000001d4
Event: 2.474 Thread 0x000001fa11bc86d0 Uncommon trap: reason=unstable_if action=reinterpret pc=0x000001fa07b30ff4 method=java.net.URI$Parser.scan(IILjava/lang/String;)I @ 26 c2
Event: 2.474 Thread 0x000001fa11bc86d0 DEOPT PACKING pc=0x000001fa07b30ff4 sp=0x000000eb526f9040
Event: 2.474 Thread 0x000001fa11bc86d0 DEOPT UNPACKING pc=0x000001fa0004d72e sp=0x000000eb526f8fd0 mode 2
Event: 2.474 Thread 0x000001fa11bc86d0 Uncommon trap: trap_request=0xffffff45 fr.pc=0x000001fa07b2893c relative=0x000000000000011c
Event: 2.474 Thread 0x000001fa11bc86d0 Uncommon trap: reason=unstable_if action=reinterpret pc=0x000001fa07b2893c method=java.net.URI.match(CJJ)Z @ 45 c2
Event: 2.474 Thread 0x000001fa11bc86d0 DEOPT PACKING pc=0x000001fa07b2893c sp=0x000000eb526f8db0
Event: 2.474 Thread 0x000001fa11bc86d0 DEOPT UNPACKING pc=0x000001fa0004d72e sp=0x000000eb526f8ce8 mode 2
Event: 2.474 Thread 0x000001fa11bc86d0 Uncommon trap: trap_request=0xffffff45 fr.pc=0x000001fa07af67e8 relative=0x0000000000000048
Event: 2.474 Thread 0x000001fa11bc86d0 Uncommon trap: reason=unstable_if action=reinterpret pc=0x000001fa07af67e8 method=java.net.URI.match(CJJ)Z @ 19 c2
Event: 2.474 Thread 0x000001fa11bc86d0 DEOPT PACKING pc=0x000001fa07af67e8 sp=0x000000eb526f8dc0
Event: 2.474 Thread 0x000001fa11bc86d0 DEOPT UNPACKING pc=0x000001fa0004d72e sp=0x000000eb526f8d70 mode 2

Classes unloaded (0 events):
No events

Classes redefined (0 events):
No events

Internal exceptions (20 events):
Event: 2.226 Thread 0x000001fa11bc86d0 Exception <a 'java/lang/ClassNotFoundException'{0x00000000830b4410}: org/gradle/initialization/DefaultProjectDescriptorBeanInfo> (0x00000000830b4410) 
thrown [t:\workspace\open\src\hotspot\share\classfile\systemDictionary.cpp, line 256]
Event: 2.227 Thread 0x000001fa11bc86d0 Exception <a 'java/lang/ClassNotFoundException'{0x00000000830c1c18}: org/gradle/initialization/DefaultProjectDescriptorCustomizer> (0x00000000830c1c18) 
thrown [t:\workspace\open\src\hotspot\share\classfile\systemDictionary.cpp, line 256]
Event: 2.229 Thread 0x000001fa11bc86d0 Implicit null exception at 0x000001fa07c393ec to 0x000001fa07c3949c
Event: 2.301 Thread 0x000001fa11bc9c10 Exception <a 'java/lang/NoSuchMethodError'{0x000000008930a7a8}: static Lorg/gradle/internal/build/event/types/DefaultOperationStartedProgressEvent;.<clinit>()V> (0x000000008930a7a8) 
thrown [t:\workspace\open\src\hotspot\share\prims\jni.cpp, line 1210]
Event: 2.302 Thread 0x000001fa11bc9c10 Exception <a 'java/lang/NoSuchMethodError'{0x000000008930c060}: static Lorg/gradle/internal/build/event/types/AbstractProgressEvent;.<clinit>()V> (0x000000008930c060) 
thrown [t:\workspace\open\src\hotspot\share\prims\jni.cpp, line 1210]
Event: 2.302 Thread 0x000001fa11bc9c10 Exception <a 'java/lang/NoSuchMethodError'{0x000000008931a400}: static Lorg/gradle/internal/build/event/types/DefaultProjectConfigurationDescriptor;.<clinit>()V> (0x000000008931a400) 
thrown [t:\workspace\open\src\hotspot\share\prims\jni.cpp, line 1210]
Event: 2.302 Thread 0x000001fa11bc9c10 Exception <a 'java/lang/NoSuchMethodError'{0x000000008931c4f8}: static Lorg/gradle/internal/build/event/types/DefaultOperationDescriptor;.<clinit>()V> (0x000000008931c4f8) 
thrown [t:\workspace\open\src\hotspot\share\prims\jni.cpp, line 1210]
Event: 2.303 Thread 0x000001fa11bc9c10 Exception <a 'java/lang/NoSuchMethodError'{0x000000008932c4d0}: static Lorg/gradle/internal/operations/OperationIdentifier;.<clinit>()V> (0x000000008932c4d0) 
thrown [t:\workspace\open\src\hotspot\share\prims\jni.cpp, line 1210]
Event: 2.415 Thread 0x000001fa11bc86d0 Exception <a 'java/lang/ClassNotFoundException'{0x0000000083e3abe8}: build_2pm87z9a1gatotbc9utj7man6BeanInfo> (0x0000000083e3abe8) 
thrown [t:\workspace\open\src\hotspot\share\classfile\systemDictionary.cpp, line 256]
Event: 2.415 Thread 0x000001fa11bc86d0 Exception <a 'java/lang/ClassNotFoundException'{0x0000000083e43f30}: org/gradle/api/internal/project/ProjectScriptBeanInfo> (0x0000000083e43f30) 
thrown [t:\workspace\open\src\hotspot\share\classfile\systemDictionary.cpp, line 256]
Event: 2.415 Thread 0x000001fa11bc86d0 Exception <a 'java/lang/ClassNotFoundException'{0x0000000083e4d2c8}: org/gradle/api/internal/project/ProjectScriptCustomizer> (0x0000000083e4d2c8) 
thrown [t:\workspace\open\src\hotspot\share\classfile\systemDictionary.cpp, line 256]
Event: 2.416 Thread 0x000001fa11bc86d0 Exception <a 'java/lang/ClassNotFoundException'{0x0000000083e63090}: build_2pm87z9a1gatotbc9utj7man6Customizer> (0x0000000083e63090) 
thrown [t:\workspace\open\src\hotspot\share\classfile\systemDictionary.cpp, line 256]
Event: 2.420 Thread 0x000001fa11bc86d0 Exception <a 'java/lang/ClassNotFoundException'{0x0000000083ebfb18}: org/gradle/api/internal/initialization/DefaultScriptHandlerBeanInfo> (0x0000000083ebfb18) 
thrown [t:\workspace\open\src\hotspot\share\classfile\systemDictionary.cpp, line 256]
Event: 2.421 Thread 0x000001fa11bc86d0 Exception <a 'java/lang/ClassNotFoundException'{0x0000000083ecf200}: org/gradle/api/internal/initialization/DefaultScriptHandlerCustomizer> (0x0000000083ecf200) 
thrown [t:\workspace\open\src\hotspot\share\classfile\systemDictionary.cpp, line 256]
Event: 2.461 Thread 0x000001fa11bc86d0 Exception <a 'java/lang/ClassNotFoundException'{0x000000008381d528}: org/gradle/api/internal/artifacts/dsl/dependencies/DefaultDependencyHandler_DecoratedBeanInfo> (0x000000008381d528) 
thrown [t:\workspace\open\src\hotspot\share\classfile\systemDictionary.cpp, line 256]
Event: 2.461 Thread 0x000001fa11bc86d0 Exception <a 'java/lang/ClassNotFoundException'{0x0000000083832148}: org/gradle/api/internal/artifacts/dsl/dependencies/DefaultDependencyHandlerBeanInfo> (0x0000000083832148) 
thrown [t:\workspace\open\src\hotspot\share\classfile\systemDictionary.cpp, line 256]
Event: 2.462 Thread 0x000001fa11bc86d0 Exception <a 'java/lang/ClassNotFoundException'{0x0000000083846f30}: org/gradle/api/internal/artifacts/dsl/dependencies/DefaultDependencyHandlerCustomizer> (0x0000000083846f30) 
thrown [t:\workspace\open\src\hotspot\share\classfile\systemDictionary.cpp, line 256]
Event: 2.463 Thread 0x000001fa11bc86d0 Exception <a 'java/lang/ClassNotFoundException'{0x0000000083882850}: org/gradle/api/internal/artifacts/dsl/dependencies/DefaultDependencyHandler_DecoratedCustomizer> (0x0000000083882850) 
thrown [t:\workspace\open\src\hotspot\share\classfile\systemDictionary.cpp, line 256]
Event: 2.470 Thread 0x000001fa11bc86d0 Exception <a 'java/lang/NoSuchMethodError'{0x0000000083763600}: 'java.lang.Object java.lang.invoke.DirectMethodHandle$Holder.newInvokeSpecial(java.lang.Object, java.lang.Object, int, java.lang.Object)'> (0x0000000083763600) 
thrown [t:\workspace\open\src\hotspot\share\interpreter\linkResolver.cpp, line 790]
Event: 2.470 Thread 0x000001fa11bc86d0 Exception <a 'java/lang/NoSuchMethodError'{0x0000000083767fd8}: 'java.lang.Object java.lang.invoke.DirectMethodHandle$Holder.invokeSpecial(java.lang.Object, java.lang.Object, java.lang.Object, int, java.lang.Object)'> (0x0000000083767fd8) 
thrown [t:\workspace\open\src\hotspot\share\interpreter\linkResolver.cpp, line 790]

Events (20 events):
Event: 2.295 loading class java/util/ArrayList$ListItr done
Event: 2.295 Executing  VM operation: HandshakeAllThreads
Event: 2.295 Executing  VM operation: HandshakeAllThreads done
Event: 2.300 loading class java/io/ObjectOutputStream$BlockDataOutputStream
Event: 2.300 loading class java/io/ObjectOutputStream$BlockDataOutputStream done
Event: 2.301 loading class java/io/ObjectOutputStream$HandleTable
Event: 2.301 loading class java/io/ObjectOutputStream$HandleTable done
Event: 2.301 loading class java/io/ObjectOutputStream$ReplaceTable
Event: 2.301 loading class java/io/ObjectOutputStream$ReplaceTable done
Event: 2.349 Executing  VM operation: HandshakeAllThreads
Event: 2.349 Executing  VM operation: HandshakeAllThreads done
Event: 2.361 loading class java/lang/StringIndexOutOfBoundsException
Event: 2.361 loading class java/lang/StringIndexOutOfBoundsException done
Event: 2.411 Thread 0x000001fa1620c060 Thread added: 0x000001fa1620c060
Event: 2.414 Executing  VM operation: ICBufferFull
Event: 2.414 Executing  VM operation: ICBufferFull done
Event: 2.479 loading class java/io/DeleteOnExitHook
Event: 2.479 loading class java/io/DeleteOnExitHook done
Event: 2.479 loading class java/io/DeleteOnExitHook$1
Event: 2.479 loading class java/io/DeleteOnExitHook$1 done


Dynamic libraries:
0x00007ff6a1820000 - 0x00007ff6a1830000 	F:\Java\jdk-16.0.1\bin\java.exe
0x00007ff9fd270000 - 0x00007ff9fd465000 	C:\Windows\SYSTEM32\ntdll.dll
0x00007ff9fc9d0000 - 0x00007ff9fca8e000 	C:\Windows\System32\KERNEL32.DLL
0x00007ff9fade0000 - 0x00007ff9fb0a8000 	C:\Windows\System32\KERNELBASE.dll
0x00007ff9fb0b0000 - 0x00007ff9fb1b0000 	C:\Windows\System32\ucrtbase.dll
0x00007ff9f4ea0000 - 0x00007ff9f4eb9000 	F:\Java\jdk-16.0.1\bin\VCRUNTIME140.dll
0x00007ff9e5610000 - 0x00007ff9e5628000 	F:\Java\jdk-16.0.1\bin\jli.dll
0x00007ff9fce10000 - 0x00007ff9fcebc000 	C:\Windows\System32\ADVAPI32.dll
0x00007ff9fcca0000 - 0x00007ff9fcd3e000 	C:\Windows\System32\msvcrt.dll
0x00007ff9fcb00000 - 0x00007ff9fcb9b000 	C:\Windows\System32\sechost.dll
0x00007ff9fd0a0000 - 0x00007ff9fd1ca000 	C:\Windows\System32\RPCRT4.dll
0x00007ff9fbd70000 - 0x00007ff9fbf11000 	C:\Windows\System32\USER32.dll
0x00007ff9f9d90000 - 0x00007ff9fa02a000 	C:\Windows\WinSxS\amd64_microsoft.windows.common-controls_6595b64144ccf1df_6.0.19041.1110_none_60b5254171f9507e\COMCTL32.dll
0x00007ff9fb1e0000 - 0x00007ff9fb202000 	C:\Windows\System32\win32u.dll
0x00007ff9fd070000 - 0x00007ff9fd09b000 	C:\Windows\System32\GDI32.dll
0x00007ff9faac0000 - 0x00007ff9fabcb000 	C:\Windows\System32\gdi32full.dll
0x00007ff9f74f0000 - 0x00007ff9f74fa000 	C:\Windows\SYSTEM32\VERSION.dll
0x00007ff9faa20000 - 0x00007ff9faabd000 	C:\Windows\System32\msvcp_win.dll
0x00007ff9fb3e0000 - 0x00007ff9fb410000 	C:\Windows\System32\IMM32.DLL
0x00007ff9f7850000 - 0x00007ff9f785c000 	F:\Java\jdk-16.0.1\bin\vcruntime140_1.dll
0x00007ff9e2e30000 - 0x00007ff9e2ec1000 	F:\Java\jdk-16.0.1\bin\msvcp140.dll
0x00007ff997bc0000 - 0x00007ff99876b000 	F:\Java\jdk-16.0.1\bin\server\jvm.dll
0x00007ff9fb870000 - 0x00007ff9fb878000 	C:\Windows\System32\PSAPI.DLL
0x00007ff9f0b90000 - 0x00007ff9f0bb7000 	C:\Windows\SYSTEM32\WINMM.dll
0x00007ff9e3560000 - 0x00007ff9e3569000 	C:\Windows\SYSTEM32\WSOCK32.dll
0x00007ff9fca90000 - 0x00007ff9fcafb000 	C:\Windows\System32\WS2_32.dll
0x00007ff9f8440000 - 0x00007ff9f8452000 	C:\Windows\SYSTEM32\kernel.appcore.dll
0x00007ff9f5940000 - 0x00007ff9f594a000 	F:\Java\jdk-16.0.1\bin\jimage.dll
0x00007ff9fa210000 - 0x00007ff9fa3f4000 	C:\Windows\SYSTEM32\DBGHELP.DLL
0x00007ff9fa160000 - 0x00007ff9fa18c000 	C:\Windows\SYSTEM32\dbgcore.DLL
0x00007ff9fa990000 - 0x00007ff9faa13000 	C:\Windows\System32\bcryptPrimitives.dll
0x00007ff9e5550000 - 0x00007ff9e5575000 	F:\Java\jdk-16.0.1\bin\java.dll
0x00007ff9fc290000 - 0x00007ff9fc9cf000 	C:\Windows\System32\SHELL32.dll
0x00007ff9f8460000 - 0x00007ff9f8bf0000 	C:\Windows\SYSTEM32\windows.storage.dll
0x00007ff9fb510000 - 0x00007ff9fb865000 	C:\Windows\System32\combase.dll
0x00007ff9f9c90000 - 0x00007ff9f9cbe000 	C:\Windows\SYSTEM32\Wldp.dll
0x00007ff9fbf20000 - 0x00007ff9fbfcd000 	C:\Windows\System32\SHCORE.dll
0x00007ff9fbd10000 - 0x00007ff9fbd65000 	C:\Windows\System32\shlwapi.dll
0x00007ff9fa8d0000 - 0x00007ff9fa8ef000 	C:\Windows\SYSTEM32\profapi.dll
0x00007ff9e2e10000 - 0x00007ff9e2e29000 	F:\Java\jdk-16.0.1\bin\net.dll
0x00007ff9edfe0000 - 0x00007ff9ee0ec000 	C:\Windows\SYSTEM32\WINHTTP.dll
0x00007ff9f99f0000 - 0x00007ff9f9a5a000 	C:\Windows\system32\mswsock.dll
0x00007ff9e2df0000 - 0x00007ff9e2e03000 	F:\Java\jdk-16.0.1\bin\nio.dll
0x00007ff9e2dd0000 - 0x00007ff9e2de8000 	F:\Java\jdk-16.0.1\bin\zip.dll
0x00007ff9f58f0000 - 0x00007ff9f5900000 	F:\Java\jdk-16.0.1\bin\verify.dll
0x00007ff99e370000 - 0x00007ff99e397000 	C:\Users\cedricdev\.gradle\native\8bec1ad78214c89d9ad589b4d07fe93259594b29d510b10fafb7a158f7737e5d\windows-amd64\native-platform.dll
0x00007ff99af50000 - 0x00007ff99b08d000 	C:\Users\cedricdev\.gradle\native\53dbd7edfb1c66fb8903c78663c9afc45aea4f116125fa6feffd364cf09443e8\windows-amd64\native-platform-file-events.dll
0x00007ff9e2d80000 - 0x00007ff9e2d89000 	F:\Java\jdk-16.0.1\bin\management.dll
0x00007ff9e2bd0000 - 0x00007ff9e2bdb000 	F:\Java\jdk-16.0.1\bin\management_ext.dll
0x00007ff9fa710000 - 0x00007ff9fa728000 	C:\Windows\SYSTEM32\CRYPTSP.dll
0x00007ff9f9390000 - 0x00007ff9f93c4000 	C:\Windows\system32\rsaenh.dll
0x00007ff9fb1b0000 - 0x00007ff9fb1d7000 	C:\Windows\System32\bcrypt.dll
0x00007ff9fa850000 - 0x00007ff9fa87e000 	C:\Windows\SYSTEM32\USERENV.dll
0x00007ff9f9c80000 - 0x00007ff9f9c8c000 	C:\Windows\SYSTEM32\CRYPTBASE.dll
0x00007ff9f96e0000 - 0x00007ff9f971b000 	C:\Windows\SYSTEM32\IPHLPAPI.DLL
0x00007ff9fbd00000 - 0x00007ff9fbd08000 	C:\Windows\System32\NSI.dll
0x00007ff9f3ab0000 - 0x00007ff9f3ac7000 	C:\Windows\SYSTEM32\dhcpcsvc6.DLL
0x00007ff9f3a90000 - 0x00007ff9f3aad000 	C:\Windows\SYSTEM32\dhcpcsvc.DLL
0x00007ff9f9720000 - 0x00007ff9f97eb000 	C:\Windows\SYSTEM32\DNSAPI.dll
0x00007ff9e2ae0000 - 0x00007ff9e2aee000 	F:\Java\jdk-16.0.1\bin\sunmscapi.dll
0x00007ff9fabd0000 - 0x00007ff9fad26000 	C:\Windows\System32\CRYPT32.dll
0x00007ff9f9d60000 - 0x00007ff9f9d87000 	C:\Windows\SYSTEM32\ncrypt.dll
0x00007ff9f9cc0000 - 0x00007ff9f9cfb000 	C:\Windows\SYSTEM32\NTASN1.dll
0x00007ff9dcd50000 - 0x00007ff9dcd57000 	C:\Windows\system32\wshunix.dll

dbghelp: loaded successfully - version: 4.0.5 - missing functions: none
symbol engine: initialized successfully - sym options: 0x614 - pdb path: .;F:\Java\jdk-16.0.1\bin;C:\Windows\SYSTEM32;C:\Windows\WinSxS\amd64_microsoft.windows.common-controls_6595b64144ccf1df_6.0.19041.1110_none_60b5254171f9507e;F:\Java\jdk-16.0.1\bin\server;C:\Users\cedricdev\.gradle\native\8bec1ad78214c89d9ad589b4d07fe93259594b29d510b10fafb7a158f7737e5d\windows-amd64;C:\Users\cedricdev\.gradle\native\53dbd7edfb1c66fb8903c78663c9afc45aea4f116125fa6feffd364cf09443e8\windows-amd64

VM Arguments:
jvm_args: --add-opens=java.base/java.util=ALL-UNNAMED --add-opens=java.base/java.lang=ALL-UNNAMED --add-opens=java.base/java.lang.invoke=ALL-UNNAMED --add-opens=java.base/java.util=ALL-UNNAMED --add-opens=java.prefs/java.util.prefs=ALL-UNNAMED --add-opens=java.prefs/java.util.prefs=ALL-UNNAMED --add-opens=java.base/java.nio.charset=ALL-UNNAMED --add-opens=java.base/java.net=ALL-UNNAMED --add-opens=java.base/java.util.concurrent.atomic=ALL-UNNAMED -Xmx2048m -Dfile.encoding=UTF-8 -Duser.country=PH -Duser.language=en -Duser.variant 
java_command: org.gradle.launcher.daemon.bootstrap.GradleDaemon 7.0.2
java_class_path (initial): C:\Users\cedricdev\.gradle\wrapper\dists\gradle-7.0.2-bin\857tjihv64xamwrf0h14cai3r\gradle-7.0.2\lib\gradle-launcher-7.0.2.jar
Launcher Type: SUN_STANDARD

[Global flags]
     intx CICompilerCount                          = 4                                         {product} {ergonomic}
     uint ConcGCThreads                            = 3                                         {product} {ergonomic}
     uint G1ConcRefinementThreads                  = 10                                        {product} {ergonomic}
   size_t G1HeapRegionSize                         = 1048576                                   {product} {ergonomic}
    uintx GCDrainStackTargetSize                   = 64                                        {product} {ergonomic}
   size_t InitialHeapSize                          = 268435456                                 {product} {ergonomic}
   size_t MarkStackSize                            = 4194304                                   {product} {ergonomic}
   size_t MaxHeapSize                              = 2147483648                                {product} {command line}
   size_t MaxNewSize                               = 1287651328                                {product} {ergonomic}
   size_t MinHeapDeltaBytes                        = 1048576                                   {product} {ergonomic}
   size_t MinHeapSize                              = 8388608                                   {product} {ergonomic}
    uintx NonNMethodCodeHeapSize                   = 5839372                                {pd product} {ergonomic}
    uintx NonProfiledCodeHeapSize                  = 122909434                              {pd product} {ergonomic}
    uintx ProfiledCodeHeapSize                     = 122909434                              {pd product} {ergonomic}
    uintx ReservedCodeCacheSize                    = 251658240                              {pd product} {ergonomic}
     bool SegmentedCodeCache                       = true                                      {product} {ergonomic}
   size_t SoftMaxHeapSize                          = 2147483648                             {manageable} {ergonomic}
     bool UseCompressedClassPointers               = true                           {product lp64_product} {ergonomic}
     bool UseCompressedOops                        = true                           {product lp64_product} {ergonomic}
     bool UseG1GC                                  = true                                      {product} {ergonomic}
     bool UseLargePagesIndividualAllocation        = false                                  {pd product} {ergonomic}

Logging:
Log output configuration:
 #0: stdout all=warning uptime,level,tags
 #1: stderr all=off uptime,level,tags

Environment Variables:
JAVA_HOME=F:\Java\jdk-16.0.1
PATH=C:\Program Files\Common Files\Oracle\Java\javapath;C:\Windows\system32;C:\Windows;C:\Windows\System32\Wbem;C:\Windows\System32\WindowsPowerShell\v1.0\;C:\Windows\System32\OpenSSH\;F:\Java\jdk-16.0.1\bin;F:\nodejs\;C:\Program Files\NVIDIA Corporation\NVIDIA NvDLISR;C:\Program Files (x86)\NVIDIA Corporation\PhysX\Common;C:\Program Files\dotnet\;C:\Program Files\Microsoft SQL Server\130\Tools\Binn\;C:\Program Files\Microsoft SQL Server\Client SDK\ODBC\170\Tools\Binn\;C:\Program Files\MySQL\MySQL Shell 8.0\bin\;C:\Users\cedricdev\AppData\Local\Microsoft\WindowsApps;F:\Microsoft VS Code\bin;C:\Users\cedricdev\AppData\Roaming\npm;F:\nodejs;C:\Users\cedricdev\.dotnet\tools
USERNAME=cedricdev
OS=Windows_NT
PROCESSOR_IDENTIFIER=AMD64 Family 23 Model 113 Stepping 0, AuthenticAMD



---------------  S Y S T E M  ---------------

OS:
 Windows 10 , 64 bit Build 19041 (10.0.19041.1348)
OS uptime: 0 days 0:42 hours

CPU: total 12 (initial active 12) (12 cores per cpu, 2 threads per core) family 23 model 113 stepping 0 microcode 0x0, cx8, cmov, fxsr, ht, mmx, 3dnowpref, sse, sse2, sse3, ssse3, sse4a, sse4.1, sse4.2, popcnt, lzcnt, tsc, tscinvbit, avx, avx2, aes, clmul, bmi1, bmi2, adx, sha, fma, vzeroupper, clflush, clflushopt

Memory: 4k page, system-wide physical 16315M (7347M free)
TotalPageFile size 24315M (AvailPageFile size 13858M)
current process WorkingSet (physical memory assigned to process): 256M, peak: 261M
current process commit charge ("private bytes"): 303M, peak: 463M

vm_info: Java HotSpot(TM) 64-Bit Server VM (16.0.1+9-24) for windows-amd64 JRE (16.0.1+9-24), built on Mar 26 2021 19:31:42 by "mach5one" with MS VC++ 16.7 (VS2019)

END.
