#
# A fatal error has been detected by the Java Runtime Environment:
#
#  EXCEPTION_ACCESS_VIOLATION (0xc0000005) at pc=0x00007ffe4ef09eaf, pid=14360, tid=10460
#
# JRE version: OpenJDK Runtime Environment (11.0.10) (build 11.0.10+0-b96-7249189)
# Java VM: OpenJDK 64-Bit Server VM (11.0.10+0-b96-7249189, mixed mode, tiered, compressed oops, g1 gc, windows-amd64)
# Problematic frame:
# V  [jvm.dll+0x519eaf]
#
# No core dump will be written. Minidumps are not enabled by default on client versions of Windows
#
# If you would like to submit a bug report, please visit:
#   https://bugreport.java.com/bugreport/crash.jsp
#

---------------  S U M M A R Y ------------

Command Line: --add-opens=java.base/java.util=ALL-UNNAMED --add-opens=java.base/java.lang=ALL-UNNAMED --add-opens=java.base/java.lang.invoke=ALL-UNNAMED --add-opens=java.base/java.util=ALL-UNNAMED --add-opens=java.prefs/java.util.prefs=ALL-UNNAMED --add-opens=java.prefs/java.util.prefs=ALL-UNNAMED --add-opens=java.base/java.nio.charset=ALL-UNNAMED --add-opens=java.base/java.net=ALL-UNNAMED --add-opens=java.base/java.util.concurrent.atomic=ALL-UNNAMED -Xmx2048m -Dfile.encoding=UTF-8 -Duser.country=PH -Duser.language=en -Duser.variant org.gradle.launcher.daemon.bootstrap.GradleDaemon 7.0.2

Host: AMD Ryzen 5 3600 6-Core Processor              , 12 cores, 15G,  Windows 10 , 64 bit Build 19041 (10.0.19041.1348)
Time: Thu Nov 18 09:48:14 2021 China Standard Time elapsed time: 234.324747 seconds (0d 0h 3m 54s)

---------------  T H R E A D  ---------------

Current thread (0x00000244b1ee2000):  JavaThread "C2 CompilerThread0" daemon [_thread_in_native, id=10460, stack(0x000000ec79a00000,0x000000ec79b00000)]


Current CompileTask:
C2: 234324 11140       4       org.gradle.internal.instantiation.generator.AbstractClassGenerator$PropertyMetadata::hasAnnotation (40 bytes)

Stack: [0x000000ec79a00000,0x000000ec79b00000],  sp=0x000000ec79afc240,  free space=1008k
Native frames: (J=compiled Java code, j=interpreted, Vv=VM code, C=native code)
V  [jvm.dll+0x519eaf]
V  [jvm.dll+0x19a6d6]
V  [jvm.dll+0x198016]
V  [jvm.dll+0x1fb70e]
V  [jvm.dll+0x1fa7f4]
V  [jvm.dll+0x18354c]
V  [jvm.dll+0x208ee7]
V  [jvm.dll+0x207731]
V  [jvm.dll+0x6eb1cf]
V  [jvm.dll+0x6e3d45]
V  [jvm.dll+0x5ebe96]
C  [ucrtbase.dll+0x21bb2]
C  [KERNEL32.DLL+0x17034]
C  [ntdll.dll+0x52651]


siginfo: EXCEPTION_ACCESS_VIOLATION (0xc0000005), reading address 0xffffffffffffffff


Register to memory mapping:

RIP=0x00007ffe4ef09eaf jvm.dll
RAX=0x00007ffe4ea97a10 jvm.dll
RBX=0x00000244b427cfb8 points into unknown readable memory: 0x00007ffe4f19f4d8 | d8 f4 19 4f fe 7f 00 00
RCX=0x00007ffe4f15b538 jvm.dll
RDX=0x00000000000002ff is an unknown value
RSP=0x000000ec79afc240 is pointing into the stack for thread: 0x00000244b1ee2000
RBP=0x00000000000002ff is an unknown value
RSI=0x0000000000000001 is an unknown value
RDI=0x0000000000000003 is an unknown value
R8 =
[error occurred during error reporting (printing register info), id 0xc0000005, EXCEPTION_ACCESS_VIOLATION (0xc0000005) at pc=0x00007ffe4ecc9dc7]

Registers:
RAX=0x00007ffe4ea97a10, RBX=0x00000244b427cfb8, RCX=0x00007ffe4f15b538, RDX=0x00000000000002ff
RSP=0x000000ec79afc240, RBP=0x00000000000002ff, RSI=0x0000000000000001, RDI=0x0000000000000003
R8 =0x00000000ffffffff, R9 =0x0000000000000000, R10=0x00000244c0a80be0, R11=0x000000000000001a
R12=0x0000000000000000, R13=0x0000000000000001, R14=0x00000244b427cfb8, R15=0x00000244b7883ef0
RIP=0x00007ffe4ef09eaf, EFLAGS=0x0000000000010206

Top of Stack: (sp=0x000000ec79afc240)
0x000000ec79afc240:   00000244b74fcab8 000000ec79afc770
0x000000ec79afc250:   00000244b5271d20 0000000000000000
0x000000ec79afc260:   000000ec79afc770 00007ffe4eb8a6d6
0x000000ec79afc270:   0000000000000000 00000244b427cfb8
0x000000ec79afc280:   00000244c0a80fb0 ffffffffffffffff
0x000000ec79afc290:   000001c000000002 0000000000000003
0x000000ec79afc2a0:   00000244b7883ef0 0000000000000000
0x000000ec79afc2b0:   0000000000000000 0000000000000000
0x000000ec79afc2c0:   0000000000004345 00000244b50b8900
0x000000ec79afc2d0:   00000244b50b8910 0000000000000008
0x000000ec79afc2e0:   00000000000003d8 000000ec79afc410
0x000000ec79afc2f0:   0000000000000000 000000ec79afc858
0x000000ec79afc300:   000000ec79afc770 00007ffe4eb88016
0x000000ec79afc310:   000000ec79afc770 000000ec79afc401
0x000000ec79afc320:   000000ec79afc801 00000000ffffffff
0x000000ec79afc330:   000000000000d400 0000000000000000 

Instructions: (pc=0x00007ffe4ef09eaf)
0x00007ffe4ef09daf:   48 8b 43 08 8b 15 c3 99 51 00 41 b8 08 00 00 00
0x00007ffe4ef09dbf:   48 8b 0c f8 65 48 8b 04 25 58 00 00 00 48 8b 04
0x00007ffe4ef09dcf:   d0 4a 8b 14 00 48 8b 82 d0 04 00 00 48 8b 90 88
0x00007ffe4ef09ddf:   00 00 00 48 8b 9a f0 07 00 00 48 8b 11 ff 52 68
0x00007ffe4ef09def:   8b c0 48 8b 84 c3 08 0b 00 00 48 8b 5c 24 30 48
0x00007ffe4ef09dff:   83 c4 20 5f c3 cc cc cc cc cc cc cc cc cc cc cc
0x00007ffe4ef09e0f:   cc 48 89 5c 24 18 48 89 6c 24 20 56 48 83 ec 20
0x00007ffe4ef09e1f:   48 8b 01 8b ea 48 8b d9 ff 90 c0 00 00 00 8b f0
0x00007ffe4ef09e2f:   3b e8 73 48 8b 0d 43 99 51 00 65 48 8b 04 25 58
0x00007ffe4ef09e3f:   00 00 00 ba 08 00 00 00 48 8b 04 c8 48 8b 0c 10
0x00007ffe4ef09e4f:   48 8b 81 d0 04 00 00 48 8b 88 88 00 00 00 48 8b
0x00007ffe4ef09e5f:   81 f0 07 00 00 48 8b 80 b8 0a 00 00 48 8b 5c 24
0x00007ffe4ef09e6f:   40 48 8b 6c 24 48 48 83 c4 20 5e c3 48 8b 43 40
0x00007ffe4ef09e7f:   48 89 7c 24 30 bf 01 00 00 00 4c 89 74 24 38 48
0x00007ffe4ef09e8f:   8b 48 08 48 8b 01 ff 50 08 8d 0c 30 3b e9 72 1a
0x00007ffe4ef09e9f:   90 48 8b 43 40 8b f1 ff c7 48 8b 0c f8 48 8b 01
0x00007ffe4ef09eaf:   ff 50 08 8d 0c 30 3b e9 73 e7 48 8b 03 48 8b cb
0x00007ffe4ef09ebf:   ff 90 e0 00 00 00 4c 8b f0 48 85 c0 74 10 48 8b
0x00007ffe4ef09ecf:   13 48 8b cb ff 92 b0 00 00 00 3b f8 74 17 48 8b
0x00007ffe4ef09edf:   43 40 2b ee 8b cf 8b d5 48 8b 0c c8 48 8b 01 ff
0x00007ffe4ef09eef:   50 10 4c 8b f0 48 8b 7c 24 30 49 8b c6 4c 8b 74
0x00007ffe4ef09eff:   24 38 48 8b 5c 24 40 48 8b 6c 24 48 48 83 c4 20
0x00007ffe4ef09f0f:   5e c3 cc cc cc cc cc cc cc cc cc cc cc cc cc cc
0x00007ffe4ef09f1f:   cc 85 d2 75 08 48 8d 05 c5 56 4f 00 c3 48 8b 41
0x00007ffe4ef09f2f:   08 48 8b 48 08 48 8b 01 48 ff 60 78 cc cc cc cc
0x00007ffe4ef09f3f:   cc 48 83 ec 28 ba 4d 00 00 00 48 8d 0d b8 c9 33
0x00007ffe4ef09f4f:   00 e8 6b 88 d2 ff e8 c6 b8 0c 00 33 c0 48 83 c4
0x00007ffe4ef09f5f:   28 c3 cc cc cc cc cc cc cc cc cc cc cc cc cc cc
0x00007ffe4ef09f6f:   cc 8b c2 48 6b c0 58 48 03 41 48 c3 cc cc cc cc
0x00007ffe4ef09f7f:   cc 48 89 5c 24 08 57 48 83 ec 20 8b fa 48 8b d9
0x00007ffe4ef09f8f:   83 fa 05 73 13 48 6b c7 58 48 03 41 48 48 8b 5c
0x00007ffe4ef09f9f:   24 30 48 83 c4 20 5f c3 e8 14 4d b5 ff 84 c0 74 


Stack slot to memory mapping:
stack at sp + 0 slots: 0x00000244b74fcab8 points into unknown readable memory: 0x00007ffe4f160058 | 58 00 16 4f fe 7f 00 00
stack at sp + 1 slots: 0x000000ec79afc770 is pointing into the stack for thread: 0x00000244b1ee2000
stack at sp + 2 slots: 0x00000244b5271d20 points into unknown readable memory: 0x000000ec79afef08 | 08 ef af 79 ec 00 00 00
stack at sp + 3 slots: 0x0 is NULL
stack at sp + 4 slots: 0x000000ec79afc770 is pointing into the stack for thread: 0x00000244b1ee2000
stack at sp + 5 slots: 0x00007ffe4eb8a6d6 jvm.dll
stack at sp + 6 slots: 0x0 is NULL
stack at sp + 7 slots: 0x00000244b427cfb8 points into unknown readable memory: 0x00007ffe4f19f4d8 | d8 f4 19 4f fe 7f 00 00


---------------  P R O C E S S  ---------------

Threads class SMR info:
_java_thread_list=0x00000244b4ba6550, length=75, elements={
0x0000024496599800, 0x00000244b1e7c800, 0x00000244b1e7e000, 0x00000244b1eda000,
0x00000244b1edb000, 0x00000244b1edd000, 0x00000244b1ee2000, 0x00000244b1ef6800,
0x00000244b1ef8000, 0x00000244b205a000, 0x00000244b3832000, 0x00000244b3b00800,
0x00000244b330c000, 0x00000244b2e99800, 0x00000244b2e9a000, 0x00000244b2e9c800,
0x00000244b2e98800, 0x00000244b2e9f000, 0x00000244b2e9c000, 0x00000244b2e9b000,
0x00000244b59b3800, 0x00000244b59b4000, 0x00000244b59b5000, 0x00000244b59b6000,
0x00000244b59b6800, 0x00000244b59b7800, 0x00000244b59b2800, 0x00000244b59b1800,
0x00000244b59bc800, 0x00000244b59bd000, 0x00000244b59be000, 0x00000244b59b9000,
0x00000244b5cfa800, 0x00000244b5ced800, 0x00000244b5cf0800, 0x00000244b5cee000,
0x00000244b5cf0000, 0x00000244b5cf1800, 0x00000244b5cec000, 0x00000244b5cef000,
0x00000244b5cec800, 0x00000244b5cf2800, 0x00000244b5cf7000, 0x00000244b5cf3000,
0x00000244b5cf8000, 0x00000244b5cf9000, 0x00000244b5cf4000, 0x00000244b5cf5000,
0x00000244b5cf5800, 0x00000244b59bb800, 0x00000244b59ba000, 0x00000244b59ba800,
0x00000244b2e9d800, 0x00000244b2e9e800, 0x00000244baed9000, 0x00000244baed6000,
0x00000244baeda000, 0x00000244baed7800, 0x00000244baeda800, 0x00000244baed8800,
0x00000244baed5000, 0x00000244baed6800, 0x00000244baee1800, 0x00000244baee0800,
0x00000244baedd000, 0x00000244baedb800, 0x00000244baee2000, 0x00000244baedf800,
0x00000244baedc800, 0x00000244baee3000, 0x00000244baee3800, 0x00000244b43df800,
0x00000244baede000, 0x00000244bab29800, 0x00000244baedf000
}

Java Threads: ( => current thread )
  0x0000024496599800 JavaThread "main" [_thread_blocked, id=18120, stack(0x000000ec78e00000,0x000000ec78f00000)]
  0x00000244b1e7c800 JavaThread "Reference Handler" daemon [_thread_blocked, id=10972, stack(0x000000ec79500000,0x000000ec79600000)]
  0x00000244b1e7e000 JavaThread "Finalizer" daemon [_thread_blocked, id=17244, stack(0x000000ec79600000,0x000000ec79700000)]
  0x00000244b1eda000 JavaThread "Signal Dispatcher" daemon [_thread_blocked, id=15004, stack(0x000000ec79700000,0x000000ec79800000)]
  0x00000244b1edb000 JavaThread "Attach Listener" daemon [_thread_blocked, id=3804, stack(0x000000ec79800000,0x000000ec79900000)]
  0x00000244b1edd000 JavaThread "Service Thread" daemon [_thread_blocked, id=10660, stack(0x000000ec79900000,0x000000ec79a00000)]
=>0x00000244b1ee2000 JavaThread "C2 CompilerThread0" daemon [_thread_in_native, id=10460, stack(0x000000ec79a00000,0x000000ec79b00000)]
  0x00000244b1ef6800 JavaThread "C1 CompilerThread0" daemon [_thread_blocked, id=12396, stack(0x000000ec79b00000,0x000000ec79c00000)]
  0x00000244b1ef8000 JavaThread "Sweeper thread" daemon [_thread_blocked, id=5048, stack(0x000000ec79c00000,0x000000ec79d00000)]
  0x00000244b205a000 JavaThread "Common-Cleaner" daemon [_thread_blocked, id=12716, stack(0x000000ec79d00000,0x000000ec79e00000)]
  0x00000244b3832000 JavaThread "Daemon health stats" [_thread_blocked, id=13620, stack(0x000000ec7a600000,0x000000ec7a700000)]
  0x00000244b3b00800 JavaThread "Incoming local TCP Connector on port 49368" [_thread_in_native, id=13292, stack(0x000000ec7a700000,0x000000ec7a800000)]
  0x00000244b330c000 JavaThread "Daemon periodic checks" [_thread_blocked, id=14584, stack(0x000000ec7a800000,0x000000ec7a900000)]
  0x00000244b2e99800 JavaThread "Cache worker for file hash cache (C:\Users\cedricdev\.gradle\caches\7.0.2\fileHashes)" [_thread_blocked, id=12408, stack(0x000000ec7b000000,0x000000ec7b100000)]
  0x00000244b2e9a000 JavaThread "File lock request listener" [_thread_in_native, id=16712, stack(0x000000ec7b100000,0x000000ec7b200000)]
  0x00000244b2e9c800 JavaThread "Cache worker for journal cache (C:\Users\cedricdev\.gradle\caches\journal-1)" [_thread_blocked, id=1140, stack(0x000000ec7b800000,0x000000ec7b900000)]
  0x00000244b2e98800 JavaThread "File watcher server" daemon [_thread_in_native, id=1792, stack(0x000000ec7ba00000,0x000000ec7bb00000)]
  0x00000244b2e9f000 JavaThread "File watcher consumer" daemon [_thread_blocked, id=11528, stack(0x000000ec7bb00000,0x000000ec7bc00000)]
  0x00000244b2e9c000 JavaThread "jar transforms" [_thread_blocked, id=4540, stack(0x000000ec7bc00000,0x000000ec7bd00000)]
  0x00000244b2e9b000 JavaThread "jar transforms Thread 2" [_thread_blocked, id=3304, stack(0x000000ec7bd00000,0x000000ec7be00000)]
  0x00000244b59b3800 JavaThread "jar transforms Thread 3" [_thread_blocked, id=2448, stack(0x000000ec7be00000,0x000000ec7bf00000)]
  0x00000244b59b4000 JavaThread "jar transforms Thread 4" [_thread_blocked, id=4372, stack(0x000000ec7bf00000,0x000000ec7c000000)]
  0x00000244b59b5000 JavaThread "jar transforms Thread 5" [_thread_blocked, id=5044, stack(0x000000ec7c000000,0x000000ec7c100000)]
  0x00000244b59b6000 JavaThread "jar transforms Thread 6" [_thread_blocked, id=6200, stack(0x000000ec7c100000,0x000000ec7c200000)]
  0x00000244b59b6800 JavaThread "jar transforms Thread 7" [_thread_blocked, id=7144, stack(0x000000ec7c200000,0x000000ec7c300000)]
  0x00000244b59b7800 JavaThread "jar transforms Thread 8" [_thread_blocked, id=2600, stack(0x000000ec7c300000,0x000000ec7c400000)]
  0x00000244b59b2800 JavaThread "jar transforms Thread 9" [_thread_blocked, id=1860, stack(0x000000ec7c400000,0x000000ec7c500000)]
  0x00000244b59b1800 JavaThread "jar transforms Thread 10" [_thread_blocked, id=4732, stack(0x000000ec7c500000,0x000000ec7c600000)]
  0x00000244b59bc800 JavaThread "jar transforms Thread 11" [_thread_blocked, id=9980, stack(0x000000ec7c600000,0x000000ec7c700000)]
  0x00000244b59bd000 JavaThread "jar transforms Thread 12" [_thread_blocked, id=4704, stack(0x000000ec7c700000,0x000000ec7c800000)]
  0x00000244b59be000 JavaThread "Cache worker for execution history cache (C:\Users\cedricdev\.gradle\caches\7.0.2\executionHistory)" [_thread_blocked, id=10212, stack(0x000000ec7ca00000,0x000000ec7cb00000)]
  0x00000244b59b9000 JavaThread "Cache worker for file content cache (C:\Users\cedricdev\.gradle\caches\7.0.2\fileContent)" [_thread_blocked, id=16756, stack(0x000000ec7cc00000,0x000000ec7cd00000)]
  0x00000244b5cfa800 JavaThread "Memory manager" [_thread_blocked, id=5652, stack(0x000000ec7dd00000,0x000000ec7de00000)]
  0x00000244b5ced800 JavaThread "Daemon Thread 2" [_thread_blocked, id=6956, stack(0x000000ec78b00000,0x000000ec78c00000)]
  0x00000244b5cf0800 JavaThread "Handler for socket connection from /127.0.0.1:49368 to /127.0.0.1:59807" [_thread_in_native, id=11160, stack(0x000000ec78c00000,0x000000ec78d00000)]
  0x00000244b5cee000 JavaThread "Cancel handler" [_thread_blocked, id=4416, stack(0x000000ec78d00000,0x000000ec78e00000)]
  0x00000244b5cf0000 JavaThread "Daemon worker Thread 2" [_thread_in_Java, id=4808, stack(0x000000ec79f00000,0x000000ec7a000000)]
  0x00000244b5cf1800 JavaThread "Asynchronous log dispatcher for DefaultDaemonConnection: socket connection from /127.0.0.1:49368 to /127.0.0.1:59807" [_thread_blocked, id=14340, stack(0x000000ec7a000000,0x000000ec7a100000)]
  0x00000244b5cec000 JavaThread "Stdin handler" [_thread_blocked, id=7544, stack(0x000000ec7a900000,0x000000ec7aa00000)]
  0x00000244b5cef000 JavaThread "Daemon client event forwarder" [_thread_blocked, id=18148, stack(0x000000ec7aa00000,0x000000ec7ab00000)]
  0x00000244b5cec800 JavaThread "Cache worker for file hash cache (F:\AndroidStudioProjects\AftermathProj\.gradle\7.0.2\fileHashes)" [_thread_blocked, id=2472, stack(0x000000ec7ab00000,0x000000ec7ac00000)]
  0x00000244b5cf2800 JavaThread "Cache worker for checksums cache (F:\AndroidStudioProjects\AftermathProj\.gradle\checksums)" [_thread_blocked, id=17448, stack(0x000000ec7ac00000,0x000000ec7ad00000)]
  0x00000244b5cf7000 JavaThread "Cache worker for cache directory md-supplier (C:\Users\cedricdev\.gradle\caches\7.0.2\md-supplier)" [_thread_blocked, id=12272, stack(0x000000ec7ad00000,0x000000ec7ae00000)]
  0x00000244b5cf3000 JavaThread "Cache worker for cache directory md-rule (C:\Users\cedricdev\.gradle\caches\7.0.2\md-rule)" [_thread_blocked, id=5504, stack(0x000000ec7ae00000,0x000000ec7af00000)]
  0x00000244b5cf8000 JavaThread "Cache worker for dependencies-accessors (F:\AndroidStudioProjects\AftermathProj\.gradle\7.0.2\dependencies-accessors)" [_thread_blocked, id=3548, stack(0x000000ec7af00000,0x000000ec7b000000)]
  0x00000244b5cf9000 JavaThread "Cache worker for Build Output Cleanup Cache (F:\AndroidStudioProjects\AftermathProj\.gradle\buildOutputCleanup)" [_thread_blocked, id=8676, stack(0x000000ec7c800000,0x000000ec7c900000)]
  0x00000244b5cf4000 JavaThread "Build operations" [_thread_blocked, id=12536, stack(0x000000ec7cb00000,0x000000ec7cc00000)]
  0x00000244b5cf5000 JavaThread "Build operations Thread 2" [_thread_blocked, id=8876, stack(0x000000ec7ce00000,0x000000ec7cf00000)]
  0x00000244b5cf5800 JavaThread "Build operations Thread 3" [_thread_blocked, id=7072, stack(0x000000ec7cf00000,0x000000ec7d000000)]
  0x00000244b59bb800 JavaThread "Build operations Thread 4" [_thread_blocked, id=9192, stack(0x000000ec7d000000,0x000000ec7d100000)]
  0x00000244b59ba000 JavaThread "Build operations Thread 5" [_thread_blocked, id=6316, stack(0x000000ec7d100000,0x000000ec7d200000)]
  0x00000244b59ba800 JavaThread "Build operations Thread 6" [_thread_blocked, id=17512, stack(0x000000ec7d200000,0x000000ec7d300000)]
  0x00000244b2e9d800 JavaThread "Build operations Thread 7" [_thread_blocked, id=14064, stack(0x000000ec7d300000,0x000000ec7d400000)]
  0x00000244b2e9e800 JavaThread "Build operations Thread 8" [_thread_blocked, id=4240, stack(0x000000ec7d400000,0x000000ec7d500000)]
  0x00000244baed9000 JavaThread "Build operations Thread 9" [_thread_blocked, id=1692, stack(0x000000ec7d500000,0x000000ec7d600000)]
  0x00000244baed6000 JavaThread "Build operations Thread 10" [_thread_blocked, id=10824, stack(0x000000ec7d600000,0x000000ec7d700000)]
  0x00000244baeda000 JavaThread "Build operations Thread 11" [_thread_blocked, id=7012, stack(0x000000ec7d700000,0x000000ec7d800000)]
  0x00000244baed7800 JavaThread "Build operations Thread 12" [_thread_blocked, id=18064, stack(0x000000ec7d800000,0x000000ec7d900000)]
  0x00000244baeda800 JavaThread "build event listener" [_thread_blocked, id=7056, stack(0x000000ec7d900000,0x000000ec7da00000)]
  0x00000244baed8800 JavaThread "Execution worker for ':'" [_thread_blocked, id=1216, stack(0x000000ec7da00000,0x000000ec7db00000)]
  0x00000244baed5000 JavaThread "Execution worker for ':' Thread 2" [_thread_blocked, id=13112, stack(0x000000ec7db00000,0x000000ec7dc00000)]
  0x00000244baed6800 JavaThread "Execution worker for ':' Thread 3" [_thread_blocked, id=1120, stack(0x000000ec7de00000,0x000000ec7df00000)]
  0x00000244baee1800 JavaThread "Execution worker for ':' Thread 4" [_thread_blocked, id=1484, stack(0x000000ec7df00000,0x000000ec7e000000)]
  0x00000244baee0800 JavaThread "Execution worker for ':' Thread 5" [_thread_blocked, id=17520, stack(0x000000ec7e000000,0x000000ec7e100000)]
  0x00000244baedd000 JavaThread "Execution worker for ':' Thread 6" [_thread_blocked, id=5280, stack(0x000000ec7e100000,0x000000ec7e200000)]
  0x00000244baedb800 JavaThread "Execution worker for ':' Thread 7" [_thread_blocked, id=3588, stack(0x000000ec7e200000,0x000000ec7e300000)]
  0x00000244baee2000 JavaThread "Execution worker for ':' Thread 8" [_thread_blocked, id=8688, stack(0x000000ec7e300000,0x000000ec7e400000)]
  0x00000244baedf800 JavaThread "Execution worker for ':' Thread 9" [_thread_blocked, id=8444, stack(0x000000ec7e400000,0x000000ec7e500000)]
  0x00000244baedc800 JavaThread "Execution worker for ':' Thread 10" [_thread_blocked, id=3040, stack(0x000000ec7e500000,0x000000ec7e600000)]
  0x00000244baee3000 JavaThread "Execution worker for ':' Thread 11" [_thread_blocked, id=8784, stack(0x000000ec7e600000,0x000000ec7e700000)]
  0x00000244baee3800 JavaThread "Cache worker for execution history cache (F:\AndroidStudioProjects\AftermathProj\.gradle\7.0.2\executionHistory)" [_thread_blocked, id=13328, stack(0x000000ec7e700000,0x000000ec7e800000)]
  0x00000244b43df800 JavaThread "C2 CompilerThread1" daemon [_thread_in_native, id=10216, stack(0x000000ec7b900000,0x000000ec7ba00000)]
  0x00000244baede000 JavaThread "WorkerExecutor Queue" [_thread_blocked, id=5336, stack(0x000000ec7c900000,0x000000ec7ca00000)]
  0x00000244bab29800 JavaThread "C2 CompilerThread2" daemon [_thread_in_native, id=7448, stack(0x000000ec7e800000,0x000000ec7e900000)]
  0x00000244baedf000 JavaThread "WorkerExecutor Queue Thread 2" [_thread_blocked, id=7872, stack(0x000000ec7e900000,0x000000ec7ea00000)]

Other Threads:
  0x00000244b1e79000 VMThread "VM Thread" [stack: 0x000000ec79400000,0x000000ec79500000] [id=11832]
  0x00000244b2072800 WatcherThread [stack: 0x000000ec79e00000,0x000000ec79f00000] [id=5320]
  0x00000244965b4000 GCTaskThread "GC Thread#0" [stack: 0x000000ec78f00000,0x000000ec79000000] [id=9940]
  0x00000244b2e1b000 GCTaskThread "GC Thread#1" [stack: 0x000000ec7a100000,0x000000ec7a200000] [id=4124]
  0x00000244b2c9f000 GCTaskThread "GC Thread#2" [stack: 0x000000ec7a200000,0x000000ec7a300000] [id=17556]
  0x00000244b2957000 GCTaskThread "GC Thread#3" [stack: 0x000000ec7a300000,0x000000ec7a400000] [id=6844]
  0x00000244b2c48800 GCTaskThread "GC Thread#4" [stack: 0x000000ec7a400000,0x000000ec7a500000] [id=13572]
  0x00000244b2c49000 GCTaskThread "GC Thread#5" [stack: 0x000000ec7a500000,0x000000ec7a600000] [id=17024]
  0x00000244b43f2800 GCTaskThread "GC Thread#6" [stack: 0x000000ec7b200000,0x000000ec7b300000] [id=10436]
  0x00000244b2f5b800 GCTaskThread "GC Thread#7" [stack: 0x000000ec7b300000,0x000000ec7b400000] [id=14100]
  0x00000244b4177000 GCTaskThread "GC Thread#8" [stack: 0x000000ec7b400000,0x000000ec7b500000] [id=6248]
  0x00000244b2faf000 GCTaskThread "GC Thread#9" [stack: 0x000000ec7b500000,0x000000ec7b600000] [id=2548]
  0x00000244965e7800 ConcurrentGCThread "G1 Main Marker" [stack: 0x000000ec79000000,0x000000ec79100000] [id=9108]
  0x00000244965e8800 ConcurrentGCThread "G1 Conc#0" [stack: 0x000000ec79100000,0x000000ec79200000] [id=17536]
  0x00000244b48fb800 ConcurrentGCThread "G1 Conc#1" [stack: 0x000000ec7b600000,0x000000ec7b700000] [id=7548]
  0x00000244b3f2c800 ConcurrentGCThread "G1 Conc#2" [stack: 0x000000ec7b700000,0x000000ec7b800000] [id=772]
  0x000002449667e800 ConcurrentGCThread "G1 Refine#0" [stack: 0x000000ec79200000,0x000000ec79300000] [id=3872]
  0x00000244b5cca000 ConcurrentGCThread "G1 Refine#1" [stack: 0x000000ec7cd00000,0x000000ec7ce00000] [id=14788]
  0x00000244b5cc6000 ConcurrentGCThread "G1 Refine#2" [stack: 0x000000ec7dc00000,0x000000ec7dd00000] [id=3456]
  0x00000244b14c2800 ConcurrentGCThread "G1 Young RemSet Sampling" [stack: 0x000000ec79300000,0x000000ec79400000] [id=12300]

Threads with active compile tasks:
C2 CompilerThread0 234347 11140       4       org.gradle.internal.instantiation.generator.AbstractClassGenerator$PropertyMetadata::hasAnnotation (40 bytes)
C1 CompilerThread0 234347 11727       3       org.apache.xerces.dom.ParentNode::nodeListGetLength (141 bytes)
C2 CompilerThread1 234347 11648       4       java.lang.String::split (7 bytes)
C2 CompilerThread2 234347 11706       4       org.apache.xerces.impl.XMLEntityScanner::scanContent (702 bytes)

VM state:not at safepoint (normal execution)

VM Mutex/Monitor currently owned by a thread: None

Heap address: 0x0000000080000000, size: 2048 MB, Compressed Oops mode: 32-bit
Narrow klass base: 0x0000000000000000, Narrow klass shift: 3
Compressed class space size: 1073741824 Address: 0x0000000100000000

Heap:
 garbage-first heap   total 262144K, used 144458K [0x0000000080000000, 0x0000000100000000)
  region size 1024K, 58 young (59392K), 13 survivors (13312K)
 Metaspace       used 98874K, capacity 102295K, committed 102476K, reserved 1138688K
  class space    used 12832K, capacity 14039K, committed 14156K, reserved 1048576K
Heap Regions: E=young(eden), S=young(survivor), O=old, HS=humongous(starts), HC=humongous(continues), CS=collection set, F=free, A=archive, TAMS=top-at-mark-start (previous, next)
|   0|0x0000000080000000, 0x0000000080100000, 0x0000000080100000|100%|HS|  |TAMS 0x0000000080100000, 0x0000000080000000| Complete 
|   1|0x0000000080100000, 0x0000000080200000, 0x0000000080200000|100%|HC|  |TAMS 0x0000000080200000, 0x0000000080100000| Complete 
|   2|0x0000000080200000, 0x0000000080300000, 0x0000000080300000|100%| O|  |TAMS 0x0000000080300000, 0x0000000080200000| Untracked 
|   3|0x0000000080300000, 0x0000000080400000, 0x0000000080400000|100%|HS|  |TAMS 0x0000000080400000, 0x0000000080300000| Complete 
|   4|0x0000000080400000, 0x0000000080500000, 0x0000000080500000|100%|HC|  |TAMS 0x0000000080500000, 0x0000000080400000| Complete 
|   5|0x0000000080500000, 0x0000000080600000, 0x0000000080600000|100%|HC|  |TAMS 0x0000000080600000, 0x0000000080500000| Complete 
|   6|0x0000000080600000, 0x0000000080700000, 0x0000000080700000|100%| O|  |TAMS 0x0000000080700000, 0x0000000080600000| Untracked 
|   7|0x0000000080700000, 0x0000000080800000, 0x0000000080800000|100%| O|  |TAMS 0x0000000080800000, 0x0000000080700000| Untracked 
|   8|0x0000000080800000, 0x0000000080900000, 0x0000000080900000|100%| O|  |TAMS 0x0000000080900000, 0x0000000080800000| Untracked 
|   9|0x0000000080900000, 0x0000000080a00000, 0x0000000080a00000|100%|HS|  |TAMS 0x0000000080a00000, 0x0000000080900000| Complete 
|  10|0x0000000080a00000, 0x0000000080b00000, 0x0000000080b00000|100%|HC|  |TAMS 0x0000000080b00000, 0x0000000080a00000| Complete 
|  11|0x0000000080b00000, 0x0000000080c00000, 0x0000000080c00000|100%|HC|  |TAMS 0x0000000080c00000, 0x0000000080b00000| Complete 
|  12|0x0000000080c00000, 0x0000000080d00000, 0x0000000080d00000|100%|HS|  |TAMS 0x0000000080d00000, 0x0000000080c00000| Complete 
|  13|0x0000000080d00000, 0x0000000080e00000, 0x0000000080e00000|100%|HC|  |TAMS 0x0000000080e00000, 0x0000000080d00000| Complete 
|  14|0x0000000080e00000, 0x0000000080f00000, 0x0000000080f00000|100%|HC|  |TAMS 0x0000000080f00000, 0x0000000080e00000| Complete 
|  15|0x0000000080f00000, 0x0000000081000000, 0x0000000081000000|100%|HC|  |TAMS 0x0000000081000000, 0x0000000080f00000| Complete 
|  16|0x0000000081000000, 0x0000000081100000, 0x0000000081100000|100%|HC|  |TAMS 0x0000000081100000, 0x0000000081000000| Complete 
|  17|0x0000000081100000, 0x0000000081200000, 0x0000000081200000|100%| O|  |TAMS 0x0000000081200000, 0x0000000081100000| Untracked 
|  18|0x0000000081200000, 0x0000000081300000, 0x0000000081300000|100%| O|  |TAMS 0x0000000081300000, 0x0000000081200000| Untracked 
|  19|0x0000000081300000, 0x0000000081400000, 0x0000000081400000|100%| O|  |TAMS 0x0000000081400000, 0x0000000081300000| Untracked 
|  20|0x0000000081400000, 0x0000000081500000, 0x0000000081500000|100%| O|  |TAMS 0x0000000081500000, 0x0000000081400000| Untracked 
|  21|0x0000000081500000, 0x0000000081600000, 0x0000000081600000|100%| O|  |TAMS 0x0000000081600000, 0x0000000081500000| Untracked 
|  22|0x0000000081600000, 0x0000000081700000, 0x0000000081700000|100%| O|  |TAMS 0x0000000081700000, 0x0000000081600000| Untracked 
|  23|0x0000000081700000, 0x0000000081800000, 0x0000000081800000|100%| O|  |TAMS 0x0000000081800000, 0x0000000081700000| Untracked 
|  24|0x0000000081800000, 0x0000000081900000, 0x0000000081900000|100%| O|  |TAMS 0x0000000081900000, 0x0000000081800000| Untracked 
|  25|0x0000000081900000, 0x0000000081a00000, 0x0000000081a00000|100%| O|  |TAMS 0x0000000081a00000, 0x0000000081900000| Untracked 
|  26|0x0000000081a00000, 0x0000000081b00000, 0x0000000081b00000|100%|HS|  |TAMS 0x0000000081b00000, 0x0000000081a00000| Complete 
|  27|0x0000000081b00000, 0x0000000081c00000, 0x0000000081c00000|100%|HS|  |TAMS 0x0000000081c00000, 0x0000000081b00000| Complete 
|  28|0x0000000081c00000, 0x0000000081d00000, 0x0000000081d00000|100%| O|  |TAMS 0x0000000081d00000, 0x0000000081c00000| Untracked 
|  29|0x0000000081d00000, 0x0000000081e00000, 0x0000000081e00000|100%|HS|  |TAMS 0x0000000081e00000, 0x0000000081d00000| Complete 
|  30|0x0000000081e00000, 0x0000000081f00000, 0x0000000081f00000|100%|HC|  |TAMS 0x0000000081f00000, 0x0000000081e00000| Complete 
|  31|0x0000000081f00000, 0x0000000082000000, 0x0000000082000000|100%|HC|  |TAMS 0x0000000082000000, 0x0000000081f00000| Complete 
|  32|0x0000000082000000, 0x0000000082100000, 0x0000000082100000|100%|HC|  |TAMS 0x0000000082100000, 0x0000000082000000| Complete 
|  33|0x0000000082100000, 0x0000000082200000, 0x0000000082200000|100%|HC|  |TAMS 0x0000000082200000, 0x0000000082100000| Complete 
|  34|0x0000000082200000, 0x0000000082300000, 0x0000000082300000|100%|HS|  |TAMS 0x0000000082300000, 0x0000000082200000| Complete 
|  35|0x0000000082300000, 0x0000000082400000, 0x0000000082400000|100%|HC|  |TAMS 0x0000000082400000, 0x0000000082300000| Complete 
|  36|0x0000000082400000, 0x0000000082500000, 0x0000000082500000|100%|HC|  |TAMS 0x0000000082500000, 0x0000000082400000| Complete 
|  37|0x0000000082500000, 0x0000000082600000, 0x0000000082600000|100%| O|  |TAMS 0x0000000082600000, 0x0000000082500000| Untracked 
|  38|0x0000000082600000, 0x0000000082700000, 0x0000000082700000|100%| O|  |TAMS 0x0000000082700000, 0x0000000082600000| Untracked 
|  39|0x0000000082700000, 0x0000000082800000, 0x0000000082800000|100%| O|  |TAMS 0x0000000082800000, 0x0000000082700000| Untracked 
|  40|0x0000000082800000, 0x0000000082900000, 0x0000000082900000|100%| O|  |TAMS 0x0000000082900000, 0x0000000082800000| Untracked 
|  41|0x0000000082900000, 0x0000000082a00000, 0x0000000082a00000|100%|HS|  |TAMS 0x0000000082a00000, 0x0000000082900000| Complete 
|  42|0x0000000082a00000, 0x0000000082b00000, 0x0000000082b00000|100%|HC|  |TAMS 0x0000000082b00000, 0x0000000082a00000| Complete 
|  43|0x0000000082b00000, 0x0000000082c00000, 0x0000000082c00000|100%| O|  |TAMS 0x0000000082c00000, 0x0000000082b00000| Untracked 
|  44|0x0000000082c00000, 0x0000000082d00000, 0x0000000082d00000|100%| O|  |TAMS 0x0000000082d00000, 0x0000000082c00000| Untracked 
|  45|0x0000000082d00000, 0x0000000082e00000, 0x0000000082e00000|100%| O|  |TAMS 0x0000000082e00000, 0x0000000082d00000| Untracked 
|  46|0x0000000082e00000, 0x0000000082f00000, 0x0000000082f00000|100%| O|  |TAMS 0x0000000082f00000, 0x0000000082e00000| Untracked 
|  47|0x0000000082f00000, 0x0000000083000000, 0x0000000083000000|100%| O|  |TAMS 0x0000000083000000, 0x0000000082f00000| Untracked 
|  48|0x0000000083000000, 0x0000000083100000, 0x0000000083100000|100%| O|  |TAMS 0x0000000083100000, 0x0000000083000000| Untracked 
|  49|0x0000000083100000, 0x0000000083200000, 0x0000000083200000|100%| O|  |TAMS 0x0000000083200000, 0x0000000083100000| Untracked 
|  50|0x0000000083200000, 0x0000000083300000, 0x0000000083300000|100%| O|  |TAMS 0x0000000083300000, 0x0000000083200000| Untracked 
|  51|0x0000000083300000, 0x0000000083400000, 0x0000000083400000|100%| O|  |TAMS 0x0000000083400000, 0x0000000083300000| Untracked 
|  52|0x0000000083400000, 0x0000000083500000, 0x0000000083500000|100%| O|  |TAMS 0x0000000083500000, 0x0000000083400000| Untracked 
|  53|0x0000000083500000, 0x0000000083600000, 0x0000000083600000|100%| O|  |TAMS 0x0000000083600000, 0x0000000083500000| Untracked 
|  54|0x0000000083600000, 0x0000000083700000, 0x0000000083700000|100%| O|  |TAMS 0x0000000083700000, 0x0000000083600000| Untracked 
|  55|0x0000000083700000, 0x0000000083800000, 0x0000000083800000|100%| O|  |TAMS 0x0000000083800000, 0x0000000083700000| Untracked 
|  56|0x0000000083800000, 0x0000000083900000, 0x0000000083900000|100%| O|  |TAMS 0x0000000083900000, 0x0000000083800000| Untracked 
|  57|0x0000000083900000, 0x0000000083a00000, 0x0000000083a00000|100%| O|  |TAMS 0x0000000083a00000, 0x0000000083900000| Untracked 
|  58|0x0000000083a00000, 0x0000000083b00000, 0x0000000083b00000|100%| O|  |TAMS 0x0000000083b00000, 0x0000000083a00000| Untracked 
|  59|0x0000000083b00000, 0x0000000083c00000, 0x0000000083c00000|100%| O|  |TAMS 0x0000000083c00000, 0x0000000083b00000| Untracked 
|  60|0x0000000083c00000, 0x0000000083d00000, 0x0000000083d00000|100%| O|  |TAMS 0x0000000083d00000, 0x0000000083c00000| Untracked 
|  61|0x0000000083d00000, 0x0000000083e00000, 0x0000000083e00000|100%| O|  |TAMS 0x0000000083e00000, 0x0000000083d00000| Untracked 
|  62|0x0000000083e00000, 0x0000000083f00000, 0x0000000083f00000|100%| O|  |TAMS 0x0000000083f00000, 0x0000000083e00000| Untracked 
|  63|0x0000000083f00000, 0x0000000084000000, 0x0000000084000000|100%| O|  |TAMS 0x0000000084000000, 0x0000000083f00000| Untracked 
|  64|0x0000000084000000, 0x0000000084100000, 0x0000000084100000|100%| O|  |TAMS 0x0000000084100000, 0x0000000084000000| Untracked 
|  65|0x0000000084100000, 0x0000000084200000, 0x0000000084200000|100%| O|  |TAMS 0x0000000084100000, 0x0000000084100000| Untracked 
|  66|0x0000000084200000, 0x0000000084300000, 0x0000000084300000|100%| O|  |TAMS 0x0000000084200000, 0x0000000084200000| Untracked 
|  67|0x0000000084300000, 0x0000000084400000, 0x0000000084400000|100%| O|  |TAMS 0x0000000084300000, 0x0000000084300000| Untracked 
|  68|0x0000000084400000, 0x0000000084500000, 0x0000000084500000|100%| O|  |TAMS 0x0000000084400000, 0x0000000084400000| Untracked 
|  69|0x0000000084500000, 0x0000000084600000, 0x0000000084600000|100%| O|  |TAMS 0x0000000084500000, 0x0000000084500000| Untracked 
|  70|0x0000000084600000, 0x0000000084700000, 0x0000000084700000|100%| O|  |TAMS 0x0000000084600000, 0x0000000084600000| Untracked 
|  71|0x0000000084700000, 0x0000000084800000, 0x0000000084800000|100%| O|  |TAMS 0x0000000084700000, 0x0000000084700000| Untracked 
|  72|0x0000000084800000, 0x0000000084900000, 0x0000000084900000|100%| O|  |TAMS 0x0000000084800000, 0x0000000084800000| Untracked 
|  73|0x0000000084900000, 0x0000000084a00000, 0x0000000084a00000|100%| O|  |TAMS 0x0000000084900000, 0x0000000084900000| Untracked 
|  74|0x0000000084a00000, 0x0000000084b00000, 0x0000000084b00000|100%| O|  |TAMS 0x0000000084a00000, 0x0000000084a00000| Untracked 
|  75|0x0000000084b00000, 0x0000000084c00000, 0x0000000084c00000|100%| O|  |TAMS 0x0000000084b00000, 0x0000000084b00000| Untracked 
|  76|0x0000000084c00000, 0x0000000084d00000, 0x0000000084d00000|100%| O|  |TAMS 0x0000000084c00000, 0x0000000084c00000| Untracked 
|  77|0x0000000084d00000, 0x0000000084e00000, 0x0000000084e00000|100%| O|  |TAMS 0x0000000084d00000, 0x0000000084d00000| Untracked 
|  78|0x0000000084e00000, 0x0000000084f00000, 0x0000000084f00000|100%| O|  |TAMS 0x0000000084e00000, 0x0000000084e00000| Untracked 
|  79|0x0000000084f00000, 0x0000000085000000, 0x0000000085000000|100%| O|  |TAMS 0x0000000084f00000, 0x0000000084f00000| Untracked 
|  80|0x0000000085000000, 0x0000000085100000, 0x0000000085100000|100%| O|  |TAMS 0x0000000085000000, 0x0000000085000000| Untracked 
|  81|0x0000000085100000, 0x0000000085200000, 0x0000000085200000|100%| O|  |TAMS 0x0000000085100000, 0x0000000085100000| Untracked 
|  82|0x0000000085200000, 0x0000000085300000, 0x0000000085300000|100%| O|  |TAMS 0x0000000085200000, 0x0000000085200000| Untracked 
|  83|0x0000000085300000, 0x0000000085400000, 0x0000000085400000|100%| O|  |TAMS 0x0000000085300000, 0x0000000085300000| Untracked 
|  84|0x0000000085400000, 0x0000000085500000, 0x0000000085500000|100%| O|  |TAMS 0x0000000085400000, 0x0000000085400000| Untracked 
|  85|0x0000000085500000, 0x000000008553de00, 0x0000000085600000| 24%| O|  |TAMS 0x0000000085500000, 0x0000000085500000| Untracked 
|  86|0x0000000085600000, 0x0000000085600000, 0x0000000085700000|  0%| F|  |TAMS 0x0000000085600000, 0x0000000085600000| Untracked 
|  87|0x0000000085700000, 0x0000000085700000, 0x0000000085800000|  0%| F|  |TAMS 0x0000000085700000, 0x0000000085700000| Untracked 
|  88|0x0000000085800000, 0x0000000085800000, 0x0000000085900000|  0%| F|  |TAMS 0x0000000085800000, 0x0000000085800000| Untracked 
|  89|0x0000000085900000, 0x0000000085900000, 0x0000000085a00000|  0%| F|  |TAMS 0x0000000085900000, 0x0000000085900000| Untracked 
|  90|0x0000000085a00000, 0x0000000085a00000, 0x0000000085b00000|  0%| F|  |TAMS 0x0000000085a00000, 0x0000000085a00000| Untracked 
|  91|0x0000000085b00000, 0x0000000085b00000, 0x0000000085c00000|  0%| F|  |TAMS 0x0000000085b00000, 0x0000000085b00000| Untracked 
|  92|0x0000000085c00000, 0x0000000085c00000, 0x0000000085d00000|  0%| F|  |TAMS 0x0000000085c00000, 0x0000000085c00000| Untracked 
|  93|0x0000000085d00000, 0x0000000085d00000, 0x0000000085e00000|  0%| F|  |TAMS 0x0000000085d00000, 0x0000000085d00000| Untracked 
|  94|0x0000000085e00000, 0x0000000085e00000, 0x0000000085f00000|  0%| F|  |TAMS 0x0000000085e00000, 0x0000000085e00000| Untracked 
|  95|0x0000000085f00000, 0x0000000085f00000, 0x0000000086000000|  0%| F|  |TAMS 0x0000000085f00000, 0x0000000085f00000| Untracked 
|  96|0x0000000086000000, 0x0000000086000000, 0x0000000086100000|  0%| F|  |TAMS 0x0000000086000000, 0x0000000086000000| Untracked 
|  97|0x0000000086100000, 0x0000000086100000, 0x0000000086200000|  0%| F|  |TAMS 0x0000000086100000, 0x0000000086100000| Untracked 
|  98|0x0000000086200000, 0x0000000086200000, 0x0000000086300000|  0%| F|  |TAMS 0x0000000086200000, 0x0000000086200000| Untracked 
|  99|0x0000000086300000, 0x0000000086300000, 0x0000000086400000|  0%| F|  |TAMS 0x0000000086300000, 0x0000000086300000| Untracked 
| 100|0x0000000086400000, 0x0000000086400000, 0x0000000086500000|  0%| F|  |TAMS 0x0000000086400000, 0x0000000086400000| Untracked 
| 101|0x0000000086500000, 0x0000000086500000, 0x0000000086600000|  0%| F|  |TAMS 0x0000000086500000, 0x0000000086500000| Untracked 
| 102|0x0000000086600000, 0x0000000086600000, 0x0000000086700000|  0%| F|  |TAMS 0x0000000086600000, 0x0000000086600000| Untracked 
| 103|0x0000000086700000, 0x0000000086700000, 0x0000000086800000|  0%| F|  |TAMS 0x0000000086700000, 0x0000000086700000| Untracked 
| 104|0x0000000086800000, 0x0000000086800000, 0x0000000086900000|  0%| F|  |TAMS 0x0000000086800000, 0x0000000086800000| Untracked 
| 105|0x0000000086900000, 0x0000000086900000, 0x0000000086a00000|  0%| F|  |TAMS 0x0000000086900000, 0x0000000086900000| Untracked 
| 106|0x0000000086a00000, 0x0000000086a00000, 0x0000000086b00000|  0%| F|  |TAMS 0x0000000086a00000, 0x0000000086a00000| Untracked 
| 107|0x0000000086b00000, 0x0000000086b00000, 0x0000000086c00000|  0%| F|  |TAMS 0x0000000086b00000, 0x0000000086b00000| Untracked 
| 108|0x0000000086c00000, 0x0000000086c00000, 0x0000000086d00000|  0%| F|  |TAMS 0x0000000086c00000, 0x0000000086c00000| Untracked 
| 109|0x0000000086d00000, 0x0000000086d00000, 0x0000000086e00000|  0%| F|  |TAMS 0x0000000086d00000, 0x0000000086d00000| Untracked 
| 110|0x0000000086e00000, 0x0000000086e00000, 0x0000000086f00000|  0%| F|  |TAMS 0x0000000086e00000, 0x0000000086e00000| Untracked 
| 111|0x0000000086f00000, 0x0000000086f00000, 0x0000000087000000|  0%| F|  |TAMS 0x0000000086f00000, 0x0000000086f00000| Untracked 
| 112|0x0000000087000000, 0x0000000087000000, 0x0000000087100000|  0%| F|  |TAMS 0x0000000087000000, 0x0000000087000000| Untracked 
| 113|0x0000000087100000, 0x0000000087100000, 0x0000000087200000|  0%| F|  |TAMS 0x0000000087100000, 0x0000000087100000| Untracked 
| 114|0x0000000087200000, 0x0000000087200000, 0x0000000087300000|  0%| F|  |TAMS 0x0000000087200000, 0x0000000087200000| Untracked 
| 115|0x0000000087300000, 0x0000000087300000, 0x0000000087400000|  0%| F|  |TAMS 0x0000000087300000, 0x0000000087300000| Untracked 
| 116|0x0000000087400000, 0x0000000087400000, 0x0000000087500000|  0%| F|  |TAMS 0x0000000087400000, 0x0000000087400000| Untracked 
| 117|0x0000000087500000, 0x0000000087500000, 0x0000000087600000|  0%| F|  |TAMS 0x0000000087500000, 0x0000000087500000| Untracked 
| 118|0x0000000087600000, 0x0000000087600000, 0x0000000087700000|  0%| F|  |TAMS 0x0000000087600000, 0x0000000087600000| Untracked 
| 119|0x0000000087700000, 0x0000000087700000, 0x0000000087800000|  0%| F|  |TAMS 0x0000000087700000, 0x0000000087700000| Untracked 
| 120|0x0000000087800000, 0x0000000087800000, 0x0000000087900000|  0%| F|  |TAMS 0x0000000087800000, 0x0000000087800000| Untracked 
| 121|0x0000000087900000, 0x0000000087900000, 0x0000000087a00000|  0%| F|  |TAMS 0x0000000087900000, 0x0000000087900000| Untracked 
| 122|0x0000000087a00000, 0x0000000087a00000, 0x0000000087b00000|  0%| F|  |TAMS 0x0000000087a00000, 0x0000000087a00000| Untracked 
| 123|0x0000000087b00000, 0x0000000087b00000, 0x0000000087c00000|  0%| F|  |TAMS 0x0000000087b00000, 0x0000000087b00000| Untracked 
| 124|0x0000000087c00000, 0x0000000087c00000, 0x0000000087d00000|  0%| F|  |TAMS 0x0000000087c00000, 0x0000000087c00000| Untracked 
| 125|0x0000000087d00000, 0x0000000087d00000, 0x0000000087e00000|  0%| F|  |TAMS 0x0000000087d00000, 0x0000000087d00000| Untracked 
| 126|0x0000000087e00000, 0x0000000087e00000, 0x0000000087f00000|  0%| F|  |TAMS 0x0000000087e00000, 0x0000000087e00000| Untracked 
| 127|0x0000000087f00000, 0x0000000087f00000, 0x0000000088000000|  0%| F|  |TAMS 0x0000000087f00000, 0x0000000087f00000| Untracked 
| 128|0x0000000088000000, 0x0000000088000000, 0x0000000088100000|  0%| F|  |TAMS 0x0000000088000000, 0x0000000088000000| Untracked 
| 129|0x0000000088100000, 0x0000000088100000, 0x0000000088200000|  0%| F|  |TAMS 0x0000000088100000, 0x0000000088100000| Untracked 
| 130|0x0000000088200000, 0x0000000088200000, 0x0000000088300000|  0%| F|  |TAMS 0x0000000088200000, 0x0000000088200000| Untracked 
| 131|0x0000000088300000, 0x00000000883d4d80, 0x0000000088400000| 83%| S|CS|TAMS 0x0000000088300000, 0x0000000088300000| Complete 
| 132|0x0000000088400000, 0x0000000088500000, 0x0000000088500000|100%| S|CS|TAMS 0x0000000088400000, 0x0000000088400000| Complete 
| 133|0x0000000088500000, 0x0000000088500000, 0x0000000088600000|  0%| F|  |TAMS 0x0000000088500000, 0x0000000088500000| Untracked 
| 134|0x0000000088600000, 0x0000000088600000, 0x0000000088700000|  0%| F|  |TAMS 0x0000000088600000, 0x0000000088600000| Untracked 
| 135|0x0000000088700000, 0x0000000088700000, 0x0000000088800000|  0%| F|  |TAMS 0x0000000088700000, 0x0000000088700000| Untracked 
| 136|0x0000000088800000, 0x0000000088800000, 0x0000000088900000|  0%| F|  |TAMS 0x0000000088800000, 0x0000000088800000| Untracked 
| 137|0x0000000088900000, 0x0000000088900000, 0x0000000088a00000|  0%| F|  |TAMS 0x0000000088900000, 0x0000000088900000| Untracked 
| 138|0x0000000088a00000, 0x0000000088a00000, 0x0000000088b00000|  0%| F|  |TAMS 0x0000000088a00000, 0x0000000088a00000| Untracked 
| 139|0x0000000088b00000, 0x0000000088b00000, 0x0000000088c00000|  0%| F|  |TAMS 0x0000000088b00000, 0x0000000088b00000| Untracked 
| 140|0x0000000088c00000, 0x0000000088d00000, 0x0000000088d00000|100%| S|CS|TAMS 0x0000000088c00000, 0x0000000088c00000| Complete 
| 141|0x0000000088d00000, 0x0000000088e00000, 0x0000000088e00000|100%| S|CS|TAMS 0x0000000088d00000, 0x0000000088d00000| Complete 
| 142|0x0000000088e00000, 0x0000000088f00000, 0x0000000088f00000|100%| S|CS|TAMS 0x0000000088e00000, 0x0000000088e00000| Complete 
| 143|0x0000000088f00000, 0x0000000089000000, 0x0000000089000000|100%| S|CS|TAMS 0x0000000088f00000, 0x0000000088f00000| Complete 
| 144|0x0000000089000000, 0x0000000089000000, 0x0000000089100000|  0%| F|  |TAMS 0x0000000089000000, 0x0000000089000000| Untracked 
| 145|0x0000000089100000, 0x0000000089100000, 0x0000000089200000|  0%| F|  |TAMS 0x0000000089100000, 0x0000000089100000| Untracked 
| 146|0x0000000089200000, 0x0000000089200000, 0x0000000089300000|  0%| F|  |TAMS 0x0000000089200000, 0x0000000089200000| Untracked 
| 147|0x0000000089300000, 0x0000000089300000, 0x0000000089400000|  0%| F|  |TAMS 0x0000000089300000, 0x0000000089300000| Untracked 
| 148|0x0000000089400000, 0x0000000089500000, 0x0000000089500000|100%| S|CS|TAMS 0x0000000089400000, 0x0000000089400000| Complete 
| 149|0x0000000089500000, 0x0000000089600000, 0x0000000089600000|100%| S|CS|TAMS 0x0000000089500000, 0x0000000089500000| Complete 
| 150|0x0000000089600000, 0x0000000089700000, 0x0000000089700000|100%| S|CS|TAMS 0x0000000089600000, 0x0000000089600000| Complete 
| 151|0x0000000089700000, 0x0000000089800000, 0x0000000089800000|100%| S|CS|TAMS 0x0000000089700000, 0x0000000089700000| Complete 
| 152|0x0000000089800000, 0x0000000089900000, 0x0000000089900000|100%| S|CS|TAMS 0x0000000089800000, 0x0000000089800000| Complete 
| 153|0x0000000089900000, 0x0000000089a00000, 0x0000000089a00000|100%| S|CS|TAMS 0x0000000089900000, 0x0000000089900000| Complete 
| 154|0x0000000089a00000, 0x0000000089b00000, 0x0000000089b00000|100%| S|CS|TAMS 0x0000000089a00000, 0x0000000089a00000| Complete 
| 155|0x0000000089b00000, 0x0000000089b00000, 0x0000000089c00000|  0%| F|  |TAMS 0x0000000089b00000, 0x0000000089b00000| Untracked 
| 156|0x0000000089c00000, 0x0000000089c00000, 0x0000000089d00000|  0%| F|  |TAMS 0x0000000089c00000, 0x0000000089c00000| Untracked 
| 157|0x0000000089d00000, 0x0000000089d00000, 0x0000000089e00000|  0%| F|  |TAMS 0x0000000089d00000, 0x0000000089d00000| Untracked 
| 158|0x0000000089e00000, 0x0000000089e00000, 0x0000000089f00000|  0%| F|  |TAMS 0x0000000089e00000, 0x0000000089e00000| Untracked 
| 159|0x0000000089f00000, 0x0000000089f00000, 0x000000008a000000|  0%| F|  |TAMS 0x0000000089f00000, 0x0000000089f00000| Untracked 
| 160|0x000000008a000000, 0x000000008a000000, 0x000000008a100000|  0%| F|  |TAMS 0x000000008a000000, 0x000000008a000000| Untracked 
| 161|0x000000008a100000, 0x000000008a100000, 0x000000008a200000|  0%| F|  |TAMS 0x000000008a100000, 0x000000008a100000| Untracked 
| 162|0x000000008a200000, 0x000000008a200000, 0x000000008a300000|  0%| F|  |TAMS 0x000000008a200000, 0x000000008a200000| Untracked 
| 163|0x000000008a300000, 0x000000008a300000, 0x000000008a400000|  0%| F|  |TAMS 0x000000008a300000, 0x000000008a300000| Untracked 
| 164|0x000000008a400000, 0x000000008a400000, 0x000000008a500000|  0%| F|  |TAMS 0x000000008a400000, 0x000000008a400000| Untracked 
| 165|0x000000008a500000, 0x000000008a500000, 0x000000008a600000|  0%| F|  |TAMS 0x000000008a500000, 0x000000008a500000| Untracked 
| 166|0x000000008a600000, 0x000000008a600000, 0x000000008a700000|  0%| F|  |TAMS 0x000000008a600000, 0x000000008a600000| Untracked 
| 167|0x000000008a700000, 0x000000008a700000, 0x000000008a800000|  0%| F|  |TAMS 0x000000008a700000, 0x000000008a700000| Untracked 
| 168|0x000000008a800000, 0x000000008a800000, 0x000000008a900000|  0%| F|  |TAMS 0x000000008a800000, 0x000000008a800000| Untracked 
| 169|0x000000008a900000, 0x000000008a900000, 0x000000008aa00000|  0%| F|  |TAMS 0x000000008a900000, 0x000000008a900000| Untracked 
| 170|0x000000008aa00000, 0x000000008aa00000, 0x000000008ab00000|  0%| F|  |TAMS 0x000000008aa00000, 0x000000008aa00000| Untracked 
| 171|0x000000008ab00000, 0x000000008ab00000, 0x000000008ac00000|  0%| F|  |TAMS 0x000000008ab00000, 0x000000008ab00000| Untracked 
| 172|0x000000008ac00000, 0x000000008ac00000, 0x000000008ad00000|  0%| F|  |TAMS 0x000000008ac00000, 0x000000008ac00000| Untracked 
| 173|0x000000008ad00000, 0x000000008ad00000, 0x000000008ae00000|  0%| F|  |TAMS 0x000000008ad00000, 0x000000008ad00000| Untracked 
| 174|0x000000008ae00000, 0x000000008ae00000, 0x000000008af00000|  0%| F|  |TAMS 0x000000008ae00000, 0x000000008ae00000| Untracked 
| 175|0x000000008af00000, 0x000000008af00000, 0x000000008b000000|  0%| F|  |TAMS 0x000000008af00000, 0x000000008af00000| Untracked 
| 176|0x000000008b000000, 0x000000008b000000, 0x000000008b100000|  0%| F|  |TAMS 0x000000008b000000, 0x000000008b000000| Untracked 
| 177|0x000000008b100000, 0x000000008b100000, 0x000000008b200000|  0%| F|  |TAMS 0x000000008b100000, 0x000000008b100000| Untracked 
| 178|0x000000008b200000, 0x000000008b200000, 0x000000008b300000|  0%| F|  |TAMS 0x000000008b200000, 0x000000008b200000| Untracked 
| 179|0x000000008b300000, 0x000000008b300000, 0x000000008b400000|  0%| F|  |TAMS 0x000000008b300000, 0x000000008b300000| Untracked 
| 180|0x000000008b400000, 0x000000008b400000, 0x000000008b500000|  0%| F|  |TAMS 0x000000008b400000, 0x000000008b400000| Untracked 
| 181|0x000000008b500000, 0x000000008b500000, 0x000000008b600000|  0%| F|  |TAMS 0x000000008b500000, 0x000000008b500000| Untracked 
| 182|0x000000008b600000, 0x000000008b600000, 0x000000008b700000|  0%| F|  |TAMS 0x000000008b600000, 0x000000008b600000| Untracked 
| 183|0x000000008b700000, 0x000000008b700000, 0x000000008b800000|  0%| F|  |TAMS 0x000000008b700000, 0x000000008b700000| Untracked 
| 184|0x000000008b800000, 0x000000008b800000, 0x000000008b900000|  0%| F|  |TAMS 0x000000008b800000, 0x000000008b800000| Untracked 
| 185|0x000000008b900000, 0x000000008b900000, 0x000000008ba00000|  0%| F|  |TAMS 0x000000008b900000, 0x000000008b900000| Untracked 
| 186|0x000000008ba00000, 0x000000008ba00000, 0x000000008bb00000|  0%| F|  |TAMS 0x000000008ba00000, 0x000000008ba00000| Untracked 
| 187|0x000000008bb00000, 0x000000008bb00000, 0x000000008bc00000|  0%| F|  |TAMS 0x000000008bb00000, 0x000000008bb00000| Untracked 
| 188|0x000000008bc00000, 0x000000008bc00000, 0x000000008bd00000|  0%| F|  |TAMS 0x000000008bc00000, 0x000000008bc00000| Untracked 
| 189|0x000000008bd00000, 0x000000008bd00000, 0x000000008be00000|  0%| F|  |TAMS 0x000000008bd00000, 0x000000008bd00000| Untracked 
| 190|0x000000008be00000, 0x000000008be00000, 0x000000008bf00000|  0%| F|  |TAMS 0x000000008be00000, 0x000000008be00000| Untracked 
| 191|0x000000008bf00000, 0x000000008bf00000, 0x000000008c000000|  0%| F|  |TAMS 0x000000008bf00000, 0x000000008bf00000| Untracked 
| 192|0x000000008c000000, 0x000000008c000000, 0x000000008c100000|  0%| F|  |TAMS 0x000000008c000000, 0x000000008c000000| Untracked 
| 193|0x000000008c100000, 0x000000008c100000, 0x000000008c200000|  0%| F|  |TAMS 0x000000008c100000, 0x000000008c100000| Untracked 
| 194|0x000000008c200000, 0x000000008c200000, 0x000000008c300000|  0%| F|  |TAMS 0x000000008c200000, 0x000000008c200000| Untracked 
| 195|0x000000008c300000, 0x000000008c300000, 0x000000008c400000|  0%| F|  |TAMS 0x000000008c300000, 0x000000008c300000| Untracked 
| 196|0x000000008c400000, 0x000000008c400000, 0x000000008c500000|  0%| F|  |TAMS 0x000000008c400000, 0x000000008c400000| Untracked 
| 197|0x000000008c500000, 0x000000008c500000, 0x000000008c600000|  0%| F|  |TAMS 0x000000008c500000, 0x000000008c500000| Untracked 
| 198|0x000000008c600000, 0x000000008c600000, 0x000000008c700000|  0%| F|  |TAMS 0x000000008c600000, 0x000000008c600000| Untracked 
| 199|0x000000008c700000, 0x000000008c700000, 0x000000008c800000|  0%| F|  |TAMS 0x000000008c700000, 0x000000008c700000| Untracked 
| 200|0x000000008c800000, 0x000000008c800000, 0x000000008c900000|  0%| F|  |TAMS 0x000000008c800000, 0x000000008c800000| Untracked 
| 201|0x000000008c900000, 0x000000008c900000, 0x000000008ca00000|  0%| F|  |TAMS 0x000000008c900000, 0x000000008c900000| Untracked 
| 202|0x000000008ca00000, 0x000000008ca00000, 0x000000008cb00000|  0%| F|  |TAMS 0x000000008ca00000, 0x000000008ca00000| Untracked 
| 203|0x000000008cb00000, 0x000000008cb00000, 0x000000008cc00000|  0%| F|  |TAMS 0x000000008cb00000, 0x000000008cb00000| Untracked 
| 204|0x000000008cc00000, 0x000000008cc00000, 0x000000008cd00000|  0%| F|  |TAMS 0x000000008cc00000, 0x000000008cc00000| Untracked 
| 205|0x000000008cd00000, 0x000000008cd00000, 0x000000008ce00000|  0%| F|  |TAMS 0x000000008cd00000, 0x000000008cd00000| Untracked 
| 206|0x000000008ce00000, 0x000000008ce00000, 0x000000008cf00000|  0%| F|  |TAMS 0x000000008ce00000, 0x000000008ce00000| Untracked 
| 207|0x000000008cf00000, 0x000000008cf00000, 0x000000008d000000|  0%| F|  |TAMS 0x000000008cf00000, 0x000000008cf00000| Untracked 
| 208|0x000000008d000000, 0x000000008d000000, 0x000000008d100000|  0%| F|  |TAMS 0x000000008d000000, 0x000000008d000000| Untracked 
| 209|0x000000008d100000, 0x000000008d100000, 0x000000008d200000|  0%| F|  |TAMS 0x000000008d100000, 0x000000008d100000| Untracked 
| 210|0x000000008d200000, 0x000000008d200000, 0x000000008d300000|  0%| F|  |TAMS 0x000000008d200000, 0x000000008d200000| Untracked 
| 211|0x000000008d300000, 0x000000008d36e918, 0x000000008d400000| 43%| E|  |TAMS 0x000000008d300000, 0x000000008d300000| Complete 
| 212|0x000000008d400000, 0x000000008d500000, 0x000000008d500000|100%| E|CS|TAMS 0x000000008d400000, 0x000000008d400000| Complete 
| 213|0x000000008d500000, 0x000000008d600000, 0x000000008d600000|100%| E|CS|TAMS 0x000000008d500000, 0x000000008d500000| Complete 
| 214|0x000000008d600000, 0x000000008d700000, 0x000000008d700000|100%| E|  |TAMS 0x000000008d600000, 0x000000008d600000| Complete 
| 215|0x000000008d700000, 0x000000008d800000, 0x000000008d800000|100%| E|CS|TAMS 0x000000008d700000, 0x000000008d700000| Complete 
| 216|0x000000008d800000, 0x000000008d900000, 0x000000008d900000|100%| E|CS|TAMS 0x000000008d800000, 0x000000008d800000| Complete 
| 217|0x000000008d900000, 0x000000008da00000, 0x000000008da00000|100%| E|CS|TAMS 0x000000008d900000, 0x000000008d900000| Complete 
| 218|0x000000008da00000, 0x000000008db00000, 0x000000008db00000|100%| E|CS|TAMS 0x000000008da00000, 0x000000008da00000| Complete 
| 219|0x000000008db00000, 0x000000008dc00000, 0x000000008dc00000|100%| E|CS|TAMS 0x000000008db00000, 0x000000008db00000| Complete 
| 220|0x000000008dc00000, 0x000000008dd00000, 0x000000008dd00000|100%| E|CS|TAMS 0x000000008dc00000, 0x000000008dc00000| Complete 
| 221|0x000000008dd00000, 0x000000008de00000, 0x000000008de00000|100%| E|CS|TAMS 0x000000008dd00000, 0x000000008dd00000| Complete 
| 222|0x000000008de00000, 0x000000008df00000, 0x000000008df00000|100%| E|CS|TAMS 0x000000008de00000, 0x000000008de00000| Complete 
| 223|0x000000008df00000, 0x000000008e000000, 0x000000008e000000|100%| E|CS|TAMS 0x000000008df00000, 0x000000008df00000| Complete 
| 224|0x000000008e000000, 0x000000008e100000, 0x000000008e100000|100%| E|CS|TAMS 0x000000008e000000, 0x000000008e000000| Complete 
| 225|0x000000008e100000, 0x000000008e200000, 0x000000008e200000|100%| E|CS|TAMS 0x000000008e100000, 0x000000008e100000| Complete 
| 226|0x000000008e200000, 0x000000008e300000, 0x000000008e300000|100%| E|CS|TAMS 0x000000008e200000, 0x000000008e200000| Complete 
| 227|0x000000008e300000, 0x000000008e400000, 0x000000008e400000|100%| E|CS|TAMS 0x000000008e300000, 0x000000008e300000| Complete 
| 228|0x000000008e400000, 0x000000008e500000, 0x000000008e500000|100%| E|CS|TAMS 0x000000008e400000, 0x000000008e400000| Complete 
| 229|0x000000008e500000, 0x000000008e600000, 0x000000008e600000|100%| E|CS|TAMS 0x000000008e500000, 0x000000008e500000| Complete 
| 230|0x000000008e600000, 0x000000008e700000, 0x000000008e700000|100%| E|CS|TAMS 0x000000008e600000, 0x000000008e600000| Complete 
| 231|0x000000008e700000, 0x000000008e800000, 0x000000008e800000|100%| E|CS|TAMS 0x000000008e700000, 0x000000008e700000| Complete 
| 232|0x000000008e800000, 0x000000008e900000, 0x000000008e900000|100%| E|CS|TAMS 0x000000008e800000, 0x000000008e800000| Complete 
| 233|0x000000008e900000, 0x000000008ea00000, 0x000000008ea00000|100%| E|CS|TAMS 0x000000008e900000, 0x000000008e900000| Complete 
| 234|0x000000008ea00000, 0x000000008eb00000, 0x000000008eb00000|100%| E|CS|TAMS 0x000000008ea00000, 0x000000008ea00000| Complete 
| 235|0x000000008eb00000, 0x000000008ec00000, 0x000000008ec00000|100%| E|CS|TAMS 0x000000008eb00000, 0x000000008eb00000| Complete 
| 236|0x000000008ec00000, 0x000000008ed00000, 0x000000008ed00000|100%| E|CS|TAMS 0x000000008ec00000, 0x000000008ec00000| Complete 
| 237|0x000000008ed00000, 0x000000008ee00000, 0x000000008ee00000|100%| E|CS|TAMS 0x000000008ed00000, 0x000000008ed00000| Complete 
| 238|0x000000008ee00000, 0x000000008ef00000, 0x000000008ef00000|100%| E|CS|TAMS 0x000000008ee00000, 0x000000008ee00000| Complete 
| 239|0x000000008ef00000, 0x000000008f000000, 0x000000008f000000|100%| E|CS|TAMS 0x000000008ef00000, 0x000000008ef00000| Complete 
| 240|0x000000008f000000, 0x000000008f100000, 0x000000008f100000|100%| E|CS|TAMS 0x000000008f000000, 0x000000008f000000| Complete 
| 241|0x000000008f100000, 0x000000008f200000, 0x000000008f200000|100%| E|CS|TAMS 0x000000008f100000, 0x000000008f100000| Complete 
| 242|0x000000008f200000, 0x000000008f300000, 0x000000008f300000|100%| E|CS|TAMS 0x000000008f200000, 0x000000008f200000| Complete 
| 243|0x000000008f300000, 0x000000008f400000, 0x000000008f400000|100%| E|CS|TAMS 0x000000008f300000, 0x000000008f300000| Complete 
| 244|0x000000008f400000, 0x000000008f500000, 0x000000008f500000|100%| E|CS|TAMS 0x000000008f400000, 0x000000008f400000| Complete 
| 245|0x000000008f500000, 0x000000008f600000, 0x000000008f600000|100%| E|CS|TAMS 0x000000008f500000, 0x000000008f500000| Complete 
| 246|0x000000008f600000, 0x000000008f700000, 0x000000008f700000|100%| E|CS|TAMS 0x000000008f600000, 0x000000008f600000| Complete 
| 247|0x000000008f700000, 0x000000008f800000, 0x000000008f800000|100%| E|CS|TAMS 0x000000008f700000, 0x000000008f700000| Complete 
| 248|0x000000008f800000, 0x000000008f900000, 0x000000008f900000|100%| E|CS|TAMS 0x000000008f800000, 0x000000008f800000| Complete 
| 249|0x000000008f900000, 0x000000008fa00000, 0x000000008fa00000|100%| E|CS|TAMS 0x000000008f900000, 0x000000008f900000| Complete 
| 250|0x000000008fa00000, 0x000000008fb00000, 0x000000008fb00000|100%| E|CS|TAMS 0x000000008fa00000, 0x000000008fa00000| Complete 
| 251|0x000000008fb00000, 0x000000008fc00000, 0x000000008fc00000|100%| E|CS|TAMS 0x000000008fb00000, 0x000000008fb00000| Complete 
| 252|0x000000008fc00000, 0x000000008fd00000, 0x000000008fd00000|100%| E|CS|TAMS 0x000000008fc00000, 0x000000008fc00000| Complete 
| 253|0x000000008fd00000, 0x000000008fe00000, 0x000000008fe00000|100%| E|CS|TAMS 0x000000008fd00000, 0x000000008fd00000| Complete 
| 254|0x000000008fe00000, 0x000000008ff00000, 0x000000008ff00000|100%| E|CS|TAMS 0x000000008fe00000, 0x000000008fe00000| Complete 
| 255|0x000000008ff00000, 0x0000000090000000, 0x0000000090000000|100%| E|CS|TAMS 0x000000008ff00000, 0x000000008ff00000| Complete 

Card table byte_map: [0x00000244aa110000,0x00000244aa510000] _byte_map_base: 0x00000244a9d10000

Marking Bits (Prev, Next): (CMBitMap*) 0x00000244965de8c8, (CMBitMap*) 0x00000244965de900
 Prev Bits: [0x00000244aa910000, 0x00000244ac910000)
 Next Bits: [0x00000244ac910000, 0x00000244ae910000)

Polling page: 0x0000024494d80000

Metaspace:

Usage:
  Non-class:     86.19 MB capacity,    84.05 MB ( 98%) used,     1.79 MB (  2%) free+waste,   347.94 KB ( <1%) overhead. 
      Class:     13.71 MB capacity,    12.53 MB ( 91%) used,     1.02 MB (  7%) free+waste,   165.81 KB (  1%) overhead. 
       Both:     99.90 MB capacity,    96.59 MB ( 97%) used,     2.81 MB (  3%) free+waste,   513.75 KB ( <1%) overhead. 

Virtual space:
  Non-class space:       88.00 MB reserved,      86.25 MB ( 98%) committed 
      Class space:        1.00 GB reserved,      13.82 MB (  1%) committed 
             Both:        1.09 GB reserved,     100.07 MB (  9%) committed 

Chunk freelists:
   Non-Class:  0 bytes
       Class:  9.00 KB
        Both:  9.00 KB

MaxMetaspaceSize: 17179869184.00 GB
CompressedClassSpaceSize: 1.00 GB

CodeHeap 'non-profiled nmethods': size=120000Kb used=7350Kb max_used=7350Kb free=112649Kb
 bounds [0x00000244a1b60000, 0x00000244a2290000, 0x00000244a9090000]
CodeHeap 'profiled nmethods': size=120000Kb used=25834Kb max_used=25834Kb free=94165Kb
 bounds [0x000002449a630000, 0x000002449bf70000, 0x00000244a1b60000]
CodeHeap 'non-nmethods': size=5760Kb used=2304Kb max_used=2354Kb free=3455Kb
 bounds [0x000002449a090000, 0x000002449a300000, 0x000002449a630000]
 total_blobs=12616 nmethods=11708 adapters=818
 compilation: enabled
              stopped_count=0, restarted_count=0
 full_count=0

Compilation events (20 events):
Event: 234.308 Thread 0x00000244bab29800 11677       4       com.android.utils.PositionXmlParser$DomBuilder::getCurrentPosition (262 bytes)
Event: 234.309 Thread 0x00000244b1ef6800 nmethod 11667 0x000002449bf2c790 code [0x000002449bf2cea0, 0x000002449bf31ba8]
Event: 234.309 Thread 0x00000244b1ef6800 11673       3       org.apache.xerces.util.XMLChar::isValidNCName (56 bytes)
Event: 234.310 Thread 0x00000244b1ef6800 nmethod 11673 0x000002449bf33390 code [0x000002449bf33660, 0x000002449bf345d8]
Event: 234.310 Thread 0x00000244b1ef6800 11674       3       org.apache.xerces.parsers.AbstractSAXParser$AttributesProxy::getValue (11 bytes)
Event: 234.310 Thread 0x00000244b1ef6800 nmethod 11674 0x000002449bf34c10 code [0x000002449bf34de0, 0x000002449bf35038]
Event: 234.310 Thread 0x00000244b1ef6800 11675       3       org.apache.xerces.dom.AttrImpl::setValue (369 bytes)
Event: 234.312 Thread 0x00000244b1ef6800 nmethod 11675 0x000002449bf35190 code [0x000002449bf356a0, 0x000002449bf38f28]
Event: 234.312 Thread 0x00000244b1ef6800 11668       3       org.apache.xerces.util.NamespaceSupport::pushContext (65 bytes)
Event: 234.312 Thread 0x00000244b1ef6800 nmethod 11668 0x000002449bf39c10 code [0x000002449bf39de0, 0x000002449bf3a108]
Event: 234.312 Thread 0x00000244b1ef6800 11669   !   3       org.apache.xerces.parsers.AbstractSAXParser::startElement (318 bytes)
Event: 234.313 Thread 0x00000244b1ef6800 nmethod 11669 0x000002449bf3a290 code [0x000002449bf3a580, 0x000002449bf3b5b8]
Event: 234.313 Thread 0x00000244b1ef6800 11671       3       com.google.common.collect.LinkedListMultimap$DistinctKeyIterator::checkForConcurrentModification (23 bytes)
Event: 234.313 Thread 0x00000244b1ef6800 nmethod 11671 0x000002449bf3bf90 code [0x000002449bf3c160, 0x000002449bf3c388]
Event: 234.313 Thread 0x00000244b1ef6800 11670       3       org.apache.xerces.parsers.AbstractSAXParser::startNamespaceMapping (77 bytes)
Event: 234.313 Thread 0x00000244b1ef6800 nmethod 11670 0x000002449bf3c490 code [0x000002449bf3c6a0, 0x000002449bf3cc78]
Event: 234.313 Thread 0x00000244b1ef6800 11672       3       com.google.common.collect.LinkedListMultimap$ValueForKeyIterator::hasNext (13 bytes)
Event: 234.314 Thread 0x00000244b1ef6800 nmethod 11672 0x000002449bf3cf90 code [0x000002449bf3d140, 0x000002449bf3d298]
Event: 234.320 Thread 0x00000244bab29800 nmethod 11677 0x00000244a228a710 code [0x00000244a228a8e0, 0x00000244a228b278]
Event: 234.320 Thread 0x00000244bab29800 11678 %     4       com.android.utils.PositionXmlParser$DomBuilder::findOpeningTag @ 41 (131 bytes)

GC Heap History (20 events):
Event: 2.183 GC heap before
{Heap before GC invocations=3 (full 0):
 garbage-first heap   total 262144K, used 89878K [0x0000000080000000, 0x0000000100000000)
  region size 1024K, 72 young (73728K), 11 survivors (11264K)
 Metaspace       used 26552K, capacity 27303K, committed 27392K, reserved 1073152K
  class space    used 3497K, capacity 3774K, committed 3840K, reserved 1048576K
}
Event: 2.187 GC heap after
{Heap after GC invocations=4 (full 0):
 garbage-first heap   total 262144K, used 31499K [0x0000000080000000, 0x0000000100000000)
  region size 1024K, 6 young (6144K), 6 survivors (6144K)
 Metaspace       used 26552K, capacity 27303K, committed 27392K, reserved 1073152K
  class space    used 3497K, capacity 3774K, committed 3840K, reserved 1048576K
}
Event: 2.615 GC heap before
{Heap before GC invocations=4 (full 0):
 garbage-first heap   total 262144K, used 86795K [0x0000000080000000, 0x0000000100000000)
  region size 1024K, 61 young (62464K), 6 survivors (6144K)
 Metaspace       used 34830K, capacity 35709K, committed 35840K, reserved 1081344K
  class space    used 4551K, capacity 4894K, committed 4992K, reserved 1048576K
}
Event: 2.622 GC heap after
{Heap after GC invocations=5 (full 0):
 garbage-first heap   total 262144K, used 34491K [0x0000000080000000, 0x0000000100000000)
  region size 1024K, 8 young (8192K), 8 survivors (8192K)
 Metaspace       used 34830K, capacity 35709K, committed 35840K, reserved 1081344K
  class space    used 4551K, capacity 4894K, committed 4992K, reserved 1048576K
}
Event: 3.574 GC heap before
{Heap before GC invocations=6 (full 0):
 garbage-first heap   total 262144K, used 159419K [0x0000000080000000, 0x0000000100000000)
  region size 1024K, 119 young (121856K), 8 survivors (8192K)
 Metaspace       used 44035K, capacity 45245K, committed 45440K, reserved 1089536K
  class space    used 5550K, capacity 5952K, committed 6016K, reserved 1048576K
}
Event: 3.581 GC heap after
{Heap after GC invocations=7 (full 0):
 garbage-first heap   total 262144K, used 52691K [0x0000000080000000, 0x0000000100000000)
  region size 1024K, 15 young (15360K), 15 survivors (15360K)
 Metaspace       used 44035K, capacity 45245K, committed 45440K, reserved 1089536K
  class space    used 5550K, capacity 5952K, committed 6016K, reserved 1048576K
}
Event: 4.272 GC heap before
{Heap before GC invocations=7 (full 0):
 garbage-first heap   total 262144K, used 176595K [0x0000000080000000, 0x0000000100000000)
  region size 1024K, 132 young (135168K), 15 survivors (15360K)
 Metaspace       used 51030K, capacity 52650K, committed 52736K, reserved 1095680K
  class space    used 6563K, capacity 7089K, committed 7168K, reserved 1048576K
}
Event: 4.280 GC heap after
{Heap after GC invocations=8 (full 0):
 garbage-first heap   total 262144K, used 66672K [0x0000000080000000, 0x0000000100000000)
  region size 1024K, 17 young (17408K), 17 survivors (17408K)
 Metaspace       used 51030K, capacity 52650K, committed 52736K, reserved 1095680K
  class space    used 6563K, capacity 7089K, committed 7168K, reserved 1048576K
}
Event: 4.672 GC heap before
{Heap before GC invocations=8 (full 0):
 garbage-first heap   total 262144K, used 114800K [0x0000000080000000, 0x0000000100000000)
  region size 1024K, 65 young (66560K), 17 survivors (17408K)
 Metaspace       used 58415K, capacity 60120K, committed 60160K, reserved 1101824K
  class space    used 7471K, capacity 8061K, committed 8064K, reserved 1048576K
}
Event: 4.687 GC heap after
{Heap after GC invocations=9 (full 0):
 garbage-first heap   total 262144K, used 69561K [0x0000000080000000, 0x0000000100000000)
  region size 1024K, 3 young (3072K), 3 survivors (3072K)
 Metaspace       used 58415K, capacity 60120K, committed 60160K, reserved 1101824K
  class space    used 7471K, capacity 8061K, committed 8064K, reserved 1048576K
}
Event: 5.272 GC heap before
{Heap before GC invocations=10 (full 0):
 garbage-first heap   total 262144K, used 166841K [0x0000000080000000, 0x0000000100000000)
  region size 1024K, 98 young (100352K), 3 survivors (3072K)
 Metaspace       used 66395K, capacity 68341K, committed 68684K, reserved 1107968K
  class space    used 8535K, capacity 9190K, committed 9292K, reserved 1048576K
}
Event: 5.280 GC heap after
{Heap after GC invocations=11 (full 0):
 garbage-first heap   total 262144K, used 76612K [0x0000000080000000, 0x0000000100000000)
  region size 1024K, 10 young (10240K), 10 survivors (10240K)
 Metaspace       used 66395K, capacity 68341K, committed 68684K, reserved 1107968K
  class space    used 8535K, capacity 9190K, committed 9292K, reserved 1048576K
}
Event: 6.329 GC heap before
{Heap before GC invocations=12 (full 0):
 garbage-first heap   total 262144K, used 174916K [0x0000000080000000, 0x0000000100000000)
  region size 1024K, 106 young (108544K), 10 survivors (10240K)
 Metaspace       used 74435K, capacity 76400K, committed 76492K, reserved 1116160K
  class space    used 9685K, capacity 10366K, committed 10444K, reserved 1048576K
}
Event: 6.336 GC heap after
{Heap after GC invocations=13 (full 0):
 garbage-first heap   total 262144K, used 82305K [0x0000000080000000, 0x0000000100000000)
  region size 1024K, 6 young (6144K), 6 survivors (6144K)
 Metaspace       used 74435K, capacity 76400K, committed 76492K, reserved 1116160K
  class space    used 9685K, capacity 10366K, committed 10444K, reserved 1048576K
}
Event: 7.068 GC heap before
{Heap before GC invocations=13 (full 0):
 garbage-first heap   total 262144K, used 182657K [0x0000000080000000, 0x0000000100000000)
  region size 1024K, 104 young (106496K), 6 survivors (6144K)
 Metaspace       used 85280K, capacity 87442K, committed 87628K, reserved 1124352K
  class space    used 11026K, capacity 11811K, committed 11852K, reserved 1048576K
}
Event: 7.073 GC heap after
{Heap after GC invocations=14 (full 0):
 garbage-first heap   total 262144K, used 87744K [0x0000000080000000, 0x0000000100000000)
  region size 1024K, 12 young (12288K), 12 survivors (12288K)
 Metaspace       used 85280K, capacity 87442K, committed 87628K, reserved 1124352K
  class space    used 11026K, capacity 11811K, committed 11852K, reserved 1048576K
}
Event: 8.044 GC heap before
{Heap before GC invocations=14 (full 0):
 garbage-first heap   total 262144K, used 188096K [0x0000000080000000, 0x0000000100000000)
  region size 1024K, 111 young (113664K), 12 survivors (12288K)
 Metaspace       used 90748K, capacity 93525K, committed 93772K, reserved 1130496K
  class space    used 11814K, capacity 12848K, committed 12876K, reserved 1048576K
}
Event: 8.051 GC heap after
{Heap after GC invocations=15 (full 0):
 garbage-first heap   total 262144K, used 93758K [0x0000000080000000, 0x0000000100000000)
  region size 1024K, 12 young (12288K), 12 survivors (12288K)
 Metaspace       used 90748K, capacity 93525K, committed 93772K, reserved 1130496K
  class space    used 11814K, capacity 12848K, committed 12876K, reserved 1048576K
}
Event: 234.040 GC heap before
{Heap before GC invocations=15 (full 0):
 garbage-first heap   total 262144K, used 196158K [0x0000000080000000, 0x0000000100000000)
  region size 1024K, 112 young (114688K), 12 survivors (12288K)
 Metaspace       used 96736K, capacity 100060K, committed 100172K, reserved 1136640K
  class space    used 12637K, capacity 13838K, committed 13900K, reserved 1048576K
}
Event: 234.049 GC heap after
{Heap after GC invocations=16 (full 0):
 garbage-first heap   total 262144K, used 100426K [0x0000000080000000, 0x0000000100000000)
  region size 1024K, 13 young (13312K), 13 survivors (13312K)
 Metaspace       used 96736K, capacity 100060K, committed 100172K, reserved 1136640K
  class space    used 12637K, capacity 13838K, committed 13900K, reserved 1048576K
}

Deoptimization events (20 events):
Event: 234.209 Thread 0x00000244b5cf0000 DEOPT PACKING pc=0x00000244a213d458 sp=0x000000ec79ff6320
Event: 234.209 Thread 0x00000244b5cf0000 DEOPT UNPACKING pc=0x000002449a0b78af sp=0x000000ec79ff62e8 mode 2
Event: 234.209 Thread 0x00000244b5cf0000 Uncommon trap: trap_request=0xffffff4d fr.pc=0x00000244a217a8e0 relative=0x00000000000001e0
Event: 234.209 Thread 0x00000244b5cf0000 Uncommon trap: reason=unstable_if action=reinterpret pc=0x00000244a217a8e0 method=sun.invoke.util.VerifyAccess.isTypeVisible(Ljava/lang/Class;Ljava/lang/Class;)Z @ 77 c2
Event: 234.209 Thread 0x00000244b5cf0000 DEOPT PACKING pc=0x00000244a217a8e0 sp=0x000000ec79ff6160
Event: 234.209 Thread 0x00000244b5cf0000 DEOPT UNPACKING pc=0x000002449a0b78af sp=0x000000ec79ff60f0 mode 2
Event: 234.231 Thread 0x00000244b5cf0000 Uncommon trap: trap_request=0xffffff4d fr.pc=0x00000244a1ead6d8 relative=0x0000000000000498
Event: 234.231 Thread 0x00000244b5cf0000 Uncommon trap: reason=unstable_if action=reinterpret pc=0x00000244a1ead6d8 method=org.apache.xerces.util.SymbolTable.addSymbol([CII)Ljava/lang/String; @ 36 c2
Event: 234.231 Thread 0x00000244b5cf0000 DEOPT PACKING pc=0x00000244a1ead6d8 sp=0x000000ec79ff6a40
Event: 234.231 Thread 0x00000244b5cf0000 DEOPT UNPACKING pc=0x000002449a0b78af sp=0x000000ec79ff69d8 mode 2
Event: 234.239 Thread 0x00000244b5cf0000 Uncommon trap: trap_request=0xffffff4d fr.pc=0x00000244a1b72618 relative=0x0000000000000258
Event: 234.239 Thread 0x00000244b5cf0000 Uncommon trap: reason=unstable_if action=reinterpret pc=0x00000244a1b72618 method=java.lang.String.getChars(II[CI)V @ 23 c2
Event: 234.239 Thread 0x00000244b5cf0000 DEOPT PACKING pc=0x00000244a1b72618 sp=0x000000ec79ff6a40
Event: 234.239 Thread 0x00000244b5cf0000 DEOPT UNPACKING pc=0x000002449a0b78af sp=0x000000ec79ff6a00 mode 2
Event: 234.239 Thread 0x00000244b5cf0000 Uncommon trap: trap_request=0xffffff4d fr.pc=0x00000244a1c66788 relative=0x0000000000000268
Event: 234.239 Thread 0x00000244b5cf0000 Uncommon trap: reason=unstable_if action=reinterpret pc=0x00000244a1c66788 method=java.lang.AbstractStringBuilder.appendChars([CII)V @ 43 c2
Event: 234.239 Thread 0x00000244b5cf0000 DEOPT PACKING pc=0x00000244a1c66788 sp=0x000000ec79ff68f0
Event: 234.239 Thread 0x00000244b5cf0000 DEOPT UNPACKING pc=0x000002449a0b78af sp=0x000000ec79ff6868 mode 2
Event: 234.280 Thread 0x00000244b5cf0000 DEOPT PACKING pc=0x000002449b3afddf sp=0x000000ec79ff3730
Event: 234.280 Thread 0x00000244b5cf0000 DEOPT UNPACKING pc=0x000002449a0b76ce sp=0x000000ec79ff2bb8 mode 0

Classes redefined (0 events):
No events

Internal exceptions (20 events):
Event: 233.648 Thread 0x00000244b5cf0000 Exception <a 'sun/nio/fs/WindowsException'{0x000000008b866038}> (0x000000008b866038) thrown at [./src/hotspot/share/prims/jni.cpp, line 615]
Event: 233.648 Thread 0x00000244b5cf0000 Exception <a 'sun/nio/fs/WindowsException'{0x000000008b867118}> (0x000000008b867118) thrown at [./src/hotspot/share/prims/jni.cpp, line 615]
Event: 233.648 Thread 0x00000244b5cf0000 Exception <a 'sun/nio/fs/WindowsException'{0x000000008b868248}> (0x000000008b868248) thrown at [./src/hotspot/share/prims/jni.cpp, line 615]
Event: 233.648 Thread 0x00000244b5cf0000 Exception <a 'sun/nio/fs/WindowsException'{0x000000008b869378}> (0x000000008b869378) thrown at [./src/hotspot/share/prims/jni.cpp, line 615]
Event: 233.702 Thread 0x00000244b5cf0000 Exception <a 'java/lang/NoSuchMethodError'{0x000000008b2454c0}: 'java.lang.Object java.lang.invoke.Invokers$Holder.linkToTargetMethod(java.lang.Object, int, int, java.lang.Object)'> (0x000000008b2454c0) thrown at [./src/hotspot/share/interpreter/linkResolver.cpp, line 773]
Event: 233.813 Thread 0x00000244b5cef000 Exception <a 'java/lang/NoSuchMethodError'{0x000000008c1d9f88}: <clinit>> (0x000000008c1d9f88) thrown at [./src/hotspot/share/prims/jni.cpp, line 1362]
Event: 233.814 Thread 0x00000244b5cef000 Exception <a 'java/lang/NoSuchMethodError'{0x000000008c1e3360}: <clinit>> (0x000000008c1e3360) thrown at [./src/hotspot/share/prims/jni.cpp, line 1362]
Event: 233.828 Thread 0x00000244b5cef000 Exception <a 'java/lang/NoSuchMethodError'{0x000000008a12c3d8}: <clinit>> (0x000000008a12c3d8) thrown at [./src/hotspot/share/prims/jni.cpp, line 1362]
Event: 233.829 Thread 0x00000244b5cef000 Exception <a 'java/lang/NoSuchMethodError'{0x000000008a13c2f0}: <clinit>> (0x000000008a13c2f0) thrown at [./src/hotspot/share/prims/jni.cpp, line 1362]
Event: 233.829 Thread 0x00000244b5cef000 Exception <a 'java/lang/NoSuchMethodError'{0x000000008a13d5c8}: <clinit>> (0x000000008a13d5c8) thrown at [./src/hotspot/share/prims/jni.cpp, line 1362]
Event: 233.834 Thread 0x00000244baeda800 Exception <a 'java/lang/NoSuchMethodError'{0x0000000089f1aab8}: <clinit>> (0x0000000089f1aab8) thrown at [./src/hotspot/share/prims/jni.cpp, line 1362]
Event: 233.835 Thread 0x00000244baeda800 Exception <a 'java/lang/NoSuchMethodError'{0x0000000089f4f7f0}: <clinit>> (0x0000000089f4f7f0) thrown at [./src/hotspot/share/prims/jni.cpp, line 1362]
Event: 233.836 Thread 0x00000244baeda800 Exception <a 'java/lang/NoSuchMethodError'{0x0000000089f689b0}: <clinit>> (0x0000000089f689b0) thrown at [./src/hotspot/share/prims/jni.cpp, line 1362]
Event: 234.015 Thread 0x00000244b5cef000 Exception <a 'java/lang/NoSuchMethodError'{0x0000000089e82048}: <clinit>> (0x0000000089e82048) thrown at [./src/hotspot/share/prims/jni.cpp, line 1362]
Event: 234.027 Thread 0x00000244b5cef000 Exception <a 'java/lang/NoSuchMethodError'{0x0000000089e92178}: <clinit>> (0x0000000089e92178) thrown at [./src/hotspot/share/prims/jni.cpp, line 1362]
Event: 234.072 Thread 0x00000244baed8800 Exception <a 'java/lang/NoSuchMethodError'{0x000000008fd0d5f8}: 'void java.lang.invoke.DirectMethodHandle$Holder.invokeStatic(java.lang.Object, java.lang.Object, java.lang.Object, java.lang.Object, java.lang.Object, java.lang.Object, java.lang.Object)'> (0x000000008fd0d5f8) thrown at [./src/hotspot/share/interpreter/linkResolver.cpp, line 773]
Event: 234.081 Thread 0x00000244baed8800 Exception <a 'sun/nio/fs/WindowsException'{0x000000008fb0acb8}> (0x000000008fb0acb8) thrown at [./src/hotspot/share/prims/jni.cpp, line 615]
Event: 234.081 Thread 0x00000244baed8800 Exception <a 'sun/nio/fs/WindowsException'{0x000000008fb0bb60}> (0x000000008fb0bb60) thrown at [./src/hotspot/share/prims/jni.cpp, line 615]
Event: 234.096 Thread 0x00000244baede000 Exception <a 'sun/nio/fs/WindowsException'{0x000000008f960cf0}> (0x000000008f960cf0) thrown at [./src/hotspot/share/prims/jni.cpp, line 615]
Event: 234.138 Thread 0x00000244baee3000 Exception <a 'java/lang/NoSuchMethodError'{0x000000008efd0090}: <clinit>> (0x000000008efd0090) thrown at [./src/hotspot/share/prims/jni.cpp, line 1362]

Events (20 events):
Event: 234.220 loading class com/google/common/collect/Maps$ViewCachingAbstractMap done
Event: 234.220 loading class com/google/common/collect/Multimaps$AsMap$EntrySet
Event: 234.220 loading class com/google/common/collect/Multimaps$AsMap$EntrySet done
Event: 234.220 loading class com/google/common/collect/Maps$EntrySet
Event: 234.220 loading class com/google/common/collect/Maps$EntrySet done
Event: 234.220 loading class com/google/common/collect/LinkedListMultimap$1KeySetImpl
Event: 234.220 loading class com/google/common/collect/LinkedListMultimap$1KeySetImpl done
Event: 234.221 loading class com/google/common/collect/Multimaps$AsMap$EntrySet$1
Event: 234.221 loading class com/google/common/collect/Multimaps$AsMap$EntrySet$1 done
Event: 234.221 loading class com/google/common/collect/Maps$3
Event: 234.221 loading class com/google/common/collect/Maps$3 done
Event: 234.221 loading class com/google/common/collect/TransformedIterator
Event: 234.221 loading class com/google/common/collect/TransformedIterator done
Event: 234.221 loading class com/google/common/collect/LinkedListMultimap$DistinctKeyIterator
Event: 234.221 loading class com/google/common/collect/LinkedListMultimap$DistinctKeyIterator done
Event: 234.222 loading class com/google/common/collect/LinkedListMultimap$1
Event: 234.222 loading class com/google/common/collect/LinkedListMultimap$1 done
Event: 234.222 loading class com/google/common/collect/LinkedListMultimap$ValueForKeyIterator
Event: 234.222 loading class com/google/common/collect/LinkedListMultimap$ValueForKeyIterator done
Event: 234.269 Loaded shared library F:\Android\Android Studio\jre\bin\java.dll


Dynamic libraries:
0x00007ff62b540000 - 0x00007ff62b54a000 	F:\Android\Android Studio\jre\bin\java.exe
0x00007ffeb22b0000 - 0x00007ffeb24a5000 	C:\Windows\SYSTEM32\ntdll.dll
0x00007ffeb0580000 - 0x00007ffeb063e000 	C:\Windows\System32\KERNEL32.DLL
0x00007ffeafea0000 - 0x00007ffeb0168000 	C:\Windows\System32\KERNELBASE.dll
0x00007ffeafa20000 - 0x00007ffeafb20000 	C:\Windows\System32\ucrtbase.dll
0x00007ffeaa4d0000 - 0x00007ffeaa4e7000 	F:\Android\Android Studio\jre\bin\VCRUNTIME140.dll
0x00007ffe98660000 - 0x00007ffe98679000 	F:\Android\Android Studio\jre\bin\jli.dll
0x00007ffeb13c0000 - 0x00007ffeb1561000 	C:\Windows\System32\USER32.dll
0x00007ffe9b5d0000 - 0x00007ffe9b86a000 	C:\Windows\WinSxS\amd64_microsoft.windows.common-controls_6595b64144ccf1df_6.0.19041.1110_none_60b5254171f9507e\COMCTL32.dll
0x00007ffeb0170000 - 0x00007ffeb0192000 	C:\Windows\System32\win32u.dll
0x00007ffeb0b30000 - 0x00007ffeb0bce000 	C:\Windows\System32\msvcrt.dll
0x00007ffeb0b00000 - 0x00007ffeb0b2b000 	C:\Windows\System32\GDI32.dll
0x00007ffeafc00000 - 0x00007ffeafd0b000 	C:\Windows\System32\gdi32full.dll
0x00007ffeafe00000 - 0x00007ffeafe9d000 	C:\Windows\System32\msvcp_win.dll
0x00007ffeb0a20000 - 0x00007ffeb0a50000 	C:\Windows\System32\IMM32.DLL
0x00007ffe7b490000 - 0x00007ffe7b52d000 	F:\Android\Android Studio\jre\bin\msvcp140.dll
0x00007ffe4e9f0000 - 0x00007ffe4f4bf000 	F:\Android\Android Studio\jre\bin\server\jvm.dll
0x00007ffeb04d0000 - 0x00007ffeb057c000 	C:\Windows\System32\ADVAPI32.dll
0x00007ffeb07f0000 - 0x00007ffeb088b000 	C:\Windows\System32\sechost.dll
0x00007ffeb19f0000 - 0x00007ffeb1b1a000 	C:\Windows\System32\RPCRT4.dll
0x00007ffeb0cb0000 - 0x00007ffeb0cb8000 	C:\Windows\System32\PSAPI.DLL
0x00007ffea9170000 - 0x00007ffea917a000 	C:\Windows\SYSTEM32\VERSION.dll
0x00007ffea4f10000 - 0x00007ffea4f37000 	C:\Windows\SYSTEM32\WINMM.dll
0x00007ffe99280000 - 0x00007ffe99289000 	C:\Windows\SYSTEM32\WSOCK32.dll
0x00007ffeb1030000 - 0x00007ffeb109b000 	C:\Windows\System32\WS2_32.dll
0x00007ffeae270000 - 0x00007ffeae282000 	C:\Windows\SYSTEM32\kernel.appcore.dll
0x00007ffeab220000 - 0x00007ffeab231000 	F:\Android\Android Studio\jre\bin\verify.dll
0x00007ffead760000 - 0x00007ffead944000 	C:\Windows\SYSTEM32\DBGHELP.DLL
0x00007ffe9e3c0000 - 0x00007ffe9e3ec000 	C:\Windows\SYSTEM32\dbgcore.DLL
0x00007ffeafd70000 - 0x00007ffeafdf3000 	C:\Windows\System32\bcryptPrimitives.dll
0x00007ffeab1f0000 - 0x00007ffeab219000 	F:\Android\Android Studio\jre\bin\java.dll
0x00007ffeab1e0000 - 0x00007ffeab1eb000 	F:\Android\Android Studio\jre\bin\jimage.dll
0x00007ffeab1c0000 - 0x00007ffeab1d8000 	F:\Android\Android Studio\jre\bin\zip.dll
0x00007ffeb1b20000 - 0x00007ffeb225f000 	C:\Windows\System32\SHELL32.dll
0x00007ffead950000 - 0x00007ffeae0e0000 	C:\Windows\SYSTEM32\windows.storage.dll
0x00007ffeb0cc0000 - 0x00007ffeb1015000 	C:\Windows\System32\combase.dll
0x00007ffeaf3b0000 - 0x00007ffeaf3de000 	C:\Windows\SYSTEM32\Wldp.dll
0x00007ffeb0a50000 - 0x00007ffeb0afd000 	C:\Windows\System32\SHCORE.dll
0x00007ffeb1120000 - 0x00007ffeb1175000 	C:\Windows\System32\shlwapi.dll
0x00007ffeaf910000 - 0x00007ffeaf92f000 	C:\Windows\SYSTEM32\profapi.dll
0x00007ffeab1a0000 - 0x00007ffeab1ba000 	F:\Android\Android Studio\jre\bin\net.dll
0x00007ffea8cc0000 - 0x00007ffea8dcc000 	C:\Windows\SYSTEM32\WINHTTP.dll
0x00007ffeaf0b0000 - 0x00007ffeaf11a000 	C:\Windows\system32\mswsock.dll
0x00007ffeab180000 - 0x00007ffeab194000 	F:\Android\Android Studio\jre\bin\nio.dll
0x00007ffe9bbc0000 - 0x00007ffe9bbe7000 	C:\Users\cedricdev\.gradle\native\8bec1ad78214c89d9ad589b4d07fe93259594b29d510b10fafb7a158f7737e5d\windows-amd64\native-platform.dll
0x00007ffe7ba40000 - 0x00007ffe7bb7d000 	C:\Users\cedricdev\.gradle\native\53dbd7edfb1c66fb8903c78663c9afc45aea4f116125fa6feffd364cf09443e8\windows-amd64\native-platform-file-events.dll
0x00007ffeaa4c0000 - 0x00007ffeaa4ca000 	F:\Android\Android Studio\jre\bin\management.dll
0x00007ffe9bc20000 - 0x00007ffe9bc2c000 	F:\Android\Android Studio\jre\bin\management_ext.dll
0x00007ffeaf2a0000 - 0x00007ffeaf2b8000 	C:\Windows\SYSTEM32\CRYPTSP.dll
0x00007ffeaea30000 - 0x00007ffeaea64000 	C:\Windows\system32\rsaenh.dll
0x00007ffeafb20000 - 0x00007ffeafb47000 	C:\Windows\System32\bcrypt.dll
0x00007ffeaf8d0000 - 0x00007ffeaf8fe000 	C:\Windows\SYSTEM32\USERENV.dll
0x00007ffeaf2c0000 - 0x00007ffeaf2cc000 	C:\Windows\SYSTEM32\CRYPTBASE.dll
0x00007ffeaeda0000 - 0x00007ffeaeddb000 	C:\Windows\SYSTEM32\IPHLPAPI.DLL
0x00007ffeb2260000 - 0x00007ffeb2268000 	C:\Windows\System32\NSI.dll
0x00007ffea9b00000 - 0x00007ffea9b17000 	C:\Windows\SYSTEM32\dhcpcsvc6.DLL
0x00007ffea99c0000 - 0x00007ffea99dd000 	C:\Windows\SYSTEM32\dhcpcsvc.DLL
0x00007ffeaede0000 - 0x00007ffeaeeab000 	C:\Windows\SYSTEM32\DNSAPI.dll

dbghelp: loaded successfully - version: 4.0.5 - missing functions: none
symbol engine: initialized successfully - sym options: 0x614 - pdb path: .;F:\Android\Android Studio\jre\bin;C:\Windows\SYSTEM32;C:\Windows\WinSxS\amd64_microsoft.windows.common-controls_6595b64144ccf1df_6.0.19041.1110_none_60b5254171f9507e;F:\Android\Android Studio\jre\bin\server;C:\Users\cedricdev\.gradle\native\8bec1ad78214c89d9ad589b4d07fe93259594b29d510b10fafb7a158f7737e5d\windows-amd64;C:\Users\cedricdev\.gradle\native\53dbd7edfb1c66fb8903c78663c9afc45aea4f116125fa6feffd364cf09443e8\windows-amd64

VM Arguments:
jvm_args: --add-opens=java.base/java.util=ALL-UNNAMED --add-opens=java.base/java.lang=ALL-UNNAMED --add-opens=java.base/java.lang.invoke=ALL-UNNAMED --add-opens=java.base/java.util=ALL-UNNAMED --add-opens=java.prefs/java.util.prefs=ALL-UNNAMED --add-opens=java.prefs/java.util.prefs=ALL-UNNAMED --add-opens=java.base/java.nio.charset=ALL-UNNAMED --add-opens=java.base/java.net=ALL-UNNAMED --add-opens=java.base/java.util.concurrent.atomic=ALL-UNNAMED -Xmx2048m -Dfile.encoding=UTF-8 -Duser.country=PH -Duser.language=en -Duser.variant 
java_command: org.gradle.launcher.daemon.bootstrap.GradleDaemon 7.0.2
java_class_path (initial): C:\Users\cedricdev\.gradle\wrapper\dists\gradle-7.0.2-bin\857tjihv64xamwrf0h14cai3r\gradle-7.0.2\lib\gradle-launcher-7.0.2.jar
Launcher Type: SUN_STANDARD

[Global flags]
     intx CICompilerCount                          = 4                                         {product} {ergonomic}
     uint ConcGCThreads                            = 3                                         {product} {ergonomic}
     uint G1ConcRefinementThreads                  = 10                                        {product} {ergonomic}
   size_t G1HeapRegionSize                         = 1048576                                   {product} {ergonomic}
    uintx GCDrainStackTargetSize                   = 64                                        {product} {ergonomic}
   size_t InitialHeapSize                          = 268435456                                 {product} {ergonomic}
   size_t MarkStackSize                            = 4194304                                   {product} {ergonomic}
   size_t MaxHeapSize                              = 2147483648                                {product} {command line}
   size_t MaxNewSize                               = 1287651328                                {product} {ergonomic}
   size_t MinHeapDeltaBytes                        = 1048576                                   {product} {ergonomic}
    uintx NonNMethodCodeHeapSize                   = 5836300                                {pd product} {ergonomic}
    uintx NonProfiledCodeHeapSize                  = 122910970                              {pd product} {ergonomic}
    uintx ProfiledCodeHeapSize                     = 122910970                              {pd product} {ergonomic}
    uintx ReservedCodeCacheSize                    = 251658240                              {pd product} {ergonomic}
     bool SegmentedCodeCache                       = true                                      {product} {ergonomic}
     bool UseCompressedClassPointers               = true                                 {lp64_product} {ergonomic}
     bool UseCompressedOops                        = true                                 {lp64_product} {ergonomic}
     bool UseG1GC                                  = true                                      {product} {ergonomic}
     bool UseLargePagesIndividualAllocation        = false                                  {pd product} {ergonomic}

Logging:
Log output configuration:
 #0: stdout all=warning uptime,level,tags
 #1: stderr all=off uptime,level,tags

Environment Variables:
JAVA_HOME=F:\Java\jdk-16.0.1
PATH=C:\Program Files\Common Files\Oracle\Java\javapath;C:\Windows\system32;C:\Windows;C:\Windows\System32\Wbem;C:\Windows\System32\WindowsPowerShell\v1.0\;C:\Windows\System32\OpenSSH\;F:\Java\jdk-16.0.1\bin;F:\nodejs\;C:\Program Files\NVIDIA Corporation\NVIDIA NvDLISR;C:\Program Files (x86)\NVIDIA Corporation\PhysX\Common;C:\Program Files\dotnet\;C:\Program Files\Microsoft SQL Server\130\Tools\Binn\;C:\Program Files\Microsoft SQL Server\Client SDK\ODBC\170\Tools\Binn\;C:\Program Files\MySQL\MySQL Shell 8.0\bin\;C:\Users\cedricdev\AppData\Local\Microsoft\WindowsApps;F:\Microsoft VS Code\bin;C:\Users\cedricdev\AppData\Roaming\npm;F:\nodejs;C:\Users\cedricdev\.dotnet\tools
USERNAME=cedricdev
OS=Windows_NT
PROCESSOR_IDENTIFIER=AMD64 Family 23 Model 113 Stepping 0, AuthenticAMD



---------------  S Y S T E M  ---------------

OS: Windows 10 , 64 bit Build 19041 (10.0.19041.1348)
OS uptime: 0 days 0:21 hours

CPU:total 12 (initial active 12) (12 cores per cpu, 2 threads per core) family 23 model 113 stepping 0 microcode 0x0, cmov, cx8, fxsr, mmx, sse, sse2, sse3, ssse3, sse4.1, sse4.2, popcnt, avx, avx2, aes, clmul, mmxext, 3dnowpref, lzcnt, sse4a, ht, tsc, tscinvbit, tscinv, bmi1, bmi2, adx,

Memory: 4k page, system-wide physical 16315M (8089M free)
TotalPageFile size 24315M (AvailPageFile size 13924M)
current process WorkingSet (physical memory assigned to process): 526M, peak: 526M
current process commit charge ("private bytes"): 592M, peak: 592M

vm_info: OpenJDK 64-Bit Server VM (11.0.10+0-b96-7249189) for windows-amd64 JRE (11.0.10+0-b96-7249189), built on Mar 31 2021 21:44:00 by "builder" with MS VC++ 14.0 (VS2015)

END.
